[2015-08-13 09:43:26.891] [INFO] console - get post on checkout { merchant_name: '春田花花工作室', amount: '1234.00', currency: 'CNY' }
[2015-08-13 09:48:36.608] [INFO] console - get post on checkout {}
[2015-08-13 09:55:16.473] [INFO] console - user register start
[2015-08-13 10:00:29.123] [INFO] console - user register start
[2015-08-13 10:01:12.083] [INFO] console - user register start
[2015-08-13 10:04:08.573] [INFO] console - user register start
[2015-08-13 10:05:23.248] [INFO] console - user register start
[2015-08-13 10:05:29.241] [INFO] console - user register start
[2015-08-13 10:05:35.703] [INFO] console - user register start
[2015-08-13 10:05:50.596] [INFO] console - user register start
[2015-08-13 10:05:58.497] [INFO] console - user register start
[2015-08-13 10:06:32.002] [INFO] console - user register start
[2015-08-13 10:06:45.894] [INFO] console - user register start
[2015-08-13 10:06:46.858] [INFO] console - user register start
[2015-08-13 10:06:47.127] [INFO] console - user register start
[2015-08-13 10:06:47.331] [INFO] console - user register start
[2015-08-13 10:06:47.515] [INFO] console - user register start
[2015-08-13 10:06:59.319] [INFO] console - user register start
[2015-08-13 10:11:37.777] [INFO] console - user register start
[2015-08-13 10:12:23.188] [INFO] console - user register start
[2015-08-13 10:14:24.840] [INFO] console - user register start
[2015-08-13 10:16:33.246] [INFO] console - user register start
[2015-08-13 10:17:06.897] [INFO] console - user register start
[2015-08-13 10:28:23.411] [INFO] console - user register start
[2015-08-13 10:28:44.347] [INFO] console - user register start
[2015-08-13 10:29:05.892] [INFO] console - user register start
[2015-08-13 10:29:23.908] [INFO] console - user register start
[2015-08-13 10:29:36.016] [INFO] console - user register start
[2015-08-13 10:30:39.387] [INFO] console - user register start
[2015-08-13 10:31:02.370] [INFO] console - user register start
[2015-08-13 10:31:46.412] [INFO] console - user register start
[2015-08-13 10:31:47.571] [INFO] console - user register start
[2015-08-13 10:31:54.260] [INFO] console - user register start
[2015-08-13 10:31:58.974] [INFO] console - user register start
[2015-08-13 10:32:04.083] [INFO] console - user register start
[2015-08-13 10:33:54.469] [INFO] console - user register start
[2015-08-13 10:34:23.565] [INFO] console - user register start
[2015-08-13 10:34:49.248] [INFO] console - user register start
[2015-08-13 10:35:53.112] [INFO] console - user register start
[2015-08-13 10:36:36.730] [INFO] console - user register start
[2015-08-13 10:36:49.701] [INFO] console - user register start
[2015-08-13 10:37:06.571] [INFO] console - user register start
[2015-08-13 10:37:23.619] [INFO] console - user register start
[2015-08-13 10:37:43.915] [INFO] console - user register start
[2015-08-13 10:38:28.334] [INFO] console - user register start
[2015-08-13 10:38:50.140] [INFO] console - user register start
[2015-08-13 10:38:57.230] [INFO] console - user register start
[2015-08-13 10:39:04.512] [INFO] console - user register start
[2015-08-13 10:39:09.031] [INFO] console - user register start
[2015-08-13 10:39:21.457] [INFO] console - user register start
[2015-08-13 10:39:33.122] [INFO] console - user register start
[2015-08-13 10:39:59.321] [INFO] console - user register start
[2015-08-13 10:40:15.574] [INFO] console - user register start
[2015-08-13 10:40:59.344] [INFO] console - user register start
[2015-08-13 10:41:01.217] [INFO] console - user register start
[2015-08-13 10:41:01.421] [INFO] console - user register start
[2015-08-13 10:41:01.606] [INFO] console - user register start
[2015-08-13 10:41:01.776] [INFO] console - user register start
[2015-08-13 10:41:01.942] [INFO] console - user register start
[2015-08-13 10:41:02.093] [INFO] console - user register start
[2015-08-13 10:41:18.877] [INFO] console - user register start
[2015-08-13 10:41:19.130] [INFO] console - user register start
[2015-08-13 10:41:25.998] [INFO] console - user register start
[2015-08-13 10:41:33.023] [INFO] console - user register start
[2015-08-13 10:41:42.688] [INFO] console - user register start
[2015-08-13 10:41:48.262] [INFO] console - user register start
[2015-08-13 10:42:03.808] [INFO] console - user register start
[2015-08-13 10:42:08.916] [INFO] console - user register start
[2015-08-13 10:42:22.961] [INFO] console - user register start
[2015-08-13 10:42:30.001] [INFO] console - user register start
[2015-08-13 10:42:37.429] [INFO] console - user register start
[2015-08-13 10:46:45.774] [INFO] console - user register start
[2015-08-13 10:46:51.613] [INFO] console - user register start
[2015-08-13 10:46:57.527] [INFO] console - user register start
[2015-08-13 10:47:22.192] [INFO] console - user register start
[2015-08-13 10:47:28.101] [INFO] console - user register start
[2015-08-13 10:47:33.927] [INFO] console - user register start
[2015-08-13 10:47:38.734] [INFO] console - user register start
[2015-08-13 10:47:42.692] [INFO] console - user register start
[2015-08-13 10:47:49.005] [INFO] console - user register start
[2015-08-13 10:52:04.427] [INFO] console - user register start
[2015-08-13 10:52:27.755] [INFO] console - user register start
[2015-08-13 10:52:42.747] [INFO] console - user register start
[2015-08-13 10:52:54.947] [INFO] console - user register start
[2015-08-13 10:54:06.047] [INFO] console - user register start
[2015-08-13 11:02:37.848] [INFO] console - user register start
[2015-08-13 11:03:27.727] [INFO] console - user register start
[2015-08-13 11:03:44.213] [INFO] console - user register start
[2015-08-13 11:04:22.704] [INFO] console - user register start
[2015-08-13 11:05:53.059] [INFO] console - user register start
[2015-08-13 11:07:58.879] [INFO] console - user register start
[2015-08-13 11:09:56.136] [INFO] console - user register start
[2015-08-13 11:10:39.554] [INFO] console - user register start
[2015-08-13 11:11:14.201] [INFO] console - user register start
[2015-08-13 11:13:11.071] [INFO] console - user register start
[2015-08-13 11:13:32.569] [INFO] console - user register start
[2015-08-13 11:13:47.807] [INFO] console - user register start
[2015-08-13 11:14:12.375] [INFO] console - user register start
[2015-08-13 11:14:19.774] [INFO] console - user register start
[2015-08-13 11:14:43.346] [INFO] console - user register start
[2015-08-13 11:15:37.389] [INFO] console - user register start
[2015-08-13 11:17:30.991] [INFO] console - user register start
[2015-08-13 11:17:53.199] [INFO] console - user register start
[2015-08-13 11:19:19.847] [INFO] console - user register start
[2015-08-13 11:19:43.287] [INFO] console - user register start
[2015-08-13 11:20:21.808] [INFO] console - user register start
[2015-08-13 11:20:48.357] [INFO] console - user register start
[2015-08-13 11:21:06.610] [INFO] console - user register start
[2015-08-13 11:23:17.414] [INFO] console - user register start
[2015-08-13 11:23:30.074] [INFO] console - user register start
[2015-08-13 11:24:04.923] [INFO] console - user register start
[2015-08-13 11:24:07.634] [INFO] console - user register start
[2015-08-13 11:24:15.537] [INFO] console - user register start
[2015-08-13 11:24:34.113] [INFO] console - user register start
[2015-08-13 11:24:46.789] [INFO] console - user register start
[2015-08-13 11:26:36.704] [INFO] console - user register start
[2015-08-13 11:26:42.300] [INFO] console - user register start
[2015-08-13 11:27:07.399] [INFO] console - user register start
[2015-08-13 11:27:07.828] [INFO] console - user register start
[2015-08-13 11:27:08.105] [INFO] console - user register start
[2015-08-13 11:27:08.288] [INFO] console - user register start
[2015-08-13 11:27:08.472] [INFO] console - user register start
[2015-08-13 11:27:08.649] [INFO] console - user register start
[2015-08-13 11:27:41.146] [INFO] console - user register start
[2015-08-13 11:27:43.277] [INFO] console - user register start
[2015-08-13 11:28:04.157] [INFO] console - user register start
[2015-08-13 11:28:36.532] [INFO] console - user register start
[2015-08-13 11:28:43.887] [INFO] console - user register start
[2015-08-13 11:28:47.524] [INFO] console - user register start
[2015-08-13 11:28:48.062] [INFO] console - user register start
[2015-08-13 11:28:48.336] [INFO] console - user register start
[2015-08-13 11:29:07.124] [INFO] console - user register start
[2015-08-13 11:29:07.876] [INFO] console - user register start
[2015-08-13 11:29:08.082] [INFO] console - user register start
[2015-08-13 11:29:08.273] [INFO] console - user register start
[2015-08-13 11:29:08.455] [INFO] console - user register start
[2015-08-13 11:29:10.575] [INFO] console - user register start
[2015-08-13 11:29:10.817] [INFO] console - user register start
[2015-08-13 11:29:11.009] [INFO] console - user register start
[2015-08-13 11:29:11.178] [INFO] console - user register start
[2015-08-13 11:29:11.353] [INFO] console - user register start
[2015-08-13 11:31:53.734] [INFO] console - user register start
[2015-08-13 11:31:59.147] [INFO] console - user register start
[2015-08-13 11:33:42.512] [INFO] console - user register start
[2015-08-13 11:33:51.185] [INFO] console - user register start
[2015-08-13 11:35:38.531] [INFO] console - user register start
[2015-08-13 11:39:07.469] [INFO] console - user register start
[2015-08-13 11:39:20.965] [INFO] console - user register start
[2015-08-13 11:39:29.902] [INFO] console - user register start
[2015-08-13 11:39:40.910] [INFO] console - user register start
[2015-08-13 11:39:58.362] [INFO] console - user register start
[2015-08-13 11:40:24.425] [INFO] console - user register start
[2015-08-13 11:40:48.547] [INFO] console - user register start
[2015-08-13 11:41:04.455] [INFO] console - user register start
[2015-08-13 11:41:05.614] [INFO] console - user register start
[2015-08-13 11:41:05.856] [INFO] console - user register start
[2015-08-13 11:41:06.053] [INFO] console - user register start
[2015-08-13 11:41:18.929] [INFO] console - user register start
[2015-08-13 11:41:26.058] [INFO] console - user register start
[2015-08-13 12:30:39.613] [INFO] console - user register start
[2015-08-13 12:31:09.749] [INFO] console - user register start
[2015-08-13 12:31:28.769] [INFO] console - user register start
[2015-08-13 12:32:38.083] [INFO] console - user register start
[2015-08-13 12:32:56.766] [INFO] console - user register start
[2015-08-13 12:33:29.490] [INFO] console - user register start
[2015-08-13 12:34:08.581] [INFO] console - user register start
[2015-08-13 12:38:49.711] [INFO] console - user register start
[2015-08-13 12:39:23.969] [INFO] console - user register start
[2015-08-13 12:39:35.288] [INFO] console - user register start
[2015-08-13 12:40:32.597] [INFO] console - user register start
[2015-08-13 12:43:23.022] [INFO] console - user register start
[2015-08-13 12:43:41.821] [INFO] console - user register start
[2015-08-13 12:43:59.349] [INFO] console - user register start
[2015-08-13 12:44:00.376] [INFO] console - user register start
[2015-08-13 12:44:20.416] [INFO] console - user register start
[2015-08-13 12:45:08.024] [INFO] console - user register start
[2015-08-13 12:45:33.031] [INFO] console - user register start
[2015-08-13 12:45:52.007] [INFO] console - user register start
[2015-08-13 12:46:17.718] [INFO] console - user register start
[2015-08-13 12:46:27.873] [INFO] console - user register start
[2015-08-13 12:46:45.272] [INFO] console - user register start
[2015-08-13 12:47:04.246] [INFO] console - user register start
[2015-08-13 12:47:44.347] [INFO] console - user register start
[2015-08-13 12:48:03.405] [INFO] console - user register start
[2015-08-13 12:48:11.684] [INFO] console - user register start
[2015-08-13 12:48:24.778] [INFO] console - user register start
[2015-08-13 12:48:42.965] [INFO] console - user register start
[2015-08-13 12:49:53.087] [INFO] console - user register start
[2015-08-13 12:50:03.878] [INFO] console - user register start
[2015-08-13 12:50:04.055] [INFO] console - user register start
[2015-08-13 12:50:04.232] [INFO] console - user register start
[2015-08-13 12:50:04.397] [INFO] console - user register start
[2015-08-13 12:50:04.562] [INFO] console - user register start
[2015-08-13 12:50:08.172] [INFO] console - user register start
[2015-08-13 12:50:24.165] [INFO] console - user register start
[2015-08-13 12:50:58.153] [INFO] console - user register start
[2015-08-13 12:52:05.625] [INFO] console - user register start
[2015-08-13 12:52:20.217] [INFO] console - user register start
[2015-08-13 12:52:27.818] [INFO] console - user register start
[2015-08-13 12:52:46.172] [INFO] console - user register start
[2015-08-13 12:53:24.544] [INFO] console - user register start
[2015-08-13 12:53:43.062] [INFO] console - user register start
[2015-08-13 12:54:03.312] [INFO] console - user register start
[2015-08-13 12:54:47.547] [INFO] console - user register start
[2015-08-13 12:55:00.987] [INFO] console - user register start
[2015-08-13 12:55:07.809] [INFO] console - user register start
[2015-08-13 12:55:36.180] [INFO] console - user register start
[2015-08-13 12:56:02.555] [INFO] console - user register start
[2015-08-13 12:56:36.116] [INFO] console - user register start
[2015-08-13 12:56:42.060] [INFO] console - user register start
[2015-08-13 12:56:48.095] [INFO] console - user register start
[2015-08-13 12:57:20.978] [INFO] console - user register start
[2015-08-13 12:57:33.628] [INFO] console - user register start
[2015-08-13 12:57:41.529] [INFO] console - user register start
[2015-08-13 12:58:38.696] [INFO] console - user register start
[2015-08-13 12:58:47.032] [INFO] console - user register start
[2015-08-13 12:59:44.218] [INFO] console - user register start
[2015-08-13 12:59:44.460] [INFO] console - user register start
[2015-08-13 13:00:32.156] [INFO] console - user register start
[2015-08-13 13:00:33.479] [INFO] console - user register start
[2015-08-13 13:00:33.765] [INFO] console - user register start
[2015-08-13 13:00:33.993] [INFO] console - user register start
[2015-08-13 13:00:34.205] [INFO] console - user register start
[2015-08-13 13:00:34.380] [INFO] console - user register start
[2015-08-13 13:00:54.088] [INFO] console - user register start
[2015-08-13 13:00:54.654] [INFO] console - user register start
[2015-08-13 13:00:54.822] [INFO] console - user register start
[2015-08-13 13:00:59.182] [INFO] console - user register start
[2015-08-13 13:00:59.841] [INFO] console - user register start
[2015-08-13 13:01:00.034] [INFO] console - user register start
[2015-08-13 13:01:04.366] [INFO] console - user register start
[2015-08-13 13:05:12.780] [INFO] console - user register start
[2015-08-13 13:05:21.298] [INFO] console - user register start
[2015-08-13 13:05:28.013] [INFO] console - user register start
[2015-08-13 13:06:51.010] [INFO] console - user register start
[2015-08-13 13:10:35.803] [INFO] console - user register start
[2015-08-13 13:12:07.553] [INFO] console - user register start
[2015-08-13 13:12:55.432] [INFO] console - user register start
[2015-08-13 13:13:39.513] [INFO] console - user register start
[2015-08-13 13:13:53.955] [INFO] console - user register start
[2015-08-13 13:14:09.617] [INFO] console - user register start
[2015-08-13 13:14:46.184] [INFO] console - user register start
[2015-08-13 13:14:49.633] [INFO] console - user register start
[2015-08-13 13:16:35.343] [INFO] console - user register start
[2015-08-13 13:17:22.700] [INFO] console - user register start
[2015-08-13 13:17:40.966] [INFO] console - user register start
[2015-08-13 13:17:51.571] [INFO] console - user register start
[2015-08-13 13:18:01.632] [INFO] console - user register start
[2015-08-13 13:19:32.712] [INFO] console - user register start
[2015-08-13 13:21:22.280] [INFO] console - user register start
[2015-08-13 13:21:23.207] [INFO] console - user register start
[2015-08-13 13:23:55.948] [INFO] console - user register start
[2015-08-13 13:24:32.733] [INFO] console - user register start
[2015-08-13 13:24:52.928] [INFO] console - user register start
[2015-08-13 13:27:19.974] [INFO] console - user register start
[2015-08-13 13:27:37.156] [INFO] console - user register start
[2015-08-13 13:28:06.602] [INFO] console - user register start
[2015-08-13 13:31:48.554] [INFO] console - user register start
[2015-08-13 13:32:37.250] [INFO] console - user register start
[2015-08-13 13:32:38.350] [INFO] console - user register start
[2015-08-13 13:32:38.875] [INFO] console - user register start
[2015-08-13 13:32:38.908] [INFO] console - user register start
[2015-08-13 13:32:39.022] [INFO] console - user register start
[2015-08-13 13:32:39.071] [INFO] console - user register start
[2015-08-13 13:32:39.093] [INFO] console - user register start
[2015-08-13 13:32:39.105] [INFO] console - user register start
[2015-08-13 13:32:39.171] [INFO] console - user register start
[2015-08-13 13:32:39.173] [INFO] console - user register start
[2015-08-13 13:32:39.232] [INFO] console - user register start
[2015-08-13 13:32:39.233] [INFO] console - user register start
[2015-08-13 13:32:39.584] [INFO] console - user register start
[2015-08-13 13:32:40.087] [INFO] console - user register start
[2015-08-13 13:32:40.311] [INFO] console - user register start
[2015-08-13 13:32:40.313] [INFO] console - user register start
[2015-08-13 13:34:20.131] [INFO] console - user register start
[2015-08-13 13:35:58.634] [INFO] console - user register start
[2015-08-13 13:36:08.884] [INFO] console - user register start
[2015-08-13 13:36:42.191] [INFO] console - user register start
[2015-08-13 13:43:03.063] [INFO] console - user register start
[2015-08-13 13:46:46.204] [INFO] console - user register start
[2015-08-13 13:47:55.522] [INFO] console - user register start
[2015-08-13 13:48:07.565] [INFO] console - user register start
[2015-08-13 13:48:14.908] [INFO] console - user register start
[2015-08-13 13:48:54.076] [INFO] console - user register start
[2015-08-13 13:49:09.560] [INFO] console - user register start
[2015-08-13 13:49:14.141] [INFO] console - user register start
[2015-08-13 13:49:33.569] [INFO] console - user register start
[2015-08-13 13:49:39.433] [INFO] console - user register start
[2015-08-13 13:50:16.268] [INFO] console - user register start
[2015-08-13 13:50:22.192] [INFO] console - user register start
[2015-08-13 13:50:52.458] [INFO] console - user register start
[2015-08-13 13:51:11.100] [INFO] console - user register start
[2015-08-13 13:52:11.310] [INFO] console - user register start
[2015-08-13 13:52:29.217] [INFO] console - user register start
[2015-08-13 13:52:55.655] [INFO] console - user register start
[2015-08-13 13:53:27.503] [INFO] console - user register start
[2015-08-13 13:53:44.160] [INFO] console - user register start
[2015-08-13 13:53:52.513] [INFO] console - user register start
[2015-08-13 13:54:01.067] [INFO] console - user register start
[2015-08-13 13:55:06.652] [INFO] console - user register start
[2015-08-13 13:55:12.503] [INFO] console - user register start
[2015-08-13 13:55:35.702] [INFO] console - user register start
[2015-08-13 13:55:48.433] [INFO] console - user register start
[2015-08-13 13:55:59.102] [INFO] console - user register start
[2015-08-13 13:56:10.592] [INFO] console - user register start
[2015-08-13 13:56:26.741] [INFO] console - user register start
[2015-08-13 13:57:56.248] [INFO] console - user register start
[2015-08-13 13:58:15.728] [INFO] console - user register start
[2015-08-13 13:58:29.197] [INFO] console - user register start
[2015-08-13 13:58:35.384] [INFO] console - user register start
[2015-08-13 13:58:46.611] [INFO] console - user register start
[2015-08-13 13:59:02.556] [INFO] console - user register start
[2015-08-13 13:59:10.589] [INFO] console - user register start
[2015-08-13 13:59:50.378] [INFO] console - user register start
[2015-08-13 14:00:14.923] [INFO] console - user register start
[2015-08-13 14:00:26.957] [INFO] console - user register start
[2015-08-13 14:00:33.640] [INFO] console - user register start
[2015-08-13 14:00:51.851] [INFO] console - user register start
[2015-08-13 14:01:09.373] [INFO] console - user register start
[2015-08-13 14:01:47.559] [INFO] console - user register start
[2015-08-13 14:01:54.884] [INFO] console - user register start
[2015-08-13 14:02:07.729] [INFO] console - user register start
[2015-08-13 14:02:15.955] [INFO] console - user register start
[2015-08-13 14:02:32.329] [INFO] console - user register start
[2015-08-13 14:02:51.928] [INFO] console - user register start
[2015-08-13 14:02:57.268] [INFO] console - user register start
[2015-08-13 14:03:04.098] [INFO] console - user register start
[2015-08-13 14:03:11.666] [INFO] console - user register start
[2015-08-13 14:03:18.770] [INFO] console - user register start
[2015-08-13 14:04:28.626] [INFO] console - user register start
[2015-08-13 14:04:33.583] [INFO] console - user register start
[2015-08-13 14:11:27.116] [INFO] console - user register start
[2015-08-13 14:11:32.438] [INFO] console - user register start
[2015-08-13 14:12:15.176] [INFO] console - user register start
[2015-08-13 14:12:29.769] [INFO] console - user register start
[2015-08-13 14:12:52.201] [INFO] console - user register start
[2015-08-13 14:13:21.472] [INFO] console - user register start
[2015-08-13 14:13:40.330] [INFO] console - user register start
[2015-08-13 14:14:07.969] [INFO] console - user register start
[2015-08-13 14:17:33.723] [INFO] console - user register start
[2015-08-13 14:17:52.297] [INFO] console - user register start
[2015-08-13 14:17:58.021] [INFO] console - user register start
[2015-08-13 14:18:09.514] [INFO] console - user register start
[2015-08-13 14:22:08.533] [INFO] console - user register start
[2015-08-13 14:22:13.924] [INFO] console - user register start
[2015-08-13 14:22:32.680] [INFO] console - user register start
[2015-08-13 14:22:39.013] [INFO] console - user register start
[2015-08-13 14:22:42.832] [INFO] console - user register start
[2015-08-13 14:22:50.874] [INFO] console - user register start
[2015-08-13 14:23:11.190] [INFO] console - user register start
[2015-08-13 14:23:19.888] [INFO] console - user register start
[2015-08-13 14:23:56.371] [INFO] console - user register start
[2015-08-13 14:24:38.083] [INFO] console - user register start
[2015-08-13 14:25:01.638] [INFO] console - user register start
[2015-08-13 14:25:28.661] [INFO] console - user register start
[2015-08-13 14:25:42.273] [INFO] console - user register start
[2015-08-13 14:26:24.020] [INFO] console - user register start
[2015-08-13 14:26:35.186] [INFO] console - user register start
[2015-08-13 14:26:53.629] [INFO] console - user register start
[2015-08-13 14:27:14.658] [INFO] console - user register start
[2015-08-13 14:27:33.268] [INFO] console - user register start
[2015-08-13 14:27:41.002] [INFO] console - user register start
[2015-08-13 14:37:40.230] [INFO] console - user register start
[2015-08-13 14:37:48.458] [INFO] console - user register start
[2015-08-13 14:39:08.693] [INFO] console - user register start
[2015-08-13 14:42:05.095] [INFO] console - user register start
[2015-08-13 14:43:36.431] [INFO] console - user register start
[2015-08-13 14:46:11.084] [INFO] console - user register start
[2015-08-13 14:48:23.439] [INFO] console - user register start
[2015-08-13 14:49:52.620] [INFO] console - user register start
[2015-08-13 14:50:04.341] [INFO] console - user register start
[2015-08-13 14:50:43.654] [INFO] console - user register start
[2015-08-13 14:51:01.700] [INFO] console - user register start
[2015-08-13 14:51:13.948] [INFO] console - user register start
[2015-08-13 14:51:18.236] [INFO] console - user register start
[2015-08-13 14:51:40.028] [INFO] console - user register start
[2015-08-13 14:52:11.939] [INFO] console - user register start
[2015-08-13 14:53:23.206] [INFO] console - user register start
[2015-08-13 14:53:51.303] [INFO] console - user register start
[2015-08-13 14:54:52.292] [INFO] console - user register start
[2015-08-13 14:56:30.752] [INFO] console - user register start
[2015-08-13 14:56:47.415] [INFO] console - user register start
[2015-08-13 14:57:42.107] [INFO] console - user register start
[2015-08-13 14:58:34.570] [INFO] console - user register start
[2015-08-13 14:59:40.099] [INFO] console - user register start
[2015-08-13 15:01:32.289] [INFO] console - user register start
[2015-08-13 15:02:14.392] [INFO] console - user register start
[2015-08-13 15:02:27.227] [INFO] console - user register start
[2015-08-13 15:03:17.079] [INFO] console - user register start
[2015-08-13 15:03:55.970] [INFO] console - user register start
[2015-08-13 15:04:05.289] [INFO] console - user register start
[2015-08-13 15:04:51.539] [INFO] console - user register start
[2015-08-13 15:05:59.496] [INFO] console - user register start
[2015-08-13 15:06:21.329] [INFO] console - user register start
[2015-08-13 15:06:29.026] [INFO] console - user register start
[2015-08-13 15:06:39.205] [INFO] console - user register start
[2015-08-13 15:06:49.437] [INFO] console - user register start
[2015-08-13 15:06:59.577] [INFO] console - user register start
[2015-08-13 15:07:26.041] [INFO] console - user register start
[2015-08-13 15:08:37.233] [INFO] console - user register start
[2015-08-13 15:08:46.940] [INFO] console - user register start
[2015-08-13 15:09:39.494] [INFO] console - user register start
[2015-08-13 15:10:11.337] [INFO] console - user register start
[2015-08-13 15:10:17.194] [INFO] console - user register start
[2015-08-13 15:10:25.327] [INFO] console - user register start
[2015-08-13 15:10:39.453] [INFO] console - user register start
[2015-08-13 15:11:10.414] [INFO] console - user register start
[2015-08-13 15:15:11.415] [INFO] console - user register start
[2015-08-13 15:15:13.641] [INFO] console - user register start
[2015-08-13 15:15:31.326] [INFO] console - user register start
[2015-08-13 15:15:59.670] [INFO] console - user register start
[2015-08-13 15:16:09.679] [INFO] console - user register start
[2015-08-13 15:16:20.269] [INFO] console - user register start
[2015-08-13 15:16:30.203] [INFO] console - user register start
[2015-08-13 15:16:35.784] [INFO] console - user register start
[2015-08-13 15:16:50.917] [INFO] console - user register start
[2015-08-13 15:16:56.482] [INFO] console - user register start
[2015-08-13 15:17:24.894] [INFO] console - user register start
[2015-08-13 15:17:32.733] [INFO] console - user register start
[2015-08-13 15:20:04.642] [INFO] console - user register start
[2015-08-13 15:20:18.285] [INFO] console - user register start
[2015-08-13 15:32:22.808] [INFO] console - user register start
[2015-08-13 15:33:19.571] [INFO] console - user register start
[2015-08-13 15:34:02.731] [INFO] console - user register start
[2015-08-13 15:38:38.403] [INFO] console - user register start
[2015-08-13 15:39:09.832] [INFO] console - user register start
[2015-08-13 15:39:50.218] [INFO] console - user register start
[2015-08-13 15:39:53.176] [INFO] console - get response body { code: '1022', message: '该帐号不存在', result: {} }
[2015-08-13 15:40:39.182] [INFO] console - get response body { code: '200',
  message: 'OK',
  result: 
   { expiration: '300',
     resend_time: '60',
     code_id: '4253',
     code: '7735',
     sms_no: '4253' } }
[2015-08-13 15:40:45.979] [INFO] console - get response body { code: '1105', message: '短信息已发出，你可以10秒之后要求重发', result: {} }
[2015-08-13 15:40:48.878] [INFO] console - get response body { code: '200',
  message: 'OK',
  result: 
   { expiration: '300',
     resend_time: '60',
     code_id: '4253',
     code: '7735',
     sms_no: '4253' } }
[2015-08-13 15:40:49.840] [INFO] console - get response body { code: '200',
  message: 'OK',
  result: 
   { expiration: '300',
     resend_time: '60',
     code_id: '4253',
     code: '7735',
     sms_no: '4253' } }
[2015-08-13 15:40:50.519] [INFO] console - get response body { code: '200',
  message: 'OK',
  result: 
   { expiration: '300',
     resend_time: '60',
     code_id: '4253',
     code: '7735',
     sms_no: '4253' } }
[2015-08-13 15:40:51.482] [INFO] console - get response body { code: '200',
  message: 'OK',
  result: 
   { expiration: '300',
     resend_time: '60',
     code_id: '4253',
     code: '7735',
     sms_no: '4253' } }
[2015-08-13 15:41:12.358] [INFO] console - user register start
[2015-08-13 15:41:20.399] [INFO] console - get response body { code: '200',
  message: 'OK',
  result: 
   { expiration: '300',
     resend_time: '60',
     code_id: '4253',
     code: '7735',
     sms_no: '4253' } }
[2015-08-13 15:42:37.637] [INFO] console - user register start
[2015-08-13 15:42:45.137] [INFO] console - get response body { code: '200',
  message: 'OK',
  result: 
   { expiration: '300',
     resend_time: '60',
     code_id: '4253',
     code: '7735',
     sms_no: '4253' } }
[2015-08-13 15:42:51.310] [INFO] console - get response body { code: '400',
  message: 'parameter id_number is missing.',
  result: null }
[2015-08-13 15:43:08.214] [INFO] console - user register start
[2015-08-13 15:43:09.028] [INFO] console - user register start
[2015-08-13 15:43:12.688] [INFO] console - get response body { code: '200',
  message: 'OK',
  result: 
   { expiration: '300',
     resend_time: '60',
     code_id: '4253',
     code: '7735',
     sms_no: '4253' } }
[2015-08-13 15:43:16.234] [INFO] console - get response body { code: '400',
  message: 'parameter code is missing.',
  result: null }
[2015-08-13 15:43:40.556] [INFO] console - user register start
[2015-08-13 15:43:43.509] [INFO] console - get response body { code: '200',
  message: 'OK',
  result: 
   { expiration: '300',
     resend_time: '60',
     code_id: '4253',
     code: '7735',
     sms_no: '4253' } }
[2015-08-13 15:43:46.603] [INFO] console - get response body { code: '400',
  message: 'parameter phone is missing.',
  result: null }
[2015-08-13 15:44:13.232] [INFO] console - user register start
[2015-08-13 15:45:42.390] [INFO] console - user register start
[2015-08-13 15:48:30.791] [INFO] console - user register start
[2015-08-13 15:48:57.075] [INFO] console - user register start
[2015-08-13 15:49:29.491] [INFO] console - user register start
[2015-08-13 15:49:32.931] [INFO] console - user register start
[2015-08-13 15:49:34.900] [INFO] console - user register start
[2015-08-13 15:51:58.987] [INFO] console - user register start
[2015-08-13 15:52:00.721] [INFO] console - user register start
[2015-08-13 15:52:02.957] [INFO] console - user register start
[2015-08-13 15:52:16.584] [INFO] console - user register start
[2015-08-13 15:52:18.394] [INFO] console - user register start
[2015-08-13 15:52:18.737] [INFO] console - user register start
[2015-08-13 15:52:18.985] [INFO] console - user register start
[2015-08-13 15:52:24.545] [INFO] console - user register start
[2015-08-13 15:54:22.759] [INFO] console - user register start
[2015-08-13 15:54:23.646] [INFO] console - user register start
[2015-08-13 15:54:24.169] [INFO] console - user register start
[2015-08-13 15:54:24.361] [INFO] console - user register start
[2015-08-13 15:54:24.551] [INFO] console - user register start
[2015-08-13 15:54:30.482] [INFO] console - user register start
[2015-08-13 15:54:53.999] [INFO] console - user register start
[2015-08-13 15:54:54.858] [INFO] console - user register start
[2015-08-13 15:54:55.462] [INFO] console - user register start
[2015-08-13 15:54:56.185] [INFO] console - user register start
[2015-08-13 15:55:07.735] [INFO] console - user register start
[2015-08-13 15:55:08.898] [INFO] console - user register start
[2015-08-13 15:55:16.395] [INFO] console - user register start
[2015-08-13 15:55:18.621] [INFO] console - user register start
[2015-08-13 15:55:19.434] [INFO] console - user register start
[2015-08-13 15:55:23.212] [INFO] console - user register start
[2015-08-13 15:55:28.631] [INFO] console - user register start
[2015-08-13 15:55:57.980] [INFO] console - user register start
[2015-08-13 15:56:04.740] [INFO] console - user register start
[2015-08-13 15:56:05.233] [INFO] console - user register start
[2015-08-13 15:56:05.451] [INFO] console - user register start
[2015-08-13 15:56:05.465] [INFO] console - user register start
[2015-08-13 15:56:05.478] [INFO] console - user register start
[2015-08-13 15:56:05.512] [INFO] console - user register start
[2015-08-13 15:56:05.544] [INFO] console - user register start
[2015-08-13 15:56:05.576] [INFO] console - user register start
[2015-08-13 15:56:05.628] [INFO] console - user register start
[2015-08-13 15:56:05.779] [INFO] console - user register start
[2015-08-13 15:56:06.264] [INFO] console - user register start
[2015-08-13 15:56:06.339] [INFO] console - user register start
[2015-08-13 15:56:06.413] [INFO] console - user register start
[2015-08-13 15:56:06.461] [INFO] console - user register start
[2015-08-13 15:56:06.467] [INFO] console - user register start
[2015-08-13 15:56:06.537] [INFO] console - user register start
[2015-08-13 15:56:06.539] [INFO] console - user register start
[2015-08-13 15:56:06.582] [INFO] console - user register start
[2015-08-13 15:56:06.723] [INFO] console - user register start
[2015-08-13 15:56:06.736] [INFO] console - user register start
[2015-08-13 15:56:06.767] [INFO] console - user register start
[2015-08-13 15:56:06.782] [INFO] console - user register start
[2015-08-13 15:56:06.797] [INFO] console - user register start
[2015-08-13 15:56:06.853] [INFO] console - user register start
[2015-08-13 15:56:06.986] [INFO] console - user register start
[2015-08-13 15:56:07.052] [INFO] console - user register start
[2015-08-13 15:56:07.069] [INFO] console - user register start
[2015-08-13 15:56:07.091] [INFO] console - user register start
[2015-08-13 15:56:07.110] [INFO] console - user register start
[2015-08-13 15:56:07.185] [INFO] console - user register start
[2015-08-13 15:56:07.294] [INFO] console - user register start
[2015-08-13 15:56:07.310] [INFO] console - user register start
[2015-08-13 15:56:07.322] [INFO] console - user register start
[2015-08-13 15:56:07.369] [INFO] console - user register start
[2015-08-13 15:56:07.423] [INFO] console - user register start
[2015-08-13 15:56:07.533] [INFO] console - user register start
[2015-08-13 15:56:07.569] [INFO] console - user register start
[2015-08-13 15:56:07.573] [INFO] console - user register start
[2015-08-13 15:56:07.590] [INFO] console - user register start
[2015-08-13 15:56:07.742] [INFO] console - user register start
[2015-08-13 15:56:07.785] [INFO] console - user register start
[2015-08-13 15:56:07.804] [INFO] console - user register start
[2015-08-13 15:56:39.127] [INFO] console - user register start
[2015-08-13 15:56:40.833] [INFO] console - user register start
[2015-08-13 15:56:41.416] [INFO] console - user register start
[2015-08-13 15:56:47.991] [INFO] console - user register start
[2015-08-13 15:56:49.785] [INFO] console - user register start
[2015-08-13 15:56:50.154] [INFO] console - user register start
[2015-08-13 15:56:50.422] [INFO] console - user register start
[2015-08-13 15:56:50.650] [INFO] console - user register start
[2015-08-13 15:56:50.888] [INFO] console - user register start
[2015-08-13 15:57:27.117] [INFO] console - user register start
[2015-08-13 15:57:33.594] [INFO] console - user register start
[2015-08-13 15:57:46.416] [INFO] console - user register start
[2015-08-13 15:58:12.761] [INFO] console - user register start
[2015-08-13 15:58:23.991] [INFO] console - user register start
[2015-08-13 15:58:55.839] [INFO] console - user register start
[2015-08-13 15:59:29.768] [INFO] console - user register start
[2015-08-13 15:59:30.526] [INFO] console - user register start
[2015-08-13 15:59:30.765] [INFO] console - user register start
[2015-08-13 15:59:30.995] [INFO] console - user register start
[2015-08-13 15:59:31.221] [INFO] console - user register start
[2015-08-13 15:59:31.251] [INFO] console - user register start
[2015-08-13 15:59:31.452] [INFO] console - user register start
[2015-08-13 15:59:31.897] [INFO] console - user register start
[2015-08-13 15:59:33.733] [INFO] console - user register start
[2015-08-13 15:59:34.227] [INFO] console - user register start
[2015-08-13 15:59:34.490] [INFO] console - user register start
[2015-08-13 15:59:34.781] [INFO] console - user register start
[2015-08-13 15:59:35.037] [INFO] console - user register start
[2015-08-13 15:59:35.291] [INFO] console - user register start
[2015-08-13 15:59:35.500] [INFO] console - user register start
[2015-08-13 15:59:35.722] [INFO] console - user register start
[2015-08-13 15:59:35.955] [INFO] console - user register start
[2015-08-13 15:59:54.361] [INFO] console - user register start
[2015-08-13 16:01:30.915] [INFO] console - user register start
[2015-08-13 16:01:31.626] [INFO] console - user register start
[2015-08-13 16:01:31.881] [INFO] console - user register start
[2015-08-13 16:01:32.102] [INFO] console - user register start
[2015-08-13 16:01:32.317] [INFO] console - user register start
[2015-08-13 16:01:32.554] [INFO] console - user register start
[2015-08-13 16:01:32.587] [INFO] console - user register start
[2015-08-13 16:01:32.877] [INFO] console - user register start
[2015-08-13 16:01:40.327] [INFO] console - user register start
[2015-08-13 16:02:02.959] [INFO] console - user register start
[2015-08-13 16:03:11.288] [INFO] console - user register start
[2015-08-13 16:03:34.666] [INFO] console - user register start
[2015-08-13 16:04:28.428] [INFO] console - user register start
[2015-08-13 16:04:31.035] [INFO] console - user register start
[2015-08-13 16:04:31.531] [INFO] console - user register start
[2015-08-13 16:04:32.004] [INFO] console - user register start
[2015-08-13 16:04:32.484] [INFO] console - user register start
[2015-08-13 16:04:32.937] [INFO] console - user register start
[2015-08-13 16:04:33.426] [INFO] console - user register start
[2015-08-13 16:04:33.659] [INFO] console - user register start
[2015-08-13 16:04:33.663] [INFO] console - user register start
[2015-08-13 16:04:33.848] [INFO] console - user register start
[2015-08-13 16:04:33.887] [INFO] console - user register start
[2015-08-13 16:04:34.203] [INFO] console - user register start
[2015-08-13 16:04:34.231] [INFO] console - user register start
[2015-08-13 16:04:34.424] [INFO] console - user register start
[2015-08-13 16:04:34.669] [INFO] console - user register start
[2015-08-13 16:04:34.916] [INFO] console - user register start
[2015-08-13 16:04:35.173] [INFO] console - user register start
[2015-08-13 16:04:35.214] [INFO] console - user register start
[2015-08-13 16:04:35.397] [INFO] console - user register start
[2015-08-13 16:04:35.608] [INFO] console - user register start
[2015-08-13 16:04:35.850] [INFO] console - user register start
[2015-08-13 16:04:37.492] [INFO] console - user register start
[2015-08-13 16:05:18.602] [INFO] console - user register start
[2015-08-13 16:06:08.031] [INFO] console - user register start
[2015-08-13 16:07:03.056] [INFO] console - user register start
[2015-08-13 16:11:45.504] [INFO] console - user register start
[2015-08-13 16:11:53.385] [INFO] console - user register start
[2015-08-13 16:20:31.001] [INFO] console - user register start
[2015-08-13 16:20:34.648] [INFO] console - user register start
[2015-08-13 16:20:41.933] [INFO] console - user register start
[2015-08-13 16:20:52.803] [INFO] console - user register start
[2015-08-13 16:22:22.211] [INFO] console - user register start
[2015-08-13 16:23:19.803] [INFO] console - user register start
[2015-08-13 16:23:38.428] [INFO] console - user register start
[2015-08-13 16:24:51.315] [INFO] console - user register start
[2015-08-13 16:24:59.916] [INFO] console - user register start
[2015-08-13 16:25:43.770] [INFO] console - user register start
[2015-08-13 16:26:37.264] [INFO] console - user register start
[2015-08-13 16:26:38.265] [INFO] console - user register start
[2015-08-13 16:26:46.247] [INFO] console - user register start
[2015-08-13 16:26:46.516] [INFO] console - user register start
[2015-08-13 16:26:46.793] [INFO] console - user register start
[2015-08-13 16:26:46.823] [INFO] console - user register start
[2015-08-13 16:26:53.440] [INFO] console - user register start
[2015-08-13 16:31:38.158] [INFO] console - user register start
[2015-08-13 16:32:09.249] [INFO] console - user register start
[2015-08-13 16:34:43.153] [INFO] console - user register start
[2015-08-13 16:34:59.961] [INFO] console - user register start
[2015-08-13 16:35:00.185] [INFO] console - user register start
[2015-08-13 16:35:00.335] [INFO] console - user register start
[2015-08-13 16:35:44.614] [INFO] console - user register start
[2015-08-13 16:35:55.852] [INFO] console - user register start
[2015-08-13 16:36:35.316] [INFO] console - user register start
[2015-08-13 16:37:24.068] [INFO] console - user register start
[2015-08-13 16:37:49.785] [INFO] console - user register start
[2015-08-13 16:38:17.879] [INFO] console - user register start
[2015-08-13 16:38:23.968] [INFO] console - user register start
[2015-08-13 16:38:30.931] [INFO] console - user register start
[2015-08-13 16:38:43.901] [INFO] console - user register start
[2015-08-13 16:40:00.227] [INFO] console - user register start
[2015-08-13 16:40:20.219] [INFO] console - user register start
[2015-08-13 16:49:37.912] [INFO] console - user register start
[2015-08-13 16:50:22.641] [INFO] console - user register start
[2015-08-13 16:50:22.925] [INFO] console - user register start
[2015-08-13 16:50:49.165] [INFO] console - user register start
[2015-08-13 16:50:57.849] [INFO] console - user register start
[2015-08-13 16:51:39.176] [INFO] console - user register start
[2015-08-13 16:55:01.269] [INFO] console - get post on checkout { merchant_name: '春田花花工作室', amount: '1234.00', currency: 'CNY' }
[2015-08-13 16:55:04.781] [INFO] console - user register start
[2015-08-13 16:55:54.554] [INFO] console - user register start
[2015-08-13 16:57:57.399] [INFO] console - user register start
[2015-08-13 16:58:21.590] [INFO] console - user register start
[2015-08-13 16:58:35.411] [INFO] console - user register start
[2015-08-13 16:59:02.850] [INFO] console - user register start
[2015-08-13 16:59:10.524] [INFO] console - user register start
[2015-08-13 16:59:11.809] [INFO] console - user register start
[2015-08-13 16:59:12.315] [INFO] console - user register start
[2015-08-13 16:59:12.771] [INFO] console - user register start
[2015-08-13 16:59:13.033] [INFO] console - user register start
[2015-08-13 16:59:13.291] [INFO] console - user register start
[2015-08-13 16:59:13.482] [INFO] console - user register start
[2015-08-13 16:59:13.525] [INFO] console - user register start
[2015-08-13 16:59:13.767] [INFO] console - user register start
[2015-08-13 16:59:13.977] [INFO] console - user register start
[2015-08-13 16:59:14.208] [INFO] console - user register start
[2015-08-13 16:59:14.227] [INFO] console - user register start
[2015-08-13 16:59:14.524] [INFO] console - user register start
[2015-08-13 16:59:14.536] [INFO] console - user register start
[2015-08-13 16:59:14.791] [INFO] console - user register start
[2015-08-13 16:59:15.013] [INFO] console - user register start
[2015-08-13 16:59:15.046] [INFO] console - user register start
[2015-08-13 16:59:15.320] [INFO] console - user register start
[2015-08-13 17:01:19.604] [INFO] console - user register start
[2015-08-13 17:01:44.064] [INFO] console - user register start
[2015-08-13 17:11:32.561] [INFO] console - user register start
[2015-08-13 17:12:18.507] [INFO] console - user register start
[2015-08-13 17:12:22.045] [INFO] console - user register start
[2015-08-13 17:12:42.127] [INFO] console - user register start
[2015-08-13 17:12:42.406] [INFO] console - user register start
[2015-08-13 17:12:42.608] [INFO] console - user register start
[2015-08-13 17:12:42.647] [INFO] console - user register start
[2015-08-13 17:13:24.102] [INFO] console - user register start
[2015-08-13 17:13:54.621] [INFO] console - user register start
[2015-08-13 17:17:29.909] [INFO] console - user register start
[2015-08-13 17:17:47.699] [INFO] console - user register start
[2015-08-13 17:18:32.850] [INFO] console - user register start
[2015-08-13 17:19:13.413] [INFO] console - user register start
[2015-08-13 17:19:36.628] [INFO] console - user register start
[2015-08-13 17:20:16.614] [INFO] console - user register start
[2015-08-13 17:20:54.181] [INFO] console - user register start
[2015-08-13 17:21:55.999] [INFO] console - user register start
[2015-08-13 17:27:19.563] [INFO] console - user register start
[2015-08-13 17:28:21.519] [INFO] console - user register start
[2015-08-13 17:30:11.243] [INFO] console - user register start
[2015-08-13 17:30:23.366] [INFO] console - user register start
[2015-08-13 17:30:37.684] [INFO] console - user register start
[2015-08-13 17:30:41.373] [INFO] console - user register start
[2015-08-13 17:30:41.938] [INFO] console - user register start
[2015-08-13 17:30:42.164] [INFO] console - user register start
[2015-08-13 17:30:42.392] [INFO] console - user register start
[2015-08-13 17:30:42.653] [INFO] console - user register start
[2015-08-13 17:30:42.864] [INFO] console - user register start
[2015-08-13 17:30:43.077] [INFO] console - user register start
[2015-08-13 17:30:43.330] [INFO] console - user register start
[2015-08-13 17:30:43.535] [INFO] console - user register start
[2015-08-13 17:30:43.798] [INFO] console - user register start
[2015-08-13 17:30:44.044] [INFO] console - user register start
[2015-08-13 17:30:44.050] [INFO] console - user register start
[2015-08-13 17:30:44.291] [INFO] console - user register start
[2015-08-13 17:30:44.540] [INFO] console - user register start
[2015-08-13 17:30:44.545] [INFO] console - user register start
[2015-08-13 17:30:44.841] [INFO] console - user register start
[2015-08-13 17:30:44.863] [INFO] console - user register start
[2015-08-13 17:30:45.143] [INFO] console - user register start
[2015-08-13 17:30:45.172] [INFO] console - user register start
[2015-08-13 17:30:45.498] [INFO] console - user register start
[2015-08-13 17:31:21.347] [INFO] console - user register start
[2015-08-13 17:31:34.062] [INFO] console - user register start
[2015-08-13 17:31:48.176] [INFO] console - user register start
[2015-08-13 17:31:56.381] [INFO] console - user register start
[2015-08-13 17:32:03.419] [INFO] console - user register start
[2015-08-13 17:32:08.802] [INFO] console - user register start
[2015-08-13 17:32:14.104] [INFO] console - user register start
[2015-08-13 17:32:26.995] [INFO] console - user register start
[2015-08-13 17:34:01.022] [INFO] console - user register start
[2015-08-13 17:35:04.468] [INFO] console - user register start
[2015-08-13 17:35:18.438] [INFO] console - user register start
[2015-08-13 17:35:23.685] [INFO] console - user register start
[2015-08-13 17:35:31.438] [INFO] console - user register start
[2015-08-13 17:36:18.878] [INFO] console - user register start
[2015-08-13 17:36:33.686] [INFO] console - user register start
[2015-08-13 17:36:42.788] [INFO] console - user register start
[2015-08-13 17:36:43.066] [INFO] console - user register start
[2015-08-13 17:36:43.303] [INFO] console - user register start
[2015-08-13 17:36:43.323] [INFO] console - user register start
[2015-08-13 17:36:43.587] [INFO] console - user register start
[2015-08-13 17:36:43.605] [INFO] console - user register start
[2015-08-13 17:36:43.894] [INFO] console - user register start
[2015-08-13 17:36:43.913] [INFO] console - user register start
[2015-08-13 17:36:44.042] [INFO] console - user register start
[2015-08-13 17:36:44.285] [INFO] console - user register start
[2015-08-13 17:36:44.504] [INFO] console - user register start
[2015-08-13 17:36:44.522] [INFO] console - user register start
[2015-08-13 17:37:07.968] [INFO] console - user register start
[2015-08-13 17:37:41.253] [INFO] console - user register start
[2015-08-13 17:37:50.408] [INFO] console - user register start
[2015-08-13 17:37:55.686] [INFO] console - user register start
[2015-08-13 17:38:57.413] [INFO] console - user register start
[2015-08-13 17:39:57.863] [INFO] console - user register start
[2015-08-13 17:40:22.529] [INFO] console - user register start
[2015-08-13 17:40:29.328] [INFO] console - user register start
[2015-08-13 17:40:43.943] [INFO] console - user register start
[2015-08-13 17:40:56.903] [INFO] console - user register start
[2015-08-13 17:41:10.901] [INFO] console - user register start
[2015-08-13 17:43:16.559] [INFO] console - user register start
[2015-08-13 17:53:57.065] [INFO] console - user register start
[2015-08-13 17:54:52.423] [INFO] console - user register start
[2015-08-13 17:59:59.192] [INFO] console - user register start
[2015-08-13 18:01:15.273] [INFO] console - user register start
[2015-08-13 18:02:21.951] [INFO] console - user register start
[2015-08-13 18:09:34.656] [INFO] console - user register start
[2015-08-13 18:11:21.069] [INFO] console - user register start
[2015-08-13 18:12:09.118] [INFO] console - user register start
[2015-08-13 18:12:38.052] [INFO] console - user register start
[2015-08-13 18:16:34.250] [INFO] console - user register start
[2015-08-13 18:16:50.282] [INFO] console - user register start
[2015-08-13 18:16:53.229] [INFO] console - get response body { code: '1022', message: '该帐号不存在', result: {} }
[2015-08-13 18:19:57.124] [INFO] console - user register start
[2015-08-14 09:43:37.007] [INFO] console - user register start
[2015-08-14 09:43:38.373] [INFO] console - user register start
[2015-08-14 09:43:39.417] [INFO] console - user register start
[2015-08-14 09:43:40.527] [INFO] console - user register start
[2015-08-14 09:44:16.812] [INFO] console - get response body { code: '1022', message: '该帐号不存在', result: {} }
[2015-08-14 09:44:18.644] [INFO] console - get response body { code: '1022', message: '该帐号不存在', result: {} }
[2015-08-14 09:47:53.289] [INFO] console - user register start
