[2015-09-06 15:32:55.449] [INFO] console - get post on checkout {"amount":"110.00","currency":"CNY","order_id":"ORW6tr4CtzM5pechRnXW","api_id":"1819957c-1a3f-11e5-ba25-3a22fd90d682","api_secret_key":"key1234567890","merchant_id":"MC0000001409","order_detail":"{\"items\":[{\"product\":\"美国XXX的保健品，强身健体\",\"logo\":\"\",\"detail\":\"这是美国最牛逼的保健品，强身健体，一剂见效。\",\"type\":\"保健品\",\"price\":\"￥11\",\"count\":\"3\",\"total\":\"￥33\"},{\"product\":\"官网NIKE\",\"logo\":\"\",\"detail\":\"222222\",\"type\":\"Nike 服饰，和NBA球员一起运动\",\"price\":\"￥11\",\"count\":\"2\",\"total\":\"￥22\"},{\"product\":\"美国XXX的保健品，强身健体\",\"logo\":\"\",\"detail\":\"这是美国最牛逼的保健品，强身健体，一剂见效。\",\"type\":\"保健品\",\"price\":\"￥11\",\"count\":\"3\",\"total\":\"￥33\"},{\"product\":\"官网NIKE\",\"logo\":\"\",\"detail\":\"222222\",\"type\":\"Nike 服饰，和NBA球员一起运动\",\"price\":\"￥11\",\"count\":\"2\",\"total\":\"￥22\"}],\"totalAmount\":\"￥110\"}","return_url":"/checkout/orderList"}
[2015-09-06 15:32:55.694] [INFO] console - user save new order  { code: '200', message: 'OK', result: {} }
[2015-09-06 15:32:55.926] [INFO] console - user get order info  { code: '200',
  message: 'OK',
  result: 
   { amount: '110.00',
     order_detail: '"{\\"items\\":[{\\"product\\":\\"美国XXX的保健品，强身健体\\",\\"logo\\":\\"\\",\\"detail\\":\\"这是美国最牛逼的保健品，强身健体，一剂见效。\\",\\"type\\":\\"保健品\\",\\"price\\":\\"￥11\\",\\"count\\":\\"3\\",\\"total\\":\\"￥33\\"},{\\"product\\":\\"官网NIKE\\",\\"logo\\":\\"\\",\\"detail\\":\\"222222\\",\\"type\\":\\"Nike 服饰，和NBA球员一起运动\\",\\"price\\":\\"￥11\\",\\"count\\":\\"2\\",\\"total\\":\\"￥22\\"},{\\"product\\":\\"美国XXX的保健品，强身健体\\",\\"logo\\":\\"\\",\\"detail\\":\\"这是美国最牛逼的保健品，强身健体，一剂见效。\\",\\"type\\":\\"保健品\\",\\"price\\":\\"￥11\\",\\"count\\":\\"3\\",\\"total\\":\\"￥33\\"},{\\"product\\":\\"官网NIKE\\",\\"logo\\":\\"\\",\\"detail\\":\\"222222\\",\\"type\\":\\"Nike 服饰，和NBA球员一起运动\\",\\"price\\":\\"￥11\\",\\"count\\":\\"2\\",\\"total\\":\\"￥22\\"}],\\"totalAmount\\":\\"￥110\\"}"',
     merchant_name: 'Flower Company',
     merchant_id: 'MC0000001409',
     order_id: 'ORW6tr4CtzM5pechRnXW',
     return_url: '/checkout/orderList' } }
[2015-09-06 15:32:55.943] [INFO] console - user get order auth { amount: '110.00',
  order_detail: 
   [ { product: '美国XXX的保健品，强身健体',
       logo: '',
       detail: '这是美国最牛逼的保健品，强身健体，一剂见效。',
       type: '保健品',
       price: '￥11',
       count: '3',
       total: '￥33' },
     { product: '官网NIKE',
       logo: '',
       detail: '222222',
       type: 'Nike 服饰，和NBA球员一起运动',
       price: '￥11',
       count: '2',
       total: '￥22' },
     { product: '美国XXX的保健品，强身健体',
       logo: '',
       detail: '这是美国最牛逼的保健品，强身健体，一剂见效。',
       type: '保健品',
       price: '￥11',
       count: '3',
       total: '￥33' },
     { product: '官网NIKE',
       logo: '',
       detail: '222222',
       type: 'Nike 服饰，和NBA球员一起运动',
       price: '￥11',
       count: '2',
       total: '￥22' } ],
  merchant_name: 'Flower Company',
  merchant_id: 'MC0000001409',
  order_id: 'ORW6tr4CtzM5pechRnXW',
  return_url: '/checkout/orderList' }
[2015-09-06 15:51:16.870] [INFO] console - user get order info  { code: '200',
  message: 'OK',
  result: 
   { amount: '110.00',
     order_detail: '"{\\"items\\":[{\\"product\\":\\"美国XXX的保健品，强身健体\\",\\"logo\\":\\"\\",\\"detail\\":\\"这是美国最牛逼的保健品，强身健体，一剂见效。\\",\\"type\\":\\"保健品\\",\\"price\\":\\"￥11\\",\\"count\\":\\"3\\",\\"total\\":\\"￥33\\"},{\\"product\\":\\"官网NIKE\\",\\"logo\\":\\"\\",\\"detail\\":\\"222222\\",\\"type\\":\\"Nike 服饰，和NBA球员一起运动\\",\\"price\\":\\"￥11\\",\\"count\\":\\"2\\",\\"total\\":\\"￥22\\"},{\\"product\\":\\"美国XXX的保健品，强身健体\\",\\"logo\\":\\"\\",\\"detail\\":\\"这是美国最牛逼的保健品，强身健体，一剂见效。\\",\\"type\\":\\"保健品\\",\\"price\\":\\"￥11\\",\\"count\\":\\"3\\",\\"total\\":\\"￥33\\"},{\\"product\\":\\"官网NIKE\\",\\"logo\\":\\"\\",\\"detail\\":\\"222222\\",\\"type\\":\\"Nike 服饰，和NBA球员一起运动\\",\\"price\\":\\"￥11\\",\\"count\\":\\"2\\",\\"total\\":\\"￥22\\"}],\\"totalAmount\\":\\"￥110\\"}"',
     merchant_name: 'Flower Company',
     merchant_id: 'MC0000001409',
     order_id: 'ORW6tr4CtzM5pechRnXW',
     return_url: '/checkout/orderList' } }
[2015-09-06 15:51:16.871] [INFO] console - user get order auth { amount: '110.00',
  order_detail: 
   [ { product: '美国XXX的保健品，强身健体',
       logo: '',
       detail: '这是美国最牛逼的保健品，强身健体，一剂见效。',
       type: '保健品',
       price: '￥11',
       count: '3',
       total: '￥33' },
     { product: '官网NIKE',
       logo: '',
       detail: '222222',
       type: 'Nike 服饰，和NBA球员一起运动',
       price: '￥11',
       count: '2',
       total: '￥22' },
     { product: '美国XXX的保健品，强身健体',
       logo: '',
       detail: '这是美国最牛逼的保健品，强身健体，一剂见效。',
       type: '保健品',
       price: '￥11',
       count: '3',
       total: '￥33' },
     { product: '官网NIKE',
       logo: '',
       detail: '222222',
       type: 'Nike 服饰，和NBA球员一起运动',
       price: '￥11',
       count: '2',
       total: '￥22' } ],
  merchant_name: 'Flower Company',
  merchant_id: 'MC0000001409',
  order_id: 'ORW6tr4CtzM5pechRnXW',
  return_url: '/checkout/orderList' }
[2015-09-06 16:16:06.065] [INFO] console - get post on checkout {"amount":"110.00","currency":"CNY","order_id":"ORG8rW43nwNb3XMXC5yE","api_id":"1819957c-1a3f-11e5-ba25-3a22fd90d682","api_secret_key":"key1234567890","merchant_id":"MC0000001409","order_detail":"{\"items\":[{\"product\":\"美国XXX的保健品，强身健体\",\"logo\":\"\",\"detail\":\"这是美国最牛逼的保健品，强身健体，一剂见效。\",\"type\":\"保健品\",\"price\":\"￥11\",\"count\":\"3\",\"total\":\"￥33\"},{\"product\":\"官网NIKE\",\"logo\":\"\",\"detail\":\"222222\",\"type\":\"Nike 服饰，和NBA球员一起运动\",\"price\":\"￥11\",\"count\":\"2\",\"total\":\"￥22\"},{\"product\":\"美国XXX的保健品，强身健体\",\"logo\":\"\",\"detail\":\"这是美国最牛逼的保健品，强身健体，一剂见效。\",\"type\":\"保健品\",\"price\":\"￥11\",\"count\":\"3\",\"total\":\"￥33\"},{\"product\":\"官网NIKE\",\"logo\":\"\",\"detail\":\"222222\",\"type\":\"Nike 服饰，和NBA球员一起运动\",\"price\":\"￥11\",\"count\":\"2\",\"total\":\"￥22\"}],\"totalAmount\":\"￥110\"}","return_url":"/checkout/orderList"}
[2015-09-06 16:16:06.581] [INFO] console - user save new order  { code: '500',
  message: 'Unknown column \'MERCAHNT_ID\' in \'where clause\'',
  result: null }
[2015-09-06 16:17:56.659] [INFO] console - get post on checkout {"amount":"110.00","currency":"CNY","order_id":"ORddyBpP6kxrfcpY5Wk2","api_id":"1819957c-1a3f-11e5-ba25-3a22fd90d682","api_secret_key":"key1234567890","merchant_id":"MC0000001409","order_detail":"{\"items\":[{\"product\":\"美国XXX的保健品，强身健体\",\"logo\":\"\",\"detail\":\"这是美国最牛逼的保健品，强身健体，一剂见效。\",\"type\":\"保健品\",\"price\":\"￥11\",\"count\":\"3\",\"total\":\"￥33\"},{\"product\":\"官网NIKE\",\"logo\":\"\",\"detail\":\"222222\",\"type\":\"Nike 服饰，和NBA球员一起运动\",\"price\":\"￥11\",\"count\":\"2\",\"total\":\"￥22\"},{\"product\":\"美国XXX的保健品，强身健体\",\"logo\":\"\",\"detail\":\"这是美国最牛逼的保健品，强身健体，一剂见效。\",\"type\":\"保健品\",\"price\":\"￥11\",\"count\":\"3\",\"total\":\"￥33\"},{\"product\":\"官网NIKE\",\"logo\":\"\",\"detail\":\"222222\",\"type\":\"Nike 服饰，和NBA球员一起运动\",\"price\":\"￥11\",\"count\":\"2\",\"total\":\"￥22\"}],\"totalAmount\":\"￥110\"}","return_url":"/checkout/orderList"}
[2015-09-06 16:17:56.720] [INFO] console - user save new order  { code: '200', message: 'OK', result: {} }
[2015-09-06 16:17:56.759] [INFO] console - user get order info  { code: '1168', message: '订单信息错误', result: {} }
[2015-09-06 16:27:43.863] [INFO] console - get post on checkout {"amount":"110.00","currency":"CNY","order_id":"OREfthmMircykD2kaMW2","api_id":"1819957c-1a3f-11e5-ba25-3a22fd90d682","api_secret_key":"key1234567890","merchant_id":"MC0000001409","order_detail":"{\"items\":[{\"product\":\"美国XXX的保健品，强身健体\",\"logo\":\"\",\"detail\":\"这是美国最牛逼的保健品，强身健体，一剂见效。\",\"type\":\"保健品\",\"price\":\"￥11\",\"count\":\"3\",\"total\":\"￥33\"},{\"product\":\"官网NIKE\",\"logo\":\"\",\"detail\":\"222222\",\"type\":\"Nike 服饰，和NBA球员一起运动\",\"price\":\"￥11\",\"count\":\"2\",\"total\":\"￥22\"},{\"product\":\"美国XXX的保健品，强身健体\",\"logo\":\"\",\"detail\":\"这是美国最牛逼的保健品，强身健体，一剂见效。\",\"type\":\"保健品\",\"price\":\"￥11\",\"count\":\"3\",\"total\":\"￥33\"},{\"product\":\"官网NIKE\",\"logo\":\"\",\"detail\":\"222222\",\"type\":\"Nike 服饰，和NBA球员一起运动\",\"price\":\"￥11\",\"count\":\"2\",\"total\":\"￥22\"}],\"totalAmount\":\"￥110\"}","return_url":"/checkout/orderList"}
[2015-09-06 16:27:44.008] [INFO] console - user save new order  { code: '200',
  message: 'OK',
  result: { order_id: 'OREfthmMircykD2kaMW2' } }
[2015-09-06 16:27:44.067] [INFO] console - user get order info  { code: '200',
  message: 'OK',
  result: 
   { amount: '110.00',
     order_detail: '"{\\"items\\":[{\\"product\\":\\"美国XXX的保健品，强身健体\\",\\"logo\\":\\"\\",\\"detail\\":\\"这是美国最牛逼的保健品，强身健体，一剂见效。\\",\\"type\\":\\"保健品\\",\\"price\\":\\"￥11\\",\\"count\\":\\"3\\",\\"total\\":\\"￥33\\"},{\\"product\\":\\"官网NIKE\\",\\"logo\\":\\"\\",\\"detail\\":\\"222222\\",\\"type\\":\\"Nike 服饰，和NBA球员一起运动\\",\\"price\\":\\"￥11\\",\\"count\\":\\"2\\",\\"total\\":\\"￥22\\"},{\\"product\\":\\"美国XXX的保健品，强身健体\\",\\"logo\\":\\"\\",\\"detail\\":\\"这是美国最牛逼的保健品，强身健体，一剂见效。\\",\\"type\\":\\"保健品\\",\\"price\\":\\"￥11\\",\\"count\\":\\"3\\",\\"total\\":\\"￥33\\"},{\\"product\\":\\"官网NIKE\\",\\"logo\\":\\"\\",\\"detail\\":\\"222222\\",\\"type\\":\\"Nike 服饰，和NBA球员一起运动\\",\\"price\\":\\"￥11\\",\\"count\\":\\"2\\",\\"total\\":\\"￥22\\"}],\\"totalAmount\\":\\"￥110\\"}"',
     merchant_name: 'Flower Company',
     merchant_id: 'MC0000001409',
     order_id: 'OREfthmMircykD2kaMW2',
     return_url: '/checkout/orderList' } }
[2015-09-06 16:27:44.090] [INFO] console - user get order auth { amount: '110.00',
  order_detail: 
   [ { product: '美国XXX的保健品，强身健体',
       logo: '',
       detail: '这是美国最牛逼的保健品，强身健体，一剂见效。',
       type: '保健品',
       price: '￥11',
       count: '3',
       total: '￥33' },
     { product: '官网NIKE',
       logo: '',
       detail: '222222',
       type: 'Nike 服饰，和NBA球员一起运动',
       price: '￥11',
       count: '2',
       total: '￥22' },
     { product: '美国XXX的保健品，强身健体',
       logo: '',
       detail: '这是美国最牛逼的保健品，强身健体，一剂见效。',
       type: '保健品',
       price: '￥11',
       count: '3',
       total: '￥33' },
     { product: '官网NIKE',
       logo: '',
       detail: '222222',
       type: 'Nike 服饰，和NBA球员一起运动',
       price: '￥11',
       count: '2',
       total: '￥22' } ],
  merchant_name: 'Flower Company',
  merchant_id: 'MC0000001409',
  order_id: 'OREfthmMircykD2kaMW2',
  return_url: '/checkout/orderList' }
[2015-09-06 16:31:35.157] [INFO] console - get post on checkout {"amount":"110.00","currency":"CNY","order_id":"","api_id":"","api_secret_key":"","merchant_id":"MC0000001409","order_detail":"{\"items\":[{\"product\":\"美国XXX的保健品，强身健体\",\"logo\":\"\",\"detail\":\"这是美国最牛逼的保健品，强身健体，一剂见效。\",\"type\":\"保健品\",\"price\":\"￥11\",\"count\":\"3\",\"total\":\"￥33\"},{\"product\":\"官网NIKE\",\"logo\":\"\",\"detail\":\"222222\",\"type\":\"Nike 服饰，和NBA球员一起运动\",\"price\":\"￥11\",\"count\":\"2\",\"total\":\"￥22\"},{\"product\":\"美国XXX的保健品，强身健体\",\"logo\":\"\",\"detail\":\"这是美国最牛逼的保健品，强身健体，一剂见效。\",\"type\":\"保健品\",\"price\":\"￥11\",\"count\":\"3\",\"total\":\"￥33\"},{\"product\":\"官网NIKE\",\"logo\":\"\",\"detail\":\"222222\",\"type\":\"Nike 服饰，和NBA球员一起运动\",\"price\":\"￥11\",\"count\":\"2\",\"total\":\"￥22\"}],\"totalAmount\":\"￥110\"}","return_url":"/checkout/orderList"}
[2015-09-06 16:31:35.220] [INFO] console - user save new order  { code: '500',
  message: 'Column \'ORDER_ID\' cannot be null',
  result: null }
[2015-09-06 16:36:12.671] [INFO] console - get post on checkout {"amount":"110.00","currency":"CNY","order_id":"","api_id":"","api_secret_key":"","merchant_id":"MC0000001409","order_detail":"{\"items\":[{\"product\":\"美国XXX的保健品，强身健体\",\"logo\":\"\",\"detail\":\"这是美国最牛逼的保健品，强身健体，一剂见效。\",\"type\":\"保健品\",\"price\":\"￥11\",\"count\":\"3\",\"total\":\"￥33\"},{\"product\":\"官网NIKE\",\"logo\":\"\",\"detail\":\"222222\",\"type\":\"Nike 服饰，和NBA球员一起运动\",\"price\":\"￥11\",\"count\":\"2\",\"total\":\"￥22\"},{\"product\":\"美国XXX的保健品，强身健体\",\"logo\":\"\",\"detail\":\"这是美国最牛逼的保健品，强身健体，一剂见效。\",\"type\":\"保健品\",\"price\":\"￥11\",\"count\":\"3\",\"total\":\"￥33\"},{\"product\":\"官网NIKE\",\"logo\":\"\",\"detail\":\"222222\",\"type\":\"Nike 服饰，和NBA球员一起运动\",\"price\":\"￥11\",\"count\":\"2\",\"total\":\"￥22\"}],\"totalAmount\":\"￥110\"}","return_url":"/checkout/orderList"}
[2015-09-06 16:36:12.705] [INFO] console - user save new order  { code: '200',
  message: 'OK',
  result: { order_id: 'FO0000006977' } }
[2015-09-06 16:37:28.227] [INFO] console - get post on checkout {"amount":"110.00","currency":"CNY","order_id":"","api_id":"","api_secret_key":"","merchant_id":"MC0000001409","order_detail":"{\"items\":[{\"product\":\"美国XXX的保健品，强身健体\",\"logo\":\"\",\"detail\":\"这是美国最牛逼的保健品，强身健体，一剂见效。\",\"type\":\"保健品\",\"price\":\"￥11\",\"count\":\"3\",\"total\":\"￥33\"},{\"product\":\"官网NIKE\",\"logo\":\"\",\"detail\":\"222222\",\"type\":\"Nike 服饰，和NBA球员一起运动\",\"price\":\"￥11\",\"count\":\"2\",\"total\":\"￥22\"},{\"product\":\"美国XXX的保健品，强身健体\",\"logo\":\"\",\"detail\":\"这是美国最牛逼的保健品，强身健体，一剂见效。\",\"type\":\"保健品\",\"price\":\"￥11\",\"count\":\"3\",\"total\":\"￥33\"},{\"product\":\"官网NIKE\",\"logo\":\"\",\"detail\":\"222222\",\"type\":\"Nike 服饰，和NBA球员一起运动\",\"price\":\"￥11\",\"count\":\"2\",\"total\":\"￥22\"}],\"totalAmount\":\"￥110\"}","return_url":"/checkout/orderList"}
[2015-09-06 16:37:29.505] [INFO] console - user save new order  { code: '200',
  message: 'OK',
  result: { order_id: 'FO0000006978' } }
[2015-09-06 16:37:29.541] [INFO] console - user get order info  { code: '200',
  message: 'OK',
  result: 
   { amount: '110.00',
     order_detail: '"{\\"items\\":[{\\"product\\":\\"美国XXX的保健品，强身健体\\",\\"logo\\":\\"\\",\\"detail\\":\\"这是美国最牛逼的保健品，强身健体，一剂见效。\\",\\"type\\":\\"保健品\\",\\"price\\":\\"￥11\\",\\"count\\":\\"3\\",\\"total\\":\\"￥33\\"},{\\"product\\":\\"官网NIKE\\",\\"logo\\":\\"\\",\\"detail\\":\\"222222\\",\\"type\\":\\"Nike 服饰，和NBA球员一起运动\\",\\"price\\":\\"￥11\\",\\"count\\":\\"2\\",\\"total\\":\\"￥22\\"},{\\"product\\":\\"美国XXX的保健品，强身健体\\",\\"logo\\":\\"\\",\\"detail\\":\\"这是美国最牛逼的保健品，强身健体，一剂见效。\\",\\"type\\":\\"保健品\\",\\"price\\":\\"￥11\\",\\"count\\":\\"3\\",\\"total\\":\\"￥33\\"},{\\"product\\":\\"官网NIKE\\",\\"logo\\":\\"\\",\\"detail\\":\\"222222\\",\\"type\\":\\"Nike 服饰，和NBA球员一起运动\\",\\"price\\":\\"￥11\\",\\"count\\":\\"2\\",\\"total\\":\\"￥22\\"}],\\"totalAmount\\":\\"￥110\\"}"',
     merchant_name: 'Flower Company',
     merchant_id: 'MC0000001409',
     order_id: 'FO0000006978',
     return_url: '/checkout/orderList' } }
[2015-09-06 16:37:29.547] [INFO] console - user get order auth { amount: '110.00',
  order_detail: 
   [ { product: '美国XXX的保健品，强身健体',
       logo: '',
       detail: '这是美国最牛逼的保健品，强身健体，一剂见效。',
       type: '保健品',
       price: '￥11',
       count: '3',
       total: '￥33' },
     { product: '官网NIKE',
       logo: '',
       detail: '222222',
       type: 'Nike 服饰，和NBA球员一起运动',
       price: '￥11',
       count: '2',
       total: '￥22' },
     { product: '美国XXX的保健品，强身健体',
       logo: '',
       detail: '这是美国最牛逼的保健品，强身健体，一剂见效。',
       type: '保健品',
       price: '￥11',
       count: '3',
       total: '￥33' },
     { product: '官网NIKE',
       logo: '',
       detail: '222222',
       type: 'Nike 服饰，和NBA球员一起运动',
       price: '￥11',
       count: '2',
       total: '￥22' } ],
  merchant_name: 'Flower Company',
  merchant_id: 'MC0000001409',
  order_id: 'FO0000006978',
  return_url: '/checkout/orderList' }
[2015-09-06 16:38:33.158] [INFO] console - checkout user login params { phone: '13248269098', password: '11111a' }
[2015-09-06 16:38:34.528] [INFO] console - user login when checkout { code: '200',
  message: 'OK',
  result: 
   { id_image_status: '0',
     info_bit: '0',
     status_bit: '159',
     name: 'cong',
     user_id: 'UR0000006348',
     id_verified: '1',
     session_token: 'cb62c0f5-5471-11e5-be20-3beae5baf6a4' } }
[2015-09-06 16:38:34.529] [INFO] console - get user authOrer detail { amount: '110.00',
  order_detail: 
   [ { product: '美国XXX的保健品，强身健体',
       logo: '',
       detail: '这是美国最牛逼的保健品，强身健体，一剂见效。',
       type: '保健品',
       price: '￥11',
       count: '3',
       total: '￥33' },
     { product: '官网NIKE',
       logo: '',
       detail: '222222',
       type: 'Nike 服饰，和NBA球员一起运动',
       price: '￥11',
       count: '2',
       total: '￥22' },
     { product: '美国XXX的保健品，强身健体',
       logo: '',
       detail: '这是美国最牛逼的保健品，强身健体，一剂见效。',
       type: '保健品',
       price: '￥11',
       count: '3',
       total: '￥33' },
     { product: '官网NIKE',
       logo: '',
       detail: '222222',
       type: 'Nike 服饰，和NBA球员一起运动',
       price: '￥11',
       count: '2',
       total: '￥22' } ],
  merchant_name: 'Flower Company',
  merchant_id: 'MC0000001409',
  order_id: 'FO0000006978',
  return_url: '/checkout/orderList',
  location: 'login',
  errorMsg: '',
  directError: false,
  currency: 'CNY',
  _locals: {},
  user_auth: 
   { user_id: 'UR0000006348',
     session_token: 'cb62c0f5-5471-11e5-be20-3beae5baf6a4',
     name: 'cong' } }
[2015-09-06 16:38:34.536] [INFO] console - checkout confirm page  { amount: '110.00',
  order_detail: 
   [ { product: '美国XXX的保健品，强身健体',
       logo: '',
       detail: '这是美国最牛逼的保健品，强身健体，一剂见效。',
       type: '保健品',
       price: '￥11',
       count: '3',
       total: '￥33' },
     { product: '官网NIKE',
       logo: '',
       detail: '222222',
       type: 'Nike 服饰，和NBA球员一起运动',
       price: '￥11',
       count: '2',
       total: '￥22' },
     { product: '美国XXX的保健品，强身健体',
       logo: '',
       detail: '这是美国最牛逼的保健品，强身健体，一剂见效。',
       type: '保健品',
       price: '￥11',
       count: '3',
       total: '￥33' },
     { product: '官网NIKE',
       logo: '',
       detail: '222222',
       type: 'Nike 服饰，和NBA球员一起运动',
       price: '￥11',
       count: '2',
       total: '￥22' } ],
  merchant_name: 'Flower Company',
  merchant_id: 'MC0000001409',
  order_id: 'FO0000006978',
  return_url: '/checkout/orderList',
  location: 'login',
  errorMsg: '',
  directError: false,
  currency: 'CNY',
  _locals: {},
  user_auth: 
   { user_id: 'UR0000006348',
     session_token: 'cb62c0f5-5471-11e5-be20-3beae5baf6a4',
     name: 'cong' } }
[2015-09-06 16:38:34.539] [INFO] console - order detail to json [ { product: '美国XXX的保健品，强身健体',
    logo: '',
    detail: '这是美国最牛逼的保健品，强身健体，一剂见效。',
    type: '保健品',
    price: '￥11',
    count: '3',
    total: '￥33' },
  { product: '官网NIKE',
    logo: '',
    detail: '222222',
    type: 'Nike 服饰，和NBA球员一起运动',
    price: '￥11',
    count: '2',
    total: '￥22' },
  { product: '美国XXX的保健品，强身健体',
    logo: '',
    detail: '这是美国最牛逼的保健品，强身健体，一剂见效。',
    type: '保健品',
    price: '￥11',
    count: '3',
    total: '￥33' },
  { product: '官网NIKE',
    logo: '',
    detail: '222222',
    type: 'Nike 服饰，和NBA球员一起运动',
    price: '￥11',
    count: '2',
    total: '￥22' } ]
[2015-09-06 16:38:36.350] [INFO] console - user check prePay when make payment { code: '200',
  message: 'OK',
  result: { session_token: 'cb62c0f5-5471-11e5-be20-3beae5baf6a4' } }
[2015-09-06 16:38:39.171] [INFO] console - checkout confirm page  { amount: '110.00',
  order_detail: 
   [ { product: '美国XXX的保健品，强身健体',
       logo: '',
       detail: '这是美国最牛逼的保健品，强身健体，一剂见效。',
       type: '保健品',
       price: '￥11',
       count: '3',
       total: '￥33' },
     { product: '官网NIKE',
       logo: '',
       detail: '222222',
       type: 'Nike 服饰，和NBA球员一起运动',
       price: '￥11',
       count: '2',
       total: '￥22' },
     { product: '美国XXX的保健品，强身健体',
       logo: '',
       detail: '这是美国最牛逼的保健品，强身健体，一剂见效。',
       type: '保健品',
       price: '￥11',
       count: '3',
       total: '￥33' },
     { product: '官网NIKE',
       logo: '',
       detail: '222222',
       type: 'Nike 服饰，和NBA球员一起运动',
       price: '￥11',
       count: '2',
       total: '￥22' } ],
  merchant_name: 'Flower Company',
  merchant_id: 'MC0000001409',
  order_id: 'FO0000006978',
  return_url: '/checkout/orderList',
  location: 'checkout',
  errorMsg: '',
  directError: false,
  currency: 'CNY',
  _locals: {},
  user_auth: 
   { user_id: 'UR0000006348',
     session_token: 'cb62c0f5-5471-11e5-be20-3beae5baf6a4',
     name: 'cong' },
  title: '付款' }
[2015-09-06 16:38:39.176] [INFO] console - for user reset pay password { title: '重置支付密码', username: 'cong', location: 'forgetPin' }
[2015-09-06 16:56:26.778] [INFO] console - get post on checkout {"amount":"110.00","currency":"CNY","order_id":"","api_id":"1819957c-1a3f-11e5-ba25-3a22fd90d682","api_secret_key":"","merchant_id":"MC0000001409","order_detail":"{\"items\":[{\"product\":\"美国XXX的保健品，强身健体\",\"logo\":\"\",\"detail\":\"这是美国最牛逼的保健品，强身健体，一剂见效。\",\"type\":\"保健品\",\"price\":\"￥11\",\"count\":\"3\",\"total\":\"￥33\"},{\"product\":\"官网NIKE\",\"logo\":\"\",\"detail\":\"222222\",\"type\":\"Nike 服饰，和NBA球员一起运动\",\"price\":\"￥11\",\"count\":\"2\",\"total\":\"￥22\"},{\"product\":\"美国XXX的保健品，强身健体\",\"logo\":\"\",\"detail\":\"这是美国最牛逼的保健品，强身健体，一剂见效。\",\"type\":\"保健品\",\"price\":\"￥11\",\"count\":\"3\",\"total\":\"￥33\"},{\"product\":\"官网NIKE\",\"logo\":\"\",\"detail\":\"222222\",\"type\":\"Nike 服饰，和NBA球员一起运动\",\"price\":\"￥11\",\"count\":\"2\",\"total\":\"￥22\"}],\"totalAmount\":\"￥110\"}","return_url":"/checkout/orderList"}
[2015-09-06 16:56:27.140] [INFO] console - user save new order  { code: '500',
  message: 'Incorrect number of arguments for PROCEDURE PIER_CN.save_order_info; expected 6, got 5',
  result: null }
[2015-09-06 16:58:45.719] [INFO] console - get post on checkout {"amount":"110.00","currency":"CNY","order_id":"","api_id":"1819957c-1a3f-11e5-ba25-3a22fd90d682","api_secret_key":"","merchant_id":"MC0000001409","order_detail":"{\"items\":[{\"product\":\"美国XXX的保健品，强身健体\",\"logo\":\"\",\"detail\":\"这是美国最牛逼的保健品，强身健体，一剂见效。\",\"type\":\"保健品\",\"price\":\"￥11\",\"count\":\"3\",\"total\":\"￥33\"},{\"product\":\"官网NIKE\",\"logo\":\"\",\"detail\":\"222222\",\"type\":\"Nike 服饰，和NBA球员一起运动\",\"price\":\"￥11\",\"count\":\"2\",\"total\":\"￥22\"},{\"product\":\"美国XXX的保健品，强身健体\",\"logo\":\"\",\"detail\":\"这是美国最牛逼的保健品，强身健体，一剂见效。\",\"type\":\"保健品\",\"price\":\"￥11\",\"count\":\"3\",\"total\":\"￥33\"},{\"product\":\"官网NIKE\",\"logo\":\"\",\"detail\":\"222222\",\"type\":\"Nike 服饰，和NBA球员一起运动\",\"price\":\"￥11\",\"count\":\"2\",\"total\":\"￥22\"}],\"totalAmount\":\"￥110\"}","return_url":"/checkout/orderList"}
[2015-09-06 16:58:45.758] [INFO] console - user save new order  { code: '500',
  message: 'Incorrect number of arguments for PROCEDURE PIER_CN.save_order_info; expected 6, got 5',
  result: null }
[2015-09-06 17:00:00.998] [INFO] console - get post on checkout {"amount":"110.00","currency":"CNY","order_id":"","api_id":"1819957c-1a3f-11e5-ba25-3a22fd90d682","api_secret_key":"","merchant_id":"MC0000001409","order_detail":"{\"items\":[{\"product\":\"美国XXX的保健品，强身健体\",\"logo\":\"\",\"detail\":\"这是美国最牛逼的保健品，强身健体，一剂见效。\",\"type\":\"保健品\",\"price\":\"￥11\",\"count\":\"3\",\"total\":\"￥33\"},{\"product\":\"官网NIKE\",\"logo\":\"\",\"detail\":\"222222\",\"type\":\"Nike 服饰，和NBA球员一起运动\",\"price\":\"￥11\",\"count\":\"2\",\"total\":\"￥22\"},{\"product\":\"美国XXX的保健品，强身健体\",\"logo\":\"\",\"detail\":\"这是美国最牛逼的保健品，强身健体，一剂见效。\",\"type\":\"保健品\",\"price\":\"￥11\",\"count\":\"3\",\"total\":\"￥33\"},{\"product\":\"官网NIKE\",\"logo\":\"\",\"detail\":\"222222\",\"type\":\"Nike 服饰，和NBA球员一起运动\",\"price\":\"￥11\",\"count\":\"2\",\"total\":\"￥22\"}],\"totalAmount\":\"￥110\"}","return_url":"/checkout/orderList"}
[2015-09-06 17:00:01.042] [INFO] console - user save new order  { code: '500',
  message: 'Incorrect number of arguments for PROCEDURE PIER_CN.save_order_info; expected 6, got 5',
  result: null }
[2015-09-06 17:00:37.040] [INFO] console - get post on checkout {"amount":"110.00","currency":"CNY","order_id":"","api_id":"1819957c-1a3f-11e5-ba25-3a22fd90d682","api_secret_key":"","merchant_id":"MC0000001409","order_detail":"{\"items\":[{\"product\":\"美国XXX的保健品，强身健体\",\"logo\":\"\",\"detail\":\"这是美国最牛逼的保健品，强身健体，一剂见效。\",\"type\":\"保健品\",\"price\":\"￥11\",\"count\":\"3\",\"total\":\"￥33\"},{\"product\":\"官网NIKE\",\"logo\":\"\",\"detail\":\"222222\",\"type\":\"Nike 服饰，和NBA球员一起运动\",\"price\":\"￥11\",\"count\":\"2\",\"total\":\"￥22\"},{\"product\":\"美国XXX的保健品，强身健体\",\"logo\":\"\",\"detail\":\"这是美国最牛逼的保健品，强身健体，一剂见效。\",\"type\":\"保健品\",\"price\":\"￥11\",\"count\":\"3\",\"total\":\"￥33\"},{\"product\":\"官网NIKE\",\"logo\":\"\",\"detail\":\"222222\",\"type\":\"Nike 服饰，和NBA球员一起运动\",\"price\":\"￥11\",\"count\":\"2\",\"total\":\"￥22\"}],\"totalAmount\":\"￥110\"}","return_url":"/checkout/orderList"}
[2015-09-06 17:00:37.046] [ERROR] console - dddddddddddddddddd { order_id: null,
  merchant_id: 'MC0000001409',
  amount: '110.00',
  order_detail: '"{\\"items\\":[{\\"product\\":\\"美国XXX的保健品，强身健体\\",\\"logo\\":\\"\\",\\"detail\\":\\"这是美国最牛逼的保健品，强身健体，一剂见效。\\",\\"type\\":\\"保健品\\",\\"price\\":\\"￥11\\",\\"count\\":\\"3\\",\\"total\\":\\"￥33\\"},{\\"product\\":\\"官网NIKE\\",\\"logo\\":\\"\\",\\"detail\\":\\"222222\\",\\"type\\":\\"Nike 服饰，和NBA球员一起运动\\",\\"price\\":\\"￥11\\",\\"count\\":\\"2\\",\\"total\\":\\"￥22\\"},{\\"product\\":\\"美国XXX的保健品，强身健体\\",\\"logo\\":\\"\\",\\"detail\\":\\"这是美国最牛逼的保健品，强身健体，一剂见效。\\",\\"type\\":\\"保健品\\",\\"price\\":\\"￥11\\",\\"count\\":\\"3\\",\\"total\\":\\"￥33\\"},{\\"product\\":\\"官网NIKE\\",\\"logo\\":\\"\\",\\"detail\\":\\"222222\\",\\"type\\":\\"Nike 服饰，和NBA球员一起运动\\",\\"price\\":\\"￥11\\",\\"count\\":\\"2\\",\\"total\\":\\"￥22\\"}],\\"totalAmount\\":\\"￥110\\"}"',
  return_url: '/checkout/orderList',
  api_id: '1819957c-1a3f-11e5-ba25-3a22fd90d682' }
[2015-09-06 17:00:37.192] [INFO] console - user save new order  { code: '500',
  message: 'Incorrect number of arguments for PROCEDURE PIER_CN.save_order_info; expected 6, got 5',
  result: null }
[2015-09-06 17:04:34.285] [INFO] console - get post on checkout {"amount":"110.00","currency":"CNY","order_id":"","api_id":"1819957c-1a3f-11e5-ba25-3a22fd90d682","api_secret_key":"","merchant_id":"MC0000001409","order_detail":"{\"items\":[{\"product\":\"美国XXX的保健品，强身健体\",\"logo\":\"\",\"detail\":\"这是美国最牛逼的保健品，强身健体，一剂见效。\",\"type\":\"保健品\",\"price\":\"￥11\",\"count\":\"3\",\"total\":\"￥33\"},{\"product\":\"官网NIKE\",\"logo\":\"\",\"detail\":\"222222\",\"type\":\"Nike 服饰，和NBA球员一起运动\",\"price\":\"￥11\",\"count\":\"2\",\"total\":\"￥22\"},{\"product\":\"美国XXX的保健品，强身健体\",\"logo\":\"\",\"detail\":\"这是美国最牛逼的保健品，强身健体，一剂见效。\",\"type\":\"保健品\",\"price\":\"￥11\",\"count\":\"3\",\"total\":\"￥33\"},{\"product\":\"官网NIKE\",\"logo\":\"\",\"detail\":\"222222\",\"type\":\"Nike 服饰，和NBA球员一起运动\",\"price\":\"￥11\",\"count\":\"2\",\"total\":\"￥22\"}],\"totalAmount\":\"￥110\"}","return_url":"/checkout/orderList"}
[2015-09-06 17:04:34.289] [ERROR] console - dddddddddddddddddd { order_id: null,
  merchant_id: 'MC0000001409',
  amount: '110.00',
  order_detail: '"{\\"items\\":[{\\"product\\":\\"美国XXX的保健品，强身健体\\",\\"logo\\":\\"\\",\\"detail\\":\\"这是美国最牛逼的保健品，强身健体，一剂见效。\\",\\"type\\":\\"保健品\\",\\"price\\":\\"￥11\\",\\"count\\":\\"3\\",\\"total\\":\\"￥33\\"},{\\"product\\":\\"官网NIKE\\",\\"logo\\":\\"\\",\\"detail\\":\\"222222\\",\\"type\\":\\"Nike 服饰，和NBA球员一起运动\\",\\"price\\":\\"￥11\\",\\"count\\":\\"2\\",\\"total\\":\\"￥22\\"},{\\"product\\":\\"美国XXX的保健品，强身健体\\",\\"logo\\":\\"\\",\\"detail\\":\\"这是美国最牛逼的保健品，强身健体，一剂见效。\\",\\"type\\":\\"保健品\\",\\"price\\":\\"￥11\\",\\"count\\":\\"3\\",\\"total\\":\\"￥33\\"},{\\"product\\":\\"官网NIKE\\",\\"logo\\":\\"\\",\\"detail\\":\\"222222\\",\\"type\\":\\"Nike 服饰，和NBA球员一起运动\\",\\"price\\":\\"￥11\\",\\"count\\":\\"2\\",\\"total\\":\\"￥22\\"}],\\"totalAmount\\":\\"￥110\\"}"',
  return_url: '/checkout/orderList',
  api_id: '1819957c-1a3f-11e5-ba25-3a22fd90d682' }
[2015-09-06 17:04:35.598] [INFO] console - user save new order  { code: '200',
  message: 'OK',
  result: { order_id: 'FO0000006980' } }
[2015-09-06 17:04:35.649] [INFO] console - user get order info  { code: '200',
  message: 'OK',
  result: 
   { amount: '110.00',
     order_detail: '"{\\"items\\":[{\\"product\\":\\"美国XXX的保健品，强身健体\\",\\"logo\\":\\"\\",\\"detail\\":\\"这是美国最牛逼的保健品，强身健体，一剂见效。\\",\\"type\\":\\"保健品\\",\\"price\\":\\"￥11\\",\\"count\\":\\"3\\",\\"total\\":\\"￥33\\"},{\\"product\\":\\"官网NIKE\\",\\"logo\\":\\"\\",\\"detail\\":\\"222222\\",\\"type\\":\\"Nike 服饰，和NBA球员一起运动\\",\\"price\\":\\"￥11\\",\\"count\\":\\"2\\",\\"total\\":\\"￥22\\"},{\\"product\\":\\"美国XXX的保健品，强身健体\\",\\"logo\\":\\"\\",\\"detail\\":\\"这是美国最牛逼的保健品，强身健体，一剂见效。\\",\\"type\\":\\"保健品\\",\\"price\\":\\"￥11\\",\\"count\\":\\"3\\",\\"total\\":\\"￥33\\"},{\\"product\\":\\"官网NIKE\\",\\"logo\\":\\"\\",\\"detail\\":\\"222222\\",\\"type\\":\\"Nike 服饰，和NBA球员一起运动\\",\\"price\\":\\"￥11\\",\\"count\\":\\"2\\",\\"total\\":\\"￥22\\"}],\\"totalAmount\\":\\"￥110\\"}"',
     merchant_name: 'Flower Company',
     merchant_id: 'MC0000001409',
     order_id: 'FO0000006980',
     return_url: '/checkout/orderList' } }
[2015-09-06 17:04:35.655] [INFO] console - user get order auth { amount: '110.00',
  order_detail: 
   [ { product: '美国XXX的保健品，强身健体',
       logo: '',
       detail: '这是美国最牛逼的保健品，强身健体，一剂见效。',
       type: '保健品',
       price: '￥11',
       count: '3',
       total: '￥33' },
     { product: '官网NIKE',
       logo: '',
       detail: '222222',
       type: 'Nike 服饰，和NBA球员一起运动',
       price: '￥11',
       count: '2',
       total: '￥22' },
     { product: '美国XXX的保健品，强身健体',
       logo: '',
       detail: '这是美国最牛逼的保健品，强身健体，一剂见效。',
       type: '保健品',
       price: '￥11',
       count: '3',
       total: '￥33' },
     { product: '官网NIKE',
       logo: '',
       detail: '222222',
       type: 'Nike 服饰，和NBA球员一起运动',
       price: '￥11',
       count: '2',
       total: '￥22' } ],
  merchant_name: 'Flower Company',
  merchant_id: 'MC0000001409',
  order_id: 'FO0000006980',
  return_url: '/checkout/orderList' }
[2015-09-06 17:24:25.587] [INFO] console - get post on checkout {"amount":"110.00","currency":"CNY","order_id":"","api_id":"1819957c-1a3f-11e5-ba25-3a22fd90d682","api_secret_key":"","merchant_id":"MC0000001409","order_detail":"{\"items\":[{\"product\":\"美国XXX的保健品，强身健体\",\"logo\":\"\",\"detail\":\"这是美国最牛逼的保健品，强身健体，一剂见效。\",\"type\":\"保健品\",\"price\":\"￥11\",\"count\":\"3\",\"total\":\"￥33\"},{\"product\":\"官网NIKE\",\"logo\":\"\",\"detail\":\"222222\",\"type\":\"Nike 服饰，和NBA球员一起运动\",\"price\":\"￥11\",\"count\":\"2\",\"total\":\"￥22\"},{\"product\":\"美国XXX的保健品，强身健体\",\"logo\":\"\",\"detail\":\"这是美国最牛逼的保健品，强身健体，一剂见效。\",\"type\":\"保健品\",\"price\":\"￥11\",\"count\":\"3\",\"total\":\"￥33\"},{\"product\":\"官网NIKE\",\"logo\":\"\",\"detail\":\"222222\",\"type\":\"Nike 服饰，和NBA球员一起运动\",\"price\":\"￥11\",\"count\":\"2\",\"total\":\"￥22\"}],\"totalAmount\":\"￥110\"}","return_url":"/checkout/orderList"}
[2015-09-06 17:24:26.070] [INFO] console - user save new order  { code: '200',
  message: 'OK',
  result: { order_id: 'FO0000006981' } }
[2015-09-06 17:50:55.349] [INFO] console - get post on checkout {"amount":"110.00","currency":"CNY","order_id":"","api_id":"1819957c-1a3f-11e5-ba25-3a22fd90d682","api_secret_key":"","merchant_id":"MC0000001409","order_detail":"{\"items\":[{\"product\":\"美国XXX的保健品，强身健体\",\"logo\":\"\",\"detail\":\"这是美国最牛逼的保健品，强身健体，一剂见效。\",\"type\":\"保健品\",\"price\":\"￥11\",\"count\":\"3\",\"total\":\"￥33\"},{\"product\":\"官网NIKE\",\"logo\":\"\",\"detail\":\"222222\",\"type\":\"Nike 服饰，和NBA球员一起运动\",\"price\":\"￥11\",\"count\":\"2\",\"total\":\"￥22\"},{\"product\":\"美国XXX的保健品，强身健体\",\"logo\":\"\",\"detail\":\"这是美国最牛逼的保健品，强身健体，一剂见效。\",\"type\":\"保健品\",\"price\":\"￥11\",\"count\":\"3\",\"total\":\"￥33\"},{\"product\":\"官网NIKE\",\"logo\":\"\",\"detail\":\"222222\",\"type\":\"Nike 服饰，和NBA球员一起运动\",\"price\":\"￥11\",\"count\":\"2\",\"total\":\"￥22\"}],\"totalAmount\":\"￥110\"}","return_url":"/checkout/orderList"}
[2015-09-06 17:50:55.405] [INFO] console - user save new order  { code: '200',
  message: 'OK',
  result: { order_id: 'FO0000006982' } }
[2015-09-06 17:56:29.332] [INFO] console - get post on checkout {"amount":"11.01","currency":"CNY","order_id":"","api_id":"1819957c-1a3f-11e5-ba25-3a22fd90d682","api_secret_key":"","merchant_id":"MC0000001409","order_detail":"{\"items\":[{\"product\":\"美国XXX的保健品，强身健体\",\"logo\":\"\",\"detail\":\"这是美国最牛逼的保健品，强身健体，一剂见效。\",\"type\":\"保健品\",\"price\":\"￥11\",\"count\":\"3\",\"total\":\"￥33\"},{\"product\":\"官网NIKE\",\"logo\":\"\",\"detail\":\"222222\",\"type\":\"Nike 服饰，和NBA球员一起运动\",\"price\":\"￥11\",\"count\":\"2\",\"total\":\"￥22\"},{\"product\":\"美国XXX的保健品，强身健体\",\"logo\":\"\",\"detail\":\"这是美国最牛逼的保健品，强身健体，一剂见效。\",\"type\":\"保健品\",\"price\":\"￥11\",\"count\":\"3\",\"total\":\"￥33\"},{\"product\":\"官网NIKE\",\"logo\":\"\",\"detail\":\"222222\",\"type\":\"Nike 服饰，和NBA球员一起运动\",\"price\":\"￥11\",\"count\":\"2\",\"total\":\"￥22\"}],\"totalAmount\":\"￥110\"}","return_url":"/checkout/orderList"}
[2015-09-06 17:56:29.617] [INFO] console - user save new order  { code: '200',
  message: 'OK',
  result: { order_id: 'FO0000006983' } }
[2015-09-06 17:56:29.716] [INFO] console - user get order info  { code: '200',
  message: 'OK',
  result: 
   { amount: '11.01',
     order_detail: '"{\\"items\\":[{\\"product\\":\\"美国XXX的保健品，强身健体\\",\\"logo\\":\\"\\",\\"detail\\":\\"这是美国最牛逼的保健品，强身健体，一剂见效。\\",\\"type\\":\\"保健品\\",\\"price\\":\\"￥11\\",\\"count\\":\\"3\\",\\"total\\":\\"￥33\\"},{\\"product\\":\\"官网NIKE\\",\\"logo\\":\\"\\",\\"detail\\":\\"222222\\",\\"type\\":\\"Nike 服饰，和NBA球员一起运动\\",\\"price\\":\\"￥11\\",\\"count\\":\\"2\\",\\"total\\":\\"￥22\\"},{\\"product\\":\\"美国XXX的保健品，强身健体\\",\\"logo\\":\\"\\",\\"detail\\":\\"这是美国最牛逼的保健品，强身健体，一剂见效。\\",\\"type\\":\\"保健品\\",\\"price\\":\\"￥11\\",\\"count\\":\\"3\\",\\"total\\":\\"￥33\\"},{\\"product\\":\\"官网NIKE\\",\\"logo\\":\\"\\",\\"detail\\":\\"222222\\",\\"type\\":\\"Nike 服饰，和NBA球员一起运动\\",\\"price\\":\\"￥11\\",\\"count\\":\\"2\\",\\"total\\":\\"￥22\\"}],\\"totalAmount\\":\\"￥110\\"}"',
     merchant_name: 'Flower Company',
     merchant_id: 'MC0000001409',
     order_id: 'FO0000006983',
     return_url: '/checkout/orderList' } }
[2015-09-06 17:56:29.726] [INFO] console - user get order auth { amount: '11.01',
  order_detail: 
   [ { product: '美国XXX的保健品，强身健体',
       logo: '',
       detail: '这是美国最牛逼的保健品，强身健体，一剂见效。',
       type: '保健品',
       price: '￥11',
       count: '3',
       total: '￥33' },
     { product: '官网NIKE',
       logo: '',
       detail: '222222',
       type: 'Nike 服饰，和NBA球员一起运动',
       price: '￥11',
       count: '2',
       total: '￥22' },
     { product: '美国XXX的保健品，强身健体',
       logo: '',
       detail: '这是美国最牛逼的保健品，强身健体，一剂见效。',
       type: '保健品',
       price: '￥11',
       count: '3',
       total: '￥33' },
     { product: '官网NIKE',
       logo: '',
       detail: '222222',
       type: 'Nike 服饰，和NBA球员一起运动',
       price: '￥11',
       count: '2',
       total: '￥22' } ],
  merchant_name: 'Flower Company',
  merchant_id: 'MC0000001409',
  order_id: 'FO0000006983',
  return_url: '/checkout/orderList',
  sign: 'undefined',
  sign_type: 'undefined' }
[2015-09-06 18:02:29.668] [INFO] console - get post on checkout {"amount":"11.01","currency":"CNY","order_id":"","api_id":"1819957c-1a3f-11e5-ba25-3a22fd90d682","api_secret_key":"","merchant_id":"MC0000001409","order_detail":"{\"items\":[{\"product\":\"美国XXX的保健品，强身健体\",\"logo\":\"\",\"detail\":\"这是美国最牛逼的保健品，强身健体，一剂见效。\",\"type\":\"保健品\",\"price\":\"￥11\",\"count\":\"3\",\"total\":\"￥33\"},{\"product\":\"官网NIKE\",\"logo\":\"\",\"detail\":\"222222\",\"type\":\"Nike 服饰，和NBA球员一起运动\",\"price\":\"￥11\",\"count\":\"2\",\"total\":\"￥22\"},{\"product\":\"美国XXX的保健品，强身健体\",\"logo\":\"\",\"detail\":\"这是美国最牛逼的保健品，强身健体，一剂见效。\",\"type\":\"保健品\",\"price\":\"￥11\",\"count\":\"3\",\"total\":\"￥33\"},{\"product\":\"官网NIKE\",\"logo\":\"\",\"detail\":\"222222\",\"type\":\"Nike 服饰，和NBA球员一起运动\",\"price\":\"￥11\",\"count\":\"2\",\"total\":\"￥22\"}],\"totalAmount\":\"￥110\"}","return_url":"/checkout/orderList","sign":"I8NbFI3HgA09vBcBFLm0/zQTVmlVsnE7M4iaFFbxiaEPVTQGvcdeSsdPVtdbqsMtd4P14+Yi6bImEry8HElr6EQs27pWo/i16PZ+4T5st+1BkBcRELgdHDoQV4BLkN3a815HNAZnqTuEx0AgeazyYWpFumAN/SbDecmPGRp9PMU=","sign_type":"RSA"}
[2015-09-06 18:02:29.722] [INFO] console - user save new order  { code: '200',
  message: 'OK',
  result: { order_id: 'FO0000006984' } }
[2015-09-06 18:02:29.763] [INFO] console - user get order info  { code: '200',
  message: 'OK',
  result: 
   { amount: '11.01',
     order_detail: '"{\\"items\\":[{\\"product\\":\\"美国XXX的保健品，强身健体\\",\\"logo\\":\\"\\",\\"detail\\":\\"这是美国最牛逼的保健品，强身健体，一剂见效。\\",\\"type\\":\\"保健品\\",\\"price\\":\\"￥11\\",\\"count\\":\\"3\\",\\"total\\":\\"￥33\\"},{\\"product\\":\\"官网NIKE\\",\\"logo\\":\\"\\",\\"detail\\":\\"222222\\",\\"type\\":\\"Nike 服饰，和NBA球员一起运动\\",\\"price\\":\\"￥11\\",\\"count\\":\\"2\\",\\"total\\":\\"￥22\\"},{\\"product\\":\\"美国XXX的保健品，强身健体\\",\\"logo\\":\\"\\",\\"detail\\":\\"这是美国最牛逼的保健品，强身健体，一剂见效。\\",\\"type\\":\\"保健品\\",\\"price\\":\\"￥11\\",\\"count\\":\\"3\\",\\"total\\":\\"￥33\\"},{\\"product\\":\\"官网NIKE\\",\\"logo\\":\\"\\",\\"detail\\":\\"222222\\",\\"type\\":\\"Nike 服饰，和NBA球员一起运动\\",\\"price\\":\\"￥11\\",\\"count\\":\\"2\\",\\"total\\":\\"￥22\\"}],\\"totalAmount\\":\\"￥110\\"}"',
     merchant_name: 'Flower Company',
     merchant_id: 'MC0000001409',
     order_id: 'FO0000006984',
     return_url: '/checkout/orderList' } }
[2015-09-06 18:02:29.768] [INFO] console - user get order auth { amount: '11.01',
  order_detail: 
   [ { product: '美国XXX的保健品，强身健体',
       logo: '',
       detail: '这是美国最牛逼的保健品，强身健体，一剂见效。',
       type: '保健品',
       price: '￥11',
       count: '3',
       total: '￥33' },
     { product: '官网NIKE',
       logo: '',
       detail: '222222',
       type: 'Nike 服饰，和NBA球员一起运动',
       price: '￥11',
       count: '2',
       total: '￥22' },
     { product: '美国XXX的保健品，强身健体',
       logo: '',
       detail: '这是美国最牛逼的保健品，强身健体，一剂见效。',
       type: '保健品',
       price: '￥11',
       count: '3',
       total: '￥33' },
     { product: '官网NIKE',
       logo: '',
       detail: '222222',
       type: 'Nike 服饰，和NBA球员一起运动',
       price: '￥11',
       count: '2',
       total: '￥22' } ],
  merchant_name: 'Flower Company',
  merchant_id: 'MC0000001409',
  order_id: 'FO0000006984',
  return_url: '/checkout/orderList',
  sign: 'I8NbFI3HgA09vBcBFLm0/zQTVmlVsnE7M4iaFFbxiaEPVTQGvcdeSsdPVtdbqsMtd4P14 Yi6bImEry8HElr6EQs27pWo/i16PZ 4T5st 1BkBcRELgdHDoQV4BLkN3a815HNAZnqTuEx0AgeazyYWpFumAN/SbDecmPGRp9PMU=',
  sign_type: 'RSA' }
[2015-09-06 18:03:00.254] [INFO] console - checkout user login params { phone: '13248269098', password: '11111a' }
[2015-09-06 18:03:00.543] [INFO] console - user login when checkout { code: '200',
  message: 'OK',
  result: 
   { id_image_status: '0',
     info_bit: '0',
     status_bit: '159',
     name: 'cong',
     user_id: 'UR0000006348',
     id_verified: '1',
     session_token: '96f31fd8-547d-11e5-be20-3beae5baf6a4' } }
[2015-09-06 18:03:00.548] [INFO] console - get user authOrer detail { amount: '11.01',
  order_detail: 
   [ { product: '美国XXX的保健品，强身健体',
       logo: '',
       detail: '这是美国最牛逼的保健品，强身健体，一剂见效。',
       type: '保健品',
       price: '￥11',
       count: '3',
       total: '￥33' },
     { product: '官网NIKE',
       logo: '',
       detail: '222222',
       type: 'Nike 服饰，和NBA球员一起运动',
       price: '￥11',
       count: '2',
       total: '￥22' },
     { product: '美国XXX的保健品，强身健体',
       logo: '',
       detail: '这是美国最牛逼的保健品，强身健体，一剂见效。',
       type: '保健品',
       price: '￥11',
       count: '3',
       total: '￥33' },
     { product: '官网NIKE',
       logo: '',
       detail: '222222',
       type: 'Nike 服饰，和NBA球员一起运动',
       price: '￥11',
       count: '2',
       total: '￥22' } ],
  merchant_name: 'Flower Company',
  merchant_id: 'MC0000001409',
  order_id: 'FO0000006984',
  return_url: '/checkout/orderList',
  sign: 'I8NbFI3HgA09vBcBFLm0/zQTVmlVsnE7M4iaFFbxiaEPVTQGvcdeSsdPVtdbqsMtd4P14 Yi6bImEry8HElr6EQs27pWo/i16PZ 4T5st 1BkBcRELgdHDoQV4BLkN3a815HNAZnqTuEx0AgeazyYWpFumAN/SbDecmPGRp9PMU=',
  sign_type: 'RSA',
  location: 'login',
  errorMsg: '',
  directError: false,
  currency: 'CNY',
  _locals: {},
  user_auth: 
   { user_id: 'UR0000006348',
     session_token: '96f31fd8-547d-11e5-be20-3beae5baf6a4',
     name: 'cong' } }
[2015-09-06 18:03:00.562] [INFO] console - checkout confirm page  { amount: '11.01',
  order_detail: 
   [ { product: '美国XXX的保健品，强身健体',
       logo: '',
       detail: '这是美国最牛逼的保健品，强身健体，一剂见效。',
       type: '保健品',
       price: '￥11',
       count: '3',
       total: '￥33' },
     { product: '官网NIKE',
       logo: '',
       detail: '222222',
       type: 'Nike 服饰，和NBA球员一起运动',
       price: '￥11',
       count: '2',
       total: '￥22' },
     { product: '美国XXX的保健品，强身健体',
       logo: '',
       detail: '这是美国最牛逼的保健品，强身健体，一剂见效。',
       type: '保健品',
       price: '￥11',
       count: '3',
       total: '￥33' },
     { product: '官网NIKE',
       logo: '',
       detail: '222222',
       type: 'Nike 服饰，和NBA球员一起运动',
       price: '￥11',
       count: '2',
       total: '￥22' } ],
  merchant_name: 'Flower Company',
  merchant_id: 'MC0000001409',
  order_id: 'FO0000006984',
  return_url: '/checkout/orderList',
  sign: 'I8NbFI3HgA09vBcBFLm0/zQTVmlVsnE7M4iaFFbxiaEPVTQGvcdeSsdPVtdbqsMtd4P14 Yi6bImEry8HElr6EQs27pWo/i16PZ 4T5st 1BkBcRELgdHDoQV4BLkN3a815HNAZnqTuEx0AgeazyYWpFumAN/SbDecmPGRp9PMU=',
  sign_type: 'RSA',
  location: 'login',
  errorMsg: '',
  directError: false,
  currency: 'CNY',
  _locals: {},
  user_auth: 
   { user_id: 'UR0000006348',
     session_token: '96f31fd8-547d-11e5-be20-3beae5baf6a4',
     name: 'cong' } }
[2015-09-06 18:03:00.566] [INFO] console - order detail to json [ { product: '美国XXX的保健品，强身健体',
    logo: '',
    detail: '这是美国最牛逼的保健品，强身健体，一剂见效。',
    type: '保健品',
    price: '￥11',
    count: '3',
    total: '￥33' },
  { product: '官网NIKE',
    logo: '',
    detail: '222222',
    type: 'Nike 服饰，和NBA球员一起运动',
    price: '￥11',
    count: '2',
    total: '￥22' },
  { product: '美国XXX的保健品，强身健体',
    logo: '',
    detail: '这是美国最牛逼的保健品，强身健体，一剂见效。',
    type: '保健品',
    price: '￥11',
    count: '3',
    total: '￥33' },
  { product: '官网NIKE',
    logo: '',
    detail: '222222',
    type: 'Nike 服饰，和NBA球员一起运动',
    price: '￥11',
    count: '2',
    total: '￥22' } ]
[2015-09-06 18:03:01.788] [INFO] console - user check prePay when make payment { code: '200',
  message: 'OK',
  result: { session_token: '96f31fd8-547d-11e5-be20-3beae5baf6a4' } }
[2015-09-06 18:03:04.920] [INFO] console - checkout get sms api  { amount: '11.01',
  order_detail: 
   [ { product: '美国XXX的保健品，强身健体',
       logo: '',
       detail: '这是美国最牛逼的保健品，强身健体，一剂见效。',
       type: '保健品',
       price: '￥11',
       count: '3',
       total: '￥33' },
     { product: '官网NIKE',
       logo: '',
       detail: '222222',
       type: 'Nike 服饰，和NBA球员一起运动',
       price: '￥11',
       count: '2',
       total: '￥22' },
     { product: '美国XXX的保健品，强身健体',
       logo: '',
       detail: '这是美国最牛逼的保健品，强身健体，一剂见效。',
       type: '保健品',
       price: '￥11',
       count: '3',
       total: '￥33' },
     { product: '官网NIKE',
       logo: '',
       detail: '222222',
       type: 'Nike 服饰，和NBA球员一起运动',
       price: '￥11',
       count: '2',
       total: '￥22' } ],
  merchant_name: 'Flower Company',
  merchant_id: 'MC0000001409',
  order_id: 'FO0000006984',
  return_url: '/checkout/orderList',
  sign: 'I8NbFI3HgA09vBcBFLm0/zQTVmlVsnE7M4iaFFbxiaEPVTQGvcdeSsdPVtdbqsMtd4P14 Yi6bImEry8HElr6EQs27pWo/i16PZ 4T5st 1BkBcRELgdHDoQV4BLkN3a815HNAZnqTuEx0AgeazyYWpFumAN/SbDecmPGRp9PMU=',
  sign_type: 'RSA',
  location: 'checkout',
  errorMsg: '',
  directError: false,
  currency: 'CNY',
  _locals: {},
  user_auth: 
   { user_id: 'UR0000006348',
     session_token: '96f31fd8-547d-11e5-be20-3beae5baf6a4',
     name: 'cong' },
  title: '付款' }
[2015-09-06 18:03:04.973] [INFO] console - user get sms when checkout { code: '200',
  message: 'OK',
  result: 
   { amount: '11.01',
     prefix_phone: '13248269098',
     sms_code: '4186',
     expiration: '180',
     merchant_name: 'Flower Company',
     sms_no: '4402',
     session_token: '96f31fd8-547d-11e5-be20-3beae5baf6a4' } }
[2015-09-06 18:03:07.805] [INFO] console - checkout get pay api  { amount: '11.01',
  order_detail: 
   [ { product: '美国XXX的保健品，强身健体',
       logo: '',
       detail: '这是美国最牛逼的保健品，强身健体，一剂见效。',
       type: '保健品',
       price: '￥11',
       count: '3',
       total: '￥33' },
     { product: '官网NIKE',
       logo: '',
       detail: '222222',
       type: 'Nike 服饰，和NBA球员一起运动',
       price: '￥11',
       count: '2',
       total: '￥22' },
     { product: '美国XXX的保健品，强身健体',
       logo: '',
       detail: '这是美国最牛逼的保健品，强身健体，一剂见效。',
       type: '保健品',
       price: '￥11',
       count: '3',
       total: '￥33' },
     { product: '官网NIKE',
       logo: '',
       detail: '222222',
       type: 'Nike 服饰，和NBA球员一起运动',
       price: '￥11',
       count: '2',
       total: '￥22' } ],
  merchant_name: 'Flower Company',
  merchant_id: 'MC0000001409',
  order_id: 'FO0000006984',
  return_url: '/checkout/orderList',
  sign: 'I8NbFI3HgA09vBcBFLm0/zQTVmlVsnE7M4iaFFbxiaEPVTQGvcdeSsdPVtdbqsMtd4P14 Yi6bImEry8HElr6EQs27pWo/i16PZ 4T5st 1BkBcRELgdHDoQV4BLkN3a815HNAZnqTuEx0AgeazyYWpFumAN/SbDecmPGRp9PMU=',
  sign_type: 'RSA',
  location: 'checkout',
  errorMsg: '',
  directError: false,
  currency: 'CNY',
  _locals: {},
  user_auth: 
   { user_id: 'UR0000006348',
     session_token: '96f31fd8-547d-11e5-be20-3beae5baf6a4',
     name: 'cong' },
  title: '付款' }
[2015-09-06 18:03:07.843] [INFO] console - user make payment { code: '500', message: null, result: null }
[2015-09-06 18:04:17.101] [INFO] console - get post on checkout {"amount":"11.01","currency":"CNY","order_id":"","api_id":"1819957c-1a3f-11e5-ba25-3a22fd90d682","api_secret_key":"","merchant_id":"MC0000001409","order_detail":"{\"items\":[{\"product\":\"美国XXX的保健品，强身健体\",\"logo\":\"\",\"detail\":\"这是美国最牛逼的保健品，强身健体，一剂见效。\",\"type\":\"保健品\",\"price\":\"￥11\",\"count\":\"3\",\"total\":\"￥33\"},{\"product\":\"官网NIKE\",\"logo\":\"\",\"detail\":\"222222\",\"type\":\"Nike 服饰，和NBA球员一起运动\",\"price\":\"￥11\",\"count\":\"2\",\"total\":\"￥22\"},{\"product\":\"美国XXX的保健品，强身健体\",\"logo\":\"\",\"detail\":\"这是美国最牛逼的保健品，强身健体，一剂见效。\",\"type\":\"保健品\",\"price\":\"￥11\",\"count\":\"3\",\"total\":\"￥33\"},{\"product\":\"官网NIKE\",\"logo\":\"\",\"detail\":\"222222\",\"type\":\"Nike 服饰，和NBA球员一起运动\",\"price\":\"￥11\",\"count\":\"2\",\"total\":\"￥22\"}],\"totalAmount\":\"￥110\"}","return_url":"/checkout/orderList","sign":"I8NbFI3HgA09vBcBFLm0/zQTVmlVsnE7M4iaFFbxiaEPVTQGvcdeSsdPVtdbqsMtd4P14+Yi6bImEry8HElr6EQs27pWo/i16PZ+4T5st+1BkBcRELgdHDoQV4BLkN3a815HNAZnqTuEx0AgeazyYWpFumAN/SbDecmPGRp9PMU=","sign_type":"RSA"}
[2015-09-06 18:04:18.159] [INFO] console - user save new order  { code: '200',
  message: 'OK',
  result: { order_id: 'FO0000006985' } }
[2015-09-06 18:04:18.201] [INFO] console - user get order info  { code: '200',
  message: 'OK',
  result: 
   { amount: '11.01',
     order_detail: '"{\\"items\\":[{\\"product\\":\\"美国XXX的保健品，强身健体\\",\\"logo\\":\\"\\",\\"detail\\":\\"这是美国最牛逼的保健品，强身健体，一剂见效。\\",\\"type\\":\\"保健品\\",\\"price\\":\\"￥11\\",\\"count\\":\\"3\\",\\"total\\":\\"￥33\\"},{\\"product\\":\\"官网NIKE\\",\\"logo\\":\\"\\",\\"detail\\":\\"222222\\",\\"type\\":\\"Nike 服饰，和NBA球员一起运动\\",\\"price\\":\\"￥11\\",\\"count\\":\\"2\\",\\"total\\":\\"￥22\\"},{\\"product\\":\\"美国XXX的保健品，强身健体\\",\\"logo\\":\\"\\",\\"detail\\":\\"这是美国最牛逼的保健品，强身健体，一剂见效。\\",\\"type\\":\\"保健品\\",\\"price\\":\\"￥11\\",\\"count\\":\\"3\\",\\"total\\":\\"￥33\\"},{\\"product\\":\\"官网NIKE\\",\\"logo\\":\\"\\",\\"detail\\":\\"222222\\",\\"type\\":\\"Nike 服饰，和NBA球员一起运动\\",\\"price\\":\\"￥11\\",\\"count\\":\\"2\\",\\"total\\":\\"￥22\\"}],\\"totalAmount\\":\\"￥110\\"}"',
     merchant_name: 'Flower Company',
     merchant_id: 'MC0000001409',
     order_id: 'FO0000006985',
     return_url: '/checkout/orderList' } }
[2015-09-06 18:04:18.211] [INFO] console - user get order auth { amount: '11.01',
  order_detail: 
   [ { product: '美国XXX的保健品，强身健体',
       logo: '',
       detail: '这是美国最牛逼的保健品，强身健体，一剂见效。',
       type: '保健品',
       price: '￥11',
       count: '3',
       total: '￥33' },
     { product: '官网NIKE',
       logo: '',
       detail: '222222',
       type: 'Nike 服饰，和NBA球员一起运动',
       price: '￥11',
       count: '2',
       total: '￥22' },
     { product: '美国XXX的保健品，强身健体',
       logo: '',
       detail: '这是美国最牛逼的保健品，强身健体，一剂见效。',
       type: '保健品',
       price: '￥11',
       count: '3',
       total: '￥33' },
     { product: '官网NIKE',
       logo: '',
       detail: '222222',
       type: 'Nike 服饰，和NBA球员一起运动',
       price: '￥11',
       count: '2',
       total: '￥22' } ],
  merchant_name: 'Flower Company',
  merchant_id: 'MC0000001409',
  order_id: 'FO0000006985',
  return_url: '/checkout/orderList',
  sign: 'I8NbFI3HgA09vBcBFLm0/zQTVmlVsnE7M4iaFFbxiaEPVTQGvcdeSsdPVtdbqsMtd4P14 Yi6bImEry8HElr6EQs27pWo/i16PZ 4T5st 1BkBcRELgdHDoQV4BLkN3a815HNAZnqTuEx0AgeazyYWpFumAN/SbDecmPGRp9PMU=',
  sign_type: 'RSA' }
[2015-09-06 18:04:25.141] [INFO] console - checkout user login params { phone: '13248269098', password: '11111a' }
[2015-09-06 18:04:25.404] [INFO] console - user login when checkout { code: '200',
  message: 'OK',
  result: 
   { id_image_status: '0',
     info_bit: '0',
     status_bit: '159',
     name: 'cong',
     user_id: 'UR0000006348',
     id_verified: '1',
     session_token: 'c989a2e2-547d-11e5-be20-3beae5baf6a4' } }
[2015-09-06 18:04:25.405] [INFO] console - get user authOrer detail { amount: '11.01',
  order_detail: 
   [ { product: '美国XXX的保健品，强身健体',
       logo: '',
       detail: '这是美国最牛逼的保健品，强身健体，一剂见效。',
       type: '保健品',
       price: '￥11',
       count: '3',
       total: '￥33' },
     { product: '官网NIKE',
       logo: '',
       detail: '222222',
       type: 'Nike 服饰，和NBA球员一起运动',
       price: '￥11',
       count: '2',
       total: '￥22' },
     { product: '美国XXX的保健品，强身健体',
       logo: '',
       detail: '这是美国最牛逼的保健品，强身健体，一剂见效。',
       type: '保健品',
       price: '￥11',
       count: '3',
       total: '￥33' },
     { product: '官网NIKE',
       logo: '',
       detail: '222222',
       type: 'Nike 服饰，和NBA球员一起运动',
       price: '￥11',
       count: '2',
       total: '￥22' } ],
  merchant_name: 'Flower Company',
  merchant_id: 'MC0000001409',
  order_id: 'FO0000006985',
  return_url: '/checkout/orderList',
  sign: 'I8NbFI3HgA09vBcBFLm0/zQTVmlVsnE7M4iaFFbxiaEPVTQGvcdeSsdPVtdbqsMtd4P14 Yi6bImEry8HElr6EQs27pWo/i16PZ 4T5st 1BkBcRELgdHDoQV4BLkN3a815HNAZnqTuEx0AgeazyYWpFumAN/SbDecmPGRp9PMU=',
  sign_type: 'RSA',
  location: 'login',
  errorMsg: '',
  directError: false,
  currency: 'CNY',
  _locals: {},
  user_auth: 
   { user_id: 'UR0000006348',
     session_token: 'c989a2e2-547d-11e5-be20-3beae5baf6a4',
     name: 'cong' } }
[2015-09-06 18:04:25.412] [INFO] console - checkout confirm page  { amount: '11.01',
  order_detail: 
   [ { product: '美国XXX的保健品，强身健体',
       logo: '',
       detail: '这是美国最牛逼的保健品，强身健体，一剂见效。',
       type: '保健品',
       price: '￥11',
       count: '3',
       total: '￥33' },
     { product: '官网NIKE',
       logo: '',
       detail: '222222',
       type: 'Nike 服饰，和NBA球员一起运动',
       price: '￥11',
       count: '2',
       total: '￥22' },
     { product: '美国XXX的保健品，强身健体',
       logo: '',
       detail: '这是美国最牛逼的保健品，强身健体，一剂见效。',
       type: '保健品',
       price: '￥11',
       count: '3',
       total: '￥33' },
     { product: '官网NIKE',
       logo: '',
       detail: '222222',
       type: 'Nike 服饰，和NBA球员一起运动',
       price: '￥11',
       count: '2',
       total: '￥22' } ],
  merchant_name: 'Flower Company',
  merchant_id: 'MC0000001409',
  order_id: 'FO0000006985',
  return_url: '/checkout/orderList',
  sign: 'I8NbFI3HgA09vBcBFLm0/zQTVmlVsnE7M4iaFFbxiaEPVTQGvcdeSsdPVtdbqsMtd4P14 Yi6bImEry8HElr6EQs27pWo/i16PZ 4T5st 1BkBcRELgdHDoQV4BLkN3a815HNAZnqTuEx0AgeazyYWpFumAN/SbDecmPGRp9PMU=',
  sign_type: 'RSA',
  location: 'login',
  errorMsg: '',
  directError: false,
  currency: 'CNY',
  _locals: {},
  user_auth: 
   { user_id: 'UR0000006348',
     session_token: 'c989a2e2-547d-11e5-be20-3beae5baf6a4',
     name: 'cong' } }
[2015-09-06 18:04:25.416] [INFO] console - order detail to json [ { product: '美国XXX的保健品，强身健体',
    logo: '',
    detail: '这是美国最牛逼的保健品，强身健体，一剂见效。',
    type: '保健品',
    price: '￥11',
    count: '3',
    total: '￥33' },
  { product: '官网NIKE',
    logo: '',
    detail: '222222',
    type: 'Nike 服饰，和NBA球员一起运动',
    price: '￥11',
    count: '2',
    total: '￥22' },
  { product: '美国XXX的保健品，强身健体',
    logo: '',
    detail: '这是美国最牛逼的保健品，强身健体，一剂见效。',
    type: '保健品',
    price: '￥11',
    count: '3',
    total: '￥33' },
  { product: '官网NIKE',
    logo: '',
    detail: '222222',
    type: 'Nike 服饰，和NBA球员一起运动',
    price: '￥11',
    count: '2',
    total: '￥22' } ]
[2015-09-06 18:04:26.535] [INFO] console - user check prePay when make payment { code: '200',
  message: 'OK',
  result: { session_token: 'c989a2e2-547d-11e5-be20-3beae5baf6a4' } }
[2015-09-06 18:04:29.035] [INFO] console - checkout get sms api  { amount: '11.01',
  order_detail: 
   [ { product: '美国XXX的保健品，强身健体',
       logo: '',
       detail: '这是美国最牛逼的保健品，强身健体，一剂见效。',
       type: '保健品',
       price: '￥11',
       count: '3',
       total: '￥33' },
     { product: '官网NIKE',
       logo: '',
       detail: '222222',
       type: 'Nike 服饰，和NBA球员一起运动',
       price: '￥11',
       count: '2',
       total: '￥22' },
     { product: '美国XXX的保健品，强身健体',
       logo: '',
       detail: '这是美国最牛逼的保健品，强身健体，一剂见效。',
       type: '保健品',
       price: '￥11',
       count: '3',
       total: '￥33' },
     { product: '官网NIKE',
       logo: '',
       detail: '222222',
       type: 'Nike 服饰，和NBA球员一起运动',
       price: '￥11',
       count: '2',
       total: '￥22' } ],
  merchant_name: 'Flower Company',
  merchant_id: 'MC0000001409',
  order_id: 'FO0000006985',
  return_url: '/checkout/orderList',
  sign: 'I8NbFI3HgA09vBcBFLm0/zQTVmlVsnE7M4iaFFbxiaEPVTQGvcdeSsdPVtdbqsMtd4P14 Yi6bImEry8HElr6EQs27pWo/i16PZ 4T5st 1BkBcRELgdHDoQV4BLkN3a815HNAZnqTuEx0AgeazyYWpFumAN/SbDecmPGRp9PMU=',
  sign_type: 'RSA',
  location: 'checkout',
  errorMsg: '',
  directError: false,
  currency: 'CNY',
  _locals: {},
  user_auth: 
   { user_id: 'UR0000006348',
     session_token: 'c989a2e2-547d-11e5-be20-3beae5baf6a4',
     name: 'cong' },
  title: '付款' }
[2015-09-06 18:04:29.090] [INFO] console - user get sms when checkout { code: '200',
  message: 'OK',
  result: 
   { amount: '11.01',
     prefix_phone: '13248269098',
     sms_code: '4186',
     expiration: '180',
     merchant_name: 'Flower Company',
     sms_no: '4402',
     session_token: 'c989a2e2-547d-11e5-be20-3beae5baf6a4' } }
[2015-09-06 18:04:31.209] [INFO] console - checkout get pay api  { user_id: 'UR0000006348',
  session_token: 'c989a2e2-547d-11e5-be20-3beae5baf6a4',
  amount: '11.01',
  merchant_id: 'MC0000001409',
  order_id: 'FO0000006985',
  sms_code: '1234',
  pay_password: '111111',
  api_id: undefined,
  sign: 'I8NbFI3HgA09vBcBFLm0/zQTVmlVsnE7M4iaFFbxiaEPVTQGvcdeSsdPVtdbqsMtd4P14 Yi6bImEry8HElr6EQs27pWo/i16PZ 4T5st 1BkBcRELgdHDoQV4BLkN3a815HNAZnqTuEx0AgeazyYWpFumAN/SbDecmPGRp9PMU=',
  sign_type: 'RSA' }
[2015-09-06 18:04:31.245] [INFO] console - user make payment { code: '500', message: null, result: null }
[2015-09-06 18:05:01.699] [INFO] console - get post on checkout {"amount":"11.01","currency":"CNY","order_id":"","api_id":"1819957c-1a3f-11e5-ba25-3a22fd90d682","api_secret_key":"","merchant_id":"MC0000001409","order_detail":"{\"items\":[{\"product\":\"美国XXX的保健品，强身健体\",\"logo\":\"\",\"detail\":\"这是美国最牛逼的保健品，强身健体，一剂见效。\",\"type\":\"保健品\",\"price\":\"￥11\",\"count\":\"3\",\"total\":\"￥33\"},{\"product\":\"官网NIKE\",\"logo\":\"\",\"detail\":\"222222\",\"type\":\"Nike 服饰，和NBA球员一起运动\",\"price\":\"￥11\",\"count\":\"2\",\"total\":\"￥22\"},{\"product\":\"美国XXX的保健品，强身健体\",\"logo\":\"\",\"detail\":\"这是美国最牛逼的保健品，强身健体，一剂见效。\",\"type\":\"保健品\",\"price\":\"￥11\",\"count\":\"3\",\"total\":\"￥33\"},{\"product\":\"官网NIKE\",\"logo\":\"\",\"detail\":\"222222\",\"type\":\"Nike 服饰，和NBA球员一起运动\",\"price\":\"￥11\",\"count\":\"2\",\"total\":\"￥22\"}],\"totalAmount\":\"￥110\"}","return_url":"/checkout/orderList","sign":"I8NbFI3HgA09vBcBFLm0/zQTVmlVsnE7M4iaFFbxiaEPVTQGvcdeSsdPVtdbqsMtd4P14+Yi6bImEry8HElr6EQs27pWo/i16PZ+4T5st+1BkBcRELgdHDoQV4BLkN3a815HNAZnqTuEx0AgeazyYWpFumAN/SbDecmPGRp9PMU=","sign_type":"RSA"}
[2015-09-06 18:05:01.765] [INFO] console - user save new order  { code: '200',
  message: 'OK',
  result: { order_id: 'FO0000006986' } }
[2015-09-06 18:05:01.805] [INFO] console - user get order info  { code: '200',
  message: 'OK',
  result: 
   { amount: '11.01',
     order_detail: '"{\\"items\\":[{\\"product\\":\\"美国XXX的保健品，强身健体\\",\\"logo\\":\\"\\",\\"detail\\":\\"这是美国最牛逼的保健品，强身健体，一剂见效。\\",\\"type\\":\\"保健品\\",\\"price\\":\\"￥11\\",\\"count\\":\\"3\\",\\"total\\":\\"￥33\\"},{\\"product\\":\\"官网NIKE\\",\\"logo\\":\\"\\",\\"detail\\":\\"222222\\",\\"type\\":\\"Nike 服饰，和NBA球员一起运动\\",\\"price\\":\\"￥11\\",\\"count\\":\\"2\\",\\"total\\":\\"￥22\\"},{\\"product\\":\\"美国XXX的保健品，强身健体\\",\\"logo\\":\\"\\",\\"detail\\":\\"这是美国最牛逼的保健品，强身健体，一剂见效。\\",\\"type\\":\\"保健品\\",\\"price\\":\\"￥11\\",\\"count\\":\\"3\\",\\"total\\":\\"￥33\\"},{\\"product\\":\\"官网NIKE\\",\\"logo\\":\\"\\",\\"detail\\":\\"222222\\",\\"type\\":\\"Nike 服饰，和NBA球员一起运动\\",\\"price\\":\\"￥11\\",\\"count\\":\\"2\\",\\"total\\":\\"￥22\\"}],\\"totalAmount\\":\\"￥110\\"}"',
     merchant_name: 'Flower Company',
     merchant_id: 'MC0000001409',
     order_id: 'FO0000006986',
     return_url: '/checkout/orderList' } }
[2015-09-06 18:05:01.816] [INFO] console - user get order auth { amount: '11.01',
  order_detail: 
   [ { product: '美国XXX的保健品，强身健体',
       logo: '',
       detail: '这是美国最牛逼的保健品，强身健体，一剂见效。',
       type: '保健品',
       price: '￥11',
       count: '3',
       total: '￥33' },
     { product: '官网NIKE',
       logo: '',
       detail: '222222',
       type: 'Nike 服饰，和NBA球员一起运动',
       price: '￥11',
       count: '2',
       total: '￥22' },
     { product: '美国XXX的保健品，强身健体',
       logo: '',
       detail: '这是美国最牛逼的保健品，强身健体，一剂见效。',
       type: '保健品',
       price: '￥11',
       count: '3',
       total: '￥33' },
     { product: '官网NIKE',
       logo: '',
       detail: '222222',
       type: 'Nike 服饰，和NBA球员一起运动',
       price: '￥11',
       count: '2',
       total: '￥22' } ],
  merchant_name: 'Flower Company',
  merchant_id: 'MC0000001409',
  order_id: 'FO0000006986',
  return_url: '/checkout/orderList',
  sign: 'I8NbFI3HgA09vBcBFLm0/zQTVmlVsnE7M4iaFFbxiaEPVTQGvcdeSsdPVtdbqsMtd4P14 Yi6bImEry8HElr6EQs27pWo/i16PZ 4T5st 1BkBcRELgdHDoQV4BLkN3a815HNAZnqTuEx0AgeazyYWpFumAN/SbDecmPGRp9PMU=',
  sign_type: 'RSA' }
[2015-09-06 18:05:08.159] [INFO] console - checkout user login params { phone: '13248269098', password: '11111a' }
[2015-09-06 18:05:08.400] [INFO] console - user login when checkout { code: '200',
  message: 'OK',
  result: 
   { id_image_status: '0',
     info_bit: '0',
     status_bit: '159',
     name: 'cong',
     user_id: 'UR0000006348',
     id_verified: '1',
     session_token: 'e32be156-547d-11e5-be20-3beae5baf6a4' } }
[2015-09-06 18:05:08.402] [INFO] console - get user authOrer detail { amount: '11.01',
  order_detail: 
   [ { product: '美国XXX的保健品，强身健体',
       logo: '',
       detail: '这是美国最牛逼的保健品，强身健体，一剂见效。',
       type: '保健品',
       price: '￥11',
       count: '3',
       total: '￥33' },
     { product: '官网NIKE',
       logo: '',
       detail: '222222',
       type: 'Nike 服饰，和NBA球员一起运动',
       price: '￥11',
       count: '2',
       total: '￥22' },
     { product: '美国XXX的保健品，强身健体',
       logo: '',
       detail: '这是美国最牛逼的保健品，强身健体，一剂见效。',
       type: '保健品',
       price: '￥11',
       count: '3',
       total: '￥33' },
     { product: '官网NIKE',
       logo: '',
       detail: '222222',
       type: 'Nike 服饰，和NBA球员一起运动',
       price: '￥11',
       count: '2',
       total: '￥22' } ],
  merchant_name: 'Flower Company',
  merchant_id: 'MC0000001409',
  order_id: 'FO0000006986',
  return_url: '/checkout/orderList',
  sign: 'I8NbFI3HgA09vBcBFLm0/zQTVmlVsnE7M4iaFFbxiaEPVTQGvcdeSsdPVtdbqsMtd4P14 Yi6bImEry8HElr6EQs27pWo/i16PZ 4T5st 1BkBcRELgdHDoQV4BLkN3a815HNAZnqTuEx0AgeazyYWpFumAN/SbDecmPGRp9PMU=',
  sign_type: 'RSA',
  location: 'login',
  errorMsg: '',
  directError: false,
  currency: 'CNY',
  _locals: {},
  user_auth: 
   { user_id: 'UR0000006348',
     session_token: 'e32be156-547d-11e5-be20-3beae5baf6a4',
     name: 'cong' } }
[2015-09-06 18:05:08.420] [INFO] console - checkout confirm page  { amount: '11.01',
  order_detail: 
   [ { product: '美国XXX的保健品，强身健体',
       logo: '',
       detail: '这是美国最牛逼的保健品，强身健体，一剂见效。',
       type: '保健品',
       price: '￥11',
       count: '3',
       total: '￥33' },
     { product: '官网NIKE',
       logo: '',
       detail: '222222',
       type: 'Nike 服饰，和NBA球员一起运动',
       price: '￥11',
       count: '2',
       total: '￥22' },
     { product: '美国XXX的保健品，强身健体',
       logo: '',
       detail: '这是美国最牛逼的保健品，强身健体，一剂见效。',
       type: '保健品',
       price: '￥11',
       count: '3',
       total: '￥33' },
     { product: '官网NIKE',
       logo: '',
       detail: '222222',
       type: 'Nike 服饰，和NBA球员一起运动',
       price: '￥11',
       count: '2',
       total: '￥22' } ],
  merchant_name: 'Flower Company',
  merchant_id: 'MC0000001409',
  order_id: 'FO0000006986',
  return_url: '/checkout/orderList',
  sign: 'I8NbFI3HgA09vBcBFLm0/zQTVmlVsnE7M4iaFFbxiaEPVTQGvcdeSsdPVtdbqsMtd4P14 Yi6bImEry8HElr6EQs27pWo/i16PZ 4T5st 1BkBcRELgdHDoQV4BLkN3a815HNAZnqTuEx0AgeazyYWpFumAN/SbDecmPGRp9PMU=',
  sign_type: 'RSA',
  location: 'login',
  errorMsg: '',
  directError: false,
  currency: 'CNY',
  _locals: {},
  user_auth: 
   { user_id: 'UR0000006348',
     session_token: 'e32be156-547d-11e5-be20-3beae5baf6a4',
     name: 'cong' } }
[2015-09-06 18:05:08.423] [INFO] console - order detail to json [ { product: '美国XXX的保健品，强身健体',
    logo: '',
    detail: '这是美国最牛逼的保健品，强身健体，一剂见效。',
    type: '保健品',
    price: '￥11',
    count: '3',
    total: '￥33' },
  { product: '官网NIKE',
    logo: '',
    detail: '222222',
    type: 'Nike 服饰，和NBA球员一起运动',
    price: '￥11',
    count: '2',
    total: '￥22' },
  { product: '美国XXX的保健品，强身健体',
    logo: '',
    detail: '这是美国最牛逼的保健品，强身健体，一剂见效。',
    type: '保健品',
    price: '￥11',
    count: '3',
    total: '￥33' },
  { product: '官网NIKE',
    logo: '',
    detail: '222222',
    type: 'Nike 服饰，和NBA球员一起运动',
    price: '￥11',
    count: '2',
    total: '￥22' } ]
[2015-09-06 18:05:09.412] [INFO] console - user check prePay when make payment { code: '200',
  message: 'OK',
  result: { session_token: 'e32be156-547d-11e5-be20-3beae5baf6a4' } }
[2015-09-06 18:05:11.669] [INFO] console - checkout get sms api  { amount: '11.01',
  order_detail: 
   [ { product: '美国XXX的保健品，强身健体',
       logo: '',
       detail: '这是美国最牛逼的保健品，强身健体，一剂见效。',
       type: '保健品',
       price: '￥11',
       count: '3',
       total: '￥33' },
     { product: '官网NIKE',
       logo: '',
       detail: '222222',
       type: 'Nike 服饰，和NBA球员一起运动',
       price: '￥11',
       count: '2',
       total: '￥22' },
     { product: '美国XXX的保健品，强身健体',
       logo: '',
       detail: '这是美国最牛逼的保健品，强身健体，一剂见效。',
       type: '保健品',
       price: '￥11',
       count: '3',
       total: '￥33' },
     { product: '官网NIKE',
       logo: '',
       detail: '222222',
       type: 'Nike 服饰，和NBA球员一起运动',
       price: '￥11',
       count: '2',
       total: '￥22' } ],
  merchant_name: 'Flower Company',
  merchant_id: 'MC0000001409',
  order_id: 'FO0000006986',
  return_url: '/checkout/orderList',
  sign: 'I8NbFI3HgA09vBcBFLm0/zQTVmlVsnE7M4iaFFbxiaEPVTQGvcdeSsdPVtdbqsMtd4P14 Yi6bImEry8HElr6EQs27pWo/i16PZ 4T5st 1BkBcRELgdHDoQV4BLkN3a815HNAZnqTuEx0AgeazyYWpFumAN/SbDecmPGRp9PMU=',
  sign_type: 'RSA',
  location: 'checkout',
  errorMsg: '',
  directError: false,
  currency: 'CNY',
  _locals: {},
  user_auth: 
   { user_id: 'UR0000006348',
     session_token: 'e32be156-547d-11e5-be20-3beae5baf6a4',
     name: 'cong' },
  title: '付款' }
[2015-09-06 18:05:11.712] [INFO] console - user get sms when checkout { code: '200',
  message: 'OK',
  result: 
   { amount: '11.01',
     prefix_phone: '13248269098',
     sms_code: '4186',
     expiration: '180',
     merchant_name: 'Flower Company',
     sms_no: '4402',
     session_token: 'e32be156-547d-11e5-be20-3beae5baf6a4' } }
[2015-09-06 18:05:13.757] [INFO] console - checkout get pay api  { user_id: 'UR0000006348',
  session_token: 'e32be156-547d-11e5-be20-3beae5baf6a4',
  amount: '11.01',
  merchant_id: 'MC0000001409',
  order_id: 'FO0000006986',
  sms_code: '1234',
  pay_password: '111111',
  sign: 'I8NbFI3HgA09vBcBFLm0/zQTVmlVsnE7M4iaFFbxiaEPVTQGvcdeSsdPVtdbqsMtd4P14 Yi6bImEry8HElr6EQs27pWo/i16PZ 4T5st 1BkBcRELgdHDoQV4BLkN3a815HNAZnqTuEx0AgeazyYWpFumAN/SbDecmPGRp9PMU=',
  sign_type: 'RSA' }
[2015-09-06 18:05:13.789] [INFO] console - user make payment { code: '500', message: null, result: null }
[2015-09-06 18:14:08.848] [INFO] console - get post on checkout {"amount":"11.01","currency":"CNY","order_id":"","api_id":"1819957c-1a3f-11e5-ba25-3a22fd90d682","api_secret_key":"","merchant_id":"MC0000001409","order_detail":"{\"items\":[{\"product\":\"美国XXX的保健品，强身健体\",\"logo\":\"\",\"detail\":\"这是美国最牛逼的保健品，强身健体，一剂见效。\",\"type\":\"保健品\",\"price\":\"￥11\",\"count\":\"3\",\"total\":\"￥33\"},{\"product\":\"官网NIKE\",\"logo\":\"\",\"detail\":\"222222\",\"type\":\"Nike 服饰，和NBA球员一起运动\",\"price\":\"￥11\",\"count\":\"2\",\"total\":\"￥22\"},{\"product\":\"美国XXX的保健品，强身健体\",\"logo\":\"\",\"detail\":\"这是美国最牛逼的保健品，强身健体，一剂见效。\",\"type\":\"保健品\",\"price\":\"￥11\",\"count\":\"3\",\"total\":\"￥33\"},{\"product\":\"官网NIKE\",\"logo\":\"\",\"detail\":\"222222\",\"type\":\"Nike 服饰，和NBA球员一起运动\",\"price\":\"￥11\",\"count\":\"2\",\"total\":\"￥22\"}],\"totalAmount\":\"￥110\"}","return_url":"/checkout/orderList","sign":"I8NbFI3HgA09vBcBFLm0/zQTVmlVsnE7M4iaFFbxiaEPVTQGvcdeSsdPVtdbqsMtd4P14+Yi6bImEry8HElr6EQs27pWo/i16PZ+4T5st+1BkBcRELgdHDoQV4BLkN3a815HNAZnqTuEx0AgeazyYWpFumAN/SbDecmPGRp9PMU=","sign_type":"RSA","charset":"UTF-8"}
[2015-09-06 18:14:09.978] [INFO] console - user save new order  { code: '200',
  message: 'OK',
  result: { order_id: 'FO0000006987' } }
[2015-09-06 18:14:10.031] [INFO] console - user get order info  { code: '200',
  message: 'OK',
  result: 
   { amount: '11.01',
     order_detail: '"{\\"items\\":[{\\"product\\":\\"美国XXX的保健品，强身健体\\",\\"logo\\":\\"\\",\\"detail\\":\\"这是美国最牛逼的保健品，强身健体，一剂见效。\\",\\"type\\":\\"保健品\\",\\"price\\":\\"￥11\\",\\"count\\":\\"3\\",\\"total\\":\\"￥33\\"},{\\"product\\":\\"官网NIKE\\",\\"logo\\":\\"\\",\\"detail\\":\\"222222\\",\\"type\\":\\"Nike 服饰，和NBA球员一起运动\\",\\"price\\":\\"￥11\\",\\"count\\":\\"2\\",\\"total\\":\\"￥22\\"},{\\"product\\":\\"美国XXX的保健品，强身健体\\",\\"logo\\":\\"\\",\\"detail\\":\\"这是美国最牛逼的保健品，强身健体，一剂见效。\\",\\"type\\":\\"保健品\\",\\"price\\":\\"￥11\\",\\"count\\":\\"3\\",\\"total\\":\\"￥33\\"},{\\"product\\":\\"官网NIKE\\",\\"logo\\":\\"\\",\\"detail\\":\\"222222\\",\\"type\\":\\"Nike 服饰，和NBA球员一起运动\\",\\"price\\":\\"￥11\\",\\"count\\":\\"2\\",\\"total\\":\\"￥22\\"}],\\"totalAmount\\":\\"￥110\\"}"',
     merchant_name: 'Flower Company',
     merchant_id: 'MC0000001409',
     order_id: 'FO0000006987',
     return_url: '/checkout/orderList' } }
[2015-09-06 18:14:10.038] [INFO] console - user get order auth { amount: '11.01',
  order_detail: 
   [ { product: '美国XXX的保健品，强身健体',
       logo: '',
       detail: '这是美国最牛逼的保健品，强身健体，一剂见效。',
       type: '保健品',
       price: '￥11',
       count: '3',
       total: '￥33' },
     { product: '官网NIKE',
       logo: '',
       detail: '222222',
       type: 'Nike 服饰，和NBA球员一起运动',
       price: '￥11',
       count: '2',
       total: '￥22' },
     { product: '美国XXX的保健品，强身健体',
       logo: '',
       detail: '这是美国最牛逼的保健品，强身健体，一剂见效。',
       type: '保健品',
       price: '￥11',
       count: '3',
       total: '￥33' },
     { product: '官网NIKE',
       logo: '',
       detail: '222222',
       type: 'Nike 服饰，和NBA球员一起运动',
       price: '￥11',
       count: '2',
       total: '￥22' } ],
  merchant_name: 'Flower Company',
  merchant_id: 'MC0000001409',
  order_id: 'FO0000006987',
  return_url: '/checkout/orderList',
  sign: 'I8NbFI3HgA09vBcBFLm0/zQTVmlVsnE7M4iaFFbxiaEPVTQGvcdeSsdPVtdbqsMtd4P14 Yi6bImEry8HElr6EQs27pWo/i16PZ 4T5st 1BkBcRELgdHDoQV4BLkN3a815HNAZnqTuEx0AgeazyYWpFumAN/SbDecmPGRp9PMU=',
  sign_type: 'RSA',
  charset: 'UTF-8' }
[2015-09-06 18:14:16.888] [INFO] console - checkout user login params { phone: '13248269098', password: '11111a' }
[2015-09-06 18:14:16.927] [INFO] console - user login when checkout { code: '200',
  message: 'OK',
  result: 
   { id_image_status: '0',
     info_bit: '0',
     status_bit: '159',
     name: 'cong',
     user_id: 'UR0000006348',
     id_verified: '1',
     session_token: '2a3de9cb-547f-11e5-be20-3beae5baf6a4' } }
[2015-09-06 18:14:16.928] [INFO] console - get user authOrer detail { amount: '11.01',
  order_detail: 
   [ { product: '美国XXX的保健品，强身健体',
       logo: '',
       detail: '这是美国最牛逼的保健品，强身健体，一剂见效。',
       type: '保健品',
       price: '￥11',
       count: '3',
       total: '￥33' },
     { product: '官网NIKE',
       logo: '',
       detail: '222222',
       type: 'Nike 服饰，和NBA球员一起运动',
       price: '￥11',
       count: '2',
       total: '￥22' },
     { product: '美国XXX的保健品，强身健体',
       logo: '',
       detail: '这是美国最牛逼的保健品，强身健体，一剂见效。',
       type: '保健品',
       price: '￥11',
       count: '3',
       total: '￥33' },
     { product: '官网NIKE',
       logo: '',
       detail: '222222',
       type: 'Nike 服饰，和NBA球员一起运动',
       price: '￥11',
       count: '2',
       total: '￥22' } ],
  merchant_name: 'Flower Company',
  merchant_id: 'MC0000001409',
  order_id: 'FO0000006987',
  return_url: '/checkout/orderList',
  sign: 'I8NbFI3HgA09vBcBFLm0/zQTVmlVsnE7M4iaFFbxiaEPVTQGvcdeSsdPVtdbqsMtd4P14 Yi6bImEry8HElr6EQs27pWo/i16PZ 4T5st 1BkBcRELgdHDoQV4BLkN3a815HNAZnqTuEx0AgeazyYWpFumAN/SbDecmPGRp9PMU=',
  sign_type: 'RSA',
  charset: 'UTF-8',
  location: 'login',
  errorMsg: '',
  directError: false,
  currency: 'CNY',
  _locals: {},
  user_auth: 
   { user_id: 'UR0000006348',
     session_token: '2a3de9cb-547f-11e5-be20-3beae5baf6a4',
     name: 'cong' } }
[2015-09-06 18:14:16.936] [INFO] console - checkout confirm page  { amount: '11.01',
  order_detail: 
   [ { product: '美国XXX的保健品，强身健体',
       logo: '',
       detail: '这是美国最牛逼的保健品，强身健体，一剂见效。',
       type: '保健品',
       price: '￥11',
       count: '3',
       total: '￥33' },
     { product: '官网NIKE',
       logo: '',
       detail: '222222',
       type: 'Nike 服饰，和NBA球员一起运动',
       price: '￥11',
       count: '2',
       total: '￥22' },
     { product: '美国XXX的保健品，强身健体',
       logo: '',
       detail: '这是美国最牛逼的保健品，强身健体，一剂见效。',
       type: '保健品',
       price: '￥11',
       count: '3',
       total: '￥33' },
     { product: '官网NIKE',
       logo: '',
       detail: '222222',
       type: 'Nike 服饰，和NBA球员一起运动',
       price: '￥11',
       count: '2',
       total: '￥22' } ],
  merchant_name: 'Flower Company',
  merchant_id: 'MC0000001409',
  order_id: 'FO0000006987',
  return_url: '/checkout/orderList',
  sign: 'I8NbFI3HgA09vBcBFLm0/zQTVmlVsnE7M4iaFFbxiaEPVTQGvcdeSsdPVtdbqsMtd4P14 Yi6bImEry8HElr6EQs27pWo/i16PZ 4T5st 1BkBcRELgdHDoQV4BLkN3a815HNAZnqTuEx0AgeazyYWpFumAN/SbDecmPGRp9PMU=',
  sign_type: 'RSA',
  charset: 'UTF-8',
  location: 'login',
  errorMsg: '',
  directError: false,
  currency: 'CNY',
  _locals: {},
  user_auth: 
   { user_id: 'UR0000006348',
     session_token: '2a3de9cb-547f-11e5-be20-3beae5baf6a4',
     name: 'cong' } }
[2015-09-06 18:14:16.942] [INFO] console - order detail to json [ { product: '美国XXX的保健品，强身健体',
    logo: '',
    detail: '这是美国最牛逼的保健品，强身健体，一剂见效。',
    type: '保健品',
    price: '￥11',
    count: '3',
    total: '￥33' },
  { product: '官网NIKE',
    logo: '',
    detail: '222222',
    type: 'Nike 服饰，和NBA球员一起运动',
    price: '￥11',
    count: '2',
    total: '￥22' },
  { product: '美国XXX的保健品，强身健体',
    logo: '',
    detail: '这是美国最牛逼的保健品，强身健体，一剂见效。',
    type: '保健品',
    price: '￥11',
    count: '3',
    total: '￥33' },
  { product: '官网NIKE',
    logo: '',
    detail: '222222',
    type: 'Nike 服饰，和NBA球员一起运动',
    price: '￥11',
    count: '2',
    total: '￥22' } ]
[2015-09-06 18:14:17.995] [INFO] console - user check prePay when make payment { code: '200',
  message: 'OK',
  result: { session_token: '2a3de9cb-547f-11e5-be20-3beae5baf6a4' } }
[2015-09-06 18:14:23.688] [INFO] console - checkout get sms api  { amount: '11.01',
  order_detail: 
   [ { product: '美国XXX的保健品，强身健体',
       logo: '',
       detail: '这是美国最牛逼的保健品，强身健体，一剂见效。',
       type: '保健品',
       price: '￥11',
       count: '3',
       total: '￥33' },
     { product: '官网NIKE',
       logo: '',
       detail: '222222',
       type: 'Nike 服饰，和NBA球员一起运动',
       price: '￥11',
       count: '2',
       total: '￥22' },
     { product: '美国XXX的保健品，强身健体',
       logo: '',
       detail: '这是美国最牛逼的保健品，强身健体，一剂见效。',
       type: '保健品',
       price: '￥11',
       count: '3',
       total: '￥33' },
     { product: '官网NIKE',
       logo: '',
       detail: '222222',
       type: 'Nike 服饰，和NBA球员一起运动',
       price: '￥11',
       count: '2',
       total: '￥22' } ],
  merchant_name: 'Flower Company',
  merchant_id: 'MC0000001409',
  order_id: 'FO0000006987',
  return_url: '/checkout/orderList',
  sign: 'I8NbFI3HgA09vBcBFLm0/zQTVmlVsnE7M4iaFFbxiaEPVTQGvcdeSsdPVtdbqsMtd4P14 Yi6bImEry8HElr6EQs27pWo/i16PZ 4T5st 1BkBcRELgdHDoQV4BLkN3a815HNAZnqTuEx0AgeazyYWpFumAN/SbDecmPGRp9PMU=',
  sign_type: 'RSA',
  charset: 'UTF-8',
  location: 'checkout',
  errorMsg: '',
  directError: false,
  currency: 'CNY',
  _locals: {},
  user_auth: 
   { user_id: 'UR0000006348',
     session_token: '2a3de9cb-547f-11e5-be20-3beae5baf6a4',
     name: 'cong' },
  title: '付款' }
[2015-09-06 18:14:23.942] [INFO] console - user get sms when checkout { code: '200',
  message: 'OK',
  result: 
   { amount: '11.01',
     prefix_phone: '13248269098',
     sms_code: '2191',
     expiration: '180',
     merchant_name: 'Flower Company',
     sms_no: '4403',
     session_token: '2a3de9cb-547f-11e5-be20-3beae5baf6a4' } }
[2015-09-06 18:14:26.421] [INFO] console - checkout get pay api  { user_id: 'UR0000006348',
  session_token: '2a3de9cb-547f-11e5-be20-3beae5baf6a4',
  amount: '11.01',
  merchant_id: 'MC0000001409',
  order_id: 'FO0000006987',
  sms_code: '1234',
  pay_password: '111111',
  sign: 'I8NbFI3HgA09vBcBFLm0/zQTVmlVsnE7M4iaFFbxiaEPVTQGvcdeSsdPVtdbqsMtd4P14 Yi6bImEry8HElr6EQs27pWo/i16PZ 4T5st 1BkBcRELgdHDoQV4BLkN3a815HNAZnqTuEx0AgeazyYWpFumAN/SbDecmPGRp9PMU=',
  sign_type: 'RSA',
  charset: 'UTF-8' }
[2015-09-06 18:14:26.452] [INFO] console - user make payment { code: '500',
  message: 'Signature length not correct: got 126 but was expecting 128',
  result: null }
[2015-09-07 09:42:18.172] [INFO] console - get post on checkout {"amount":"11.01","currency":"CNY","order_id":"","api_id":"1819957c-1a3f-11e5-ba25-3a22fd90d682","api_secret_key":"","merchant_id":"MC0000001409","order_detail":"{\"items\":[{\"product\":\"美国XXX的保健品，强身健体\",\"logo\":\"\",\"detail\":\"这是美国最牛逼的保健品，强身健体，一剂见效。\",\"type\":\"保健品\",\"price\":\"￥11\",\"count\":\"3\",\"total\":\"￥33\"},{\"product\":\"官网NIKE\",\"logo\":\"\",\"detail\":\"222222\",\"type\":\"Nike 服饰，和NBA球员一起运动\",\"price\":\"￥11\",\"count\":\"2\",\"total\":\"￥22\"},{\"product\":\"美国XXX的保健品，强身健体\",\"logo\":\"\",\"detail\":\"这是美国最牛逼的保健品，强身健体，一剂见效。\",\"type\":\"保健品\",\"price\":\"￥11\",\"count\":\"3\",\"total\":\"￥33\"},{\"product\":\"官网NIKE\",\"logo\":\"\",\"detail\":\"222222\",\"type\":\"Nike 服饰，和NBA球员一起运动\",\"price\":\"￥11\",\"count\":\"2\",\"total\":\"￥22\"}],\"totalAmount\":\"￥110\"}","return_url":"/checkout/orderList","sign":"I8NbFI3HgA09vBcBFLm0/zQTVmlVsnE7M4iaFFbxiaEPVTQGvcdeSsdPVtdbqsMtd4P14+Yi6bImEry8HElr6EQs27pWo/i16PZ+4T5st+1BkBcRELgdHDoQV4BLkN3a815HNAZnqTuEx0AgeazyYWpFumAN/SbDecmPGRp9PMU=","sign_type":"RSA","charset":"UTF-8"}
[2015-09-07 09:42:19.457] [INFO] console - user save new order  { code: '200',
  message: 'OK',
  result: { order_id: 'FO0000007028' } }
[2015-09-07 09:42:19.506] [INFO] console - user get order info  { code: '200',
  message: 'OK',
  result: 
   { amount: '11.01',
     order_detail: '"{\\"items\\":[{\\"product\\":\\"美国XXX的保健品，强身健体\\",\\"logo\\":\\"\\",\\"detail\\":\\"这是美国最牛逼的保健品，强身健体，一剂见效。\\",\\"type\\":\\"保健品\\",\\"price\\":\\"￥11\\",\\"count\\":\\"3\\",\\"total\\":\\"￥33\\"},{\\"product\\":\\"官网NIKE\\",\\"logo\\":\\"\\",\\"detail\\":\\"222222\\",\\"type\\":\\"Nike 服饰，和NBA球员一起运动\\",\\"price\\":\\"￥11\\",\\"count\\":\\"2\\",\\"total\\":\\"￥22\\"},{\\"product\\":\\"美国XXX的保健品，强身健体\\",\\"logo\\":\\"\\",\\"detail\\":\\"这是美国最牛逼的保健品，强身健体，一剂见效。\\",\\"type\\":\\"保健品\\",\\"price\\":\\"￥11\\",\\"count\\":\\"3\\",\\"total\\":\\"￥33\\"},{\\"product\\":\\"官网NIKE\\",\\"logo\\":\\"\\",\\"detail\\":\\"222222\\",\\"type\\":\\"Nike 服饰，和NBA球员一起运动\\",\\"price\\":\\"￥11\\",\\"count\\":\\"2\\",\\"total\\":\\"￥22\\"}],\\"totalAmount\\":\\"￥110\\"}"',
     merchant_name: 'Flower Company',
     merchant_id: 'MC0000001409',
     order_id: 'FO0000007028',
     return_url: '/checkout/orderList' } }
[2015-09-07 09:42:19.511] [INFO] console - user get order auth { amount: '11.01',
  order_detail: 
   [ { product: '美国XXX的保健品，强身健体',
       logo: '',
       detail: '这是美国最牛逼的保健品，强身健体，一剂见效。',
       type: '保健品',
       price: '￥11',
       count: '3',
       total: '￥33' },
     { product: '官网NIKE',
       logo: '',
       detail: '222222',
       type: 'Nike 服饰，和NBA球员一起运动',
       price: '￥11',
       count: '2',
       total: '￥22' },
     { product: '美国XXX的保健品，强身健体',
       logo: '',
       detail: '这是美国最牛逼的保健品，强身健体，一剂见效。',
       type: '保健品',
       price: '￥11',
       count: '3',
       total: '￥33' },
     { product: '官网NIKE',
       logo: '',
       detail: '222222',
       type: 'Nike 服饰，和NBA球员一起运动',
       price: '￥11',
       count: '2',
       total: '￥22' } ],
  merchant_name: 'Flower Company',
  merchant_id: 'MC0000001409',
  order_id: 'FO0000007028',
  return_url: '/checkout/orderList',
  sign: 'I8NbFI3HgA09vBcBFLm0/zQTVmlVsnE7M4iaFFbxiaEPVTQGvcdeSsdPVtdbqsMtd4P14 Yi6bImEry8HElr6EQs27pWo/i16PZ 4T5st 1BkBcRELgdHDoQV4BLkN3a815HNAZnqTuEx0AgeazyYWpFumAN/SbDecmPGRp9PMU=',
  sign_type: 'RSA',
  charset: 'UTF-8' }
[2015-09-07 09:42:42.347] [INFO] console - checkout user login params { phone: '13248269098', password: '11111a' }
[2015-09-07 09:42:43.394] [INFO] console - user login when checkout { code: '200',
  message: 'OK',
  result: 
   { id_image_status: '0',
     info_bit: '0',
     status_bit: '159',
     name: 'cong',
     user_id: 'UR0000006348',
     id_verified: '1',
     session_token: 'ddd5cf60-5500-11e5-be20-3beae5baf6a4' } }
[2015-09-07 09:42:43.396] [INFO] console - get user authOrer detail { amount: '11.01',
  order_detail: 
   [ { product: '美国XXX的保健品，强身健体',
       logo: '',
       detail: '这是美国最牛逼的保健品，强身健体，一剂见效。',
       type: '保健品',
       price: '￥11',
       count: '3',
       total: '￥33' },
     { product: '官网NIKE',
       logo: '',
       detail: '222222',
       type: 'Nike 服饰，和NBA球员一起运动',
       price: '￥11',
       count: '2',
       total: '￥22' },
     { product: '美国XXX的保健品，强身健体',
       logo: '',
       detail: '这是美国最牛逼的保健品，强身健体，一剂见效。',
       type: '保健品',
       price: '￥11',
       count: '3',
       total: '￥33' },
     { product: '官网NIKE',
       logo: '',
       detail: '222222',
       type: 'Nike 服饰，和NBA球员一起运动',
       price: '￥11',
       count: '2',
       total: '￥22' } ],
  merchant_name: 'Flower Company',
  merchant_id: 'MC0000001409',
  order_id: 'FO0000007028',
  return_url: '/checkout/orderList',
  sign: 'I8NbFI3HgA09vBcBFLm0/zQTVmlVsnE7M4iaFFbxiaEPVTQGvcdeSsdPVtdbqsMtd4P14 Yi6bImEry8HElr6EQs27pWo/i16PZ 4T5st 1BkBcRELgdHDoQV4BLkN3a815HNAZnqTuEx0AgeazyYWpFumAN/SbDecmPGRp9PMU=',
  sign_type: 'RSA',
  charset: 'UTF-8',
  location: 'login',
  errorMsg: '',
  directError: false,
  currency: 'CNY',
  _locals: {},
  user_auth: 
   { user_id: 'UR0000006348',
     session_token: 'ddd5cf60-5500-11e5-be20-3beae5baf6a4',
     name: 'cong' } }
[2015-09-07 09:42:43.405] [INFO] console - checkout confirm page  { amount: '11.01',
  order_detail: 
   [ { product: '美国XXX的保健品，强身健体',
       logo: '',
       detail: '这是美国最牛逼的保健品，强身健体，一剂见效。',
       type: '保健品',
       price: '￥11',
       count: '3',
       total: '￥33' },
     { product: '官网NIKE',
       logo: '',
       detail: '222222',
       type: 'Nike 服饰，和NBA球员一起运动',
       price: '￥11',
       count: '2',
       total: '￥22' },
     { product: '美国XXX的保健品，强身健体',
       logo: '',
       detail: '这是美国最牛逼的保健品，强身健体，一剂见效。',
       type: '保健品',
       price: '￥11',
       count: '3',
       total: '￥33' },
     { product: '官网NIKE',
       logo: '',
       detail: '222222',
       type: 'Nike 服饰，和NBA球员一起运动',
       price: '￥11',
       count: '2',
       total: '￥22' } ],
  merchant_name: 'Flower Company',
  merchant_id: 'MC0000001409',
  order_id: 'FO0000007028',
  return_url: '/checkout/orderList',
  sign: 'I8NbFI3HgA09vBcBFLm0/zQTVmlVsnE7M4iaFFbxiaEPVTQGvcdeSsdPVtdbqsMtd4P14 Yi6bImEry8HElr6EQs27pWo/i16PZ 4T5st 1BkBcRELgdHDoQV4BLkN3a815HNAZnqTuEx0AgeazyYWpFumAN/SbDecmPGRp9PMU=',
  sign_type: 'RSA',
  charset: 'UTF-8',
  location: 'login',
  errorMsg: '',
  directError: false,
  currency: 'CNY',
  _locals: {},
  user_auth: 
   { user_id: 'UR0000006348',
     session_token: 'ddd5cf60-5500-11e5-be20-3beae5baf6a4',
     name: 'cong' } }
[2015-09-07 09:42:43.410] [INFO] console - order detail to json [ { product: '美国XXX的保健品，强身健体',
    logo: '',
    detail: '这是美国最牛逼的保健品，强身健体，一剂见效。',
    type: '保健品',
    price: '￥11',
    count: '3',
    total: '￥33' },
  { product: '官网NIKE',
    logo: '',
    detail: '222222',
    type: 'Nike 服饰，和NBA球员一起运动',
    price: '￥11',
    count: '2',
    total: '￥22' },
  { product: '美国XXX的保健品，强身健体',
    logo: '',
    detail: '这是美国最牛逼的保健品，强身健体，一剂见效。',
    type: '保健品',
    price: '￥11',
    count: '3',
    total: '￥33' },
  { product: '官网NIKE',
    logo: '',
    detail: '222222',
    type: 'Nike 服饰，和NBA球员一起运动',
    price: '￥11',
    count: '2',
    total: '￥22' } ]
[2015-09-07 09:42:45.126] [INFO] console - user check prePay when make payment { code: '200',
  message: 'OK',
  result: { session_token: 'ddd5cf60-5500-11e5-be20-3beae5baf6a4' } }
[2015-09-07 09:42:49.012] [INFO] console - checkout get sms api  { amount: '11.01',
  order_detail: 
   [ { product: '美国XXX的保健品，强身健体',
       logo: '',
       detail: '这是美国最牛逼的保健品，强身健体，一剂见效。',
       type: '保健品',
       price: '￥11',
       count: '3',
       total: '￥33' },
     { product: '官网NIKE',
       logo: '',
       detail: '222222',
       type: 'Nike 服饰，和NBA球员一起运动',
       price: '￥11',
       count: '2',
       total: '￥22' },
     { product: '美国XXX的保健品，强身健体',
       logo: '',
       detail: '这是美国最牛逼的保健品，强身健体，一剂见效。',
       type: '保健品',
       price: '￥11',
       count: '3',
       total: '￥33' },
     { product: '官网NIKE',
       logo: '',
       detail: '222222',
       type: 'Nike 服饰，和NBA球员一起运动',
       price: '￥11',
       count: '2',
       total: '￥22' } ],
  merchant_name: 'Flower Company',
  merchant_id: 'MC0000001409',
  order_id: 'FO0000007028',
  return_url: '/checkout/orderList',
  sign: 'I8NbFI3HgA09vBcBFLm0/zQTVmlVsnE7M4iaFFbxiaEPVTQGvcdeSsdPVtdbqsMtd4P14 Yi6bImEry8HElr6EQs27pWo/i16PZ 4T5st 1BkBcRELgdHDoQV4BLkN3a815HNAZnqTuEx0AgeazyYWpFumAN/SbDecmPGRp9PMU=',
  sign_type: 'RSA',
  charset: 'UTF-8',
  location: 'checkout',
  errorMsg: '',
  directError: false,
  currency: 'CNY',
  _locals: {},
  user_auth: 
   { user_id: 'UR0000006348',
     session_token: 'ddd5cf60-5500-11e5-be20-3beae5baf6a4',
     name: 'cong' },
  title: '付款' }
[2015-09-07 09:42:49.044] [INFO] console - user get sms when checkout { code: '200',
  message: 'OK',
  result: 
   { amount: '11.01',
     prefix_phone: '13248269098',
     sms_code: '3932',
     expiration: '180',
     merchant_name: 'Flower Company',
     sms_no: '4421',
     session_token: 'ddd5cf60-5500-11e5-be20-3beae5baf6a4' } }
[2015-09-07 09:42:52.303] [INFO] console - checkout get pay api  { user_id: 'UR0000006348',
  session_token: 'ddd5cf60-5500-11e5-be20-3beae5baf6a4',
  amount: '11.01',
  merchant_id: 'MC0000001409',
  order_id: 'FO0000007028',
  sms_code: '1234',
  pay_password: '111111',
  sign: 'I8NbFI3HgA09vBcBFLm0/zQTVmlVsnE7M4iaFFbxiaEPVTQGvcdeSsdPVtdbqsMtd4P14 Yi6bImEry8HElr6EQs27pWo/i16PZ 4T5st 1BkBcRELgdHDoQV4BLkN3a815HNAZnqTuEx0AgeazyYWpFumAN/SbDecmPGRp9PMU=',
  sign_type: 'RSA',
  charset: 'UTF-8' }
[2015-09-07 09:42:52.335] [INFO] console - user make payment { code: '500',
  message: 'Signature length not correct: got 126 but was expecting 128',
  result: null }
