[2015-08-14 10:58:41.908] [INFO] console - user register start
[2015-08-14 10:59:00.207] [INFO] console - user register start
[2015-08-14 10:59:14.681] [INFO] console - user register start
[2015-08-14 11:02:39.587] [INFO] console - get response body { code: '200',
  message: 'OK',
  result: { resend_time: '60', code: '3036' } }
[2015-08-14 11:02:46.186] [INFO] console - get response body { code: '200',
  message: 'OK',
  result: { token: '4c072e0e8ca6eabdac5046a12c0a269a' } }
[2015-08-14 11:07:45.962] [INFO] console - user register start
[2015-08-14 11:07:50.985] [INFO] console - get response body { code: '200',
  message: 'OK',
  result: { resend_time: '60', code: '9441' } }
[2015-08-14 11:07:56.337] [INFO] console - get response body { code: '200',
  message: 'OK',
  result: { token: '867b055fbac1a55ad79bcb9e97fc1127' } }
[2015-08-14 11:08:01.238] [INFO] console - get response body { code: '1146',
  message: '该激活码已经被使用',
  result: { token: '', left_times: '2' } }
[2015-08-14 11:10:39.539] [INFO] console - user register start
[2015-08-14 11:10:45.390] [INFO] console - get response body { code: '200',
  message: 'OK',
  result: { resend_time: '60', code: '2690' } }
[2015-08-14 11:10:55.402] [INFO] console - get response body { code: '200',
  message: 'OK',
  result: { token: '2abeba26ac5652d2be94200aad9045ec' } }
[2015-08-14 11:11:05.362] [INFO] console - get response body { code: '200',
  message: 'OK',
  result: { resend_time: '60', code: '5124' } }
[2015-08-14 11:11:11.019] [INFO] console - get response body { code: '200',
  message: 'OK',
  result: { token: '4cfbcddb207a0de64234b0286e11e653' } }
[2015-08-14 11:11:39.664] [INFO] console - get response body { code: '200',
  message: 'OK',
  result: 
   { id_image_status: '0',
     info_bit: '0',
     status_bit: '1',
     user_id: 'UR0000006165',
     session_token: '1bb7f115-4231-11e5-b0f8-0f6bed642eb9' } }
[2015-08-14 11:14:01.861] [INFO] console - user register start
[2015-08-14 11:14:06.281] [INFO] console - get response body { code: '200',
  message: 'OK',
  result: { resend_time: '60', code: '0308' } }
[2015-08-14 11:14:14.291] [INFO] console - get response body { code: '200',
  message: 'OK',
  result: { token: '5c612cabb6c1674cddac9875fb7b40d0' } }
[2015-08-14 11:14:23.353] [INFO] console - get response body { code: '200',
  message: 'OK',
  result: 
   { id_image_status: '0',
     info_bit: '0',
     status_bit: '1',
     user_id: 'UR0000006167',
     session_token: '7d486ef9-4231-11e5-b0f8-0f6bed642eb9' } }
[2015-08-14 11:15:05.944] [INFO] console - user register start
[2015-08-14 12:58:04.884] [INFO] console - user register start
[2015-08-14 12:58:06.231] [INFO] console - user register start
[2015-08-14 12:58:40.651] [INFO] console - user register start
[2015-08-14 12:59:47.894] [INFO] console - user register start
[2015-08-14 13:00:15.118] [INFO] console - get response body { code: '1001',
  message: '会话已过期，请重新登录',
  result: { status_bit: '1', session_token: '' } }
[2015-08-14 13:01:17.901] [INFO] console - user register start
[2015-08-14 13:01:28.661] [INFO] console - get response body { code: '200',
  message: 'OK',
  result: { resend_time: '60', code: '0388' } }
[2015-08-14 13:01:34.065] [INFO] console - get response body { code: '200',
  message: 'OK',
  result: { token: 'aeade5a4d6464957b1f4c1fe595ae4dc' } }
[2015-08-14 13:01:42.387] [INFO] console - get response body { code: '200',
  message: 'OK',
  result: 
   { id_image_status: '0',
     info_bit: '0',
     status_bit: '1',
     user_id: 'UR0000006183',
     session_token: '7b3f1e11-4240-11e5-b0f8-0f6bed642eb9' } }
[2015-08-14 13:01:55.375] [INFO] console - get response body { code: '200',
  message: 'OK',
  result: 
   { status_bit: '3',
     session_token: '7b3f1e11-4240-11e5-b0f8-0f6bed642eb9' } }
[2015-08-14 13:25:45.428] [INFO] console - user register start
[2015-08-14 13:25:51.813] [INFO] console - get response body { code: '200',
  message: 'OK',
  result: { resend_time: '60', code: '2430' } }
[2015-08-14 13:25:56.216] [INFO] console - get response body { code: '200',
  message: 'OK',
  result: { token: 'f03c7bff9d1cb998061bf8f095c1a39c' } }
[2015-08-14 13:26:03.380] [INFO] console - get response body { code: '200',
  message: 'OK',
  result: 
   { id_image_status: '0',
     info_bit: '0',
     status_bit: '1',
     user_id: 'UR0000006190',
     session_token: 'e1efef27-4243-11e5-b0f8-0f6bed642eb9' } }
[2015-08-14 13:26:21.975] [INFO] console - get response body { code: '200',
  message: 'OK',
  result: 
   { status_bit: '3',
     session_token: 'e1efef27-4243-11e5-b0f8-0f6bed642eb9' } }
[2015-08-14 13:26:43.748] [INFO] console - user register start
[2015-08-14 13:26:51.361] [INFO] console - get response body { code: '400',
  message: 'parameter pay_password is missing.',
  result: null }
[2015-08-14 13:28:05.742] [INFO] console - user register start
[2015-08-14 13:28:09.895] [INFO] console - get response body { code: '400',
  message: 'parameter pay_password is missing.',
  result: null }
[2015-08-14 13:29:09.416] [INFO] console - user register start
[2015-08-14 13:29:13.526] [INFO] console - get response body { code: '400',
  message: 'parameter pay_password is missing.',
  result: null }
[2015-08-14 13:30:05.766] [INFO] console - user register start
[2015-08-14 13:30:09.685] [INFO] console - get response body { code: '400',
  message: 'parameter pay_password is missing.',
  result: null }
[2015-08-14 13:30:57.075] [INFO] console - user register start
[2015-08-14 13:31:00.338] [INFO] console - get response body { code: '400',
  message: 'parameter pay_password is missing.',
  result: null }
[2015-08-14 13:31:14.537] [INFO] console - user register start
[2015-08-14 13:31:19.378] [INFO] console - get response body { code: '400',
  message: 'parameter user_id is missing.',
  result: null }
[2015-08-14 13:31:50.007] [INFO] console - user register start
[2015-08-14 13:31:53.524] [INFO] console - get response body { code: '200',
  message: 'OK',
  result: 
   { status_bit: '19',
     session_token: 'e1efef27-4243-11e5-b0f8-0f6bed642eb9' } }
[2015-08-14 13:34:09.601] [INFO] console - user register start
[2015-08-14 13:44:20.850] [INFO] console - user register start
[2015-08-14 13:44:31.645] [INFO] console - user register start
[2015-08-14 13:44:32.402] [INFO] console - user register start
[2015-08-14 13:44:32.667] [INFO] console - user register start
[2015-08-14 13:44:32.939] [INFO] console - user register start
[2015-08-14 13:44:33.292] [INFO] console - user register start
[2015-08-14 13:46:18.244] [INFO] console - user register start
[2015-08-14 13:47:00.797] [INFO] console - user register start
[2015-08-14 14:15:43.229] [INFO] console - user register start
[2015-08-14 14:16:52.998] [INFO] console - user register start
[2015-08-14 14:17:21.907] [INFO] console - user register start
[2015-08-14 14:18:40.080] [INFO] console - user register start
[2015-08-14 14:19:29.824] [INFO] console - user register start
[2015-08-14 14:19:36.883] [INFO] console - user register start
[2015-08-14 14:19:49.080] [INFO] console - user register start
[2015-08-14 14:21:45.395] [INFO] console - user register start
[2015-08-14 14:21:51.483] [INFO] console - get response body { code: '1163', message: '不支持该银行卡', result: {} }
[2015-08-14 14:21:51.499] [INFO] console - get response body { code: '1163', message: '不支持该银行卡', result: {} }
[2015-08-14 14:22:07.140] [INFO] console - get response body { code: '1163', message: '不支持该银行卡', result: {} }
[2015-08-14 14:22:32.271] [INFO] console - get response body { code: '200',
  message: 'OK',
  result: 
   { bank_id: 'BI0000000003',
     bank_name: '中国农业银行',
     num_of_digits: '19',
     card_type: '借记卡',
     image_url: 'http://pierup-images.oss-cn-shenzhen.aliyuncs.com/BI0000000003.PNG',
     card_name: '金穗通宝卡(银联卡)' } }
[2015-08-14 14:23:03.426] [INFO] console - get response body { code: '200',
  message: 'OK',
  result: 
   { bank_id: 'BI0000000007',
     bank_name: '中国邮政储蓄银行',
     num_of_digits: '19',
     card_type: '借记卡',
     image_url: 'http://pierup-images.oss-cn-shenzhen.aliyuncs.com/BI0000000007.PNG',
     card_name: '绿卡银联标准卡' } }
[2015-08-14 14:23:29.635] [INFO] console - get response body { code: '1163', message: '不支持该银行卡', result: {} }
[2015-08-14 14:23:33.790] [INFO] console - get response body { code: '200',
  message: 'OK',
  result: 
   { bank_id: 'BI0000000004',
     bank_name: '中国建设银行',
     num_of_digits: '19',
     card_type: '借记卡',
     image_url: 'http://pierup-images.oss-cn-shenzhen.aliyuncs.com/BI0000000004.PNG',
     card_name: '龙卡通' } }
[2015-08-14 14:24:28.883] [INFO] console - user register start
[2015-08-14 14:24:32.224] [INFO] console - get response body { code: '1163', message: '不支持该银行卡', result: {} }
[2015-08-14 14:24:38.442] [INFO] console - get response body { code: '1163', message: '不支持该银行卡', result: {} }
[2015-08-14 14:25:23.545] [INFO] console - user register start
[2015-08-14 14:25:25.518] [INFO] console - get response body { code: '1163', message: '不支持该银行卡', result: {} }
[2015-08-14 14:25:50.474] [INFO] console - user register start
[2015-08-14 14:25:52.176] [INFO] console - get response body { code: '1163', message: '不支持该银行卡', result: {} }
[2015-08-14 14:25:58.738] [INFO] console - get response body { code: '1163', message: '不支持该银行卡', result: {} }
[2015-08-14 14:41:27.489] [INFO] console - get response body { code: '200',
  message: 'OK',
  result: 
   { bank_id: 'BI0000000003',
     bank_name: '中国农业银行',
     num_of_digits: '19',
     card_type: '借记卡',
     image_url: 'http://pierup-images.oss-cn-shenzhen.aliyuncs.com/BI0000000003.PNG',
     card_name: '金穗通宝卡(银联卡)' } }
[2015-08-14 14:49:34.057] [INFO] console - user register start
[2015-08-14 14:49:41.378] [INFO] console - get response body { code: '200',
  message: 'OK',
  result: 
   { bank_id: 'BI0000000003',
     bank_name: '中国农业银行',
     num_of_digits: '19',
     card_type: '借记卡',
     image_url: 'http://pierup-images.oss-cn-shenzhen.aliyuncs.com/BI0000000003.PNG',
     card_name: '金穗通宝卡(银联卡)' } }
[2015-08-14 14:49:46.788] [INFO] console - get response body { code: '1001',
  message: '会话已过期，请重新登录',
  result: { resend_time: '60', session_token: '', bank_card_id: '' } }
[2015-08-14 14:50:50.609] [INFO] console - user register start
[2015-08-14 14:51:02.447] [INFO] console - get response body { code: '200',
  message: 'OK',
  result: 
   { bank_id: 'BI0000000003',
     bank_name: '中国农业银行',
     num_of_digits: '19',
     card_type: '借记卡',
     image_url: 'http://pierup-images.oss-cn-shenzhen.aliyuncs.com/BI0000000003.PNG',
     card_name: '金穗通宝卡(银联卡)' } }
[2015-08-14 14:51:08.736] [INFO] console - get response body { code: '1001',
  message: '会话已过期，请重新登录',
  result: { resend_time: '60', session_token: '', bank_card_id: '' } }
[2015-08-14 14:51:27.282] [INFO] console - user register start
[2015-08-14 14:51:34.652] [INFO] console - get response body { code: '200',
  message: 'OK',
  result: { resend_time: '60', code: '1227' } }
[2015-08-14 14:51:40.177] [INFO] console - get response body { code: '200',
  message: 'OK',
  result: { token: '96d7423efc9f3e1dbe60c3bf1e37b5e4' } }
[2015-08-14 14:51:47.037] [INFO] console - get response body { code: '200',
  message: 'OK',
  result: 
   { id_image_status: '0',
     info_bit: '0',
     status_bit: '1',
     user_id: 'UR0000006215',
     session_token: 'dbe9d53f-424f-11e5-b0f8-0f6bed642eb9' } }
[2015-08-14 14:52:04.737] [INFO] console - get response body { code: '200',
  message: 'OK',
  result: 
   { status_bit: '3',
     session_token: 'dbe9d53f-424f-11e5-b0f8-0f6bed642eb9' } }
[2015-08-14 14:52:09.666] [INFO] console - get response body { code: '200',
  message: 'OK',
  result: 
   { status_bit: '19',
     session_token: 'dbe9d53f-424f-11e5-b0f8-0f6bed642eb9' } }
[2015-08-14 14:52:15.921] [INFO] console - get response body { code: '200',
  message: 'OK',
  result: 
   { bank_id: 'BI0000000003',
     bank_name: '中国农业银行',
     num_of_digits: '19',
     card_type: '借记卡',
     image_url: 'http://pierup-images.oss-cn-shenzhen.aliyuncs.com/BI0000000003.PNG',
     card_name: '金穗通宝卡(银联卡)' } }
[2015-08-14 14:52:21.078] [INFO] console - get response body { code: '200',
  message: 'OK',
  result: 
   { resend_time: '60',
     session_token: 'dbe9d53f-424f-11e5-b0f8-0f6bed642eb9',
     bank_card_id: 'BC0000006217' } }
[2015-08-14 14:53:25.875] [INFO] console - user register start
[2015-08-14 14:53:31.876] [INFO] console - get response body { code: '200',
  message: 'OK',
  result: 
   { bank_id: 'BI0000000003',
     bank_name: '中国农业银行',
     num_of_digits: '19',
     card_type: '借记卡',
     image_url: 'http://pierup-images.oss-cn-shenzhen.aliyuncs.com/BI0000000003.PNG',
     card_name: '金穗通宝卡(银联卡)' } }
[2015-08-14 14:53:34.649] [INFO] console - get response body { code: '200',
  message: 'OK',
  result: 
   { resend_time: '60',
     session_token: 'dbe9d53f-424f-11e5-b0f8-0f6bed642eb9',
     bank_card_id: 'BC0000006218' } }
[2015-08-14 15:09:11.405] [INFO] console - user register start
[2015-08-14 15:09:26.015] [INFO] console - user register start
[2015-08-14 15:09:32.264] [INFO] console - get response body { code: '200',
  message: 'OK',
  result: 
   { bank_id: 'BI0000000003',
     bank_name: '中国农业银行',
     num_of_digits: '19',
     card_type: '借记卡',
     image_url: 'http://pierup-images.oss-cn-shenzhen.aliyuncs.com/BI0000000003.PNG',
     card_name: '金穗通宝卡(银联卡)' } }
[2015-08-14 15:09:34.758] [INFO] console - get response body { code: '1001',
  message: '会话已过期，请重新登录',
  result: { resend_time: '60', session_token: '', bank_card_id: '' } }
[2015-08-14 15:09:53.683] [INFO] console - get response body { code: '1140',
  message: '该电话号码已经注册，请登录',
  result: { prefix_phone: '33333333333', resend_time: '0', code: '' } }
[2015-08-14 15:09:57.914] [INFO] console - get response body { code: '200',
  message: 'OK',
  result: { resend_time: '60', code: '5221' } }
[2015-08-14 15:10:03.478] [INFO] console - get response body { code: '200',
  message: 'OK',
  result: { token: '47aa2e36b8ccd5e5ac957d91d6b94f7c' } }
[2015-08-14 15:10:09.998] [INFO] console - get response body { code: '200',
  message: 'OK',
  result: 
   { id_image_status: '0',
     info_bit: '0',
     status_bit: '1',
     user_id: 'UR0000006236',
     session_token: '6d53f345-4252-11e5-b0f8-0f6bed642eb9' } }
[2015-08-14 15:10:26.604] [INFO] console - get response body { code: '200',
  message: 'OK',
  result: 
   { status_bit: '3',
     session_token: '6d53f345-4252-11e5-b0f8-0f6bed642eb9' } }
[2015-08-14 15:10:41.771] [INFO] console - get response body { code: '200',
  message: 'OK',
  result: 
   { status_bit: '19',
     session_token: '6d53f345-4252-11e5-b0f8-0f6bed642eb9' } }
[2015-08-14 15:10:47.436] [INFO] console - get response body { code: '200',
  message: 'OK',
  result: 
   { bank_id: 'BI0000000003',
     bank_name: '中国农业银行',
     num_of_digits: '19',
     card_type: '借记卡',
     image_url: 'http://pierup-images.oss-cn-shenzhen.aliyuncs.com/BI0000000003.PNG',
     card_name: '金穗通宝卡(银联卡)' } }
[2015-08-14 15:10:50.239] [INFO] console - get response body { code: '200',
  message: 'OK',
  result: 
   { resend_time: '60',
     session_token: '6d53f345-4252-11e5-b0f8-0f6bed642eb9',
     bank_card_id: 'BC0000006238' } }
[2015-08-14 15:10:54.081] [INFO] console - get response body { code: '200',
  message: 'OK',
  result: 
   { status_bit: '23',
     session_token: '6d53f345-4252-11e5-b0f8-0f6bed642eb9' } }
[2015-08-14 15:11:38.982] [INFO] console - user register start
[2015-08-14 15:11:58.131] [INFO] console - user register start
[2015-08-14 15:26:27.988] [INFO] console - user register start
[2015-08-14 15:27:29.851] [INFO] console - user register start
[2015-08-14 15:27:56.950] [INFO] console - user register start
[2015-08-14 15:39:56.551] [INFO] console - user register start
[2015-08-14 15:39:57.678] [INFO] console - get response body { code: '1001',
  message: '会话已过期，请重新登录',
  result: { session_token: '' } }
[2015-08-14 15:40:22.443] [INFO] console - user register start
[2015-08-14 15:40:22.671] [INFO] console - get response body { code: '1001',
  message: '会话已过期，请重新登录',
  result: { session_token: '' } }
[2015-08-14 15:40:39.352] [INFO] console - user register start
[2015-08-14 15:40:39.607] [INFO] console - get response body { code: '1001',
  message: '会话已过期，请重新登录',
  result: { session_token: '' } }
[2015-08-14 15:40:47.701] [INFO] console - user register start
[2015-08-14 15:40:47.924] [INFO] console - get response body { code: '1001',
  message: '会话已过期，请重新登录',
  result: { session_token: '' } }
[2015-08-14 15:41:18.999] [INFO] console - user register start
[2015-08-14 15:41:19.466] [INFO] console - get response body { code: '1001',
  message: '会话已过期，请重新登录',
  result: { session_token: '' } }
[2015-08-14 15:41:38.018] [INFO] console - get response body { code: '200',
  message: 'OK',
  result: { resend_time: '60', code: '2624' } }
[2015-08-14 15:41:42.979] [INFO] console - get response body { code: '200',
  message: 'OK',
  result: { token: '7b4aaf6d21bb220a23ba51eca13483cc' } }
[2015-08-14 15:41:48.250] [INFO] console - get response body { code: '200',
  message: 'OK',
  result: 
   { id_image_status: '0',
     info_bit: '0',
     status_bit: '1',
     user_id: 'UR0000006258',
     session_token: 'd8c7812d-4256-11e5-b0f8-0f6bed642eb9' } }
[2015-08-14 15:42:03.232] [INFO] console - get response body { code: '200',
  message: 'OK',
  result: 
   { status_bit: '3',
     session_token: 'd8c7812d-4256-11e5-b0f8-0f6bed642eb9' } }
[2015-08-14 15:42:10.003] [INFO] console - get response body { code: '200',
  message: 'OK',
  result: 
   { status_bit: '19',
     session_token: 'd8c7812d-4256-11e5-b0f8-0f6bed642eb9' } }
[2015-08-14 15:42:19.403] [INFO] console - get response body { code: '200',
  message: 'OK',
  result: 
   { bank_id: 'BI0000000003',
     bank_name: '中国农业银行',
     num_of_digits: '19',
     card_type: '借记卡',
     image_url: 'http://pierup-images.oss-cn-shenzhen.aliyuncs.com/BI0000000003.PNG',
     card_name: '金穗通宝卡(银联卡)' } }
[2015-08-14 15:42:22.028] [INFO] console - get response body { code: '200',
  message: 'OK',
  result: 
   { resend_time: '60',
     session_token: 'd8c7812d-4256-11e5-b0f8-0f6bed642eb9',
     bank_card_id: 'BC0000006260' } }
[2015-08-14 15:42:25.058] [INFO] console - get response body { code: '200',
  message: 'OK',
  result: 
   { status_bit: '23',
     session_token: 'd8c7812d-4256-11e5-b0f8-0f6bed642eb9' } }
[2015-08-14 15:42:25.294] [INFO] console - get response body { code: '200',
  message: 'OK',
  result: 
   { phone: '23213222222',
     id_number: '123456789123456789',
     id_verified: '1',
     session_token: 'd8c7812d-4256-11e5-b0f8-0f6bed642eb9',
     image_url: '',
     email: 'cc@163.com',
     status_bit: '23',
     dob: '78912345',
     name: 'cong5',
     user_id: 'UR0000006258' } }
[2015-08-14 15:42:25.329] [INFO] console - get response body { code: '200',
  message: 'OK',
  result: 
   { items: [ [Object] ],
     session_token: 'd8c7812d-4256-11e5-b0f8-0f6bed642eb9' } }
[2015-08-14 15:43:00.382] [INFO] console - user register start
[2015-08-14 15:43:00.673] [INFO] console - get response body { code: '200',
  message: 'OK',
  result: 
   { phone: '23213222222',
     id_number: '123456789123456789',
     id_verified: '1',
     session_token: 'd8c7812d-4256-11e5-b0f8-0f6bed642eb9',
     image_url: '',
     email: 'cc@163.com',
     status_bit: '23',
     dob: '78912345',
     name: 'cong5',
     user_id: 'UR0000006258' } }
[2015-08-14 15:43:00.711] [INFO] console - get response body { code: '200',
  message: 'OK',
  result: 
   { items: [ [Object] ],
     session_token: 'd8c7812d-4256-11e5-b0f8-0f6bed642eb9' } }
[2015-08-14 15:43:19.193] [INFO] console - user register start
[2015-08-14 15:43:19.462] [INFO] console - get response body { code: '200',
  message: 'OK',
  result: 
   { phone: '23213222222',
     id_number: '123456789123456789',
     id_verified: '1',
     session_token: 'd8c7812d-4256-11e5-b0f8-0f6bed642eb9',
     image_url: '',
     email: 'cc@163.com',
     status_bit: '23',
     dob: '78912345',
     name: 'cong5',
     user_id: 'UR0000006258' } }
[2015-08-14 15:43:19.499] [INFO] console - get response body { code: '200',
  message: 'OK',
  result: 
   { items: [ [Object] ],
     session_token: 'd8c7812d-4256-11e5-b0f8-0f6bed642eb9' } }
[2015-08-14 15:43:57.157] [INFO] console - user register start
[2015-08-14 15:43:57.626] [INFO] console - get response body { code: '200',
  message: 'OK',
  result: 
   { phone: '23213222222',
     id_number: '123456789123456789',
     id_verified: '1',
     session_token: 'd8c7812d-4256-11e5-b0f8-0f6bed642eb9',
     image_url: '',
     email: 'cc@163.com',
     status_bit: '23',
     dob: '78912345',
     name: 'cong5',
     user_id: 'UR0000006258' } }
[2015-08-14 15:43:57.883] [INFO] console - get response body { code: '200',
  message: 'OK',
  result: 
   { items: [ [Object] ],
     session_token: 'd8c7812d-4256-11e5-b0f8-0f6bed642eb9' } }
[2015-08-14 15:44:19.088] [INFO] console - user register start
[2015-08-14 15:44:19.551] [INFO] console - get response body { code: '200',
  message: 'OK',
  result: 
   { phone: '23213222222',
     id_number: '123456789123456789',
     id_verified: '1',
     session_token: 'd8c7812d-4256-11e5-b0f8-0f6bed642eb9',
     image_url: '',
     email: 'cc@163.com',
     status_bit: '23',
     dob: '78912345',
     name: 'cong5',
     user_id: 'UR0000006258' } }
[2015-08-14 15:44:19.803] [INFO] console - get response body { code: '200',
  message: 'OK',
  result: 
   { items: [ [Object] ],
     session_token: 'd8c7812d-4256-11e5-b0f8-0f6bed642eb9' } }
[2015-08-14 15:44:41.044] [INFO] console - user register start
[2015-08-14 15:44:45.210] [INFO] console - get response body { code: '200',
  message: 'OK',
  result: 
   { phone: '23213222222',
     id_number: '123456789123456789',
     id_verified: '1',
     session_token: 'd8c7812d-4256-11e5-b0f8-0f6bed642eb9',
     image_url: '',
     email: 'cc@163.com',
     status_bit: '23',
     dob: '78912345',
     name: 'cong5',
     user_id: 'UR0000006258' } }
[2015-08-14 15:44:46.940] [INFO] console - get response body { code: '200',
  message: 'OK',
  result: 
   { items: [ [Object] ],
     session_token: 'd8c7812d-4256-11e5-b0f8-0f6bed642eb9' } }
[2015-08-14 15:44:59.652] [INFO] console - user register start
[2015-08-14 15:45:00.325] [INFO] console - get response body { code: '200',
  message: 'OK',
  result: 
   { phone: '23213222222',
     id_number: '123456789123456789',
     id_verified: '1',
     session_token: 'd8c7812d-4256-11e5-b0f8-0f6bed642eb9',
     image_url: '',
     email: 'cc@163.com',
     status_bit: '23',
     dob: '78912345',
     name: 'cong5',
     user_id: 'UR0000006258' } }
[2015-08-14 15:45:00.580] [INFO] console - get response body { code: '200',
  message: 'OK',
  result: 
   { items: [ [Object] ],
     session_token: 'd8c7812d-4256-11e5-b0f8-0f6bed642eb9' } }
[2015-08-14 16:39:23.949] [INFO] console - user register start
[2015-08-14 16:39:26.544] [INFO] console - get response body { code: '1001',
  message: '会话已过期，请重新登录',
  result: { session_token: '' } }
[2015-08-14 16:39:30.799] [INFO] console - get response body { code: '200',
  message: 'OK',
  result: { resend_time: '60', code: '5449' } }
[2015-08-14 16:39:37.280] [INFO] console - get response body { code: '200',
  message: 'OK',
  result: { token: '6266bd397f69f50847703c80fb9e4d6c' } }
[2015-08-14 16:39:42.617] [INFO] console - get response body { code: '200',
  message: 'OK',
  result: 
   { id_image_status: '0',
     info_bit: '0',
     status_bit: '1',
     user_id: 'UR0000006272',
     session_token: 'efa7598f-425e-11e5-b0f8-0f6bed642eb9' } }
[2015-08-14 16:39:59.205] [INFO] console - get response body { code: '1079',
  message: '该邮箱已经被注册过',
  result: 
   { status_bit: '1',
     session_token: 'efa7598f-425e-11e5-b0f8-0f6bed642eb9' } }
[2015-08-14 16:40:03.453] [INFO] console - get response body { code: '200',
  message: 'OK',
  result: 
   { status_bit: '3',
     session_token: 'efa7598f-425e-11e5-b0f8-0f6bed642eb9' } }
[2015-08-14 16:41:32.383] [INFO] console - user register start
[2015-08-14 16:41:37.480] [INFO] console - get response body { code: '200',
  message: 'OK',
  result: 
   { status_bit: '19',
     session_token: 'efa7598f-425e-11e5-b0f8-0f6bed642eb9' } }
[2015-08-14 16:42:13.534] [INFO] console - user register start
[2015-08-14 16:42:21.487] [INFO] console - get response body { code: '200',
  message: 'OK',
  result: 
   { bank_id: 'BI0000000003',
     bank_name: '中国农业银行',
     num_of_digits: '19',
     card_type: '借记卡',
     image_url: 'http://pierup-images.oss-cn-shenzhen.aliyuncs.com/BI0000000003.PNG',
     card_name: '金穗通宝卡(银联卡)' } }
[2015-08-14 16:42:33.090] [INFO] console - user register start
[2015-08-14 16:42:37.235] [INFO] console - get response body { code: '200',
  message: 'OK',
  result: 
   { bank_id: 'BI0000000003',
     bank_name: '中国农业银行',
     num_of_digits: '19',
     card_type: '借记卡',
     image_url: 'http://pierup-images.oss-cn-shenzhen.aliyuncs.com/BI0000000003.PNG',
     card_name: '金穗通宝卡(银联卡)' } }
[2015-08-14 16:42:46.671] [INFO] console - get response body { code: '200',
  message: 'OK',
  result: 
   { resend_time: '60',
     session_token: 'efa7598f-425e-11e5-b0f8-0f6bed642eb9',
     bank_card_id: 'BC0000006274' } }
[2015-08-14 16:43:55.066] [INFO] console - get response body { code: '200',
  message: 'OK',
  result: 
   { status_bit: '23',
     session_token: 'efa7598f-425e-11e5-b0f8-0f6bed642eb9' } }
[2015-08-14 16:43:55.167] [INFO] console - get response body { code: '200',
  message: 'OK',
  result: 
   { phone: '32423232131',
     id_number: '123456789123456789',
     id_verified: '1',
     session_token: 'efa7598f-425e-11e5-b0f8-0f6bed642eb9',
     image_url: '',
     email: 'cc1@163.com',
     status_bit: '23',
     dob: '78912345',
     name: 'cong6',
     user_id: 'UR0000006272' } }
[2015-08-14 16:43:55.197] [INFO] console - get response body { code: '200',
  message: 'OK',
  result: 
   { items: [ [Object] ],
     session_token: 'efa7598f-425e-11e5-b0f8-0f6bed642eb9' } }
[2015-08-14 16:45:00.599] [INFO] console - user register start
[2015-08-14 16:45:01.153] [INFO] console - get response body { code: '200',
  message: 'OK',
  result: 
   { phone: '32423232131',
     id_number: '123456789123456789',
     id_verified: '1',
     session_token: 'efa7598f-425e-11e5-b0f8-0f6bed642eb9',
     image_url: '',
     email: 'cc1@163.com',
     status_bit: '23',
     dob: '78912345',
     name: 'cong6',
     user_id: 'UR0000006272' } }
[2015-08-14 16:45:01.210] [INFO] console - get response body { code: '200',
  message: 'OK',
  result: 
   { items: [ [Object] ],
     session_token: 'efa7598f-425e-11e5-b0f8-0f6bed642eb9' } }
[2015-08-14 16:45:12.364] [INFO] console - user register start
[2015-08-14 16:45:12.625] [INFO] console - get response body { code: '200',
  message: 'OK',
  result: 
   { phone: '32423232131',
     id_number: '123456789123456789',
     id_verified: '1',
     session_token: 'efa7598f-425e-11e5-b0f8-0f6bed642eb9',
     image_url: '',
     email: 'cc1@163.com',
     status_bit: '23',
     dob: '78912345',
     name: 'cong6',
     user_id: 'UR0000006272' } }
[2015-08-14 16:45:12.688] [INFO] console - get response body { code: '200',
  message: 'OK',
  result: 
   { items: [ [Object] ],
     session_token: 'efa7598f-425e-11e5-b0f8-0f6bed642eb9' } }
[2015-08-14 16:45:50.113] [INFO] console - user register start
[2015-08-14 16:45:50.605] [INFO] console - get response body { code: '200',
  message: 'OK',
  result: 
   { phone: '32423232131',
     id_number: '123456789123456789',
     id_verified: '1',
     session_token: 'efa7598f-425e-11e5-b0f8-0f6bed642eb9',
     image_url: '',
     email: 'cc1@163.com',
     status_bit: '23',
     dob: '78912345',
     name: 'cong6',
     user_id: 'UR0000006272' } }
[2015-08-14 16:45:50.842] [INFO] console - get response body { code: '200',
  message: 'OK',
  result: 
   { items: [ [Object] ],
     session_token: 'efa7598f-425e-11e5-b0f8-0f6bed642eb9' } }
[2015-08-14 16:46:12.134] [INFO] console - user register start
[2015-08-14 16:46:12.600] [INFO] console - get response body { code: '200',
  message: 'OK',
  result: 
   { phone: '32423232131',
     id_number: '123456789123456789',
     id_verified: '1',
     session_token: 'efa7598f-425e-11e5-b0f8-0f6bed642eb9',
     image_url: '',
     email: 'cc1@163.com',
     status_bit: '23',
     dob: '78912345',
     name: 'cong6',
     user_id: 'UR0000006272' } }
[2015-08-14 16:46:12.658] [INFO] console - get response body { code: '200',
  message: 'OK',
  result: 
   { items: [ [Object] ],
     session_token: 'efa7598f-425e-11e5-b0f8-0f6bed642eb9' } }
[2015-08-14 16:46:28.611] [INFO] console - get response body { code: '200',
  message: 'OK',
  result: 
   { status_bit: '23',
     session_token: 'efa7598f-425e-11e5-b0f8-0f6bed642eb9' } }
[2015-08-14 16:46:39.608] [INFO] console - user register start
[2015-08-14 16:46:39.869] [INFO] console - get response body { code: '200',
  message: 'OK',
  result: 
   { phone: '32423232131',
     id_number: '123456789123456789',
     id_verified: '1',
     session_token: 'efa7598f-425e-11e5-b0f8-0f6bed642eb9',
     image_url: '',
     email: 'cc2@163.com',
     status_bit: '23',
     dob: '78912345',
     name: 'cong6',
     user_id: 'UR0000006272' } }
[2015-08-14 16:46:39.926] [INFO] console - get response body { code: '200',
  message: 'OK',
  result: 
   { items: [ [Object] ],
     session_token: 'efa7598f-425e-11e5-b0f8-0f6bed642eb9' } }
[2015-08-14 16:48:39.262] [INFO] console - user register start
[2015-08-14 16:48:39.797] [INFO] console - get response body { code: '200',
  message: 'OK',
  result: 
   { phone: '32423232131',
     id_number: '123456789123456789',
     id_verified: '1',
     session_token: '2fb5802b-4260-11e5-b0f8-0f6bed642eb9',
     image_url: '',
     email: 'cc2@163.com',
     status_bit: '23',
     dob: '78912345',
     name: 'cong6',
     user_id: 'UR0000006272' } }
[2015-08-14 16:48:39.869] [INFO] console - get response body { code: '1001',
  message: '会话已过期，请重新登录',
  result: { session_token: '' } }
[2015-08-14 16:49:02.037] [INFO] console - user register start
[2015-08-14 16:49:02.294] [INFO] console - get response body { code: '200',
  message: 'OK',
  result: 
   { phone: '32423232131',
     id_number: '123456789123456789',
     id_verified: '1',
     session_token: '2fb5802b-4260-11e5-b0f8-0f6bed642eb9',
     image_url: '',
     email: 'cc2@163.com',
     status_bit: '23',
     dob: '78912345',
     name: 'cong6',
     user_id: 'UR0000006272' } }
[2015-08-14 16:49:02.547] [INFO] console - get response body { code: '200',
  message: 'OK',
  result: 
   { items: [ [Object] ],
     session_token: '2fb5802b-4260-11e5-b0f8-0f6bed642eb9' } }
[2015-08-14 16:49:08.965] [INFO] console - get response body { code: '200',
  message: 'OK',
  result: 
   { status_bit: '23',
     session_token: '2fb5802b-4260-11e5-b0f8-0f6bed642eb9' } }
[2015-08-14 16:49:14.272] [INFO] console - get response body { code: '200',
  message: 'OK',
  result: 
   { status_bit: '23',
     session_token: '2fb5802b-4260-11e5-b0f8-0f6bed642eb9' } }
[2015-08-14 16:49:20.502] [INFO] console - get response body { code: '200',
  message: 'OK',
  result: 
   { status_bit: '23',
     session_token: '2fb5802b-4260-11e5-b0f8-0f6bed642eb9' } }
[2015-08-14 16:50:30.979] [INFO] console - get response body { code: '200',
  message: 'OK',
  result: 
   { status_bit: '23',
     session_token: '2fb5802b-4260-11e5-b0f8-0f6bed642eb9' } }
[2015-08-14 16:52:55.379] [INFO] console - get response body { code: '200',
  message: 'OK',
  result: 
   { status_bit: '23',
     session_token: '2fb5802b-4260-11e5-b0f8-0f6bed642eb9' } }
[2015-08-14 16:54:11.052] [INFO] console - user register start
[2015-08-14 16:54:11.403] [INFO] console - get response body { code: '200',
  message: 'OK',
  result: 
   { phone: '32423232131',
     id_number: '123456789123456789',
     id_verified: '1',
     session_token: '2fb5802b-4260-11e5-b0f8-0f6bed642eb9',
     image_url: '',
     email: 'cc3@163.com',
     status_bit: '23',
     dob: '78912345',
     name: 'cong6',
     user_id: 'UR0000006272' } }
[2015-08-14 16:54:11.457] [INFO] console - get response body { code: '200',
  message: 'OK',
  result: 
   { items: [ [Object] ],
     session_token: '2fb5802b-4260-11e5-b0f8-0f6bed642eb9' } }
[2015-08-14 16:54:36.480] [INFO] console - user register start
[2015-08-14 16:54:36.973] [INFO] console - get response body { code: '200',
  message: 'OK',
  result: 
   { phone: '32423232131',
     id_number: '123456789123456789',
     id_verified: '1',
     session_token: '2fb5802b-4260-11e5-b0f8-0f6bed642eb9',
     image_url: '',
     email: 'cc3@163.com',
     status_bit: '23',
     dob: '78912345',
     name: 'cong6',
     user_id: 'UR0000006272' } }
[2015-08-14 16:54:37.047] [INFO] console - get response body { code: '200',
  message: 'OK',
  result: 
   { items: [ [Object] ],
     session_token: '2fb5802b-4260-11e5-b0f8-0f6bed642eb9' } }
[2015-08-14 16:54:45.969] [INFO] console - user register start
[2015-08-14 16:54:46.238] [INFO] console - get response body { code: '200',
  message: 'OK',
  result: 
   { phone: '32423232131',
     id_number: '123456789123456789',
     id_verified: '1',
     session_token: '2fb5802b-4260-11e5-b0f8-0f6bed642eb9',
     image_url: '',
     email: 'cc3@163.com',
     status_bit: '23',
     dob: '78912345',
     name: 'cong6',
     user_id: 'UR0000006272' } }
[2015-08-14 16:54:46.291] [INFO] console - get response body { code: '200',
  message: 'OK',
  result: 
   { items: [ [Object] ],
     session_token: '2fb5802b-4260-11e5-b0f8-0f6bed642eb9' } }
[2015-08-14 16:55:02.788] [INFO] console - user register start
[2015-08-14 16:55:03.953] [INFO] console - get response body { code: '200',
  message: 'OK',
  result: 
   { phone: '32423232131',
     id_number: '123456789123456789',
     id_verified: '1',
     session_token: '2fb5802b-4260-11e5-b0f8-0f6bed642eb9',
     image_url: '',
     email: 'cc3@163.com',
     status_bit: '23',
     dob: '78912345',
     name: 'cong6',
     user_id: 'UR0000006272' } }
[2015-08-14 16:55:04.208] [INFO] console - get response body { code: '200',
  message: 'OK',
  result: 
   { items: [ [Object] ],
     session_token: '2fb5802b-4260-11e5-b0f8-0f6bed642eb9' } }
[2015-08-14 17:11:05.597] [INFO] console - get response body { code: '1001',
  message: '会话已过期，请重新登录',
  result: { session_token: '' } }
[2015-08-14 17:11:16.663] [INFO] console - get response body { code: '200',
  message: 'OK',
  result: { resend_time: '60', code: '5357' } }
[2015-08-14 17:11:22.194] [INFO] console - get response body { code: '200',
  message: 'OK',
  result: { token: 'e669d3e6debc656b884494b4af059fcf' } }
[2015-08-14 17:11:28.261] [INFO] console - get response body { code: '200',
  message: 'OK',
  result: 
   { id_image_status: '0',
     info_bit: '0',
     status_bit: '1',
     user_id: 'UR0000006286',
     session_token: '5f813c5a-4263-11e5-b0f8-0f6bed642eb9' } }
[2015-08-14 17:11:45.490] [INFO] console - get response body { code: '200',
  message: 'OK',
  result: 
   { status_bit: '3',
     session_token: '5f813c5a-4263-11e5-b0f8-0f6bed642eb9' } }
[2015-08-14 17:11:49.180] [INFO] console - get response body { code: '200',
  message: 'OK',
  result: 
   { status_bit: '19',
     session_token: '5f813c5a-4263-11e5-b0f8-0f6bed642eb9' } }
[2015-08-14 17:11:55.932] [INFO] console - get response body { code: '200',
  message: 'OK',
  result: 
   { bank_id: 'BI0000000003',
     bank_name: '中国农业银行',
     num_of_digits: '19',
     card_type: '借记卡',
     image_url: 'http://pierup-images.oss-cn-shenzhen.aliyuncs.com/BI0000000003.PNG',
     card_name: '金穗通宝卡(银联卡)' } }
[2015-08-14 17:11:59.405] [INFO] console - get response body { code: '200',
  message: 'OK',
  result: 
   { resend_time: '60',
     session_token: '5f813c5a-4263-11e5-b0f8-0f6bed642eb9',
     bank_card_id: 'BC0000006288' } }
[2015-08-14 17:12:02.539] [INFO] console - get response body { code: '200',
  message: 'OK',
  result: 
   { status_bit: '23',
     session_token: '5f813c5a-4263-11e5-b0f8-0f6bed642eb9' } }
[2015-08-14 17:12:02.583] [INFO] console - get response body { code: '200',
  message: 'OK',
  result: 
   { phone: '21313211313',
     id_number: '123456789123456789',
     id_verified: '1',
     session_token: '5f813c5a-4263-11e5-b0f8-0f6bed642eb9',
     image_url: '',
     email: 'cc4@163.com',
     status_bit: '23',
     dob: '78912345',
     name: 'cong6',
     user_id: 'UR0000006286' } }
[2015-08-14 17:12:02.611] [INFO] console - get response body { code: '200',
  message: 'OK',
  result: 
   { items: [ [Object] ],
     session_token: '5f813c5a-4263-11e5-b0f8-0f6bed642eb9' } }
[2015-08-14 17:14:49.136] [INFO] console - get response body { code: '200',
  message: 'OK',
  result: 
   { phone: '21313211313',
     id_number: '123456789123456789',
     id_verified: '1',
     session_token: '5f813c5a-4263-11e5-b0f8-0f6bed642eb9',
     image_url: '',
     email: 'cc4@163.com',
     status_bit: '23',
     dob: '78912345',
     name: 'cong6',
     user_id: 'UR0000006286' } }
[2015-08-14 17:14:49.193] [INFO] console - get response body { code: '200',
  message: 'OK',
  result: 
   { items: [ [Object] ],
     session_token: '5f813c5a-4263-11e5-b0f8-0f6bed642eb9' } }
[2015-08-14 17:15:19.487] [INFO] console - get post on checkout { merchant_name: '春田花花工作室', amount: '1234.00', currency: 'CNY' }
[2015-08-14 17:15:20.995] [INFO] console - user register start
[2015-08-14 17:15:26.448] [INFO] console - get response body { code: '200',
  message: 'OK',
  result: { resend_time: '60', code: '1489' } }
[2015-08-14 17:15:29.417] [INFO] console - user register start
[2015-08-14 17:15:29.667] [INFO] console - user register start
[2015-08-14 17:15:29.856] [INFO] console - user register start
[2015-08-14 17:15:30.090] [INFO] console - user register start
[2015-08-14 17:15:30.140] [INFO] console - user register start
[2015-08-14 17:15:30.380] [INFO] console - user register start
[2015-08-14 17:15:30.598] [INFO] console - user register start
[2015-08-14 17:15:30.653] [INFO] console - user register start
[2015-08-14 17:15:35.055] [INFO] console - get response body { code: '200',
  message: 'OK',
  result: { resend_time: '60', code: '1375' } }
[2015-08-14 17:15:39.675] [INFO] console - get response body { code: '200',
  message: 'OK',
  result: { token: '4f8f34cc90b8636d8c6e8be336bb7d95' } }
[2015-08-14 17:15:45.038] [INFO] console - get response body { code: '200',
  message: 'OK',
  result: 
   { id_image_status: '0',
     info_bit: '0',
     status_bit: '1',
     user_id: 'UR0000006289',
     session_token: 'f88dfc2d-4263-11e5-b0f8-0f6bed642eb9' } }
[2015-08-14 17:16:06.027] [INFO] console - get response body { code: '200',
  message: 'OK',
  result: 
   { status_bit: '3',
     session_token: 'f88dfc2d-4263-11e5-b0f8-0f6bed642eb9' } }
[2015-08-14 17:16:09.443] [INFO] console - get response body { code: '200',
  message: 'OK',
  result: 
   { status_bit: '19',
     session_token: 'f88dfc2d-4263-11e5-b0f8-0f6bed642eb9' } }
[2015-08-14 17:16:16.308] [INFO] console - get response body { code: '200',
  message: 'OK',
  result: 
   { bank_id: 'BI0000000003',
     bank_name: '中国农业银行',
     num_of_digits: '19',
     card_type: '借记卡',
     image_url: 'http://pierup-images.oss-cn-shenzhen.aliyuncs.com/BI0000000003.PNG',
     card_name: '金穗通宝卡(银联卡)' } }
[2015-08-14 17:16:19.847] [INFO] console - get response body { code: '200',
  message: 'OK',
  result: 
   { resend_time: '60',
     session_token: 'f88dfc2d-4263-11e5-b0f8-0f6bed642eb9',
     bank_card_id: 'BC0000006291' } }
[2015-08-14 17:16:23.857] [INFO] console - get response body { code: '200',
  message: 'OK',
  result: 
   { status_bit: '23',
     session_token: 'f88dfc2d-4263-11e5-b0f8-0f6bed642eb9' } }
[2015-08-14 17:16:23.911] [INFO] console - get response body { code: '200',
  message: 'OK',
  result: 
   { phone: '43424242342',
     id_number: '123456789123456789',
     id_verified: '1',
     session_token: 'f88dfc2d-4263-11e5-b0f8-0f6bed642eb9',
     image_url: '',
     email: 'cc7@163.com',
     status_bit: '23',
     dob: '78912345',
     name: 'cong6',
     user_id: 'UR0000006289' } }
[2015-08-14 17:16:24.147] [INFO] console - get response body { code: '200',
  message: 'OK',
  result: 
   { items: [ [Object] ],
     session_token: 'f88dfc2d-4263-11e5-b0f8-0f6bed642eb9' } }
[2015-08-14 17:16:26.290] [INFO] console - user apply credit { email: '', user_id: '', session_token: '' }
[2015-08-14 17:16:26.326] [INFO] console - get apply credit response body { code: '400',
  message: 'parameter user_id is missing.',
  result: null }
[2015-08-14 17:18:17.418] [INFO] console - get response body { code: '200',
  message: 'OK',
  result: 
   { phone: '43424242342',
     id_number: '123456789123456789',
     id_verified: '1',
     session_token: 'f88dfc2d-4263-11e5-b0f8-0f6bed642eb9',
     image_url: '',
     email: 'cc7@163.com',
     status_bit: '23',
     dob: '78912345',
     name: 'cong6',
     user_id: 'UR0000006289' } }
[2015-08-14 17:18:17.659] [INFO] console - get response body { code: '200',
  message: 'OK',
  result: 
   { items: [ [Object] ],
     session_token: 'f88dfc2d-4263-11e5-b0f8-0f6bed642eb9' } }
[2015-08-14 17:18:19.061] [INFO] console - user register start
[2015-08-14 17:18:19.336] [INFO] console - get response body { code: '200',
  message: 'OK',
  result: 
   { phone: '43424242342',
     id_number: '123456789123456789',
     id_verified: '1',
     session_token: 'f88dfc2d-4263-11e5-b0f8-0f6bed642eb9',
     image_url: '',
     email: 'cc7@163.com',
     status_bit: '23',
     dob: '78912345',
     name: 'cong6',
     user_id: 'UR0000006289' } }
[2015-08-14 17:18:19.377] [INFO] console - get response body { code: '200',
  message: 'OK',
  result: 
   { items: [ [Object] ],
     session_token: 'f88dfc2d-4263-11e5-b0f8-0f6bed642eb9' } }
[2015-08-14 17:18:22.792] [INFO] console - user apply credit { user_id: 'UR0000006289',
  session_token: 'f88dfc2d-4263-11e5-b0f8-0f6bed642eb9' }
[2015-08-14 17:18:22.820] [INFO] console - get apply credit response body { code: '500',
  message: 'Incorrect datetime value: \'7891-23-45\' for function str_to_date',
  result: null }
[2015-08-14 17:22:07.538] [INFO] console - get response body { code: '200',
  message: 'OK',
  result: 
   { phone: '43424242342',
     id_number: '123456789123456789',
     id_verified: '1',
     session_token: 'f88dfc2d-4263-11e5-b0f8-0f6bed642eb9',
     image_url: '',
     email: 'cc7@163.com',
     status_bit: '23',
     dob: '78912345',
     name: 'cong6',
     user_id: 'UR0000006289' } }
[2015-08-14 17:22:07.790] [INFO] console - get response body { code: '200',
  message: 'OK',
  result: 
   { items: [ [Object] ],
     session_token: 'f88dfc2d-4263-11e5-b0f8-0f6bed642eb9' } }
[2015-08-14 17:22:07.790] [INFO] console - user register start
[2015-08-14 17:22:08.257] [INFO] console - get response body { code: '200',
  message: 'OK',
  result: 
   { phone: '43424242342',
     id_number: '123456789123456789',
     id_verified: '1',
     session_token: 'f88dfc2d-4263-11e5-b0f8-0f6bed642eb9',
     image_url: '',
     email: 'cc7@163.com',
     status_bit: '23',
     dob: '78912345',
     name: 'cong6',
     user_id: 'UR0000006289' } }
[2015-08-14 17:22:08.496] [INFO] console - get response body { code: '200',
  message: 'OK',
  result: 
   { items: [ [Object] ],
     session_token: 'f88dfc2d-4263-11e5-b0f8-0f6bed642eb9' } }
[2015-08-14 17:22:10.319] [INFO] console - get response body { code: '500',
  message: 'Incorrect datetime value: \'7891-23-45\' for function str_to_date',
  result: null }
[2015-08-14 17:22:10.324] [INFO] console - user register start
[2015-08-14 17:23:17.979] [INFO] console - user register start
[2015-08-14 17:23:25.468] [INFO] console - get post on checkout { merchant_name: '春田花花工作室', amount: '1234.00', currency: 'CNY' }
[2015-08-14 17:23:27.105] [INFO] console - user register start
[2015-08-14 17:23:31.113] [INFO] console - get response body { code: '200',
  message: 'OK',
  result: { resend_time: '60', code: '2409' } }
[2015-08-14 17:23:40.114] [INFO] console - get response body { code: '200',
  message: 'OK',
  result: { token: 'fa4adf3d5786a5c387f2051d76184b88' } }
[2015-08-14 17:23:46.551] [INFO] console - get response body { code: '200',
  message: 'OK',
  result: 
   { id_image_status: '0',
     info_bit: '0',
     status_bit: '1',
     user_id: 'UR0000006292',
     session_token: '178f48c0-4265-11e5-b0f8-0f6bed642eb9' } }
[2015-08-14 17:23:58.161] [INFO] console - get response body { code: '200',
  message: 'OK',
  result: 
   { status_bit: '3',
     session_token: '178f48c0-4265-11e5-b0f8-0f6bed642eb9' } }
[2015-08-14 17:24:02.050] [INFO] console - get response body { code: '200',
  message: 'OK',
  result: 
   { status_bit: '19',
     session_token: '178f48c0-4265-11e5-b0f8-0f6bed642eb9' } }
[2015-08-14 17:24:08.763] [INFO] console - get response body { code: '200',
  message: 'OK',
  result: 
   { bank_id: 'BI0000000003',
     bank_name: '中国农业银行',
     num_of_digits: '19',
     card_type: '借记卡',
     image_url: 'http://pierup-images.oss-cn-shenzhen.aliyuncs.com/BI0000000003.PNG',
     card_name: '金穗通宝卡(银联卡)' } }
[2015-08-14 17:24:14.994] [INFO] console - get response body { code: '200',
  message: 'OK',
  result: 
   { resend_time: '60',
     session_token: '178f48c0-4265-11e5-b0f8-0f6bed642eb9',
     bank_card_id: 'BC0000006294' } }
[2015-08-14 17:24:19.139] [INFO] console - get response body { code: '200',
  message: 'OK',
  result: 
   { status_bit: '23',
     session_token: '178f48c0-4265-11e5-b0f8-0f6bed642eb9' } }
[2015-08-14 17:24:19.187] [INFO] console - get response body { code: '200',
  message: 'OK',
  result: 
   { phone: '23131231321',
     id_number: '111111111111111111',
     id_verified: '1',
     session_token: '178f48c0-4265-11e5-b0f8-0f6bed642eb9',
     image_url: '',
     email: 'cong@163.com',
     status_bit: '23',
     dob: '11111111',
     name: 'cong7',
     user_id: 'UR0000006292' } }
[2015-08-14 17:24:19.412] [INFO] console - get response body { code: '200',
  message: 'OK',
  result: 
   { items: [ [Object] ],
     session_token: '178f48c0-4265-11e5-b0f8-0f6bed642eb9' } }
[2015-08-14 17:24:21.006] [INFO] console - get response body { code: '200',
  message: 'OK',
  result: 
   { inviter_reward_status: '',
     info_bit: '0',
     id_verified: '1',
     session_token: '178f48c0-4265-11e5-b0f8-0f6bed642eb9',
     category: '',
     credit_limit: '500',
     status_bit: '159',
     name: 'cong7',
     inviter_id: '',
     shadow_limit: '1000',
     reward_status: '' } }
[2015-08-14 17:25:39.442] [INFO] console - get response body { code: '200',
  message: 'OK',
  result: 
   { phone: '23131231321',
     id_number: '111111111111111111',
     id_verified: '1',
     session_token: '178f48c0-4265-11e5-b0f8-0f6bed642eb9',
     image_url: '',
     email: 'cong@163.com',
     status_bit: '159',
     dob: '11111111',
     name: 'cong7',
     user_id: 'UR0000006292' } }
[2015-08-14 17:25:39.697] [INFO] console - get response body { code: '200',
  message: 'OK',
  result: 
   { items: [ [Object] ],
     session_token: '178f48c0-4265-11e5-b0f8-0f6bed642eb9' } }
[2015-08-14 17:25:39.910] [INFO] console - user register start
[2015-08-14 17:25:40.147] [INFO] console - get response body { code: '200',
  message: 'OK',
  result: 
   { phone: '23131231321',
     id_number: '111111111111111111',
     id_verified: '1',
     session_token: '178f48c0-4265-11e5-b0f8-0f6bed642eb9',
     image_url: '',
     email: 'cong@163.com',
     status_bit: '159',
     dob: '11111111',
     name: 'cong7',
     user_id: 'UR0000006292' } }
[2015-08-14 17:25:40.403] [INFO] console - get response body { code: '200',
  message: 'OK',
  result: 
   { items: [ [Object] ],
     session_token: '178f48c0-4265-11e5-b0f8-0f6bed642eb9' } }
[2015-08-14 17:25:41.288] [INFO] console - get response body { code: '200',
  message: 'OK',
  result: 
   { inviter_reward_status: '',
     info_bit: '0',
     id_verified: '1',
     session_token: '178f48c0-4265-11e5-b0f8-0f6bed642eb9',
     category: '',
     credit_limit: '500',
     status_bit: '159',
     name: 'cong7',
     inviter_id: '',
     shadow_limit: '1000',
     reward_status: '' } }
[2015-08-14 17:26:31.854] [INFO] console - user register start
[2015-08-14 17:26:32.742] [INFO] console - user register start
[2015-08-14 17:26:38.936] [INFO] console - get response body { code: '200',
  message: 'OK',
  result: 
   { bank_id: 'BI0000000003',
     bank_name: '中国农业银行',
     num_of_digits: '19',
     card_type: '借记卡',
     image_url: 'http://pierup-images.oss-cn-shenzhen.aliyuncs.com/BI0000000003.PNG',
     card_name: '金穗通宝卡(银联卡)' } }
[2015-08-14 17:26:40.734] [INFO] console - get response body { code: '200',
  message: 'OK',
  result: 
   { resend_time: '60',
     session_token: '178f48c0-4265-11e5-b0f8-0f6bed642eb9',
     bank_card_id: 'BC0000006297' } }
[2015-08-14 17:26:43.149] [INFO] console - get response body { code: '200',
  message: 'OK',
  result: 
   { status_bit: '159',
     session_token: '178f48c0-4265-11e5-b0f8-0f6bed642eb9' } }
[2015-08-14 17:27:15.627] [INFO] console - get response body { code: '200',
  message: 'OK',
  result: 
   { status_bit: '159',
     session_token: '178f48c0-4265-11e5-b0f8-0f6bed642eb9' } }
[2015-08-14 17:27:51.408] [INFO] console - user register start
[2015-08-14 17:27:54.673] [INFO] console - get response body { code: '200',
  message: 'OK',
  result: { resend_time: '60', code: '7921' } }
[2015-08-14 17:27:59.723] [INFO] console - get response body { code: '200',
  message: 'OK',
  result: { token: '351cd8a823851665594be0167ce12af4' } }
[2015-08-14 17:28:06.640] [INFO] console - get response body { code: '200',
  message: 'OK',
  result: 
   { id_image_status: '0',
     info_bit: '0',
     status_bit: '1',
     user_id: 'UR0000006298',
     session_token: 'b2956d1b-4265-11e5-b0f8-0f6bed642eb9' } }
[2015-08-14 17:28:17.829] [INFO] console - get response body { code: '200',
  message: 'OK',
  result: 
   { status_bit: '3',
     session_token: 'b2956d1b-4265-11e5-b0f8-0f6bed642eb9' } }
[2015-08-14 17:28:20.945] [INFO] console - get response body { code: '200',
  message: 'OK',
  result: 
   { status_bit: '19',
     session_token: 'b2956d1b-4265-11e5-b0f8-0f6bed642eb9' } }
[2015-08-14 17:28:26.251] [INFO] console - get response body { code: '200',
  message: 'OK',
  result: 
   { bank_id: 'BI0000000003',
     bank_name: '中国农业银行',
     num_of_digits: '19',
     card_type: '借记卡',
     image_url: 'http://pierup-images.oss-cn-shenzhen.aliyuncs.com/BI0000000003.PNG',
     card_name: '金穗通宝卡(银联卡)' } }
[2015-08-14 17:28:28.862] [INFO] console - get response body { code: '200',
  message: 'OK',
  result: 
   { resend_time: '60',
     session_token: 'b2956d1b-4265-11e5-b0f8-0f6bed642eb9',
     bank_card_id: 'BC0000006300' } }
[2015-08-14 17:28:36.328] [INFO] console - get response body { code: '200',
  message: 'OK',
  result: 
   { status_bit: '23',
     session_token: 'b2956d1b-4265-11e5-b0f8-0f6bed642eb9' } }
[2015-08-14 17:28:36.617] [INFO] console - get response body { code: '200',
  message: 'OK',
  result: 
   { phone: '23132131311',
     id_number: '111111111111111111',
     id_verified: '1',
     session_token: 'b2956d1b-4265-11e5-b0f8-0f6bed642eb9',
     image_url: '',
     email: '1111@qq.com',
     status_bit: '23',
     dob: '11111111',
     name: 'cong7',
     user_id: 'UR0000006298' } }
[2015-08-14 17:28:36.653] [INFO] console - get response body { code: '200',
  message: 'OK',
  result: 
   { items: [ [Object] ],
     session_token: 'b2956d1b-4265-11e5-b0f8-0f6bed642eb9' } }
[2015-08-14 17:28:47.084] [INFO] console - get response body { code: '200',
  message: 'OK',
  result: 
   { inviter_reward_status: '',
     info_bit: '0',
     id_verified: '1',
     session_token: 'b2956d1b-4265-11e5-b0f8-0f6bed642eb9',
     category: '',
     credit_limit: '500',
     status_bit: '159',
     name: 'cong7',
     inviter_id: '',
     shadow_limit: '1000',
     reward_status: '' } }
[2015-08-14 17:28:47.100] [INFO] console - user register start
[2015-08-14 17:29:08.986] [INFO] console - get response body { code: '200',
  message: 'OK',
  result: 
   { phone: '23132131311',
     id_number: '111111111111111111',
     id_verified: '1',
     session_token: 'b2956d1b-4265-11e5-b0f8-0f6bed642eb9',
     image_url: '',
     email: '1111@qq.com',
     status_bit: '159',
     dob: '11111111',
     name: 'cong7',
     user_id: 'UR0000006298' } }
[2015-08-14 17:29:09.044] [INFO] console - get response body { code: '200',
  message: 'OK',
  result: 
   { items: [ [Object] ],
     session_token: 'b2956d1b-4265-11e5-b0f8-0f6bed642eb9' } }
[2015-08-14 17:29:11.942] [INFO] console - get response body { code: '200',
  message: 'OK',
  result: 
   { inviter_reward_status: '',
     info_bit: '0',
     id_verified: '1',
     session_token: 'b2956d1b-4265-11e5-b0f8-0f6bed642eb9',
     category: '',
     credit_limit: '500',
     status_bit: '159',
     name: 'cong7',
     inviter_id: '',
     shadow_limit: '1000',
     reward_status: '' } }
[2015-08-14 17:29:11.942] [INFO] console - user register start
[2015-08-14 17:29:14.976] [INFO] console - get response body { code: '200',
  message: 'OK',
  result: 
   { phone: '23132131311',
     id_number: '111111111111111111',
     id_verified: '1',
     session_token: 'b2956d1b-4265-11e5-b0f8-0f6bed642eb9',
     image_url: '',
     email: '1111@qq.com',
     status_bit: '159',
     dob: '11111111',
     name: 'cong7',
     user_id: 'UR0000006298' } }
[2015-08-14 17:29:15.033] [INFO] console - get response body { code: '200',
  message: 'OK',
  result: 
   { items: [ [Object] ],
     session_token: 'b2956d1b-4265-11e5-b0f8-0f6bed642eb9' } }
[2015-08-14 17:29:30.603] [INFO] console - get response body { code: '200',
  message: 'OK',
  result: 
   { status_bit: '159',
     session_token: 'b2956d1b-4265-11e5-b0f8-0f6bed642eb9' } }
[2015-08-14 17:29:31.584] [INFO] console - get response body { code: '200',
  message: 'OK',
  result: 
   { inviter_reward_status: '',
     info_bit: '0',
     id_verified: '1',
     session_token: 'b2956d1b-4265-11e5-b0f8-0f6bed642eb9',
     category: '',
     credit_limit: '500',
     status_bit: '159',
     name: 'cong7',
     inviter_id: '',
     shadow_limit: '1000',
     reward_status: '' } }
[2015-08-14 17:29:31.584] [INFO] console - user register start
[2015-08-14 17:30:58.762] [INFO] console - user register start
[2015-08-14 17:30:59.472] [INFO] console - user register start
[2015-08-14 17:30:59.980] [INFO] console - user register start
[2015-08-14 17:31:00.471] [INFO] console - user register start
[2015-08-14 17:31:00.830] [INFO] console - user register start
[2015-08-14 17:34:25.003] [INFO] console - get post on checkout { merchant_name: '春田花花工作室', amount: '1234.00', currency: 'CNY' }
[2015-08-14 17:34:26.181] [INFO] console - user register start
[2015-08-14 17:34:31.115] [INFO] console - get response body { code: '200',
  message: 'OK',
  result: { resend_time: '60', code: '1650' } }
[2015-08-14 17:34:35.830] [INFO] console - get response body { code: '200',
  message: 'OK',
  result: { token: '0e8d1d1af42e4f677067b319cbd1a0c6' } }
[2015-08-14 17:34:42.376] [INFO] console - get response body { code: '200',
  message: 'OK',
  result: 
   { id_image_status: '0',
     info_bit: '0',
     status_bit: '1',
     user_id: 'UR0000006304',
     session_token: '9e741751-4266-11e5-b0f8-0f6bed642eb9' } }
[2015-08-14 17:34:52.063] [INFO] console - get response body { code: '200',
  message: 'OK',
  result: 
   { status_bit: '3',
     session_token: '9e741751-4266-11e5-b0f8-0f6bed642eb9' } }
[2015-08-14 17:34:55.611] [INFO] console - get response body { code: '200',
  message: 'OK',
  result: 
   { status_bit: '19',
     session_token: '9e741751-4266-11e5-b0f8-0f6bed642eb9' } }
[2015-08-14 17:35:01.122] [INFO] console - get response body { code: '200',
  message: 'OK',
  result: 
   { bank_id: 'BI0000000003',
     bank_name: '中国农业银行',
     num_of_digits: '19',
     card_type: '借记卡',
     image_url: 'http://pierup-images.oss-cn-shenzhen.aliyuncs.com/BI0000000003.PNG',
     card_name: '金穗通宝卡(银联卡)' } }
[2015-08-14 17:35:07.644] [INFO] console - get response body { code: '200',
  message: 'OK',
  result: 
   { resend_time: '60',
     session_token: '9e741751-4266-11e5-b0f8-0f6bed642eb9',
     bank_card_id: 'BC0000006306' } }
[2015-08-14 17:35:11.215] [INFO] console - get response body { code: '200',
  message: 'OK',
  result: 
   { status_bit: '23',
     session_token: '9e741751-4266-11e5-b0f8-0f6bed642eb9' } }
[2015-08-14 17:35:11.282] [INFO] console - get response body { code: '200',
  message: 'OK',
  result: 
   { phone: '34233131321',
     id_number: '111111111111111111',
     id_verified: '1',
     session_token: '9e741751-4266-11e5-b0f8-0f6bed642eb9',
     image_url: '',
     email: 'cheng@163.com',
     status_bit: '23',
     dob: '11111111',
     name: 'cong7',
     user_id: 'UR0000006304' } }
[2015-08-14 17:35:11.319] [INFO] console - get response body { code: '200',
  message: 'OK',
  result: 
   { items: [ [Object] ],
     session_token: '9e741751-4266-11e5-b0f8-0f6bed642eb9' } }
[2015-08-14 17:35:14.371] [INFO] console - user apply credit { user_id: 'UR0000006304',
  session_token: '9e741751-4266-11e5-b0f8-0f6bed642eb9' }
[2015-08-14 17:35:14.641] [INFO] console - get apply credit response body { code: '200',
  message: 'OK',
  result: 
   { inviter_reward_status: '',
     info_bit: '0',
     id_verified: '1',
     session_token: '9e741751-4266-11e5-b0f8-0f6bed642eb9',
     category: '',
     credit_limit: '500',
     status_bit: '159',
     name: 'cong7',
     inviter_id: '',
     shadow_limit: '1000',
     reward_status: '' } }
[2015-08-14 17:41:53.360] [INFO] console - get post on checkout { merchant_name: '春田花花工作室', amount: '1234.00', currency: 'CNY' }
[2015-08-14 17:41:56.818] [INFO] console - user register start
[2015-08-14 17:42:02.526] [INFO] console - get response body { code: '200',
  message: 'OK',
  result: { resend_time: '60', code: '2378' } }
[2015-08-14 17:42:08.981] [INFO] console - get response body { code: '200',
  message: 'OK',
  result: { token: '558a433b15c170184a6472e734b6077c' } }
[2015-08-14 17:42:15.308] [INFO] console - get response body { code: '200',
  message: 'OK',
  result: 
   { id_image_status: '0',
     info_bit: '0',
     status_bit: '1',
     user_id: 'UR0000006308',
     session_token: 'ac6d6dbb-4267-11e5-b0f8-0f6bed642eb9' } }
[2015-08-14 17:42:25.612] [INFO] console - get response body { code: '1079',
  message: '该邮箱已经被注册过',
  result: 
   { status_bit: '1',
     session_token: 'ac6d6dbb-4267-11e5-b0f8-0f6bed642eb9' } }
[2015-08-14 17:42:29.044] [INFO] console - get response body { code: '200',
  message: 'OK',
  result: 
   { status_bit: '3',
     session_token: 'ac6d6dbb-4267-11e5-b0f8-0f6bed642eb9' } }
[2015-08-14 17:42:33.167] [INFO] console - get response body { code: '200',
  message: 'OK',
  result: 
   { status_bit: '19',
     session_token: 'ac6d6dbb-4267-11e5-b0f8-0f6bed642eb9' } }
[2015-08-14 17:42:36.131] [INFO] console - get response body { code: '500',
  message: 'Data truncation: Data too long for column \'_card_number\' at row 82',
  result: null }
[2015-08-14 17:42:39.957] [INFO] console - get response body { code: '500',
  message: 'Data truncation: Data too long for column \'_card_number\' at row 82',
  result: null }
[2015-08-14 17:42:45.448] [INFO] console - get response body { code: '1163', message: '不支持该银行卡', result: {} }
[2015-08-14 17:42:47.604] [INFO] console - get response body { code: '500',
  message: 'Data truncation: Data too long for column \'_card_number\' at row 82',
  result: null }
[2015-08-14 17:42:55.369] [INFO] console - get response body { code: '200',
  message: 'OK',
  result: 
   { bank_id: 'BI0000000003',
     bank_name: '中国农业银行',
     num_of_digits: '19',
     card_type: '借记卡',
     image_url: 'http://pierup-images.oss-cn-shenzhen.aliyuncs.com/BI0000000003.PNG',
     card_name: '金穗通宝卡(银联卡)' } }
[2015-08-14 17:42:59.174] [INFO] console - get response body { code: '200',
  message: 'OK',
  result: 
   { resend_time: '60',
     session_token: 'ac6d6dbb-4267-11e5-b0f8-0f6bed642eb9',
     bank_card_id: 'BC0000006310' } }
[2015-08-14 17:43:02.753] [INFO] console - get response body { code: '200',
  message: 'OK',
  result: 
   { status_bit: '23',
     session_token: 'ac6d6dbb-4267-11e5-b0f8-0f6bed642eb9' } }
[2015-08-14 17:43:03.029] [INFO] console - get response body { code: '200',
  message: 'OK',
  result: 
   { phone: '48561313161',
     id_number: '111111111111111112',
     id_verified: '1',
     session_token: 'ac6d6dbb-4267-11e5-b0f8-0f6bed642eb9',
     image_url: '',
     email: 'cheng123@163.com',
     status_bit: '23',
     dob: '11111111',
     name: 'cong7',
     user_id: 'UR0000006308' } }
[2015-08-14 17:43:03.057] [INFO] console - get response body { code: '200',
  message: 'OK',
  result: 
   { items: [ [Object] ],
     session_token: 'ac6d6dbb-4267-11e5-b0f8-0f6bed642eb9' } }
[2015-08-14 17:43:05.745] [INFO] console - user apply credit { user_id: 'UR0000006308',
  session_token: 'ac6d6dbb-4267-11e5-b0f8-0f6bed642eb9' }
[2015-08-14 17:43:05.792] [INFO] console - get apply credit response body { code: '200',
  message: 'OK',
  result: 
   { inviter_reward_status: '',
     info_bit: '0',
     id_verified: '1',
     session_token: 'ac6d6dbb-4267-11e5-b0f8-0f6bed642eb9',
     category: '',
     credit_limit: '500',
     status_bit: '159',
     name: 'cong7',
     inviter_id: '',
     shadow_limit: '1000',
     reward_status: '' } }
[2015-08-14 17:43:05.797] [INFO] console - get apply credit response body.code 200
[2015-08-14 17:43:15.415] [INFO] console - user apply credit { user_id: 'UR0000006308',
  session_token: 'ac6d6dbb-4267-11e5-b0f8-0f6bed642eb9' }
[2015-08-14 17:43:15.664] [INFO] console - get apply credit response body { code: '200',
  message: 'OK',
  result: 
   { inviter_reward_status: '',
     info_bit: '0',
     id_verified: '1',
     session_token: 'ac6d6dbb-4267-11e5-b0f8-0f6bed642eb9',
     category: '',
     credit_limit: '500',
     status_bit: '159',
     name: 'cong7',
     inviter_id: '',
     shadow_limit: '1000',
     reward_status: '' } }
[2015-08-14 17:43:15.670] [INFO] console - get apply credit response body.code 200
[2015-08-14 17:47:29.268] [INFO] console - user apply credit { user_id: 'UR0000006308',
  session_token: 'ac6d6dbb-4267-11e5-b0f8-0f6bed642eb9' }
[2015-08-14 17:47:29.594] [INFO] console - get apply credit response body { code: '200',
  message: 'OK',
  result: 
   { inviter_reward_status: '',
     info_bit: '0',
     id_verified: '1',
     session_token: 'ac6d6dbb-4267-11e5-b0f8-0f6bed642eb9',
     category: '',
     credit_limit: '500',
     status_bit: '159',
     name: 'cong7',
     inviter_id: '',
     shadow_limit: '1000',
     reward_status: '' } }
[2015-08-14 17:47:29.597] [INFO] console - get apply credit response body.code 200
[2015-08-14 17:48:16.961] [INFO] console - user apply credit { user_id: 'UR0000006308',
  session_token: 'ac6d6dbb-4267-11e5-b0f8-0f6bed642eb9' }
[2015-08-14 17:48:17.215] [INFO] console - get apply credit response body { code: '200',
  message: 'OK',
  result: 
   { inviter_reward_status: '',
     info_bit: '0',
     id_verified: '1',
     session_token: 'ac6d6dbb-4267-11e5-b0f8-0f6bed642eb9',
     category: '',
     credit_limit: '500',
     status_bit: '159',
     name: 'cong7',
     inviter_id: '',
     shadow_limit: '1000',
     reward_status: '' } }
[2015-08-14 17:48:17.219] [INFO] console - get apply credit response body.code 200
[2015-08-14 17:48:22.094] [INFO] console - get post on checkout { merchant_name: '春田花花工作室', amount: '1234.00', currency: 'CNY' }
[2015-08-14 17:48:23.728] [INFO] console - user register start
[2015-08-14 17:48:31.861] [INFO] console - get response body { code: '200',
  message: 'OK',
  result: { resend_time: '60', code: '7546' } }
[2015-08-14 17:48:41.452] [INFO] console - get response body { code: '200',
  message: 'OK',
  result: { token: '93d65e1f7c3e32e5c6f3df216fed9ac4' } }
[2015-08-14 17:48:47.900] [INFO] console - get response body { code: '200',
  message: 'OK',
  result: 
   { id_image_status: '0',
     info_bit: '0',
     status_bit: '1',
     user_id: 'UR0000006318',
     session_token: '966e94b8-4268-11e5-b0f8-0f6bed642eb9' } }
[2015-08-14 17:48:56.398] [INFO] console - get response body { code: '200',
  message: 'OK',
  result: 
   { status_bit: '3',
     session_token: '966e94b8-4268-11e5-b0f8-0f6bed642eb9' } }
[2015-08-14 17:48:59.346] [INFO] console - get response body { code: '200',
  message: 'OK',
  result: 
   { status_bit: '19',
     session_token: '966e94b8-4268-11e5-b0f8-0f6bed642eb9' } }
[2015-08-14 17:49:06.126] [INFO] console - get response body { code: '200',
  message: 'OK',
  result: 
   { bank_id: 'BI0000000003',
     bank_name: '中国农业银行',
     num_of_digits: '19',
     card_type: '借记卡',
     image_url: 'http://pierup-images.oss-cn-shenzhen.aliyuncs.com/BI0000000003.PNG',
     card_name: '金穗通宝卡(银联卡)' } }
[2015-08-14 17:49:10.199] [INFO] console - get response body { code: '200',
  message: 'OK',
  result: 
   { resend_time: '60',
     session_token: '966e94b8-4268-11e5-b0f8-0f6bed642eb9',
     bank_card_id: 'BC0000006320' } }
[2015-08-14 17:49:13.857] [INFO] console - get response body { code: '200',
  message: 'OK',
  result: 
   { status_bit: '23',
     session_token: '966e94b8-4268-11e5-b0f8-0f6bed642eb9' } }
[2015-08-14 17:49:13.902] [INFO] console - get response body { code: '200',
  message: 'OK',
  result: 
   { phone: '11112332332',
     id_number: '111111111111111111',
     id_verified: '1',
     session_token: '966e94b8-4268-11e5-b0f8-0f6bed642eb9',
     image_url: '',
     email: '11111@126.com',
     status_bit: '23',
     dob: '11111111',
     name: 'cong2',
     user_id: 'UR0000006318' } }
[2015-08-14 17:49:13.928] [INFO] console - get response body { code: '200',
  message: 'OK',
  result: 
   { items: [ [Object] ],
     session_token: '966e94b8-4268-11e5-b0f8-0f6bed642eb9' } }
[2015-08-14 17:49:15.477] [INFO] console - user apply credit { user_id: 'UR0000006318',
  session_token: '966e94b8-4268-11e5-b0f8-0f6bed642eb9' }
[2015-08-14 17:49:15.521] [INFO] console - get apply credit response body { code: '200',
  message: 'OK',
  result: 
   { inviter_reward_status: '',
     info_bit: '0',
     id_verified: '1',
     session_token: '966e94b8-4268-11e5-b0f8-0f6bed642eb9',
     category: '',
     credit_limit: '500',
     status_bit: '159',
     name: 'cong2',
     inviter_id: '',
     shadow_limit: '1000',
     reward_status: '' } }
[2015-08-14 17:49:15.524] [INFO] console - get apply credit response body.code 200
[2015-08-14 17:52:33.028] [INFO] console - user register start
[2015-08-14 17:54:08.374] [INFO] console - get response body { code: '200',
  message: 'OK',
  result: 
   { phone: '11112332332',
     id_number: '111111111111111111',
     id_verified: '1',
     session_token: '966e94b8-4268-11e5-b0f8-0f6bed642eb9',
     image_url: '',
     email: '11111@126.com',
     status_bit: '159',
     dob: '11111111',
     name: 'cong2',
     user_id: 'UR0000006318' } }
[2015-08-14 17:54:08.424] [INFO] console - get response body { code: '200',
  message: 'OK',
  result: 
   { items: [ [Object] ],
     session_token: '966e94b8-4268-11e5-b0f8-0f6bed642eb9' } }
[2015-08-14 17:54:10.355] [INFO] console - user register start
[2015-08-14 17:54:10.812] [INFO] console - get response body { code: '200',
  message: 'OK',
  result: 
   { phone: '11112332332',
     id_number: '111111111111111111',
     id_verified: '1',
     session_token: '966e94b8-4268-11e5-b0f8-0f6bed642eb9',
     image_url: '',
     email: '11111@126.com',
     status_bit: '159',
     dob: '11111111',
     name: 'cong2',
     user_id: 'UR0000006318' } }
[2015-08-14 17:54:10.840] [INFO] console - get response body { code: '200',
  message: 'OK',
  result: 
   { items: [ [Object] ],
     session_token: '966e94b8-4268-11e5-b0f8-0f6bed642eb9' } }
[2015-08-14 17:54:11.837] [INFO] console - user apply credit { user_id: 'UR0000006318',
  session_token: '966e94b8-4268-11e5-b0f8-0f6bed642eb9' }
[2015-08-14 17:54:12.075] [INFO] console - get apply credit response body { code: '200',
  message: 'OK',
  result: 
   { inviter_reward_status: '',
     info_bit: '0',
     id_verified: '1',
     session_token: '966e94b8-4268-11e5-b0f8-0f6bed642eb9',
     category: '',
     credit_limit: '500',
     status_bit: '159',
     name: 'cong2',
     inviter_id: '',
     shadow_limit: '1000',
     reward_status: '' } }
[2015-08-14 17:54:12.077] [INFO] console - get apply credit response body.code 200
[2015-08-14 17:54:44.236] [INFO] console - user apply credit { user_id: 'UR0000006318',
  session_token: '966e94b8-4268-11e5-b0f8-0f6bed642eb9' }
[2015-08-14 17:54:44.285] [INFO] console - get apply credit response body { code: '200',
  message: 'OK',
  result: 
   { inviter_reward_status: '',
     info_bit: '0',
     id_verified: '1',
     session_token: '966e94b8-4268-11e5-b0f8-0f6bed642eb9',
     category: '',
     credit_limit: '500',
     status_bit: '159',
     name: 'cong2',
     inviter_id: '',
     shadow_limit: '1000',
     reward_status: '' } }
[2015-08-14 17:54:44.286] [INFO] console - aaaaaaaaaaa { code: '200',
  message: 'OK',
  result: 
   { inviter_reward_status: '',
     info_bit: '0',
     id_verified: '1',
     session_token: '966e94b8-4268-11e5-b0f8-0f6bed642eb9',
     category: '',
     credit_limit: '500',
     status_bit: '159',
     name: 'cong2',
     inviter_id: '',
     shadow_limit: '1000',
     reward_status: '' },
  title: '申请信用成功' }
[2015-08-14 17:55:47.311] [INFO] console - user apply credit { user_id: 'UR0000006318',
  session_token: '966e94b8-4268-11e5-b0f8-0f6bed642eb9' }
[2015-08-14 17:55:47.559] [INFO] console - get apply credit response body { code: '200',
  message: 'OK',
  result: 
   { inviter_reward_status: '',
     info_bit: '0',
     id_verified: '1',
     session_token: '966e94b8-4268-11e5-b0f8-0f6bed642eb9',
     category: '',
     credit_limit: '500',
     status_bit: '159',
     name: 'cong2',
     inviter_id: '',
     shadow_limit: '1000',
     reward_status: '' } }
[2015-08-14 17:55:47.564] [INFO] console - aaaaaaaaaaa { code: '200',
  message: 'OK',
  result: 
   { inviter_reward_status: '',
     info_bit: '0',
     id_verified: '1',
     session_token: '966e94b8-4268-11e5-b0f8-0f6bed642eb9',
     category: '',
     credit_limit: '500',
     status_bit: '159',
     name: 'cong2',
     inviter_id: '',
     shadow_limit: '1000',
     reward_status: '' },
  title: '申请信用成功' }
[2015-08-14 17:56:02.989] [INFO] console - user apply credit { user_id: 'UR0000006318',
  session_token: '966e94b8-4268-11e5-b0f8-0f6bed642eb9' }
[2015-08-14 17:56:03.232] [INFO] console - get apply credit response body { code: '200',
  message: 'OK',
  result: 
   { inviter_reward_status: '',
     info_bit: '0',
     id_verified: '1',
     session_token: '99c67a99-4269-11e5-b0f8-0f6bed642eb9',
     category: '',
     credit_limit: '500',
     status_bit: '159',
     name: 'cong2',
     inviter_id: '',
     shadow_limit: '1000',
     reward_status: '' } }
[2015-08-14 17:56:03.239] [INFO] console - aaaaaaaaaaa { code: '200',
  message: 'OK',
  result: 
   { inviter_reward_status: '',
     info_bit: '0',
     id_verified: '1',
     session_token: '99c67a99-4269-11e5-b0f8-0f6bed642eb9',
     category: '',
     credit_limit: '500',
     status_bit: '159',
     name: 'cong2',
     inviter_id: '',
     shadow_limit: '1000',
     reward_status: '' },
  title: '申请信用成功' }
[2015-08-14 17:56:52.474] [INFO] console - user apply credit { user_id: 'UR0000006318',
  session_token: '966e94b8-4268-11e5-b0f8-0f6bed642eb9' }
[2015-08-14 17:56:52.502] [INFO] console - get apply credit response body { code: '1001',
  message: '会话已过期，请重新登录',
  result: 
   { inviter_reward_status: '',
     info_bit: '0',
     id_verified: '1',
     session_token: '966e94b8-4268-11e5-b0f8-0f6bed642eb9',
     category: '',
     credit_limit: '',
     status_bit: '159',
     name: 'cong2',
     inviter_id: '',
     shadow_limit: '',
     reward_status: '' } }
[2015-08-14 17:57:14.431] [INFO] console - get post on checkout { merchant_name: '春田花花工作室', amount: '1234.00', currency: 'CNY' }
[2015-08-14 17:57:16.043] [INFO] console - user register start
[2015-08-14 17:57:22.638] [INFO] console - get response body { code: '200',
  message: 'OK',
  result: { resend_time: '60', code: '6344' } }
[2015-08-14 17:57:27.701] [INFO] console - get response body { code: '200',
  message: 'OK',
  result: { token: 'd57670021ea44de99b234978b03291a9' } }
[2015-08-14 17:57:36.164] [INFO] console - get response body { code: '200',
  message: 'OK',
  result: 
   { id_image_status: '0',
     info_bit: '0',
     status_bit: '1',
     user_id: 'UR0000006326',
     session_token: 'd14d5154-4269-11e5-b0f8-0f6bed642eb9' } }
[2015-08-14 17:57:45.371] [INFO] console - get response body { code: '200',
  message: 'OK',
  result: 
   { status_bit: '3',
     session_token: 'd14d5154-4269-11e5-b0f8-0f6bed642eb9' } }
[2015-08-14 17:57:48.554] [INFO] console - get response body { code: '200',
  message: 'OK',
  result: 
   { status_bit: '19',
     session_token: 'd14d5154-4269-11e5-b0f8-0f6bed642eb9' } }
[2015-08-14 17:57:52.702] [INFO] console - get response body { code: '200',
  message: 'OK',
  result: 
   { bank_id: 'BI0000000003',
     bank_name: '中国农业银行',
     num_of_digits: '19',
     card_type: '借记卡',
     image_url: 'http://pierup-images.oss-cn-shenzhen.aliyuncs.com/BI0000000003.PNG',
     card_name: '金穗通宝卡(银联卡)' } }
[2015-08-14 17:57:57.541] [INFO] console - get response body { code: '200',
  message: 'OK',
  result: 
   { resend_time: '60',
     session_token: 'd14d5154-4269-11e5-b0f8-0f6bed642eb9',
     bank_card_id: 'BC0000006328' } }
[2015-08-14 17:58:01.583] [INFO] console - get response body { code: '200',
  message: 'OK',
  result: 
   { status_bit: '23',
     session_token: 'd14d5154-4269-11e5-b0f8-0f6bed642eb9' } }
[2015-08-14 17:58:01.626] [INFO] console - get response body { code: '200',
  message: 'OK',
  result: 
   { phone: '12455822313',
     id_number: '111111111111111111',
     id_verified: '1',
     session_token: 'd14d5154-4269-11e5-b0f8-0f6bed642eb9',
     image_url: '',
     email: '111111111@126.com',
     status_bit: '23',
     dob: '11111111',
     name: 'cong8',
     user_id: 'UR0000006326' } }
[2015-08-14 17:58:01.653] [INFO] console - get response body { code: '200',
  message: 'OK',
  result: 
   { items: [ [Object] ],
     session_token: 'd14d5154-4269-11e5-b0f8-0f6bed642eb9' } }
[2015-08-14 17:58:07.848] [INFO] console - user apply credit { user_id: 'UR0000006326',
  session_token: 'd14d5154-4269-11e5-b0f8-0f6bed642eb9' }
[2015-08-14 17:58:07.865] [INFO] console - get response body { code: '200',
  message: 'OK',
  result: 
   { status_bit: '23',
     session_token: 'd14d5154-4269-11e5-b0f8-0f6bed642eb9' } }
[2015-08-14 17:58:08.089] [INFO] console - get apply credit response body { code: '200',
  message: 'OK',
  result: 
   { inviter_reward_status: '',
     info_bit: '0',
     id_verified: '1',
     session_token: 'd14d5154-4269-11e5-b0f8-0f6bed642eb9',
     category: '',
     credit_limit: '500',
     status_bit: '159',
     name: 'cong8',
     inviter_id: '',
     shadow_limit: '1000',
     reward_status: '' } }
[2015-08-14 17:58:08.090] [INFO] console - aaaaaaaaaaa { code: '200',
  message: 'OK',
  result: 
   { inviter_reward_status: '',
     info_bit: '0',
     id_verified: '1',
     session_token: 'd14d5154-4269-11e5-b0f8-0f6bed642eb9',
     category: '',
     credit_limit: '500',
     status_bit: '159',
     name: 'cong8',
     inviter_id: '',
     shadow_limit: '1000',
     reward_status: '' },
  title: '申请信用成功' }
[2015-08-14 17:59:20.443] [INFO] console - user apply credit { user_id: 'UR0000006326',
  session_token: 'd14d5154-4269-11e5-b0f8-0f6bed642eb9' }
[2015-08-14 17:59:20.491] [INFO] console - get apply credit response body { code: '200',
  message: 'OK',
  result: 
   { inviter_reward_status: '',
     info_bit: '0',
     id_verified: '1',
     session_token: 'd14d5154-4269-11e5-b0f8-0f6bed642eb9',
     category: '',
     credit_limit: '500',
     status_bit: '159',
     name: 'cong8',
     inviter_id: '',
     shadow_limit: '1000',
     reward_status: '' } }
[2015-08-14 17:59:20.492] [INFO] console - aaaaaaaaaaa { code: '200',
  message: 'OK',
  result: 
   { inviter_reward_status: '',
     info_bit: '0',
     id_verified: '1',
     session_token: 'd14d5154-4269-11e5-b0f8-0f6bed642eb9',
     category: '',
     credit_limit: '500',
     status_bit: '159',
     name: 'cong8',
     inviter_id: '',
     shadow_limit: '1000',
     reward_status: '' },
  title: '申请信用成功' }
[2015-08-14 17:59:49.237] [INFO] console - user apply credit { user_id: 'UR0000006326',
  session_token: 'd14d5154-4269-11e5-b0f8-0f6bed642eb9' }
[2015-08-14 17:59:49.295] [INFO] console - get apply credit response body { code: '200',
  message: 'OK',
  result: 
   { inviter_reward_status: '',
     info_bit: '0',
     id_verified: '1',
     session_token: 'd14d5154-4269-11e5-b0f8-0f6bed642eb9',
     category: '',
     credit_limit: '500',
     status_bit: '159',
     name: 'cong8',
     inviter_id: '',
     shadow_limit: '1000',
     reward_status: '' } }
[2015-08-14 17:59:49.296] [INFO] console - aaaaaaaaaaa { code: '200',
  message: 'OK',
  result: 
   { inviter_reward_status: '',
     info_bit: '0',
     id_verified: '1',
     session_token: 'd14d5154-4269-11e5-b0f8-0f6bed642eb9',
     category: '',
     credit_limit: '500',
     status_bit: '159',
     name: 'cong8',
     inviter_id: '',
     shadow_limit: '1000',
     reward_status: '' },
  title: '申请信用成功' }
[2015-08-14 18:01:22.212] [INFO] console - get post on checkout { merchant_name: '春田花花工作室', amount: '1234.00', currency: 'CNY' }
[2015-08-14 18:01:56.063] [INFO] console - user apply credit { user_id: 'UR0000006326',
  session_token: 'd14d5154-4269-11e5-b0f8-0f6bed642eb9' }
[2015-08-14 18:01:56.120] [INFO] console - get apply credit response body { code: '200',
  message: 'OK',
  result: 
   { inviter_reward_status: '',
     info_bit: '0',
     id_verified: '1',
     session_token: 'd14d5154-4269-11e5-b0f8-0f6bed642eb9',
     category: '',
     credit_limit: '500',
     status_bit: '159',
     name: 'cong8',
     inviter_id: '',
     shadow_limit: '1000',
     reward_status: '' } }
[2015-08-14 18:01:56.121] [INFO] console - aaaaaaaaaaa { code: '200',
  message: 'OK',
  result: 
   { inviter_reward_status: '',
     info_bit: '0',
     id_verified: '1',
     session_token: 'd14d5154-4269-11e5-b0f8-0f6bed642eb9',
     category: '',
     credit_limit: '500',
     status_bit: '159',
     name: 'cong8',
     inviter_id: '',
     shadow_limit: '1000',
     reward_status: '' },
  title: '申请信用成功' }
[2015-08-14 18:02:36.487] [INFO] console - user apply credit { user_id: 'UR0000006326',
  session_token: 'd14d5154-4269-11e5-b0f8-0f6bed642eb9' }
[2015-08-14 18:02:36.532] [INFO] console - get apply credit response body { code: '200',
  message: 'OK',
  result: 
   { inviter_reward_status: '',
     info_bit: '0',
     id_verified: '1',
     session_token: 'd14d5154-4269-11e5-b0f8-0f6bed642eb9',
     category: '',
     credit_limit: '500',
     status_bit: '159',
     name: 'cong8',
     inviter_id: '',
     shadow_limit: '1000',
     reward_status: '' } }
[2015-08-14 18:02:36.534] [INFO] console - aaaaaaaaaaa { code: '200',
  message: 'OK',
  result: 
   { inviter_reward_status: '',
     info_bit: '0',
     id_verified: '1',
     session_token: 'd14d5154-4269-11e5-b0f8-0f6bed642eb9',
     category: '',
     credit_limit: '500',
     status_bit: '159',
     name: 'cong8',
     inviter_id: '',
     shadow_limit: '1000',
     reward_status: '' },
  title: '申请信用成功' }
[2015-08-14 18:02:54.135] [INFO] console - user apply credit { user_id: 'UR0000006326',
  session_token: 'd14d5154-4269-11e5-b0f8-0f6bed642eb9' }
[2015-08-14 18:02:54.456] [INFO] console - get apply credit response body { code: '200',
  message: 'OK',
  result: 
   { inviter_reward_status: '',
     info_bit: '0',
     id_verified: '1',
     session_token: 'd14d5154-4269-11e5-b0f8-0f6bed642eb9',
     category: '',
     credit_limit: '500',
     status_bit: '159',
     name: 'cong8',
     inviter_id: '',
     shadow_limit: '1000',
     reward_status: '' } }
[2015-08-14 18:02:54.465] [INFO] console - aaaaaaaaaaa { code: '200',
  message: 'OK',
  result: 
   { inviter_reward_status: '',
     info_bit: '0',
     id_verified: '1',
     session_token: 'd14d5154-4269-11e5-b0f8-0f6bed642eb9',
     category: '',
     credit_limit: '500',
     status_bit: '159',
     name: 'cong8',
     inviter_id: '',
     shadow_limit: '1000',
     reward_status: '' },
  title: '申请信用成功' }
[2015-08-14 18:03:14.247] [INFO] console - user apply credit { user_id: 'UR0000006326',
  session_token: 'd14d5154-4269-11e5-b0f8-0f6bed642eb9' }
[2015-08-14 18:03:14.290] [INFO] console - get apply credit response body { code: '200',
  message: 'OK',
  result: 
   { inviter_reward_status: '',
     info_bit: '0',
     id_verified: '1',
     session_token: 'd14d5154-4269-11e5-b0f8-0f6bed642eb9',
     category: '',
     credit_limit: '500',
     status_bit: '159',
     name: 'cong8',
     inviter_id: '',
     shadow_limit: '1000',
     reward_status: '' } }
[2015-08-14 18:03:14.291] [INFO] console - aaaaaaaaaaa { code: '200',
  message: 'OK',
  result: 
   { inviter_reward_status: '',
     info_bit: '0',
     id_verified: '1',
     session_token: 'd14d5154-4269-11e5-b0f8-0f6bed642eb9',
     category: '',
     credit_limit: '500',
     status_bit: '159',
     name: 'cong8',
     inviter_id: '',
     shadow_limit: '1000',
     reward_status: '' },
  title: '申请信用成功' }
[2015-08-14 18:05:58.672] [INFO] console - get post on checkout { merchant_name: '春田花花工作室', amount: '1234.00', currency: 'CNY' }
[2015-08-14 18:06:09.272] [INFO] console - get post on checkout { merchant_name: '春田花花工作室', amount: '1234.00', currency: 'CNY' }
[2015-08-14 18:25:18.666] [INFO] console - get post on checkout { merchant_name: '春田花花工作室', amount: '1234.00', currency: 'CNY' }
[2015-08-17 09:42:41.331] [INFO] console - get post on checkout { merchant_name: '春田花花工作室', amount: '1234.00', currency: 'CNY' }
[2015-08-17 10:23:52.618] [INFO] console - get post on checkout { merchant_name: '春田花花工作室', amount: '1234.00', currency: 'CNY' }
