[2015-09-15 10:03:22.449] [INFO] console - user register start
[2015-09-15 10:30:11.619] [INFO] console - user register start
[2015-09-15 10:30:12.001] [INFO] console - user register start
[2015-09-15 10:30:12.239] [INFO] console - user register start
[2015-09-15 10:30:27.000] [INFO] console - get response body { code: '200',
  message: 'OK',
  result: { resend_time: '60', code: '8244' } }
[2015-09-15 10:30:29.661] [INFO] console - get response body { code: '200',
  message: 'OK',
  result: { token: '6d3d23a95fe7526e8406db76a18a1f8a' } }
[2015-09-15 10:30:35.119] [INFO] console - get response body { code: '200',
  message: 'OK',
  result: 
   { id_image_status: '0',
     info_bit: '0',
     status_bit: '1',
     user_id: 'UR0000008475',
     session_token: '2ca5547c-5b51-11e5-9b56-ac853da464e1' } }
[2015-09-15 10:31:02.831] [INFO] console - get response body { code: '200',
  message: 'OK',
  result: 
   { status_bit: '3',
     session_token: '2ca5547c-5b51-11e5-9b56-ac853da464e1' } }
[2015-09-15 10:31:07.826] [INFO] console - get response body { code: '200',
  message: 'OK',
  result: 
   { status_bit: '19',
     session_token: '2ca5547c-5b51-11e5-9b56-ac853da464e1' } }
[2015-09-15 10:31:20.586] [INFO] console - user register start
[2015-09-15 10:31:54.523] [INFO] console - user register start
[2015-09-15 10:31:55.437] [INFO] console - user register start
[2015-09-15 10:32:00.701] [INFO] console - get response body { code: '200',
  message: 'OK',
  result: 
   { status_bit: '19',
     session_token: '2ca5547c-5b51-11e5-9b56-ac853da464e1' } }
[2015-09-15 10:39:36.207] [INFO] console - user register start
[2015-09-15 11:05:19.315] [INFO] console - user register start
[2015-09-15 11:06:58.931] [INFO] console - user register start
[2015-09-15 11:07:00.311] [INFO] console - user register start
[2015-09-15 11:07:01.405] [INFO] console - aaaaaaaaaaaaaaaa {"acct_name":"程聪","app_request":"3","bg_color":"7b37a6","busi_partner":"101001","card_no":"6212261001015792325","dt_order":"20150915104027","id_no":"350783199204095532","info_order":"购买高级套房一间","money_order":"0.01","name_goods":"高级套房一间","no_agree":"","no_order":"20150915104027","notify_url":"http://ip:port/wepdemo/notify.htm","oid_partner":"201306031000001013","risk_item":"{\"user_info_bind_phone\":\"13248269098\",\"user_info_dt_register\":\"20131030122130\",\"risk_state\":\"1\",\"frms_ware_category\":\"1009\"}","sign":"fc86e94a722879c06851fc4c958d3c74","sign_type":"MD5","url_return":"http://ip:port/wepdemo/urlReturn.jsp","user_id":"22222222","valid_order":"30"}
[2015-09-15 11:09:01.705] [INFO] console - aaaaaaaaaaaaaaaa {"acct_name":"程聪","app_request":"3","bg_color":"7b37a6","busi_partner":"101001","card_no":"6212261001015792325","dt_order":"20150915104027","id_no":"350783199204095532","info_order":"购买高级套房一间","money_order":"0.01","name_goods":"高级套房一间","no_agree":"","no_order":"20150915104027","notify_url":"http://ip:port/wepdemo/notify.htm","oid_partner":"201306031000001013","risk_item":"{\"user_info_bind_phone\":\"13248269098\",\"user_info_dt_register\":\"20131030122130\",\"risk_state\":\"1\",\"frms_ware_category\":\"1009\"}","sign":"fc86e94a722879c06851fc4c958d3c74","sign_type":"MD5","url_return":"http://ip:port/wepdemo/urlReturn.jsp","user_id":"22222222","valid_order":"30"}
[2015-09-15 11:17:48.328] [INFO] console - user register start
[2015-09-15 11:17:49.573] [INFO] console - user register start
[2015-09-15 11:17:50.773] [INFO] console - aaaaaaaaaaaaaaaa {"acct_name":"程聪","app_request":"3","bg_color":"7b37a6","busi_partner":"101001","card_no":"6212261001015792325","dt_order":"20150915104027","id_no":"350783199204095532","info_order":"购买高级套房一间","money_order":"0.01","name_goods":"高级套房一间","no_agree":"","no_order":"20150915104027","notify_url":"http://ip:port/wepdemo/notify.htm","oid_partner":"201306031000001013","risk_item":"{\"user_info_bind_phone\":\"13248269098\",\"user_info_dt_register\":\"20131030122130\",\"risk_state\":\"1\",\"frms_ware_category\":\"1009\"}","sign":"fc86e94a722879c06851fc4c958d3c74","sign_type":"MD5","url_return":"http://ip:port/wepdemo/urlReturn.jsp","user_id":"22222222","valid_order":"30"}
[2015-09-15 11:17:50.966] [INFO] console - bbbbbbbbbbbbbbbb 

<!DOCTYPE HTML>
<html>
<head>
<meta http-equiv="Content-Type" content="text/html; charset=utf-8">
<meta charset="utf-8">
<meta name="viewport"
	content="width=device-width, initial-scale=1.0, maximum-scale=1.0, user-scalable=no">
<meta name="apple-mobile-web-app-capable" content="yes">
<meta name="apple-mobile-web-app-status-bar-style" content="black">
<meta name="format-detection" content="telephone=no">
<title>连连支付</title>
<link href="css/style.css" type="text/css" rel="stylesheet">
</head>
<body>
	<div class="header">
		<a href="javascript:history.go(-1);" class="back">返回</a>
		<h1 class="logo">连连支付</h1>
		<a href="about.html" class="about">关于</a>
	</div>

	<div class="result 
			fail">
		<h3>
			<i class="iconfont"></i><span>
			支付失败</span>
		</h3>
		<p id="errorMsg">请求报文为空[1011]</p>
	</div>
	<div class="warp">
		<a id="back_href" href="javascript:history.go(-1);" class="btn color">返回商户</a> <a
			href="tel:4006005200" class="btn" style="margin-top: 15px">客服热线：400-600-5200</a>
	</div>
</body>
</html>
[2015-09-15 11:18:43.604] [INFO] console - aaaaaaaaaaaaaaaa {"acct_name":"程聪","app_request":"3","bg_color":"7b37a6","busi_partner":"101001","card_no":"6212261001015792325","dt_order":"20150915104027","id_no":"350783199204095532","info_order":"购买高级套房一间","money_order":"0.01","name_goods":"高级套房一间","no_agree":"","no_order":"20150915104027","notify_url":"http://ip:port/wepdemo/notify.htm","oid_partner":"201306031000001013","risk_item":"{\"user_info_bind_phone\":\"13248269098\",\"user_info_dt_register\":\"20131030122130\",\"risk_state\":\"1\",\"frms_ware_category\":\"1009\"}","sign":"fc86e94a722879c06851fc4c958d3c74","sign_type":"MD5","url_return":"http://ip:port/wepdemo/urlReturn.jsp","user_id":"22222222","valid_order":"30"}
[2015-09-15 11:18:43.774] [INFO] console - bbbbbbbbbbbbbbbb 

<!DOCTYPE HTML>
<html>
<head>
<meta http-equiv="Content-Type" content="text/html; charset=utf-8">
<meta charset="utf-8">
<meta name="viewport"
	content="width=device-width, initial-scale=1.0, maximum-scale=1.0, user-scalable=no">
<meta name="apple-mobile-web-app-capable" content="yes">
<meta name="apple-mobile-web-app-status-bar-style" content="black">
<meta name="format-detection" content="telephone=no">
<title>连连支付</title>
<link href="css/style.css" type="text/css" rel="stylesheet">
</head>
<body>
	<div class="header">
		<a href="javascript:history.go(-1);" class="back">返回</a>
		<h1 class="logo">连连支付</h1>
		<a href="about.html" class="about">关于</a>
	</div>

	<div class="result 
			fail">
		<h3>
			<i class="iconfont"></i><span>
			支付失败</span>
		</h3>
		<p id="errorMsg">请求报文为空[1011]</p>
	</div>
	<div class="warp">
		<a id="back_href" href="javascript:history.go(-1);" class="btn color">返回商户</a> <a
			href="tel:4006005200" class="btn" style="margin-top: 15px">客服热线：400-600-5200</a>
	</div>
</body>
</html>
[2015-09-15 11:18:46.675] [INFO] console - user register start
[2015-09-15 11:18:47.373] [INFO] console - user register start
[2015-09-15 11:18:48.314] [INFO] console - aaaaaaaaaaaaaaaa {"acct_name":"程聪","app_request":"3","bg_color":"7b37a6","busi_partner":"101001","card_no":"6212261001015792325","dt_order":"20150915104027","id_no":"350783199204095532","info_order":"购买高级套房一间","money_order":"0.01","name_goods":"高级套房一间","no_agree":"","no_order":"20150915104027","notify_url":"http://ip:port/wepdemo/notify.htm","oid_partner":"201306031000001013","risk_item":"{\"user_info_bind_phone\":\"13248269098\",\"user_info_dt_register\":\"20131030122130\",\"risk_state\":\"1\",\"frms_ware_category\":\"1009\"}","sign":"fc86e94a722879c06851fc4c958d3c74","sign_type":"MD5","url_return":"http://ip:port/wepdemo/urlReturn.jsp","user_id":"22222222","valid_order":"30"}
[2015-09-15 11:18:48.522] [INFO] console - bbbbbbbbbbbbbbbb 

<!DOCTYPE HTML>
<html>
<head>
<meta http-equiv="Content-Type" content="text/html; charset=utf-8">
<meta charset="utf-8">
<meta name="viewport"
	content="width=device-width, initial-scale=1.0, maximum-scale=1.0, user-scalable=no">
<meta name="apple-mobile-web-app-capable" content="yes">
<meta name="apple-mobile-web-app-status-bar-style" content="black">
<meta name="format-detection" content="telephone=no">
<title>连连支付</title>
<link href="css/style.css" type="text/css" rel="stylesheet">
</head>
<body>
	<div class="header">
		<a href="javascript:history.go(-1);" class="back">返回</a>
		<h1 class="logo">连连支付</h1>
		<a href="about.html" class="about">关于</a>
	</div>

	<div class="result 
			fail">
		<h3>
			<i class="iconfont"></i><span>
			支付失败</span>
		</h3>
		<p id="errorMsg">请求报文为空[1011]</p>
	</div>
	<div class="warp">
		<a id="back_href" href="javascript:history.go(-1);" class="btn color">返回商户</a> <a
			href="tel:4006005200" class="btn" style="margin-top: 15px">客服热线：400-600-5200</a>
	</div>
</body>
</html>
[2015-09-15 11:19:47.882] [INFO] console - user register start
[2015-09-15 11:19:48.464] [INFO] console - user register start
[2015-09-15 11:19:49.215] [INFO] console - aaaaaaaaaaaaaaaa {"acct_name":"程聪","app_request":"3","bg_color":"7b37a6","busi_partner":"101001","card_no":"6212261001015792325","dt_order":"20150915104027","id_no":"350783199204095532","info_order":"购买高级套房一间","money_order":"0.01","name_goods":"高级套房一间","no_agree":"","no_order":"20150915104027","notify_url":"http://ip:port/wepdemo/notify.htm","oid_partner":"201306031000001013","risk_item":"{\"user_info_bind_phone\":\"13248269098\",\"user_info_dt_register\":\"20131030122130\",\"risk_state\":\"1\",\"frms_ware_category\":\"1009\"}","sign":"fc86e94a722879c06851fc4c958d3c74","sign_type":"MD5","url_return":"http://ip:port/wepdemo/urlReturn.jsp","user_id":"22222222","valid_order":"30"}
[2015-09-15 11:19:49.219] [INFO] console - bbbbbbbbbbbbbbbb undefined
[2015-09-15 11:20:30.095] [INFO] console - aaaaaaaaaaaaaaaa {"acct_name":"程聪","app_request":"3","bg_color":"7b37a6","busi_partner":"101001","card_no":"6212261001015792325","dt_order":"20150915104027","id_no":"350783199204095532","info_order":"购买高级套房一间","money_order":"0.01","name_goods":"高级套房一间","no_agree":"","no_order":"20150915104027","notify_url":"http://ip:port/wepdemo/notify.htm","oid_partner":"201306031000001013","risk_item":"{\"user_info_bind_phone\":\"13248269098\",\"user_info_dt_register\":\"20131030122130\",\"risk_state\":\"1\",\"frms_ware_category\":\"1009\"}","sign":"fc86e94a722879c06851fc4c958d3c74","sign_type":"MD5","url_return":"http://ip:port/wepdemo/urlReturn.jsp","user_id":"22222222","valid_order":"30"}
[2015-09-15 11:24:52.799] [INFO] console - user register start
[2015-09-15 11:24:54.260] [INFO] console - aaaaaaaaaaaaaaaa {"acct_name":"程聪","app_request":"3","bg_color":"7b37a6","busi_partner":"101001","card_no":"6212261001015792325","dt_order":"20150915104027","id_no":"350783199204095532","info_order":"购买高级套房一间","money_order":"0.01","name_goods":"高级套房一间","no_agree":"","no_order":"20150915104027","notify_url":"http://ip:port/wepdemo/notify.htm","oid_partner":"201306031000001013","risk_item":"{\"user_info_bind_phone\":\"13248269098\",\"user_info_dt_register\":\"20131030122130\",\"risk_state\":\"1\",\"frms_ware_category\":\"1009\"}","sign":"fc86e94a722879c06851fc4c958d3c74","sign_type":"MD5","url_return":"http://ip:port/wepdemo/urlReturn.jsp","user_id":"22222222","valid_order":"30"}
[2015-09-15 11:26:24.969] [INFO] console - aaaaaaaaaaaaaaaa {"acct_name":"程聪","app_request":"3","bg_color":"7b37a6","busi_partner":"101001","card_no":"6212261001015792325","dt_order":"20150915104027","id_no":"350783199204095532","info_order":"购买高级套房一间","money_order":"0.01","name_goods":"高级套房一间","no_agree":"","no_order":"20150915104027","notify_url":"http://ip:port/wepdemo/notify.htm","oid_partner":"201306031000001013","risk_item":"{\"user_info_bind_phone\":\"13248269098\",\"user_info_dt_register\":\"20131030122130\",\"risk_state\":\"1\",\"frms_ware_category\":\"1009\"}","sign":"fc86e94a722879c06851fc4c958d3c74","sign_type":"MD5","url_return":"http://ip:port/wepdemo/urlReturn.jsp","user_id":"22222222","valid_order":"30"}
[2015-09-15 11:26:24.972] [INFO] console - bbbbbbbbbbbbbbb {"acct_name":"程聪","app_request":"3","bg_color":"7b37a6","busi_partner":"101001","card_no":"6212261001015792325","dt_order":"20150915104027","id_no":"350783199204095532","info_order":"购买高级套房一间","money_order":"0.01","name_goods":"高级套房一间","no_agree":"","no_order":"20150915104027","notify_url":"http://ip:port/wepdemo/notify.htm","oid_partner":"201306031000001013","risk_item":"{\"user_info_bind_phone\":\"13248269098\",\"user_info_dt_register\":\"20131030122130\",\"risk_state\":\"1\",\"frms_ware_category\":\"1009\"}","sign":"fc86e94a722879c06851fc4c958d3c74","sign_type":"MD5","url_return":"http://ip:port/wepdemo/urlReturn.jsp","user_id":"22222222","valid_order":"30"}
[2015-09-15 11:29:49.915] [INFO] console - user register start
[2015-09-15 11:29:51.939] [INFO] console - aaaaaaaaaaaaaaaa {"acct_name":"程聪","app_request":"3","bg_color":"7b37a6","busi_partner":"101001","card_no":"6212261001015792325","dt_order":"20150915104027","id_no":"350783199204095532","info_order":"购买高级套房一间","money_order":"0.01","name_goods":"高级套房一间","no_agree":"","no_order":"20150915104027","notify_url":"http://ip:port/wepdemo/notify.htm","oid_partner":"201306031000001013","risk_item":"{\"user_info_bind_phone\":\"13248269098\",\"user_info_dt_register\":\"20131030122130\",\"risk_state\":\"1\",\"frms_ware_category\":\"1009\"}","sign":"fc86e94a722879c06851fc4c958d3c74","sign_type":"MD5","url_return":"http://ip:port/wepdemo/urlReturn.jsp","user_id":"22222222","valid_order":"30"}
[2015-09-15 11:29:51.941] [INFO] console - bbbbbbbbbbbbbbb {"acct_name":"程聪","app_request":"3","bg_color":"7b37a6","busi_partner":"101001","card_no":"6212261001015792325","dt_order":"20150915104027","id_no":"350783199204095532","info_order":"购买高级套房一间","money_order":"0.01","name_goods":"高级套房一间","no_agree":"","no_order":"20150915104027","notify_url":"http://ip:port/wepdemo/notify.htm","oid_partner":"201306031000001013","risk_item":"{\"user_info_bind_phone\":\"13248269098\",\"user_info_dt_register\":\"20131030122130\",\"risk_state\":\"1\",\"frms_ware_category\":\"1009\"}","sign":"fc86e94a722879c06851fc4c958d3c74","sign_type":"MD5","url_return":"http://ip:port/wepdemo/urlReturn.jsp","user_id":"22222222","valid_order":"30"}
[2015-09-15 11:30:33.401] [INFO] console - aaaaaaaaaaaaaaaa {"acct_name":"程聪","app_request":"3","bg_color":"7b37a6","busi_partner":"101001","card_no":"6212261001015792325","dt_order":"20150915104027","id_no":"350783199204095532","info_order":"购买高级套房一间","money_order":"0.01","name_goods":"高级套房一间","no_agree":"","no_order":"20150915104027","notify_url":"http://ip:port/wepdemo/notify.htm","oid_partner":"201306031000001013","risk_item":"{\"user_info_bind_phone\":\"13248269098\",\"user_info_dt_register\":\"20131030122130\",\"risk_state\":\"1\",\"frms_ware_category\":\"1009\"}","sign":"fc86e94a722879c06851fc4c958d3c74","sign_type":"MD5","url_return":"http://ip:port/wepdemo/urlReturn.jsp","user_id":"22222222","valid_order":"30"}
[2015-09-15 11:30:33.403] [INFO] console - bbbbbbbbbbbbbbb {"acct_name":"程聪","app_request":"3","bg_color":"7b37a6","busi_partner":"101001","card_no":"6212261001015792325","dt_order":"20150915104027","id_no":"350783199204095532","info_order":"购买高级套房一间","money_order":"0.01","name_goods":"高级套房一间","no_agree":"","no_order":"20150915104027","notify_url":"http://ip:port/wepdemo/notify.htm","oid_partner":"201306031000001013","risk_item":"{\"user_info_bind_phone\":\"13248269098\",\"user_info_dt_register\":\"20131030122130\",\"risk_state\":\"1\",\"frms_ware_category\":\"1009\"}","sign":"fc86e94a722879c06851fc4c958d3c74","sign_type":"MD5","url_return":"http://ip:port/wepdemo/urlReturn.jsp","user_id":"22222222","valid_order":"30"}
[2015-09-15 11:30:55.999] [INFO] console - aaaaaaaaaaaaaaaa {"acct_name":"程聪","app_request":"3","bg_color":"7b37a6","busi_partner":"101001","card_no":"6212261001015792325","dt_order":"20150915104027","id_no":"350783199204095532","info_order":"购买高级套房一间","money_order":"0.01","name_goods":"高级套房一间","no_agree":"","no_order":"20150915104027","notify_url":"http://ip:port/wepdemo/notify.htm","oid_partner":"201306031000001013","risk_item":"{\"user_info_bind_phone\":\"13248269098\",\"user_info_dt_register\":\"20131030122130\",\"risk_state\":\"1\",\"frms_ware_category\":\"1009\"}","sign":"fc86e94a722879c06851fc4c958d3c74","sign_type":"MD5","url_return":"http://ip:port/wepdemo/urlReturn.jsp","user_id":"22222222","valid_order":"30"}
[2015-09-15 11:30:56.004] [INFO] console - bbbbbbbbbbbbbbb {"acct_name":"程聪","app_request":"3","bg_color":"7b37a6","busi_partner":"101001","card_no":"6212261001015792325","dt_order":"20150915104027","id_no":"350783199204095532","info_order":"购买高级套房一间","money_order":"0.01","name_goods":"高级套房一间","no_agree":"","no_order":"20150915104027","notify_url":"http://ip:port/wepdemo/notify.htm","oid_partner":"201306031000001013","risk_item":"{\"user_info_bind_phone\":\"13248269098\",\"user_info_dt_register\":\"20131030122130\",\"risk_state\":\"1\",\"frms_ware_category\":\"1009\"}","sign":"fc86e94a722879c06851fc4c958d3c74","sign_type":"MD5","url_return":"http://ip:port/wepdemo/urlReturn.jsp","user_id":"22222222","valid_order":"30"}
[2015-09-15 11:31:08.940] [INFO] console - aaaaaaaaaaaaaaaa {"acct_name":"程聪","app_request":"3","bg_color":"7b37a6","busi_partner":"101001","card_no":"6212261001015792325","dt_order":"20150915104027","id_no":"350783199204095532","info_order":"购买高级套房一间","money_order":"0.01","name_goods":"高级套房一间","no_agree":"","no_order":"20150915104027","notify_url":"http://ip:port/wepdemo/notify.htm","oid_partner":"201306031000001013","risk_item":"{\"user_info_bind_phone\":\"13248269098\",\"user_info_dt_register\":\"20131030122130\",\"risk_state\":\"1\",\"frms_ware_category\":\"1009\"}","sign":"fc86e94a722879c06851fc4c958d3c74","sign_type":"MD5","url_return":"http://ip:port/wepdemo/urlReturn.jsp","user_id":"22222222","valid_order":"30"}
[2015-09-15 11:31:08.943] [INFO] console - bbbbbbbbbbbbbbb {"acct_name":"程聪","app_request":"3","bg_color":"7b37a6","busi_partner":"101001","card_no":"6212261001015792325","dt_order":"20150915104027","id_no":"350783199204095532","info_order":"购买高级套房一间","money_order":"0.01","name_goods":"高级套房一间","no_agree":"","no_order":"20150915104027","notify_url":"http://ip:port/wepdemo/notify.htm","oid_partner":"201306031000001013","risk_item":"{\"user_info_bind_phone\":\"13248269098\",\"user_info_dt_register\":\"20131030122130\",\"risk_state\":\"1\",\"frms_ware_category\":\"1009\"}","sign":"fc86e94a722879c06851fc4c958d3c74","sign_type":"MD5","url_return":"http://ip:port/wepdemo/urlReturn.jsp","user_id":"22222222","valid_order":"30"}
[2015-09-15 11:31:09.690] [INFO] console - aaaaaaaaaaaaaaaa {"acct_name":"程聪","app_request":"3","bg_color":"7b37a6","busi_partner":"101001","card_no":"6212261001015792325","dt_order":"20150915104027","id_no":"350783199204095532","info_order":"购买高级套房一间","money_order":"0.01","name_goods":"高级套房一间","no_agree":"","no_order":"20150915104027","notify_url":"http://ip:port/wepdemo/notify.htm","oid_partner":"201306031000001013","risk_item":"{\"user_info_bind_phone\":\"13248269098\",\"user_info_dt_register\":\"20131030122130\",\"risk_state\":\"1\",\"frms_ware_category\":\"1009\"}","sign":"fc86e94a722879c06851fc4c958d3c74","sign_type":"MD5","url_return":"http://ip:port/wepdemo/urlReturn.jsp","user_id":"22222222","valid_order":"30"}
[2015-09-15 11:31:09.692] [INFO] console - bbbbbbbbbbbbbbb {"acct_name":"程聪","app_request":"3","bg_color":"7b37a6","busi_partner":"101001","card_no":"6212261001015792325","dt_order":"20150915104027","id_no":"350783199204095532","info_order":"购买高级套房一间","money_order":"0.01","name_goods":"高级套房一间","no_agree":"","no_order":"20150915104027","notify_url":"http://ip:port/wepdemo/notify.htm","oid_partner":"201306031000001013","risk_item":"{\"user_info_bind_phone\":\"13248269098\",\"user_info_dt_register\":\"20131030122130\",\"risk_state\":\"1\",\"frms_ware_category\":\"1009\"}","sign":"fc86e94a722879c06851fc4c958d3c74","sign_type":"MD5","url_return":"http://ip:port/wepdemo/urlReturn.jsp","user_id":"22222222","valid_order":"30"}
[2015-09-15 11:31:10.636] [INFO] console - aaaaaaaaaaaaaaaa {"acct_name":"程聪","app_request":"3","bg_color":"7b37a6","busi_partner":"101001","card_no":"6212261001015792325","dt_order":"20150915104027","id_no":"350783199204095532","info_order":"购买高级套房一间","money_order":"0.01","name_goods":"高级套房一间","no_agree":"","no_order":"20150915104027","notify_url":"http://ip:port/wepdemo/notify.htm","oid_partner":"201306031000001013","risk_item":"{\"user_info_bind_phone\":\"13248269098\",\"user_info_dt_register\":\"20131030122130\",\"risk_state\":\"1\",\"frms_ware_category\":\"1009\"}","sign":"fc86e94a722879c06851fc4c958d3c74","sign_type":"MD5","url_return":"http://ip:port/wepdemo/urlReturn.jsp","user_id":"22222222","valid_order":"30"}
[2015-09-15 11:31:10.637] [INFO] console - bbbbbbbbbbbbbbb {"acct_name":"程聪","app_request":"3","bg_color":"7b37a6","busi_partner":"101001","card_no":"6212261001015792325","dt_order":"20150915104027","id_no":"350783199204095532","info_order":"购买高级套房一间","money_order":"0.01","name_goods":"高级套房一间","no_agree":"","no_order":"20150915104027","notify_url":"http://ip:port/wepdemo/notify.htm","oid_partner":"201306031000001013","risk_item":"{\"user_info_bind_phone\":\"13248269098\",\"user_info_dt_register\":\"20131030122130\",\"risk_state\":\"1\",\"frms_ware_category\":\"1009\"}","sign":"fc86e94a722879c06851fc4c958d3c74","sign_type":"MD5","url_return":"http://ip:port/wepdemo/urlReturn.jsp","user_id":"22222222","valid_order":"30"}
[2015-09-15 11:31:37.277] [INFO] console - aaaaaaaaaaaaaaaa {"acct_name":"程聪","app_request":"3","bg_color":"7b37a6","busi_partner":"101001","card_no":"6212261001015792325","dt_order":"20150915104027","id_no":"350783199204095532","info_order":"购买高级套房一间","money_order":"0.01","name_goods":"高级套房一间","no_agree":"","no_order":"20150915104027","notify_url":"http://ip:port/wepdemo/notify.htm","oid_partner":"201306031000001013","risk_item":"{\"user_info_bind_phone\":\"13248269098\",\"user_info_dt_register\":\"20131030122130\",\"risk_state\":\"1\",\"frms_ware_category\":\"1009\"}","sign":"fc86e94a722879c06851fc4c958d3c74","sign_type":"MD5","url_return":"http://ip:port/wepdemo/urlReturn.jsp","user_id":"22222222","valid_order":"30"}
[2015-09-15 11:31:37.283] [INFO] console - bbbbbbbbbbbbbbb {"acct_name":"程聪","app_request":"3","bg_color":"7b37a6","busi_partner":"101001","card_no":"6212261001015792325","dt_order":"20150915104027","id_no":"350783199204095532","info_order":"购买高级套房一间","money_order":"0.01","name_goods":"高级套房一间","no_agree":"","no_order":"20150915104027","notify_url":"http://ip:port/wepdemo/notify.htm","oid_partner":"201306031000001013","risk_item":"{\"user_info_bind_phone\":\"13248269098\",\"user_info_dt_register\":\"20131030122130\",\"risk_state\":\"1\",\"frms_ware_category\":\"1009\"}","sign":"fc86e94a722879c06851fc4c958d3c74","sign_type":"MD5","url_return":"http://ip:port/wepdemo/urlReturn.jsp","user_id":"22222222","valid_order":"30"}
[2015-09-15 11:31:37.515] [INFO] console - aaaaaaaaaaaaaaaa {"acct_name":"程聪","app_request":"3","bg_color":"7b37a6","busi_partner":"101001","card_no":"6212261001015792325","dt_order":"20150915104027","id_no":"350783199204095532","info_order":"购买高级套房一间","money_order":"0.01","name_goods":"高级套房一间","no_agree":"","no_order":"20150915104027","notify_url":"http://ip:port/wepdemo/notify.htm","oid_partner":"201306031000001013","risk_item":"{\"user_info_bind_phone\":\"13248269098\",\"user_info_dt_register\":\"20131030122130\",\"risk_state\":\"1\",\"frms_ware_category\":\"1009\"}","sign":"fc86e94a722879c06851fc4c958d3c74","sign_type":"MD5","url_return":"http://ip:port/wepdemo/urlReturn.jsp","user_id":"22222222","valid_order":"30"}
[2015-09-15 11:31:37.520] [INFO] console - bbbbbbbbbbbbbbb {"acct_name":"程聪","app_request":"3","bg_color":"7b37a6","busi_partner":"101001","card_no":"6212261001015792325","dt_order":"20150915104027","id_no":"350783199204095532","info_order":"购买高级套房一间","money_order":"0.01","name_goods":"高级套房一间","no_agree":"","no_order":"20150915104027","notify_url":"http://ip:port/wepdemo/notify.htm","oid_partner":"201306031000001013","risk_item":"{\"user_info_bind_phone\":\"13248269098\",\"user_info_dt_register\":\"20131030122130\",\"risk_state\":\"1\",\"frms_ware_category\":\"1009\"}","sign":"fc86e94a722879c06851fc4c958d3c74","sign_type":"MD5","url_return":"http://ip:port/wepdemo/urlReturn.jsp","user_id":"22222222","valid_order":"30"}
[2015-09-15 11:31:39.771] [INFO] console - { order_id: 'OR4945212981315', merchant_id: 'MC0000001409' }
[2015-09-15 11:32:10.589] [INFO] console - bbbbbbbbbbbbbbb {"acct_name":"程聪","app_request":"3","bg_color":"7b37a6","busi_partner":"101001","card_no":"6212261001015792325","dt_order":"20150915104027","id_no":"350783199204095532","info_order":"购买高级套房一间","money_order":"0.01","name_goods":"高级套房一间","no_agree":"","no_order":"20150915104027","notify_url":"http://ip:port/wepdemo/notify.htm","oid_partner":"201306031000001013","risk_item":"{\"user_info_bind_phone\":\"13248269098\",\"user_info_dt_register\":\"20131030122130\",\"risk_state\":\"1\",\"frms_ware_category\":\"1009\"}","sign":"fc86e94a722879c06851fc4c958d3c74","sign_type":"MD5","url_return":"http://ip:port/wepdemo/urlReturn.jsp","user_id":"22222222","valid_order":"30"}
[2015-09-15 11:32:41.218] [INFO] console - bbbbbbbbbbbbbbb {"acct_name":"程聪","app_request":"3","bg_color":"7b37a6","busi_partner":"101001","card_no":"6212261001015792325","dt_order":"20150915104027","id_no":"350783199204095532","info_order":"购买高级套房一间","money_order":"0.01","name_goods":"高级套房一间","no_agree":"","no_order":"20150915104027","notify_url":"http://ip:port/wepdemo/notify.htm","oid_partner":"201306031000001013","risk_item":"{\"user_info_bind_phone\":\"13248269098\",\"user_info_dt_register\":\"20131030122130\",\"risk_state\":\"1\",\"frms_ware_category\":\"1009\"}","sign":"fc86e94a722879c06851fc4c958d3c74","sign_type":"MD5","url_return":"http://ip:port/wepdemo/urlReturn.jsp","user_id":"22222222","valid_order":"30"}
[2015-09-15 11:32:42.837] [INFO] console - bbbbbbbbbbbbbbb {"acct_name":"程聪","app_request":"3","bg_color":"7b37a6","busi_partner":"101001","card_no":"6212261001015792325","dt_order":"20150915104027","id_no":"350783199204095532","info_order":"购买高级套房一间","money_order":"0.01","name_goods":"高级套房一间","no_agree":"","no_order":"20150915104027","notify_url":"http://ip:port/wepdemo/notify.htm","oid_partner":"201306031000001013","risk_item":"{\"user_info_bind_phone\":\"13248269098\",\"user_info_dt_register\":\"20131030122130\",\"risk_state\":\"1\",\"frms_ware_category\":\"1009\"}","sign":"fc86e94a722879c06851fc4c958d3c74","sign_type":"MD5","url_return":"http://ip:port/wepdemo/urlReturn.jsp","user_id":"22222222","valid_order":"30"}
[2015-09-15 11:32:48.717] [INFO] console - bbbbbbbbbbbbbbb {"acct_name":"程聪","app_request":"3","bg_color":"7b37a6","busi_partner":"101001","card_no":"6212261001015792325","dt_order":"20150915104027","id_no":"350783199204095532","info_order":"购买高级套房一间","money_order":"0.01","name_goods":"高级套房一间","no_agree":"","no_order":"20150915104027","notify_url":"http://ip:port/wepdemo/notify.htm","oid_partner":"201306031000001013","risk_item":"{\"user_info_bind_phone\":\"13248269098\",\"user_info_dt_register\":\"20131030122130\",\"risk_state\":\"1\",\"frms_ware_category\":\"1009\"}","sign":"fc86e94a722879c06851fc4c958d3c74","sign_type":"MD5","url_return":"http://ip:port/wepdemo/urlReturn.jsp","user_id":"22222222","valid_order":"30"}
[2015-09-15 11:32:54.077] [INFO] console - bbbbbbbbbbbbbbb {"acct_name":"程聪","app_request":"3","bg_color":"7b37a6","busi_partner":"101001","card_no":"6212261001015792325","dt_order":"20150915104027","id_no":"350783199204095532","info_order":"购买高级套房一间","money_order":"0.01","name_goods":"高级套房一间","no_agree":"","no_order":"20150915104027","notify_url":"http://ip:port/wepdemo/notify.htm","oid_partner":"201306031000001013","risk_item":"{\"user_info_bind_phone\":\"13248269098\",\"user_info_dt_register\":\"20131030122130\",\"risk_state\":\"1\",\"frms_ware_category\":\"1009\"}","sign":"fc86e94a722879c06851fc4c958d3c74","sign_type":"MD5","url_return":"http://ip:port/wepdemo/urlReturn.jsp","user_id":"22222222","valid_order":"30"}
[2015-09-15 11:33:07.945] [INFO] console - bbbbbbbbbbbbbbb {"acct_name":"程聪","app_request":"3","bg_color":"7b37a6","busi_partner":"101001","card_no":"6212261001015792325","dt_order":"20150915104027","id_no":"350783199204095532","info_order":"购买高级套房一间","money_order":"0.01","name_goods":"高级套房一间","no_agree":"","no_order":"20150915104027","notify_url":"http://ip:port/wepdemo/notify.htm","oid_partner":"201306031000001013","risk_item":"{\"user_info_bind_phone\":\"13248269098\",\"user_info_dt_register\":\"20131030122130\",\"risk_state\":\"1\",\"frms_ware_category\":\"1009\"}","sign":"fc86e94a722879c06851fc4c958d3c74","sign_type":"MD5","url_return":"http://ip:port/wepdemo/urlReturn.jsp","user_id":"22222222","valid_order":"30"}
[2015-09-15 11:33:09.745] [INFO] console - user get sign for test  { code: '200',
  message: 'OK',
  result: { sign: 'c4GeqO9bW6jTDBD34kDzsRqKOBjQdexIpx/xxwU+Ytbe6+0VsGsTEB9jARCP+aDXk8JobNeHBQtZkiZBR7ComW/TZPWpKS7Zo7ldjOKe+ZHR7kGx2em5CQaY4RGE27tieuN+dRA70pBE7NQp1BFfX8F/mzycJFU1fCeJ23IXQvM=' } }
[2015-09-15 11:33:28.890] [INFO] console - user get sign for test  { code: '200',
  message: 'OK',
  result: { sign: '3vc2xxi26iAYBF4DS1As66tIrvQLtCFQoKNC3p14TIJ1+6wLVU8VSKpy7NsN8Qne0xSvsxUjzJ2pRkbekbX80T6k/e/RwxMf//Se6VSGUfJk2XUeTcUi/pROQffGLSTr7JMzmsnyAT9/CJSuAbH+XGS9p+wZFcJlpg4e1kTu/pQ=' } }
[2015-09-15 11:33:36.883] [INFO] console - user get sign for test  { code: '200',
  message: 'OK',
  result: { sign: 'A4OV7WtAhl68AC9cXmfuWy6N13r81yzsO8Ihv1AM8kT8L+b5BHdIC/pGIZHi2WjU6e19c5NwSpYcVI8yz03JervvKx3GDH8EqCy+36/pvxMqv7K3mHGBbOqXkYVKb+HIzTzehVSRtfwGmzRr7pbbydnYqX/8apTvwdDABGYLfQ8=' } }
[2015-09-15 11:34:16.058] [INFO] console - bbbbbbbbbbbbbbb {"acct_name":"程聪","app_request":"3","bg_color":"7b37a6","busi_partner":"101001","card_no":"6212261001015792325","dt_order":"20150915104027","id_no":"350783199204095532","info_order":"购买高级套房一间","money_order":"0.01","name_goods":"高级套房一间","no_agree":"","no_order":"20150915104027","notify_url":"http://ip:port/wepdemo/notify.htm","oid_partner":"201306031000001013","risk_item":"{\"user_info_bind_phone\":\"13248269098\",\"user_info_dt_register\":\"20131030122130\",\"risk_state\":\"1\",\"frms_ware_category\":\"1009\"}","sign":"fc86e94a722879c06851fc4c958d3c74","sign_type":"MD5","url_return":"http://ip:port/wepdemo/urlReturn.jsp","user_id":"22222222","valid_order":"30"}
[2015-09-15 11:34:42.441] [INFO] console - aaaaaaaaaaaaaaaa {"acct_name":"程聪","app_request":"3","bg_color":"7b37a6","busi_partner":"101001","card_no":"6212261001015792325","dt_order":"20150915104027","id_no":"350783199204095532","info_order":"购买高级套房一间","money_order":"0.01","name_goods":"高级套房一间","no_agree":"","no_order":"20150915104027","notify_url":"http://ip:port/wepdemo/notify.htm","oid_partner":"201306031000001013","risk_item":"{\"user_info_bind_phone\":\"13248269098\",\"user_info_dt_register\":\"20131030122130\",\"risk_state\":\"1\",\"frms_ware_category\":\"1009\"}","sign":"fc86e94a722879c06851fc4c958d3c74","sign_type":"MD5","url_return":"http://ip:port/wepdemo/urlReturn.jsp","user_id":"22222222","valid_order":"30"}
[2015-09-15 11:34:42.447] [INFO] console - bbbbbbbbbbbbbbb {"acct_name":"程聪","app_request":"3","bg_color":"7b37a6","busi_partner":"101001","card_no":"6212261001015792325","dt_order":"20150915104027","id_no":"350783199204095532","info_order":"购买高级套房一间","money_order":"0.01","name_goods":"高级套房一间","no_agree":"","no_order":"20150915104027","notify_url":"http://ip:port/wepdemo/notify.htm","oid_partner":"201306031000001013","risk_item":"{\"user_info_bind_phone\":\"13248269098\",\"user_info_dt_register\":\"20131030122130\",\"risk_state\":\"1\",\"frms_ware_category\":\"1009\"}","sign":"fc86e94a722879c06851fc4c958d3c74","sign_type":"MD5","url_return":"http://ip:port/wepdemo/urlReturn.jsp","user_id":"22222222","valid_order":"30"}
[2015-09-15 11:34:53.905] [INFO] console - aaaaaaaaaaaaaaaa {"acct_name":"程聪","app_request":"3","bg_color":"7b37a6","busi_partner":"101001","card_no":"6212261001015792325","dt_order":"20150915104027","id_no":"350783199204095532","info_order":"购买高级套房一间","money_order":"0.01","name_goods":"高级套房一间","no_agree":"","no_order":"20150915104027","notify_url":"http://ip:port/wepdemo/notify.htm","oid_partner":"201306031000001013","risk_item":"{\"user_info_bind_phone\":\"13248269098\",\"user_info_dt_register\":\"20131030122130\",\"risk_state\":\"1\",\"frms_ware_category\":\"1009\"}","sign":"fc86e94a722879c06851fc4c958d3c74","sign_type":"MD5","url_return":"http://ip:port/wepdemo/urlReturn.jsp","user_id":"22222222","valid_order":"30"}
[2015-09-15 11:34:53.909] [INFO] console - bbbbbbbbbbbbbbb {"acct_name":"程聪","app_request":"3","bg_color":"7b37a6","busi_partner":"101001","card_no":"6212261001015792325","dt_order":"20150915104027","id_no":"350783199204095532","info_order":"购买高级套房一间","money_order":"0.01","name_goods":"高级套房一间","no_agree":"","no_order":"20150915104027","notify_url":"http://ip:port/wepdemo/notify.htm","oid_partner":"201306031000001013","risk_item":"{\"user_info_bind_phone\":\"13248269098\",\"user_info_dt_register\":\"20131030122130\",\"risk_state\":\"1\",\"frms_ware_category\":\"1009\"}","sign":"fc86e94a722879c06851fc4c958d3c74","sign_type":"MD5","url_return":"http://ip:port/wepdemo/urlReturn.jsp","user_id":"22222222","valid_order":"30"}
[2015-09-15 11:35:03.631] [INFO] console - aaaaaaaaaaaaaaaa {"acct_name":"程聪","app_request":"3","bg_color":"7b37a6","busi_partner":"101001","card_no":"6212261001015792325","dt_order":"20150915104027","id_no":"350783199204095532","info_order":"购买高级套房一间","money_order":"0.01","name_goods":"高级套房一间","no_agree":"","no_order":"20150915104027","notify_url":"http://ip:port/wepdemo/notify.htm","oid_partner":"201306031000001013","risk_item":"{\"user_info_bind_phone\":\"13248269098\",\"user_info_dt_register\":\"20131030122130\",\"risk_state\":\"1\",\"frms_ware_category\":\"1009\"}","sign":"fc86e94a722879c06851fc4c958d3c74","sign_type":"MD5","url_return":"http://ip:port/wepdemo/urlReturn.jsp","user_id":"22222222","valid_order":"30"}
[2015-09-15 11:35:03.631] [INFO] console - bbbbbbbbbbbbbbb {"acct_name":"程聪","app_request":"3","bg_color":"7b37a6","busi_partner":"101001","card_no":"6212261001015792325","dt_order":"20150915104027","id_no":"350783199204095532","info_order":"购买高级套房一间","money_order":"0.01","name_goods":"高级套房一间","no_agree":"","no_order":"20150915104027","notify_url":"http://ip:port/wepdemo/notify.htm","oid_partner":"201306031000001013","risk_item":"{\"user_info_bind_phone\":\"13248269098\",\"user_info_dt_register\":\"20131030122130\",\"risk_state\":\"1\",\"frms_ware_category\":\"1009\"}","sign":"fc86e94a722879c06851fc4c958d3c74","sign_type":"MD5","url_return":"http://ip:port/wepdemo/urlReturn.jsp","user_id":"22222222","valid_order":"30"}
[2015-09-15 11:35:07.157] [INFO] console - user get sign for test  { code: '200',
  message: 'OK',
  result: { sign: 'y7QMXW8Lh4euyLRR7l9qE8NupI6iv/1Z/AjV4ahwEtWZ5T96hQR2kxfhvyXUNeL1cEYyao3yeHCbSSxX82NV3kT4A4trS0WhcsFISVdf7JVt+qSFABTpHuCYmK6FAaL9QTOW1AaLj8BPM/ENu4pTbnTPWVEmkLv4jRTM3oM0Yy0=' } }
[2015-09-15 11:36:09.788] [INFO] console - user get sign for test  { code: '200',
  message: 'OK',
  result: { sign: 'VHzhH5Yns+GYThNYflhuk3Icoq74MZ82UDHm7kBszfmhradiwvEMyh78EfrgbioZfOMpS6SGO3cx+zSDQQApcwczBdC/w0YEU7S8MzjosrMkFMtzCtoE5lu/qgVamj3K3G6hi+sGmIZLnZ6FENlqz2humxl9PgIQUEy68EC3gT8=' } }
[2015-09-15 11:39:46.950] [INFO] console - user get sign for test  { code: '200',
  message: 'OK',
  result: { sign: 'T7UpDM2tzsbi+7KSuSD0fAIjU5BosxUj41EnQQQtHxo6aeK73ZhKzPmHB4uGGJh1rj356wIovX3fiZkkmxxy5Oz7lY5+Lq1rCznertAmoG7CkNjBAj8HKRcGugmo17Aq+jDJrSwut4u+gjexbkbZa5ojJp9NZopoSs0dAyxjvCY=' } }
[2015-09-15 12:20:42.513] [INFO] console - user register start
[2015-09-15 12:20:44.027] [INFO] console - aaaaaaaaaaaaaaaa {"acct_name":"程聪","app_request":"3","bg_color":"7b37a6","busi_partner":"101001","card_no":"6212261001015792325","dt_order":"20150915104027","id_no":"350783199204095532","info_order":"购买高级套房一间","money_order":"0.01","name_goods":"高级套房一间","no_agree":"","no_order":"20150915104027","notify_url":"http://ip:port/wepdemo/notify.htm","oid_partner":"201306031000001013","risk_item":"{\"user_info_bind_phone\":\"13248269098\",\"user_info_dt_register\":\"20131030122130\",\"risk_state\":\"1\",\"frms_ware_category\":\"1009\"}","sign":"fc86e94a722879c06851fc4c958d3c74","sign_type":"MD5","url_return":"http://ip:port/wepdemo/urlReturn.jsp","user_id":"22222222","valid_order":"30"}
[2015-09-15 12:20:44.027] [INFO] console - bbbbbbbbbbbbbbb {"acct_name":"程聪","app_request":"3","bg_color":"7b37a6","busi_partner":"101001","card_no":"6212261001015792325","dt_order":"20150915104027","id_no":"350783199204095532","info_order":"购买高级套房一间","money_order":"0.01","name_goods":"高级套房一间","no_agree":"","no_order":"20150915104027","notify_url":"http://ip:port/wepdemo/notify.htm","oid_partner":"201306031000001013","risk_item":"{\"user_info_bind_phone\":\"13248269098\",\"user_info_dt_register\":\"20131030122130\",\"risk_state\":\"1\",\"frms_ware_category\":\"1009\"}","sign":"fc86e94a722879c06851fc4c958d3c74","sign_type":"MD5","url_return":"http://ip:port/wepdemo/urlReturn.jsp","user_id":"22222222","valid_order":"30"}
[2015-09-15 12:21:43.649] [INFO] console - user get sign for test  { code: '200',
  message: 'OK',
  result: { sign: 'hBs2oCOVFv7xYnYJ1RdFBpDPTz4ya9VqxGkByhCTvPhJn9djzUlX6GRFkMVgMQDGxknheU5ztCLDK6avwVxUPV7pAIDSFInh48dvrU+OgwWQ24XHUhEClg0rVGMOTxu7zvoom5JqGYW0C6F6Gx98oofTejChuMsuTHqEc0x7qAQ=' } }
[2015-09-15 12:23:03.001] [INFO] console - user get sign for test  { code: '200',
  message: 'OK',
  result: { sign: 'SxyNi1gCZngy0jikOTHC6w8A613RgzrpUcf7nX2AiQKkQnCBjikafEuESdTDoD5PEn5fA1eijWy0yTqvzVU3/r3kxWIv26sForm1cA8NWOIIK7uclQHuIaHK9wLdqSOVagcw85w7EFQt/pA0J5adT48PaPb7dA1vGSi6T71a7z8=' } }
[2015-09-15 12:24:30.613] [INFO] console - user register start
[2015-09-15 12:24:38.505] [INFO] console - get response body { code: '200',
  message: 'OK',
  result: { resend_time: '60', code: '3606' } }
[2015-09-15 12:24:42.070] [INFO] console - get response body { code: '200',
  message: 'OK',
  result: { token: '7ae3b5118b04cb6dcc62c28505ec2658' } }
[2015-09-15 12:24:50.450] [INFO] console - get response body { code: '200',
  message: 'OK',
  result: 
   { id_image_status: '0',
     info_bit: '0',
     status_bit: '1',
     user_id: 'UR0000008479',
     session_token: '22c7e283-5b61-11e5-9b56-ac853da464e1' } }
[2015-09-15 12:25:12.712] [INFO] console - get response body { code: '200',
  message: 'OK',
  result: 
   { status_bit: '3',
     session_token: '22c7e283-5b61-11e5-9b56-ac853da464e1' } }
[2015-09-15 12:25:16.046] [INFO] console - get response body { code: '200',
  message: 'OK',
  result: 
   { status_bit: '19',
     session_token: '22c7e283-5b61-11e5-9b56-ac853da464e1' } }
[2015-09-15 12:31:15.529] [INFO] console - user get sign for test  { code: '200',
  message: 'OK',
  result: { sign: '48FRipCX8MdF8eNq2S8+ovH18qAFeOgzxgo8zj0121X9InAt39HmgaTFskQR2hdJqPix2gr23BIihGFDpakNnB5gK2BvNADMjnz6GZkuOVYkmangOoMIkcSALphvEYITMasmdMDRKiOly10jYzF4n8zwQW8xoHn1/7Vy3ejjBB4=' } }
[2015-09-15 12:31:30.567] [INFO] console - { order_id: 'OR2661734727747', merchant_id: 'MC0000001409' }
[2015-09-15 12:31:32.749] [INFO] console - user register start
[2015-09-15 12:31:37.889] [INFO] console - get response body { code: '400', message: '无效的电话号码：  34242424242', result: null }
[2015-09-15 12:31:44.677] [INFO] console - get response body { code: '200',
  message: 'OK',
  result: { resend_time: '60', code: '7186' } }
[2015-09-15 12:31:47.062] [INFO] console - get response body { code: '200',
  message: 'OK',
  result: { token: '1214853feec9929d9597922a3a93a492' } }
[2015-09-15 12:31:51.894] [INFO] console - get response body { code: '200',
  message: 'OK',
  result: 
   { id_image_status: '0',
     info_bit: '0',
     status_bit: '1',
     user_id: 'UR0000008482',
     session_token: '1dfaaf8f-5b62-11e5-9b56-ac853da464e1' } }
[2015-09-15 12:32:33.378] [INFO] console - get response body { code: '200',
  message: 'OK',
  result: 
   { status_bit: '3',
     session_token: '1dfaaf8f-5b62-11e5-9b56-ac853da464e1' } }
[2015-09-15 12:32:36.959] [INFO] console - get response body { code: '200',
  message: 'OK',
  result: 
   { status_bit: '19',
     session_token: '1dfaaf8f-5b62-11e5-9b56-ac853da464e1' } }
[2015-09-15 12:39:45.965] [INFO] console - user register start
[2015-09-15 12:40:28.509] [INFO] console - user register start
[2015-09-15 12:41:18.868] [INFO] console - user register start
[2015-09-15 12:41:29.486] [INFO] console - get response body { code: '200',
  message: 'OK',
  result: { resend_time: '60', code: '5114' } }
[2015-09-15 12:41:31.992] [INFO] console - get response body { code: '200',
  message: 'OK',
  result: { token: '79f85acec2af491433048518082b61d7' } }
[2015-09-15 12:41:38.644] [INFO] console - get response body { code: '200',
  message: 'OK',
  result: 
   { id_image_status: '0',
     info_bit: '0',
     status_bit: '1',
     user_id: 'UR0000008484',
     session_token: '7bb7d938-5b63-11e5-9b56-ac853da464e1' } }
[2015-09-15 12:41:59.384] [INFO] console - get response body { code: '200',
  message: 'OK',
  result: 
   { status_bit: '3',
     session_token: '7bb7d938-5b63-11e5-9b56-ac853da464e1' } }
[2015-09-15 12:42:03.125] [INFO] console - get response body { code: '200',
  message: 'OK',
  result: 
   { status_bit: '19',
     session_token: '7bb7d938-5b63-11e5-9b56-ac853da464e1' } }
[2015-09-15 12:42:54.696] [INFO] console - user register start
[2015-09-15 12:43:02.012] [INFO] console - { order_id: 'OR2661734727747', merchant_id: 'MC0000001409' }
[2015-09-15 12:43:03.029] [INFO] console - user register start
[2015-09-15 12:43:15.533] [INFO] console - get response body { code: '200',
  message: 'OK',
  result: { resend_time: '60', code: '4009' } }
[2015-09-15 12:43:17.718] [INFO] console - get response body { code: '200',
  message: 'OK',
  result: { token: 'bc27df813a9326b858934b723c6af8d0' } }
[2015-09-15 12:43:23.603] [INFO] console - get response body { code: '200',
  message: 'OK',
  result: 
   { id_image_status: '0',
     info_bit: '0',
     status_bit: '1',
     user_id: 'UR0000008486',
     session_token: 'ba45bfdd-5b63-11e5-9b56-ac853da464e1' } }
[2015-09-15 12:43:48.025] [INFO] console - get response body { code: '200',
  message: 'OK',
  result: 
   { status_bit: '3',
     session_token: 'ba45bfdd-5b63-11e5-9b56-ac853da464e1' } }
[2015-09-15 12:43:51.550] [INFO] console - get response body { code: '200',
  message: 'OK',
  result: 
   { status_bit: '19',
     session_token: 'ba45bfdd-5b63-11e5-9b56-ac853da464e1' } }
[2015-09-15 12:46:26.871] [INFO] console - user register start
[2015-09-15 12:46:35.635] [INFO] console - get response body { code: '200',
  message: 'OK',
  result: { resend_time: '60', code: '4704' } }
[2015-09-15 12:46:37.575] [INFO] console - get response body { code: '200',
  message: 'OK',
  result: { token: '43662577ed4c51417853012dee01a02a' } }
[2015-09-15 12:46:42.859] [INFO] console - get response body { code: '200',
  message: 'OK',
  result: 
   { id_image_status: '0',
     info_bit: '0',
     status_bit: '1',
     user_id: 'UR0000008488',
     session_token: '3106c0b5-5b64-11e5-9b56-ac853da464e1' } }
[2015-09-15 12:46:58.032] [INFO] console - get response body { code: '200',
  message: 'OK',
  result: 
   { status_bit: '3',
     session_token: '3106c0b5-5b64-11e5-9b56-ac853da464e1' } }
[2015-09-15 12:47:03.391] [INFO] console - get response body { code: '200',
  message: 'OK',
  result: 
   { status_bit: '19',
     session_token: '3106c0b5-5b64-11e5-9b56-ac853da464e1' } }
[2015-09-15 12:50:34.226] [INFO] console - user register start
[2015-09-15 12:52:07.674] [INFO] console - user register start
[2015-09-15 13:15:23.886] [INFO] console - user register start
[2015-09-15 13:23:34.869] [INFO] console - user register start
[2015-09-15 13:23:35.641] [INFO] console - user register start
[2015-09-15 13:23:42.001] [INFO] console - get response body { code: '200',
  message: 'OK',
  result: { resend_time: '60', code: '5816' } }
[2015-09-15 13:23:44.230] [INFO] console - get response body { code: '200',
  message: 'OK',
  result: { token: 'b72bc498fa7aa610bc4400d13b42a325' } }
[2015-09-15 13:23:53.197] [INFO] console - get response body { code: '200',
  message: 'OK',
  result: 
   { id_image_status: '0',
     info_bit: '0',
     status_bit: '1',
     user_id: 'UR0000008505',
     session_token: '62714f01-5b69-11e5-9b56-ac853da464e1' } }
[2015-09-15 13:24:07.749] [INFO] console - get response body { code: '200',
  message: 'OK',
  result: 
   { status_bit: '3',
     session_token: '62714f01-5b69-11e5-9b56-ac853da464e1' } }
[2015-09-15 13:24:11.931] [INFO] console - get response body { code: '200',
  message: 'OK',
  result: 
   { status_bit: '19',
     session_token: '62714f01-5b69-11e5-9b56-ac853da464e1' } }
[2015-09-15 13:24:14.008] [ERROR] console - user bank accout verify post use info  {"user_id":"UR0000008505","session_token":"62714f01-5b69-11e5-9b56-ac853da464e1","phone":"13240000015","username":"cc"}
[2015-09-15 13:42:53.997] [INFO] console - user register start
[2015-09-15 13:43:02.277] [INFO] console - get response body { code: '200',
  message: 'OK',
  result: { resend_time: '60', code: '5127' } }
[2015-09-15 13:43:04.498] [INFO] console - get response body { code: '200',
  message: 'OK',
  result: { token: '3d20536f2ad88d3f65fb5f14a34e852c' } }
[2015-09-15 13:43:10.427] [INFO] console - get response body { code: '200',
  message: 'OK',
  result: 
   { id_image_status: '0',
     info_bit: '0',
     status_bit: '1',
     user_id: 'UR0000008507',
     session_token: '14362cbf-5b6c-11e5-9b56-ac853da464e1' } }
[2015-09-15 13:43:24.569] [INFO] console - get response body { code: '200',
  message: 'OK',
  result: 
   { status_bit: '3',
     session_token: '14362cbf-5b6c-11e5-9b56-ac853da464e1' } }
[2015-09-15 13:43:29.570] [INFO] console - get response body { code: '200',
  message: 'OK',
  result: 
   { status_bit: '19',
     session_token: '14362cbf-5b6c-11e5-9b56-ac853da464e1' } }
[2015-09-15 13:43:32.552] [ERROR] console - user bank accout verify post use info  {"user_id":"UR0000008507","session_token":"14362cbf-5b6c-11e5-9b56-ac853da464e1","phone":"13240000019","username":"cc"}
[2015-09-15 13:43:49.055] [INFO] console - user register start
[2015-09-15 13:43:57.965] [ERROR] console - user bank accout verify post use info  {"user_id":"UR0000008507","session_token":"14362cbf-5b6c-11e5-9b56-ac853da464e1","phone":"13240000019","username":"cc"}
[2015-09-15 13:44:25.744] [ERROR] console - user bank accout verify post use info  {"user_id":"UR0000008507","session_token":"14362cbf-5b6c-11e5-9b56-ac853da464e1","phone":"13240000019","username":"cc"}
[2015-09-15 13:46:13.736] [INFO] console - { order_id: 'OR2661734727747', merchant_id: 'MC0000001409' }
[2015-09-15 13:46:14.820] [INFO] console - user register start
[2015-09-15 13:46:23.593] [INFO] console - user register start
[2015-09-15 13:46:34.752] [INFO] console - get response body { code: '200',
  message: 'OK',
  result: { resend_time: '60', code: '0658' } }
[2015-09-15 13:46:37.579] [INFO] console - get response body { code: '200',
  message: 'OK',
  result: { token: '41e10739322f326e8754194d0e0d8c1b' } }
[2015-09-15 13:46:42.434] [INFO] console - get response body { code: '200',
  message: 'OK',
  result: 
   { id_image_status: '0',
     info_bit: '0',
     status_bit: '1',
     user_id: 'UR0000008510',
     session_token: '92946e3a-5b6c-11e5-9b56-ac853da464e1' } }
[2015-09-15 13:46:59.787] [INFO] console - get response body { code: '200',
  message: 'OK',
  result: 
   { status_bit: '3',
     session_token: '92946e3a-5b6c-11e5-9b56-ac853da464e1' } }
[2015-09-15 13:47:03.147] [INFO] console - get response body { code: '200',
  message: 'OK',
  result: 
   { status_bit: '19',
     session_token: '92946e3a-5b6c-11e5-9b56-ac853da464e1' } }
[2015-09-15 13:47:05.285] [ERROR] console - user bank accout verify post use info  {"user_id":"UR0000008510","session_token":"92946e3a-5b6c-11e5-9b56-ac853da464e1","phone":"13200000001","username":"cc"}
[2015-09-15 13:48:10.476] [ERROR] console - ddddddddddddddddddddddddddddddddd undefined
[2015-09-15 13:48:16.551] [INFO] console - get response body { code: '200',
  message: 'OK',
  result: { resend_time: '60', code: '3665' } }
[2015-09-15 13:48:18.904] [INFO] console - get response body { code: '200',
  message: 'OK',
  result: { token: 'a1949282041cde625ff7f0caa3cb3671' } }
[2015-09-15 13:48:28.221] [INFO] console - get response body { code: '200',
  message: 'OK',
  result: 
   { id_image_status: '0',
     info_bit: '0',
     status_bit: '1',
     user_id: 'UR0000008512',
     session_token: 'd19ea83d-5b6c-11e5-9b56-ac853da464e1' } }
[2015-09-15 13:48:45.707] [INFO] console - get response body { code: '200',
  message: 'OK',
  result: 
   { status_bit: '3',
     session_token: 'd19ea83d-5b6c-11e5-9b56-ac853da464e1' } }
[2015-09-15 13:48:50.165] [INFO] console - get response body { code: '200',
  message: 'OK',
  result: 
   { status_bit: '19',
     session_token: 'd19ea83d-5b6c-11e5-9b56-ac853da464e1' } }
[2015-09-15 13:48:51.858] [ERROR] console - user bank accout verify post use info  {"user_id":"UR0000008512","session_token":"d19ea83d-5b6c-11e5-9b56-ac853da464e1","phone":"13248269999","username":"cc"}
[2015-09-15 13:48:58.580] [ERROR] console - ddddddddddddddddddddddddddddddddd {"user_id":"UR0000008512","session_token":"d19ea83d-5b6c-11e5-9b56-ac853da464e1","phone":"13248269999","username":"cc"}
[2015-09-15 13:49:23.168] [ERROR] console - ddddddddddddddddddddddddddddddddd {"user_id":"UR0000008512","session_token":"d19ea83d-5b6c-11e5-9b56-ac853da464e1","phone":"13248269999","username":"cc"}
[2015-09-15 13:49:24.694] [ERROR] console - ddddddddddddddddddddddddddddddddd {"user_id":"UR0000008512","session_token":"d19ea83d-5b6c-11e5-9b56-ac853da464e1","phone":"13248269999","username":"cc"}
[2015-09-15 13:51:09.378] [INFO] console - { order_id: 'OR2661734727747', merchant_id: 'MC0000001409' }
[2015-09-15 13:51:11.155] [INFO] console - { order_id: 'OR2661734727747', merchant_id: 'MC0000001409' }
[2015-09-15 13:51:12.015] [INFO] console - user register start
[2015-09-15 13:51:18.149] [INFO] console - get response body { code: '200',
  message: 'OK',
  result: { resend_time: '60', code: '6351' } }
[2015-09-15 13:51:20.960] [INFO] console - get response body { code: '200',
  message: 'OK',
  result: { token: 'ec4672fbed4f2ba9ba8c01dcc673aa4b' } }
[2015-09-15 13:51:26.884] [INFO] console - get response body { code: '200',
  message: 'OK',
  result: 
   { id_image_status: '0',
     info_bit: '0',
     status_bit: '1',
     user_id: 'UR0000008514',
     session_token: '3c207159-5b6d-11e5-9b56-ac853da464e1' } }
[2015-09-15 13:51:43.269] [INFO] console - get response body { code: '200',
  message: 'OK',
  result: 
   { status_bit: '3',
     session_token: '3c207159-5b6d-11e5-9b56-ac853da464e1' } }
[2015-09-15 13:51:46.376] [INFO] console - get response body { code: '200',
  message: 'OK',
  result: 
   { status_bit: '19',
     session_token: '3c207159-5b6d-11e5-9b56-ac853da464e1' } }
[2015-09-15 13:51:48.309] [ERROR] console - user bank accout verify post use info  {"user_id":"UR0000008514","session_token":"3c207159-5b6d-11e5-9b56-ac853da464e1","phone":"13018946416","username":"ccxx"}
[2015-09-15 13:52:03.070] [ERROR] console - ddddddddddddddddddddddddddddddddd {"user_id":"UR0000008512","session_token":"d19ea83d-5b6c-11e5-9b56-ac853da464e1","phone":"13248269999","username":"cc"}
[2015-09-15 13:52:11.424] [ERROR] console - ddddddddddddddddddddddddddddddddd {"user_id":"UR0000008512","session_token":"d19ea83d-5b6c-11e5-9b56-ac853da464e1","phone":"13248269999","username":"cc"}
[2015-09-15 13:52:17.354] [ERROR] console - ddddddddddddddddddddddddddddddddd {"user_id":"UR0000008512","session_token":"d19ea83d-5b6c-11e5-9b56-ac853da464e1","phone":"13248269999","username":"cc"}
[2015-09-15 13:52:19.823] [ERROR] console - ddddddddddddddddddddddddddddddddd {"user_id":"UR0000008512","session_token":"d19ea83d-5b6c-11e5-9b56-ac853da464e1","phone":"13248269999","username":"cc"}
[2015-09-15 13:52:55.199] [ERROR] console - ddddddddddddddddddddddddddddddddd {"user_id":"UR0000008512","session_token":"d19ea83d-5b6c-11e5-9b56-ac853da464e1","phone":"13248269999","username":"cc"}
[2015-09-15 13:55:34.169] [INFO] console - { order_id: 'OR2661734727747', merchant_id: 'MC0000001409' }
[2015-09-15 13:55:34.986] [INFO] console - user register start
[2015-09-15 13:55:49.236] [INFO] console - get response body { code: '1140',
  message: '该电话号码已经注册，请登录',
  result: { prefix_phone: '13248000000', resend_time: '0', code: '' } }
[2015-09-15 13:55:53.768] [INFO] console - get response body { code: '200',
  message: 'OK',
  result: { resend_time: '60', code: '4750' } }
[2015-09-15 13:55:56.305] [INFO] console - get response body { code: '200',
  message: 'OK',
  result: { token: '8a50cf88c5b81a04c0758625c54ed6df' } }
[2015-09-15 13:56:01.772] [INFO] console - get response body { code: '200',
  message: 'OK',
  result: 
   { id_image_status: '0',
     info_bit: '0',
     status_bit: '1',
     user_id: 'UR0000008518',
     session_token: 'dff97f44-5b6d-11e5-9b56-ac853da464e1' } }
[2015-09-15 13:56:16.978] [INFO] console - get response body { code: '400',
  message: 'parameter user_id is missing.',
  result: null }
[2015-09-15 13:56:25.761] [INFO] console - user register start
[2015-09-15 13:59:24.842] [INFO] console - user register start
[2015-09-15 13:59:25.788] [INFO] console - user register start
[2015-09-15 13:59:51.366] [INFO] console - user register start
[2015-09-15 13:59:53.026] [INFO] console - user register start
[2015-09-15 13:59:59.985] [INFO] console - get response body { code: '200',
  message: 'OK',
  result: { resend_time: '60', code: '1469' } }
[2015-09-15 14:00:02.477] [INFO] console - get response body { code: '200',
  message: 'OK',
  result: { token: 'b0468b3fb8447421c26265a4e15b7fd7' } }
[2015-09-15 14:00:13.711] [INFO] console - get response body { code: '200',
  message: 'OK',
  result: 
   { id_image_status: '0',
     info_bit: '0',
     status_bit: '1',
     user_id: 'UR0000008521',
     session_token: '7624de1d-5b6e-11e5-9b56-ac853da464e1' } }
[2015-09-15 14:17:36.256] [INFO] console - user register start
[2015-09-15 14:24:54.748] [INFO] console - user register start
[2015-09-15 14:25:08.818] [INFO] console - get response body { code: '1001',
  message: '会话已过期，请重新登录',
  result: { session_token: '' } }
[2015-09-15 14:25:15.079] [INFO] console - get response body { code: '1030', message: '账号或密码错误', result: { left_times: '4' } }
[2015-09-15 14:25:20.933] [INFO] console - get response body { code: '200',
  message: 'OK',
  result: 
   { id_image_status: '0',
     info_bit: '0',
     status_bit: '1',
     name: '',
     user_id: 'UR0000008521',
     id_verified: '0',
     session_token: 'f86ea305-5b71-11e5-9b56-ac853da464e1' } }
[2015-09-15 14:25:22.756] [INFO] console - get response body { code: '200',
  message: 'OK',
  result: 
   { status_bit: '3',
     session_token: 'f86ea305-5b71-11e5-9b56-ac853da464e1' } }
[2015-09-15 14:25:26.984] [INFO] console - get response body { code: '200',
  message: 'OK',
  result: 
   { status_bit: '19',
     session_token: 'f86ea305-5b71-11e5-9b56-ac853da464e1' } }
[2015-09-15 14:25:28.354] [ERROR] console - user bank accout verify post use info  {"user_id":"UR0000008521","session_token":"f86ea305-5b71-11e5-9b56-ac853da464e1","phone":"13099999991","username":"fsf"}
[2015-09-15 15:20:42.328] [INFO] console - { order_id: 'OR2661734727747', merchant_id: 'MC0000001409' }
[2015-09-15 15:20:42.868] [INFO] console - user register start
[2015-09-15 15:20:52.409] [INFO] console - get response body { code: '200',
  message: 'OK',
  result: { resend_time: '60', code: '3098' } }
[2015-09-15 15:20:55.624] [INFO] console - get response body { code: '200',
  message: 'OK',
  result: { token: '0e04e9601bdb56e51b8feea79f373571' } }
[2015-09-15 15:21:01.585] [INFO] console - get response body { code: '200',
  message: 'OK',
  result: 
   { id_image_status: '0',
     info_bit: '0',
     status_bit: '1',
     user_id: 'UR0000008531',
     session_token: 'bfb9bec6-5b79-11e5-9b56-ac853da464e1' } }
[2015-09-15 15:21:15.240] [INFO] console - get response body { code: '200',
  message: 'OK',
  result: 
   { status_bit: '3',
     session_token: 'bfb9bec6-5b79-11e5-9b56-ac853da464e1' } }
[2015-09-15 15:21:19.510] [INFO] console - get response body { code: '200',
  message: 'OK',
  result: 
   { status_bit: '19',
     session_token: 'bfb9bec6-5b79-11e5-9b56-ac853da464e1' } }
[2015-09-15 15:22:33.662] [INFO] console - user register start
[2015-09-15 15:22:35.341] [ERROR] console - user bank accout verify post use info  {"user_id":"UR0000008531","session_token":"bfb9bec6-5b79-11e5-9b56-ac853da464e1","phone":"13088888884","username":"wd"}
[2015-09-15 16:49:32.656] [INFO] console - user register start
[2015-09-15 17:18:08.707] [INFO] console - user get sign for test  { code: '200',
  message: 'OK',
  result: { sign: 'a5xeuGNmYLK7tuO51g8KYrVzuwPmgnh2F/eLg1ZO2eY+d0QaAT+2VS9Jqh3aXc3FR/Uh8oKBmZ1dZAbf9lzl2ZzNdgaXzd3vX+TsVKOvS6twFObbHgAQ9Lw5yxylczSqXkM4MyONqMtc9CaMLVMMA/De+fAZvXT53jZCN2B7CQA=' } }
[2015-09-16 13:30:18.750] [INFO] console - user get sign for test  { code: '200',
  message: 'OK',
  result: { sign: 'kCAlXtEQ+aJsv2BC+nXGq6YEINRuY+nHgdUF9mT5yel5xd5ipOg/4EJ/60x6QxVzJU8AW0Cj8FEUHI5VoMGSVSjh4lq8Qfza3KAY9zTMkNBIAIabqCu+HRU6YD4ue3DEQ8ExjRurX5aLUZIUEnz4k9/nFdZzVUqjp+GA1ehDaCk=' } }
[2015-09-16 13:30:32.222] [INFO] console - user get order info  { code: '200',
  message: 'OK',
  result: 
   { amount: '19.90',
     order_detail: '[{"product":"美国XXX的保健品","logo":"","detail":"这是美国最牛逼的保健品，强身健体，一剂见效。","type":"保健品","price":"1.1","count":"3","total":"3.3"},{"product":"官网NIKE","logo":"","detail":"最好的篮球鞋，詹姆斯战靴1代","type":"Nike 服饰，和NBA球员一起运动","price":"5.00","count":"1","total":"5.00"},{"product":"美国XXX的保健品","logo":"","detail":"这是美国最牛逼的保健品，强身健体，一剂见效。","type":"保健品","price":"1.1","count":"3","total":"3.3"},{"product":"iPhone 6s 手机壳","logo":"","detail":"让你的iPhone6看上去就是iPhone 6s, 屌丝的选择。","type":"装饰品","price":"4","count":"2","total":"8.00"}]',
     merchant_name: 'Flower Company',
     merchant_id: 'MC0000001409',
     order_id: 'OR5746669236805',
     return_url: '/checkout/orderList' } }
[2015-09-16 13:30:32.240] [INFO] console - { order_id: 'OR5746669236805', merchant_id: 'MC0000001409' }
[2015-09-16 13:30:32.243] [INFO] console - user get order auth { amount: '19.90',
  order_detail: 
   [ { product: '美国XXX的保健品',
       logo: '',
       detail: '这是美国最牛逼的保健品，强身健体，一剂见效。',
       type: '保健品',
       price: '1.1',
       count: '3',
       total: '3.3' },
     { product: '官网NIKE',
       logo: '',
       detail: '最好的篮球鞋，詹姆斯战靴1代',
       type: 'Nike 服饰，和NBA球员一起运动',
       price: '5.00',
       count: '1',
       total: '5.00' },
     { product: '美国XXX的保健品',
       logo: '',
       detail: '这是美国最牛逼的保健品，强身健体，一剂见效。',
       type: '保健品',
       price: '1.1',
       count: '3',
       total: '3.3' },
     { product: 'iPhone 6s 手机壳',
       logo: '',
       detail: '让你的iPhone6看上去就是iPhone 6s, 屌丝的选择。',
       type: '装饰品',
       price: '4',
       count: '2',
       total: '8.00' } ],
  merchant_name: 'Flower Company',
  merchant_id: 'MC0000001409',
  order_id: 'OR5746669236805',
  return_url: '/checkout/orderList',
  sign: 'kCAlXtEQ+aJsv2BC+nXGq6YEINRuY+nHgdUF9mT5yel5xd5ipOg/4EJ/60x6QxVzJU8AW0Cj8FEUHI5VoMGSVSjh4lq8Qfza3KAY9zTMkNBIAIabqCu+HRU6YD4ue3DEQ8ExjRurX5aLUZIUEnz4k9/nFdZzVUqjp+GA1ehDaCk=',
  sign_type: 'RSA',
  charset: 'UTF-8' }
[2015-09-16 13:30:37.577] [INFO] console - { order_id: 'OR5746669236805', merchant_id: 'MC0000001409' }
[2015-09-16 13:30:39.266] [INFO] console - user register start
