[2015-08-11 19:42:36.146] [INFO] console - reset password aaaaaa {}
[2015-08-11 19:45:17.793] [ERROR] console - Error: Failed to lookup view "error" in views directory "E:\pier\pier_sdk_cn\sdk\views"
    at EventEmitter.app.render (E:\pier\pier_sdk_cn\sdk\node_modules\express\lib\application.js:555:17)
    at ServerResponse.res.render (E:\pier\pier_sdk_cn\sdk\node_modules\express\lib\response.js:938:7)
    at module.exports (E:\pier\pier_sdk_cn\sdk\sdk.js:53:7)
    at Layer.handle_error (E:\pier\pier_sdk_cn\sdk\node_modules\express\lib\router\layer.js:58:5)
    at trim_prefix (E:\pier\pier_sdk_cn\sdk\node_modules\express\lib\router\index.js:300:13)
    at E:\pier\pier_sdk_cn\sdk\node_modules\express\lib\router\index.js:270:7
    at Function.proto.process_params (E:\pier\pier_sdk_cn\sdk\node_modules\express\lib\router\index.js:321:12)
    at IncomingMessage.next (E:\pier\pier_sdk_cn\sdk\node_modules\express\lib\router\index.js:261:10)
    at fn (E:\pier\pier_sdk_cn\sdk\node_modules\express\lib\response.js:933:25)
    at EventEmitter.app.render (E:\pier\pier_sdk_cn\sdk\node_modules\express\lib\application.js:557:14)
[2015-08-11 19:46:06.725] [INFO] console - aaaaaaaaaaaaaaaaaaaaaaaaaaaaaaaaaaaa
[2015-08-11 19:46:12.076] [ERROR] console - Error: Failed to lookup view "error" in views directory "E:\pier\pier_sdk_cn\sdk\views"
    at EventEmitter.app.render (E:\pier\pier_sdk_cn\sdk\node_modules\express\lib\application.js:555:17)
    at ServerResponse.res.render (E:\pier\pier_sdk_cn\sdk\node_modules\express\lib\response.js:938:7)
    at module.exports (E:\pier\pier_sdk_cn\sdk\sdk.js:53:7)
    at Layer.handle_error (E:\pier\pier_sdk_cn\sdk\node_modules\express\lib\router\layer.js:58:5)
    at trim_prefix (E:\pier\pier_sdk_cn\sdk\node_modules\express\lib\router\index.js:300:13)
    at E:\pier\pier_sdk_cn\sdk\node_modules\express\lib\router\index.js:270:7
    at Function.proto.process_params (E:\pier\pier_sdk_cn\sdk\node_modules\express\lib\router\index.js:321:12)
    at IncomingMessage.next (E:\pier\pier_sdk_cn\sdk\node_modules\express\lib\router\index.js:261:10)
    at fn (E:\pier\pier_sdk_cn\sdk\node_modules\express\lib\response.js:933:25)
    at EventEmitter.app.render (E:\pier\pier_sdk_cn\sdk\node_modules\express\lib\application.js:557:14)
[2015-08-11 19:50:34.806] [ERROR] console - Error: Failed to lookup view "error" in views directory "E:\pier\pier_sdk_cn\sdk\views"
    at EventEmitter.app.render (E:\pier\pier_sdk_cn\sdk\node_modules\express\lib\application.js:555:17)
    at ServerResponse.res.render (E:\pier\pier_sdk_cn\sdk\node_modules\express\lib\response.js:938:7)
    at module.exports (E:\pier\pier_sdk_cn\sdk\sdk.js:53:7)
    at Layer.handle_error (E:\pier\pier_sdk_cn\sdk\node_modules\express\lib\router\layer.js:58:5)
    at trim_prefix (E:\pier\pier_sdk_cn\sdk\node_modules\express\lib\router\index.js:300:13)
    at E:\pier\pier_sdk_cn\sdk\node_modules\express\lib\router\index.js:270:7
    at Function.proto.process_params (E:\pier\pier_sdk_cn\sdk\node_modules\express\lib\router\index.js:321:12)
    at IncomingMessage.next (E:\pier\pier_sdk_cn\sdk\node_modules\express\lib\router\index.js:261:10)
    at fn (E:\pier\pier_sdk_cn\sdk\node_modules\express\lib\response.js:933:25)
    at EventEmitter.app.render (E:\pier\pier_sdk_cn\sdk\node_modules\express\lib\application.js:557:14)
[2015-08-11 19:54:01.081] [INFO] console - aaaaaaaaaaaaaa /sdkSMSPsdForget
[2015-08-11 19:54:01.717] [INFO] console - aaaaaaaaaaaaaa /sdkSMSPsdForget
[2015-08-11 19:54:39.368] [INFO] console - aaaaaaaaaaaaaa /sdkSMSPsdForget
[2015-08-11 19:54:39.401] [INFO] console - get response body { phone: '13248269098' }
[2015-08-11 19:55:33.997] [INFO] console - aaaaaaaaaaaaaa /sdkSMSPsdForget
[2015-08-11 19:55:34.645] [INFO] console - get response body { code: '1022', message: '该帐号不存在', result: {} }
[2015-08-11 19:57:06.065] [INFO] console - get response body { code: '200',
  message: 'OK',
  result: 
   { expiration: '300',
     resend_time: '60',
     code_id: '4218',
     code: '4109',
     sms_no: '4218' } }
[2015-08-11 20:06:12.233] [ERROR] console - Error: Failed to lookup view "error" in views directory "E:\pier\pier_sdk_cn\sdk\views"
    at EventEmitter.app.render (E:\pier\pier_sdk_cn\sdk\node_modules\express\lib\application.js:555:17)
    at ServerResponse.res.render (E:\pier\pier_sdk_cn\sdk\node_modules\express\lib\response.js:938:7)
    at module.exports (E:\pier\pier_sdk_cn\sdk\sdk.js:53:7)
    at Layer.handle_error (E:\pier\pier_sdk_cn\sdk\node_modules\express\lib\router\layer.js:58:5)
    at trim_prefix (E:\pier\pier_sdk_cn\sdk\node_modules\express\lib\router\index.js:300:13)
    at E:\pier\pier_sdk_cn\sdk\node_modules\express\lib\router\index.js:270:7
    at Function.proto.process_params (E:\pier\pier_sdk_cn\sdk\node_modules\express\lib\router\index.js:321:12)
    at IncomingMessage.next (E:\pier\pier_sdk_cn\sdk\node_modules\express\lib\router\index.js:261:10)
    at fn (E:\pier\pier_sdk_cn\sdk\node_modules\express\lib\response.js:933:25)
    at EventEmitter.app.render (E:\pier\pier_sdk_cn\sdk\node_modules\express\lib\application.js:557:14)
