[2015-09-24 15:06:39.345] [INFO] console - user get sign for test  { code: '200',
  message: 'OK',
  result: { sign: 'FjwBNj4NYk3UiQgnnkbDTdf/GPIDyOr0jkVFkdA0nEjLhn7kL0zf+Sj1yF2RbYV5xDAD83Am1uzNhiRmp7+FF2+7yLEyLObN0eCDwB/6VuVx9lMBUyeOy+dEyuAALVG1Nvs3j891EPKENOkhe91577ZKP0QLFzUWqAWu4WXTKDk=' } }
[2015-09-24 15:06:39.733] [ERROR] console - /checkout/login { order_id: 'OR795190318645563839',
  merchant_id: 'MC0000001409',
  amount: '19.90',
  order_detail: '[{"product":"","logo":"","detail":"这是美国最牛逼的保健品，强身健体，一剂见效。","type":"保健品","price":"1.1","count":"3","total":"3.3"},{"product":"官网NIKE","logo":"","detail":"最好的篮球鞋，詹姆斯战靴1代","type":"Nike 服饰，和NBA球员一起运动","price":"5.00","count":"1","total":"5.00"},{"product":"美国XXX的保健品","logo":"","detail":"这是美国最牛逼的保健品，强身健体，一剂见效。","type":"保健品","price":"1.1","count":"3","total":"3.3"},{"product":"iPhone 6s 手机壳","logo":"","detail":"让你的iPhone6看上去就是iPhone 6s, 屌丝的选择。","type":"装饰品","price":"4","count":"2","total":"8.00"}]',
  return_url: '/checkout/orderList',
  api_id: '1819957c-1a3f-11e5-ba25-3a22fd90d682' }
[2015-09-24 15:06:39.922] [INFO] console - user save new order  { code: '200',
  message: 'OK',
  result: { order_id: 'OR795190318645563839' } }
[2015-09-24 15:06:40.116] [INFO] console - user get order info  { code: '200',
  message: 'OK',
  result: 
   { amount: '19.90',
     order_detail: '[{"product":"","logo":"","detail":"这是美国最牛逼的保健品，强身健体，一剂见效。","type":"保健品","price":"1.1","count":"3","total":"3.3"},{"product":"官网NIKE","logo":"","detail":"最好的篮球鞋，詹姆斯战靴1代","type":"Nike 服饰，和NBA球员一起运动","price":"5.00","count":"1","total":"5.00"},{"product":"美国XXX的保健品","logo":"","detail":"这是美国最牛逼的保健品，强身健体，一剂见效。","type":"保健品","price":"1.1","count":"3","total":"3.3"},{"product":"iPhone 6s 手机壳","logo":"","detail":"让你的iPhone6看上去就是iPhone 6s, 屌丝的选择。","type":"装饰品","price":"4","count":"2","total":"8.00"}]',
     merchant_name: 'Flower Company',
     merchant_id: 'MC0000001409',
     order_id: 'OR795190318645563839',
     return_url: '/checkout/orderList' } }
[2015-09-24 15:06:40.120] [INFO] console - { order_id: 'OR795190318645563839',
  merchant_id: 'MC0000001409' }
[2015-09-24 15:06:40.121] [INFO] console - user get order auth { amount: '19.90',
  order_detail: 
   [ { product: '',
       logo: '',
       detail: '这是美国最牛逼的保健品，强身健体，一剂见效。',
       type: '保健品',
       price: '1.1',
       count: '3',
       total: '3.3' },
     { product: '官网NIKE',
       logo: '',
       detail: '最好的篮球鞋，詹姆斯战靴1代',
       type: 'Nike 服饰，和NBA球员一起运动',
       price: '5.00',
       count: '1',
       total: '5.00' },
     { product: '美国XXX的保健品',
       logo: '',
       detail: '这是美国最牛逼的保健品，强身健体，一剂见效。',
       type: '保健品',
       price: '1.1',
       count: '3',
       total: '3.3' },
     { product: 'iPhone 6s 手机壳',
       logo: '',
       detail: '让你的iPhone6看上去就是iPhone 6s, 屌丝的选择。',
       type: '装饰品',
       price: '4',
       count: '2',
       total: '8.00' } ],
  merchant_name: 'Flower Company',
  merchant_id: 'MC0000001409',
  order_id: 'OR795190318645563839',
  return_url: '/checkout/orderList',
  sign: 'FjwBNj4NYk3UiQgnnkbDTdf/GPIDyOr0jkVFkdA0nEjLhn7kL0zf+Sj1yF2RbYV5xDAD83Am1uzNhiRmp7+FF2+7yLEyLObN0eCDwB/6VuVx9lMBUyeOy+dEyuAALVG1Nvs3j891EPKENOkhe91577ZKP0QLFzUWqAWu4WXTKDk=',
  sign_type: 'RSA',
  charset: 'UTF-8' }
[2015-09-25 09:45:42.888] [INFO] console - user get sign for test  { code: '200',
  message: 'OK',
  result: { sign: 'Lci+ppkzXpOTpxV9WB94eNeJmDtTU38Ed6r36sK0LKM/rt82imYoDX6TemSkV1UxLkr+AWMyPGmfq2HJW5DjA7bw9XaQP9muEtX1e0dQyzA8YsEpD8ID5aqnyr2Fbx6U0jr4LqL3dTTF6SAuQIS6fsVlUz/a/MeRF+oZFaUe2rc=' } }
