[2015-09-14 11:01:14.564] [INFO] console - user get sign for test  { code: '200',
  message: 'OK',
  result: { sign: 'YvtlbhpUYbVHukc69/ITnBMudNTqu/kCs9L/SQjVizAs6h0jBFT7er2T7depzk5Ll5V+RBfWwWhj0GPlwPJ4Sf9pApWF8BVJUHRH6CXchwoJYPc4AEUUGx3NmsihKncdIYkJA3b6oHmh46eQ8WdDLFgoHv3bWXHYpfU4umGaDoU=' } }
[2015-09-14 11:19:17.536] [INFO] console - user get sign for test  { code: '200',
  message: 'OK',
  result: { sign: 'Z419AtutGBVJwfJu6bTHD08VEQ6BldmqjWkvzUnogY80+D6ObWzNKSIlC+d80Ovoy7H+iIeVFvWqqK9pkEZshi5UDHAxUQkrzjiwKvOv+TAl3D50nwxsltOerxk67XJl5gXNo/Q1arbwqqxzIJr6A3d0Xg+4TQfFAQBDQ32B6k8=' } }
[2015-09-14 11:19:32.650] [INFO] console - { order_id: 'OR7611440331443', merchant_id: 'MC0000001409' }
[2015-09-14 11:19:39.377] [INFO] console - checkout user login params { phone: '13248269098', password: '11111111a' }
[2015-09-14 11:19:39.571] [INFO] console - user login when checkout { code: '1030', message: '账号或密码错误', result: { left_times: '3' } }
[2015-09-14 11:25:54.070] [INFO] console - user get sign for test  { code: '200',
  message: 'OK',
  result: { sign: 'nCn/f9vol7DU3SHlZBuCOMWUXlfthxxb+ol9GGEPjefyRtQ8cewXs99+A8wdu/XxQNQ97wPSsAqqrQPI6h/5LKFjwUCyjzMIedJGrsoR2ubaCqMzqPfG1z0dwlHSwFtyQh+s/GHRm31VOUbjhIXtPe+YDiEyqdzEAuESYzqUl84=' } }
[2015-09-14 11:26:10.688] [INFO] console - user get sign for test  { code: '200',
  message: 'OK',
  result: { sign: 'WBg24plmFeuAwfIwEd8lxSD0QcIneStxyx7oG6dlEhO4FuZxRGvw6Nw8klovvOOb9FigNxyYylIZBkQU0WRmM8rwY3Yw4Yt+A3DY7x4ttQO21JW6O9MccQh8njfnFbf0m09ufWmNIwi3z9FIHQeoa8S4Bs0JYkJIe4Uu3IgOnSA=' } }
[2015-09-14 11:26:16.132] [INFO] console - user get order info  { code: '200',
  message: 'OK',
  result: 
   { amount: '19.90',
     order_detail: '[{"product":"美国XXX的保健品","logo":"","detail":"这是美国最牛逼的保健品，强身健体，一剂见效。","type":"保健品","price":"1.1","count":"3","total":"3.3"},{"product":"官网NIKE","logo":"","detail":"最好的篮球鞋，詹姆斯战靴1代","type":"Nike 服饰，和NBA球员一起运动","price":"5.00","count":"1","total":"5.00"},{"product":"美国XXX的保健品","logo":"","detail":"这是美国最牛逼的保健品，强身健体，一剂见效。","type":"保健品","price":"1.1","count":"3","total":"3.3"},{"product":"iPhone 6s 手机壳","logo":"","detail":"让你的iPhone6看上去就是iPhone 6s, 屌丝的选择。","type":"装饰品","price":"4","count":"2","total":"8.00"}]',
     merchant_name: 'Flower Company',
     merchant_id: 'MC0000001409',
     order_id: 'OR7260946840127',
     return_url: '/checkout/orderList' } }
[2015-09-14 11:26:16.143] [INFO] console - { order_id: 'OR7260946840127', merchant_id: 'MC0000001409' }
[2015-09-14 11:26:16.144] [INFO] console - user get order auth { amount: '19.90',
  order_detail: 
   [ { product: '美国XXX的保健品',
       logo: '',
       detail: '这是美国最牛逼的保健品，强身健体，一剂见效。',
       type: '保健品',
       price: '1.1',
       count: '3',
       total: '3.3' },
     { product: '官网NIKE',
       logo: '',
       detail: '最好的篮球鞋，詹姆斯战靴1代',
       type: 'Nike 服饰，和NBA球员一起运动',
       price: '5.00',
       count: '1',
       total: '5.00' },
     { product: '美国XXX的保健品',
       logo: '',
       detail: '这是美国最牛逼的保健品，强身健体，一剂见效。',
       type: '保健品',
       price: '1.1',
       count: '3',
       total: '3.3' },
     { product: 'iPhone 6s 手机壳',
       logo: '',
       detail: '让你的iPhone6看上去就是iPhone 6s, 屌丝的选择。',
       type: '装饰品',
       price: '4',
       count: '2',
       total: '8.00' } ],
  merchant_name: 'Flower Company',
  merchant_id: 'MC0000001409',
  order_id: 'OR7260946840127',
  return_url: '/checkout/orderList',
  sign: 'WBg24plmFeuAwfIwEd8lxSD0QcIneStxyx7oG6dlEhO4FuZxRGvw6Nw8klovvOOb9FigNxyYylIZBkQU0WRmM8rwY3Yw4Yt+A3DY7x4ttQO21JW6O9MccQh8njfnFbf0m09ufWmNIwi3z9FIHQeoa8S4Bs0JYkJIe4Uu3IgOnSA=',
  sign_type: 'RSA',
  charset: 'UTF-8' }
[2015-09-14 11:26:23.255] [INFO] console - checkout user login params { phone: '13248269098', password: '11111a' }
[2015-09-14 11:26:23.481] [INFO] console - user login when checkout { code: '200',
  message: 'OK',
  result: 
   { id_image_status: '0',
     info_bit: '0',
     status_bit: '159',
     name: '程聪',
     user_id: 'UR0000006932',
     id_verified: '1',
     session_token: 'cd869ea0-5a8f-11e5-9b56-ac853da464e1' } }
[2015-09-14 11:26:23.482] [INFO] console - get user authOrer detail { amount: '19.90',
  order_detail: 
   [ { product: '美国XXX的保健品',
       logo: '',
       detail: '这是美国最牛逼的保健品，强身健体，一剂见效。',
       type: '保健品',
       price: '1.1',
       count: '3',
       total: '3.3' },
     { product: '官网NIKE',
       logo: '',
       detail: '最好的篮球鞋，詹姆斯战靴1代',
       type: 'Nike 服饰，和NBA球员一起运动',
       price: '5.00',
       count: '1',
       total: '5.00' },
     { product: '美国XXX的保健品',
       logo: '',
       detail: '这是美国最牛逼的保健品，强身健体，一剂见效。',
       type: '保健品',
       price: '1.1',
       count: '3',
       total: '3.3' },
     { product: 'iPhone 6s 手机壳',
       logo: '',
       detail: '让你的iPhone6看上去就是iPhone 6s, 屌丝的选择。',
       type: '装饰品',
       price: '4',
       count: '2',
       total: '8.00' } ],
  merchant_name: 'Flower Company',
  merchant_id: 'MC0000001409',
  order_id: 'OR7260946840127',
  return_url: '/checkout/orderList',
  sign: 'WBg24plmFeuAwfIwEd8lxSD0QcIneStxyx7oG6dlEhO4FuZxRGvw6Nw8klovvOOb9FigNxyYylIZBkQU0WRmM8rwY3Yw4Yt+A3DY7x4ttQO21JW6O9MccQh8njfnFbf0m09ufWmNIwi3z9FIHQeoa8S4Bs0JYkJIe4Uu3IgOnSA=',
  sign_type: 'RSA',
  charset: 'UTF-8',
  location: 'login',
  errorMsg: '',
  directError: false,
  currency: 'CNY',
  _locals: {},
  user_auth: 
   { user_id: 'UR0000006932',
     session_token: 'cd869ea0-5a8f-11e5-9b56-ac853da464e1',
     name: '程聪' } }
[2015-09-14 11:26:23.489] [INFO] console - checkout confirm page  { amount: '19.90',
  order_detail: 
   [ { product: '美国XXX的保健品',
       logo: '',
       detail: '这是美国最牛逼的保健品，强身健体，一剂见效。',
       type: '保健品',
       price: '1.1',
       count: '3',
       total: '3.3' },
     { product: '官网NIKE',
       logo: '',
       detail: '最好的篮球鞋，詹姆斯战靴1代',
       type: 'Nike 服饰，和NBA球员一起运动',
       price: '5.00',
       count: '1',
       total: '5.00' },
     { product: '美国XXX的保健品',
       logo: '',
       detail: '这是美国最牛逼的保健品，强身健体，一剂见效。',
       type: '保健品',
       price: '1.1',
       count: '3',
       total: '3.3' },
     { product: 'iPhone 6s 手机壳',
       logo: '',
       detail: '让你的iPhone6看上去就是iPhone 6s, 屌丝的选择。',
       type: '装饰品',
       price: '4',
       count: '2',
       total: '8.00' } ],
  merchant_name: 'Flower Company',
  merchant_id: 'MC0000001409',
  order_id: 'OR7260946840127',
  return_url: '/checkout/orderList',
  sign: 'WBg24plmFeuAwfIwEd8lxSD0QcIneStxyx7oG6dlEhO4FuZxRGvw6Nw8klovvOOb9FigNxyYylIZBkQU0WRmM8rwY3Yw4Yt+A3DY7x4ttQO21JW6O9MccQh8njfnFbf0m09ufWmNIwi3z9FIHQeoa8S4Bs0JYkJIe4Uu3IgOnSA=',
  sign_type: 'RSA',
  charset: 'UTF-8',
  location: 'login',
  errorMsg: '',
  directError: false,
  currency: 'CNY',
  _locals: {},
  user_auth: 
   { user_id: 'UR0000006932',
     session_token: 'cd869ea0-5a8f-11e5-9b56-ac853da464e1',
     name: '程聪' } }
[2015-09-14 11:26:23.492] [INFO] console - order detail to json [ { product: '美国XXX的保健品',
    logo: '',
    detail: '这是美国最牛逼的保健品，强身健体，一剂见效。',
    type: '保健品',
    price: '1.1',
    count: '3',
    total: '3.3' },
  { product: '官网NIKE',
    logo: '',
    detail: '最好的篮球鞋，詹姆斯战靴1代',
    type: 'Nike 服饰，和NBA球员一起运动',
    price: '5.00',
    count: '1',
    total: '5.00' },
  { product: '美国XXX的保健品',
    logo: '',
    detail: '这是美国最牛逼的保健品，强身健体，一剂见效。',
    type: '保健品',
    price: '1.1',
    count: '3',
    total: '3.3' },
  { product: 'iPhone 6s 手机壳',
    logo: '',
    detail: '让你的iPhone6看上去就是iPhone 6s, 屌丝的选择。',
    type: '装饰品',
    price: '4',
    count: '2',
    total: '8.00' } ]
[2015-09-14 11:26:28.175] [INFO] console - checkout user login params { phone: '13248269098', password: '1111111a' }
[2015-09-14 11:26:28.364] [INFO] console - user login when checkout { code: '1030', message: '账号或密码错误', result: { left_times: '4' } }
[2015-09-14 12:49:54.808] [INFO] console - { order_id: 'OR3326806118977', merchant_id: 'MC0000001409' }
[2015-09-14 12:50:09.157] [INFO] console - checkout user login params { phone: '13248269098', password: '111111aa' }
[2015-09-14 12:50:09.356] [INFO] console - user login when checkout { code: '1030', message: '账号或密码错误', result: { left_times: '1' } }
[2015-09-14 12:50:14.914] [INFO] console - checkout user login params { phone: '13248269098', password: '11111a' }
[2015-09-14 12:50:15.124] [INFO] console - user login when checkout { code: '200',
  message: 'OK',
  result: 
   { id_image_status: '0',
     info_bit: '0',
     status_bit: '159',
     name: '程聪',
     user_id: 'UR0000006932',
     id_verified: '1',
     session_token: '84a4de33-5a9b-11e5-9b56-ac853da464e1' } }
[2015-09-14 12:50:15.127] [INFO] console - get user authOrer detail { amount: '19.90',
  order_detail: 
   [ { product: '美国XXX的保健品',
       logo: '',
       detail: '这是美国最牛逼的保健品，强身健体，一剂见效。',
       type: '保健品',
       price: '1.1',
       count: '3',
       total: '3.3' },
     { product: '官网NIKE',
       logo: '',
       detail: '最好的篮球鞋，詹姆斯战靴1代',
       type: 'Nike 服饰，和NBA球员一起运动',
       price: '5.00',
       count: '1',
       total: '5.00' },
     { product: '美国XXX的保健品',
       logo: '',
       detail: '这是美国最牛逼的保健品，强身健体，一剂见效。',
       type: '保健品',
       price: '1.1',
       count: '3',
       total: '3.3' },
     { product: 'iPhone 6s 手机壳',
       logo: '',
       detail: '让你的iPhone6看上去就是iPhone 6s, 屌丝的选择。',
       type: '装饰品',
       price: '4',
       count: '2',
       total: '8.00' } ],
  merchant_name: 'Flower Company',
  merchant_id: 'MC0000001409',
  order_id: 'OR3326806118977',
  return_url: '/checkout/orderList',
  sign: '9c6fGD3eMDsocLRSRFMt9qFULaC4XJL689gNhTON67bO1LQzbS4+pBomC9xNE5cF6Q1dpQ/M8KTjhMOnq4S2Xr6qx2jYseJvxxoQBXniLN5LJ4SzcIDHCRXHVJlVmWYdreHPAy2wZPaPypq9sH5+oTV5/Xcbp5qt3yIZfZkHNCg=',
  sign_type: 'RSA',
  charset: 'UTF-8',
  platform: 'web',
  location: 'login',
  errorMsg: '',
  directError: false,
  title: '品而支付',
  pageInfo: '{"page_id":"200001"}',
  _locals: {},
  phone: '13248269098',
  password: '111111aa',
  user_auth: 
   { user_id: 'UR0000006932',
     session_token: '84a4de33-5a9b-11e5-9b56-ac853da464e1',
     name: '程聪',
     phone: '13248269098' } }
[2015-09-14 12:50:15.150] [INFO] console - mobile checkout confirm page  { amount: '19.90',
  order_detail: 
   [ { product: '美国XXX的保健品',
       logo: '',
       detail: '这是美国最牛逼的保健品，强身健体，一剂见效。',
       type: '保健品',
       price: '1.1',
       count: '3',
       total: '3.3' },
     { product: '官网NIKE',
       logo: '',
       detail: '最好的篮球鞋，詹姆斯战靴1代',
       type: 'Nike 服饰，和NBA球员一起运动',
       price: '5.00',
       count: '1',
       total: '5.00' },
     { product: '美国XXX的保健品',
       logo: '',
       detail: '这是美国最牛逼的保健品，强身健体，一剂见效。',
       type: '保健品',
       price: '1.1',
       count: '3',
       total: '3.3' },
     { product: 'iPhone 6s 手机壳',
       logo: '',
       detail: '让你的iPhone6看上去就是iPhone 6s, 屌丝的选择。',
       type: '装饰品',
       price: '4',
       count: '2',
       total: '8.00' } ],
  merchant_name: 'Flower Company',
  merchant_id: 'MC0000001409',
  order_id: 'OR3326806118977',
  return_url: '/checkout/orderList',
  sign: '9c6fGD3eMDsocLRSRFMt9qFULaC4XJL689gNhTON67bO1LQzbS4+pBomC9xNE5cF6Q1dpQ/M8KTjhMOnq4S2Xr6qx2jYseJvxxoQBXniLN5LJ4SzcIDHCRXHVJlVmWYdreHPAy2wZPaPypq9sH5+oTV5/Xcbp5qt3yIZfZkHNCg=',
  sign_type: 'RSA',
  charset: 'UTF-8',
  platform: 'web',
  location: 'login',
  errorMsg: '',
  directError: false,
  title: '品而支付',
  pageInfo: '{"page_id":"200001"}',
  _locals: {},
  phone: '13248269098',
  password: '111111aa',
  user_auth: 
   { user_id: 'UR0000006932',
     session_token: '84a4de33-5a9b-11e5-9b56-ac853da464e1',
     name: '程聪',
     phone: '13248269098' } }
[2015-09-14 12:50:15.151] [INFO] console - order detail to json [ { product: '美国XXX的保健品',
    logo: '',
    detail: '这是美国最牛逼的保健品，强身健体，一剂见效。',
    type: '保健品',
    price: '1.1',
    count: '3',
    total: '3.3' },
  { product: '官网NIKE',
    logo: '',
    detail: '最好的篮球鞋，詹姆斯战靴1代',
    type: 'Nike 服饰，和NBA球员一起运动',
    price: '5.00',
    count: '1',
    total: '5.00' },
  { product: '美国XXX的保健品',
    logo: '',
    detail: '这是美国最牛逼的保健品，强身健体，一剂见效。',
    type: '保健品',
    price: '1.1',
    count: '3',
    total: '3.3' },
  { product: 'iPhone 6s 手机壳',
    logo: '',
    detail: '让你的iPhone6看上去就是iPhone 6s, 屌丝的选择。',
    type: '装饰品',
    price: '4',
    count: '2',
    total: '8.00' } ]
[2015-09-14 13:17:44.582] [INFO] console - user get sign for test  { code: '200',
  message: 'OK',
  result: { sign: 'rY/IdjjEL9/LdsVzxVaFKh76lRlGjLrYSQPbOfe0NvBqavWQq2wGlyF6kZEUMI9kdU2t9ib/Oa52XkEfqrZSK6d36Y7154G0uTveACmjfSSjBuhzoiYX05GPVeLvZ1CyyKYhi2e9/0/8YcZCKI5NlrIRhuyYPbYXCry9V/QGF9A=' } }
[2015-09-14 14:20:39.386] [INFO] console - user get sign for test  { code: '200',
  message: 'OK',
  result: { sign: 'jT7epzf5cwt462g2A8105d2ow+wOySOShtVhRvVLLdxJiFBejBFsoZML7TWfKkXihbyCTolyh0imTd8zLYfpVpoOOOKqn+1B1zDMBOraZfRB+vHzRrYuALcP1nPsPHMo7kKTJ6SH5QzRHIScgGRm0E4DnWcIovF9gl7az1Y/WNY=' } }
[2015-09-14 14:57:31.555] [INFO] console - user get sign for test  { code: '200',
  message: 'OK',
  result: { sign: 'LkdHn1zHX/zArG6tZW3VjGxMwqYw+QatVwRuhyZNx1INt9Ua3Bbm6Z26iBrH4Hu/2NlRtSeJFCWy6KLXPwLBLmdEsmTrns5qd4PNvng6/UggqNEawQliqcqZah/Z8gIclm66LQ6NTYRq4f8DCPHEscrd54w2nILCfxtjzKt3s44=' } }
[2015-09-14 15:02:32.542] [INFO] console - user register start
[2015-09-14 15:02:44.004] [INFO] console - get response body { code: '200',
  message: 'OK',
  result: { resend_time: '60', code: '8319' } }
[2015-09-14 15:02:46.716] [INFO] console - get response body { code: '200',
  message: 'OK',
  result: { token: 'ff28ac8250c91536f5084d9cc5805c8f' } }
[2015-09-14 15:02:52.242] [INFO] console - get response body { code: '200',
  message: 'OK',
  result: 
   { id_image_status: '0',
     info_bit: '0',
     status_bit: '1',
     user_id: 'UR0000008449',
     session_token: '0b83d2a5-5aae-11e5-9b56-ac853da464e1' } }
[2015-09-14 15:03:20.731] [INFO] console - get response body { code: '200',
  message: 'OK',
  result: 
   { status_bit: '3',
     session_token: '0b83d2a5-5aae-11e5-9b56-ac853da464e1' } }
[2015-09-14 15:03:24.530] [INFO] console - get response body { code: '200',
  message: 'OK',
  result: 
   { status_bit: '19',
     session_token: '0b83d2a5-5aae-11e5-9b56-ac853da464e1' } }
[2015-09-14 15:03:48.606] [INFO] console - user register start
[2015-09-14 15:04:22.543] [INFO] console - user register start
[2015-09-14 15:04:38.012] [INFO] console - user register start
[2015-09-14 15:04:48.304] [INFO] console - user register start
[2015-09-14 15:04:50.280] [INFO] console - user get sign for test  { code: '200',
  message: 'OK',
  result: { sign: 'P0IL/Efr7cJ+ROo6HM6znT4OAxhqc82eK345BYd+4ewUW2X8vFM17W8F6d9jvNnUp1cjBpW0TCtANdxsyYrmbKlMnNL0jnIdvETFAIYIx23ugpoIQRCX58QnNU/Hl8pD7lqeVugqOgh37XEltyTU1uP6J3UwcyVTWMbw/fLcUvo=' } }
[2015-09-14 15:04:58.603] [INFO] console - user get order info  { code: '200',
  message: 'OK',
  result: 
   { amount: '19.90',
     order_detail: '[{"product":"美国XXX的保健品","logo":"","detail":"这是美国最牛逼的保健品，强身健体，一剂见效。","type":"保健品","price":"1.1","count":"3","total":"3.3"},{"product":"官网NIKE","logo":"","detail":"最好的篮球鞋，詹姆斯战靴1代","type":"Nike 服饰，和NBA球员一起运动","price":"5.00","count":"1","total":"5.00"},{"product":"美国XXX的保健品","logo":"","detail":"这是美国最牛逼的保健品，强身健体，一剂见效。","type":"保健品","price":"1.1","count":"3","total":"3.3"},{"product":"iPhone 6s 手机壳","logo":"","detail":"让你的iPhone6看上去就是iPhone 6s, 屌丝的选择。","type":"装饰品","price":"4","count":"2","total":"8.00"}]',
     merchant_name: 'Flower Company',
     merchant_id: 'MC0000001409',
     order_id: 'OR6223719520088',
     return_url: '/checkout/orderList' } }
[2015-09-14 15:04:58.607] [INFO] console - { order_id: 'OR6223719520088', merchant_id: 'MC0000001409' }
[2015-09-14 15:04:58.609] [INFO] console - user get order auth { amount: '19.90',
  order_detail: 
   [ { product: '美国XXX的保健品',
       logo: '',
       detail: '这是美国最牛逼的保健品，强身健体，一剂见效。',
       type: '保健品',
       price: '1.1',
       count: '3',
       total: '3.3' },
     { product: '官网NIKE',
       logo: '',
       detail: '最好的篮球鞋，詹姆斯战靴1代',
       type: 'Nike 服饰，和NBA球员一起运动',
       price: '5.00',
       count: '1',
       total: '5.00' },
     { product: '美国XXX的保健品',
       logo: '',
       detail: '这是美国最牛逼的保健品，强身健体，一剂见效。',
       type: '保健品',
       price: '1.1',
       count: '3',
       total: '3.3' },
     { product: 'iPhone 6s 手机壳',
       logo: '',
       detail: '让你的iPhone6看上去就是iPhone 6s, 屌丝的选择。',
       type: '装饰品',
       price: '4',
       count: '2',
       total: '8.00' } ],
  merchant_name: 'Flower Company',
  merchant_id: 'MC0000001409',
  order_id: 'OR6223719520088',
  return_url: '/checkout/orderList',
  sign: 'P0IL/Efr7cJ+ROo6HM6znT4OAxhqc82eK345BYd+4ewUW2X8vFM17W8F6d9jvNnUp1cjBpW0TCtANdxsyYrmbKlMnNL0jnIdvETFAIYIx23ugpoIQRCX58QnNU/Hl8pD7lqeVugqOgh37XEltyTU1uP6J3UwcyVTWMbw/fLcUvo=',
  sign_type: 'RSA',
  charset: 'UTF-8' }
[2015-09-14 15:05:04.911] [INFO] console - { order_id: 'OR6223719520088', merchant_id: 'MC0000001409' }
[2015-09-14 15:05:06.912] [INFO] console - user register start
[2015-09-14 15:05:27.046] [INFO] console - get response body { code: '1140',
  message: '该电话号码已经注册，请登录',
  result: { prefix_phone: '13240000000', resend_time: '0', code: '' } }
[2015-09-14 15:05:31.828] [INFO] console - get response body { code: '200',
  message: 'OK',
  result: { token: '0a2db00b0265352183eb3fb65ee25432' } }
[2015-09-14 15:05:39.139] [INFO] console - get response body { code: '2005',
  message: '验证码无效或者过期',
  result: 
   { id_image_status: '0',
     info_bit: '0',
     status_bit: '1',
     user_id: '',
     session_token: '' } }
[2015-09-14 15:05:46.087] [INFO] console - get response body { code: '2005',
  message: '验证码无效或者过期',
  result: 
   { id_image_status: '0',
     info_bit: '0',
     status_bit: '1',
     user_id: '',
     session_token: '' } }
[2015-09-14 15:05:56.074] [INFO] console - user register start
[2015-09-14 15:06:04.166] [INFO] console - get response body { code: '200',
  message: 'OK',
  result: { resend_time: '60', code: '9501' } }
[2015-09-14 15:06:12.442] [INFO] console - get response body { code: '200',
  message: 'OK',
  result: { token: 'd8fa75563fba670ab4709f1b76aadab5' } }
[2015-09-14 15:06:20.663] [INFO] console - get response body { code: '200',
  message: 'OK',
  result: 
   { id_image_status: '0',
     info_bit: '0',
     status_bit: '1',
     user_id: 'UR0000008451',
     session_token: '87bdcc54-5aae-11e5-9b56-ac853da464e1' } }
[2015-09-14 15:06:38.337] [INFO] console - get response body { code: '200',
  message: 'OK',
  result: 
   { status_bit: '3',
     session_token: '87bdcc54-5aae-11e5-9b56-ac853da464e1' } }
[2015-09-14 15:06:42.478] [INFO] console - get response body { code: '200',
  message: 'OK',
  result: 
   { status_bit: '19',
     session_token: '87bdcc54-5aae-11e5-9b56-ac853da464e1' } }
[2015-09-14 15:06:48.025] [INFO] console - get response body { code: '200',
  message: 'OK',
  result: 
   { status_bit: '19',
     session_token: '87bdcc54-5aae-11e5-9b56-ac853da464e1' } }
[2015-09-14 15:07:59.560] [INFO] console - get response body { code: '200',
  message: 'OK',
  result: 
   { status_bit: '19',
     session_token: '87bdcc54-5aae-11e5-9b56-ac853da464e1' } }
[2015-09-14 15:08:12.150] [INFO] console - user register start
[2015-09-14 15:09:36.224] [INFO] console - user register start
[2015-09-14 15:09:43.619] [INFO] console - user register start
[2015-09-14 15:15:29.787] [INFO] console - user register start
[2015-09-14 15:17:21.944] [INFO] console - user register start
[2015-09-14 15:17:33.451] [INFO] console - user register start
[2015-09-14 15:17:33.811] [INFO] console - user register start
[2015-09-14 15:17:34.056] [INFO] console - user register start
[2015-09-14 15:17:34.280] [INFO] console - user register start
[2015-09-14 15:17:34.512] [INFO] console - user register start
[2015-09-14 15:17:41.850] [INFO] console - user register start
[2015-09-14 15:17:52.240] [INFO] console - user register start
[2015-09-14 15:17:53.206] [INFO] console - user register start
[2015-09-14 15:17:53.524] [INFO] console - user register start
[2015-09-14 15:21:37.385] [INFO] console - user get sign for test  { code: '200',
  message: 'OK',
  result: { sign: 'SbSr4Xedlx/+Be1VPcasiFWy//zBpuAX4IJ29Go7lygDEkQuiTl8h3jgzwnYirkh3RoAy1VxsCw/GXST+ov0QAmKrPPcj7P80D5bLYKCV1Kus4/G3k7o2dV9+XFVIZyrUEoMg6cXNidUAvXIH7JwypQEeWQWzLNUxrd7MSNQdmM=' } }
[2015-09-14 15:42:10.571] [INFO] console - user register start
[2015-09-14 15:47:21.602] [INFO] console - user register start
[2015-09-14 15:47:44.978] [INFO] console - user register start
[2015-09-14 15:47:54.118] [INFO] console - user register start
[2015-09-14 15:48:36.458] [INFO] console - user register start
[2015-09-14 15:48:49.498] [INFO] console - user register start
[2015-09-14 15:49:16.580] [INFO] console - user register start
[2015-09-14 15:49:29.267] [INFO] console - user register start
[2015-09-14 15:49:43.660] [INFO] console - user register start
[2015-09-14 15:50:10.281] [INFO] console - user register start
[2015-09-14 15:50:17.378] [INFO] console - user register start
[2015-09-14 15:51:09.007] [INFO] console - user register start
[2015-09-14 15:51:20.047] [INFO] console - user register start
[2015-09-14 15:51:31.020] [INFO] console - user register start
[2015-09-14 15:51:38.754] [INFO] console - user register start
[2015-09-14 15:51:45.449] [INFO] console - user register start
[2015-09-14 15:52:49.255] [INFO] console - user register start
[2015-09-14 15:53:33.368] [INFO] console - user register start
[2015-09-14 15:54:06.145] [INFO] console - user register start
[2015-09-14 15:54:12.913] [INFO] console - user register start
[2015-09-14 15:54:25.154] [INFO] console - user register start
[2015-09-14 15:54:38.794] [INFO] console - user register start
[2015-09-14 15:54:46.740] [INFO] console - user register start
[2015-09-14 15:54:50.858] [INFO] console - user register start
[2015-09-14 15:54:59.517] [INFO] console - user register start
[2015-09-14 15:55:13.730] [INFO] console - user register start
[2015-09-14 15:55:33.191] [INFO] console - user register start
[2015-09-14 15:56:11.942] [INFO] console - user register start
[2015-09-14 15:56:30.455] [INFO] console - user register start
[2015-09-14 15:56:37.984] [INFO] console - user register start
[2015-09-14 15:56:50.650] [INFO] console - user register start
[2015-09-14 15:56:56.768] [INFO] console - user register start
[2015-09-14 15:57:03.545] [INFO] console - user register start
[2015-09-14 15:57:10.410] [INFO] console - user register start
[2015-09-14 15:57:14.666] [INFO] console - user register start
[2015-09-14 15:57:53.338] [INFO] console - user register start
[2015-09-14 15:58:17.312] [INFO] console - user register start
[2015-09-14 15:58:22.427] [INFO] console - user register start
[2015-09-14 15:58:30.151] [INFO] console - user register start
[2015-09-14 15:58:46.088] [INFO] console - user register start
[2015-09-14 15:58:57.209] [INFO] console - user register start
[2015-09-14 15:59:32.217] [INFO] console - user register start
[2015-09-14 15:59:48.691] [INFO] console - user register start
[2015-09-14 16:00:21.168] [INFO] console - user register start
[2015-09-14 16:00:35.523] [INFO] console - user register start
[2015-09-14 16:01:16.016] [INFO] console - user register start
[2015-09-14 16:01:37.573] [INFO] console - user register start
[2015-09-14 16:01:48.686] [INFO] console - get response body { code: '400', message: '无效的电话号码：  25863547722', result: null }
[2015-09-14 16:02:02.060] [INFO] console - get response body { code: '200',
  message: 'OK',
  result: { resend_time: '60', code: '2647' } }
[2015-09-14 16:02:06.462] [INFO] console - get response body { code: '200',
  message: 'OK',
  result: { token: '6ee364e85773d9b14779ff88131a854e' } }
[2015-09-14 16:02:13.264] [INFO] console - get response body { code: '200',
  message: 'OK',
  result: 
   { id_image_status: '0',
     info_bit: '0',
     status_bit: '1',
     user_id: 'UR0000008454',
     session_token: '56122ac9-5ab6-11e5-9b56-ac853da464e1' } }
[2015-09-14 16:02:45.987] [INFO] console - get response body { code: '200',
  message: 'OK',
  result: 
   { status_bit: '3',
     session_token: '56122ac9-5ab6-11e5-9b56-ac853da464e1' } }
[2015-09-14 16:02:58.376] [INFO] console - get response body { code: '200',
  message: 'OK',
  result: 
   { status_bit: '19',
     session_token: '56122ac9-5ab6-11e5-9b56-ac853da464e1' } }
[2015-09-14 16:04:22.235] [INFO] console - user register start
[2015-09-14 16:04:31.419] [INFO] console - user register start
[2015-09-14 16:04:51.491] [INFO] console - get response body { code: '1140',
  message: '该电话号码已经注册，请登录',
  result: { prefix_phone: '13240000000', resend_time: '0', code: '' } }
[2015-09-14 16:10:45.219] [INFO] console - get response body { code: '200',
  message: 'OK',
  result: { resend_time: '60', code: '6496' } }
[2015-09-14 16:10:51.834] [INFO] console - get response body { code: '200',
  message: 'OK',
  result: { token: '202ec988353e5b2ae17767aa2cdb58ee' } }
[2015-09-14 16:10:58.588] [INFO] console - get response body { code: '200',
  message: 'OK',
  result: 
   { id_image_status: '0',
     info_bit: '0',
     status_bit: '1',
     user_id: 'UR0000008456',
     session_token: '8f30d1b4-5ab7-11e5-9b56-ac853da464e1' } }
[2015-09-14 16:11:31.556] [INFO] console - get response body { code: '200',
  message: 'OK',
  result: 
   { status_bit: '3',
     session_token: '8f30d1b4-5ab7-11e5-9b56-ac853da464e1' } }
[2015-09-14 16:11:39.796] [INFO] console - get response body { code: '200',
  message: 'OK',
  result: 
   { status_bit: '19',
     session_token: '8f30d1b4-5ab7-11e5-9b56-ac853da464e1' } }
[2015-09-14 16:11:56.035] [INFO] console - user register start
[2015-09-14 16:13:47.946] [INFO] console - get response body { code: '200',
  message: 'OK',
  result: 
   { status_bit: '19',
     session_token: '8f30d1b4-5ab7-11e5-9b56-ac853da464e1' } }
[2015-09-14 16:15:03.967] [INFO] console - user register start
[2015-09-14 16:15:30.170] [INFO] console - user register start
[2015-09-14 16:15:42.131] [INFO] console - user register start
[2015-09-14 16:15:49.850] [INFO] console - user register start
[2015-09-14 16:16:06.749] [INFO] console - user register start
[2015-09-14 16:16:18.980] [INFO] console - user register start
[2015-09-14 16:16:31.869] [INFO] console - user register start
[2015-09-14 16:16:48.275] [INFO] console - user register start
[2015-09-14 16:17:02.679] [INFO] console - user register start
[2015-09-14 16:17:24.404] [INFO] console - user register start
[2015-09-14 16:17:56.570] [INFO] console - user register start
[2015-09-14 16:21:27.351] [INFO] console - user register start
[2015-09-14 16:21:52.643] [INFO] console - user register start
[2015-09-14 16:22:50.643] [INFO] console - user register start
[2015-09-14 16:23:32.099] [INFO] console - user register start
[2015-09-14 16:28:14.657] [INFO] console - user get sign for test  { code: '200',
  message: 'OK',
  result: { sign: 'r+7d6+Br57STVdjxYsCJXik3J0cZV09ewyOEMfUExupzkzhcRO4Ys1pjfpdZnDVAYHIztqzzeh0chd9DakUot/vFJ8XVKFvZAgQJzZ8yRiF5/vU7sHQleuNOrpdoGiECA3+IgQd/FvB1NRP/944C97y/pnuiqUxQfzkgaxwIWuY=' } }
[2015-09-14 16:38:07.608] [INFO] console - user get sign for test  { code: '200',
  message: 'OK',
  result: { sign: 'VaHYlXagq+oGty/ej96gq5k7zWbAfCUgFhTZV8Nghspsgs/kGt05D0XRaFGXTql2nLzruHydr6E4SBAyKh1FQnuJ29OWl1uzSxRFrLCrwvSVBudoFKSHC/3/s9e2k2X4FRxuBSu2oSdvnCNKt45zeW+etxHwyL8U7WrWkEDNGrM=' } }
[2015-09-14 16:53:39.715] [INFO] console - user get sign for test  { code: '200',
  message: 'OK',
  result: { sign: 'FyM7hTK4CZnakjSXuOj5VJqWJmwGJ2QWQoEm+O92OquZoSxMugK/2Fu6PWX7xvMf+iLux0osAnBuojzzjJ0o/Nb7oMzCzosHirKp00TI+qJSm7JJPrdQ/Bml9RF+GiQbevHy5iMRd4x8XxYvHQ7VJJUYZ/SCNRBw7Kc4ViqFrKY=' } }
[2015-09-14 19:22:22.147] [INFO] console - user get sign for test  { code: '200',
  message: 'OK',
  result: { sign: 'CHs/cpCRhTXksN0e1qPH8I/CvUWM5O8zSG0iorM1pRzWPurxOwyVMO2tpmdPUZP5iPzn/dM71TvPckBtn5r/muuUB3CJyu/RTe52D3EQjkIUVYJvIKoJT/AnNDG4mriseLrtrHiKbIUpP1jHgRcUhc4N/HbGv7eLAZbaqHfY5OQ=' } }
[2015-09-14 19:22:36.594] [INFO] console - { order_id: 'OR4945212981315', merchant_id: 'MC0000001409' }
[2015-09-14 19:22:38.160] [INFO] console - user register start
[2015-09-14 19:23:50.212] [INFO] console - get response body { code: '200',
  message: 'OK',
  result: { resend_time: '60', code: '2479' } }
[2015-09-14 19:23:52.303] [INFO] console - get response body { code: '200',
  message: 'OK',
  result: { token: '5ad924efef57633a808529bb9a2a364b' } }
[2015-09-14 19:24:00.897] [INFO] console - get response body { code: '200',
  message: 'OK',
  result: 
   { id_image_status: '0',
     info_bit: '0',
     status_bit: '1',
     user_id: 'UR0000008473',
     session_token: '86c36ac9-5ad2-11e5-9b56-ac853da464e1' } }
[2015-09-14 19:24:35.813] [INFO] console - get response body { code: '1079',
  message: '该邮箱已经被注册过',
  result: { session_token: '86c36ac9-5ad2-11e5-9b56-ac853da464e1' } }
[2015-09-14 19:24:43.618] [INFO] console - get response body { code: '1079',
  message: '该邮箱已经被注册过',
  result: { session_token: '86c36ac9-5ad2-11e5-9b56-ac853da464e1' } }
[2015-09-14 19:30:23.441] [INFO] console - user register start
[2015-09-14 19:30:45.792] [INFO] console - get response body { code: '1079',
  message: '该邮箱已经被注册过',
  result: { session_token: '86c36ac9-5ad2-11e5-9b56-ac853da464e1' } }
[2015-09-14 19:30:50.189] [INFO] console - get response body { code: '200',
  message: 'OK',
  result: 
   { status_bit: '3',
     session_token: '86c36ac9-5ad2-11e5-9b56-ac853da464e1' } }
[2015-09-14 19:30:54.069] [INFO] console - get response body { code: '200',
  message: 'OK',
  result: 
   { status_bit: '19',
     session_token: '86c36ac9-5ad2-11e5-9b56-ac853da464e1' } }
[2015-09-14 19:47:06.603] [INFO] console - user register start
