[2015-09-22 14:21:57.012] [INFO] console - user get sign for test  { code: '200',
  message: 'OK',
  result: { sign: 'tOGiEFgaFjuwN1HzouNtZXyp24+VO/KYjmMjtrg9ebUjCXoAFkuc4ic55kqP8dHah2QBdK7hNVs2HjRM5Q01cYkraLWFzbm5RL3TWSdtJRvZTpSG6syeDda53mkrv5xKxKIEokFaDhnjctxbr1iGvNWk0X2b1tCpL7sRReOeVM4=' } }
[2015-09-22 14:21:58.182] [ERROR] console - /checkout/login { order_id: 'OR168024478643726057',
  merchant_id: 'MC0000001409',
  amount: '19.90',
  order_detail: '[{"product":"","logo":"","detail":"这是美国最牛逼的保健品，强身健体，一剂见效。","type":"保健品","price":"1.1","count":"3","total":"3.3"},{"product":"官网NIKE","logo":"","detail":"最好的篮球鞋，詹姆斯战靴1代","type":"Nike 服饰，和NBA球员一起运动","price":"5.00","count":"1","total":"5.00"},{"product":"美国XXX的保健品","logo":"","detail":"这是美国最牛逼的保健品，强身健体，一剂见效。","type":"保健品","price":"1.1","count":"3","total":"3.3"},{"product":"iPhone 6s 手机壳","logo":"","detail":"让你的iPhone6看上去就是iPhone 6s, 屌丝的选择。","type":"装饰品","price":"4","count":"2","total":"8.00"}]',
  return_url: '/checkout/orderList',
  api_id: '1819957c-1a3f-11e5-ba25-3a22fd90d682' }
[2015-09-22 14:22:30.584] [ERROR] console - /checkout/login { order_id: 'OR168024478643726057',
  merchant_id: 'MC0000001409',
  amount: '19.90',
  order_detail: '[{"product":"","logo":"","detail":"这是美国最牛逼的保健品，强身健体，一剂见效。","type":"保健品","price":"1.1","count":"3","total":"3.3"},{"product":"官网NIKE","logo":"","detail":"最好的篮球鞋，詹姆斯战靴1代","type":"Nike 服饰，和NBA球员一起运动","price":"5.00","count":"1","total":"5.00"},{"product":"美国XXX的保健品","logo":"","detail":"这是美国最牛逼的保健品，强身健体，一剂见效。","type":"保健品","price":"1.1","count":"3","total":"3.3"},{"product":"iPhone 6s 手机壳","logo":"","detail":"让你的iPhone6看上去就是iPhone 6s, 屌丝的选择。","type":"装饰品","price":"4","count":"2","total":"8.00"}]',
  return_url: '/checkout/orderList',
  api_id: '1819957c-1a3f-11e5-ba25-3a22fd90d682' }
[2015-09-22 14:22:34.448] [INFO] console - user get sign for test  { code: '200',
  message: 'OK',
  result: { sign: 'k5iygE8Q6IPjWhk6sJzfF7q1kYYo93IOfr+xCeFLrDbVFqYyOTv2XItgcc2NpKVu3TVDJqAjPeuGAACQBfA/gRiC0pvV1OzzHYa/Vogaun74kO/8sJuafETOsOoyQdAlIvkiDCYqryHidxxD8yjjfWLEvt47L12iACb9vFasvKM=' } }
[2015-09-22 14:22:35.225] [ERROR] console - /checkout/login { order_id: 'OR926912071690492619',
  merchant_id: 'MC0000001409',
  amount: '19.90',
  order_detail: '[{"product":"","logo":"","detail":"这是美国最牛逼的保健品，强身健体，一剂见效。","type":"保健品","price":"1.1","count":"3","total":"3.3"},{"product":"官网NIKE","logo":"","detail":"最好的篮球鞋，詹姆斯战靴1代","type":"Nike 服饰，和NBA球员一起运动","price":"5.00","count":"1","total":"5.00"},{"product":"美国XXX的保健品","logo":"","detail":"这是美国最牛逼的保健品，强身健体，一剂见效。","type":"保健品","price":"1.1","count":"3","total":"3.3"},{"product":"iPhone 6s 手机壳","logo":"","detail":"让你的iPhone6看上去就是iPhone 6s, 屌丝的选择。","type":"装饰品","price":"4","count":"2","total":"8.00"}]',
  return_url: '/checkout/orderList',
  api_id: '1819957c-1a3f-11e5-ba25-3a22fd90d682' }
[2015-09-22 14:22:35.496] [INFO] console - user save new order  { code: '200',
  message: 'OK',
  result: { order_id: 'OR926912071690492619' } }
[2015-09-22 14:22:35.713] [INFO] console - user get order info  { code: '200',
  message: 'OK',
  result: 
   { amount: '19.90',
     order_detail: '[{"product":"","logo":"","detail":"这是美国最牛逼的保健品，强身健体，一剂见效。","type":"保健品","price":"1.1","count":"3","total":"3.3"},{"product":"官网NIKE","logo":"","detail":"最好的篮球鞋，詹姆斯战靴1代","type":"Nike 服饰，和NBA球员一起运动","price":"5.00","count":"1","total":"5.00"},{"product":"美国XXX的保健品","logo":"","detail":"这是美国最牛逼的保健品，强身健体，一剂见效。","type":"保健品","price":"1.1","count":"3","total":"3.3"},{"product":"iPhone 6s 手机壳","logo":"","detail":"让你的iPhone6看上去就是iPhone 6s, 屌丝的选择。","type":"装饰品","price":"4","count":"2","total":"8.00"}]',
     merchant_name: 'Flower Company',
     merchant_id: 'MC0000001409',
     order_id: 'OR926912071690492619',
     return_url: '/checkout/orderList' } }
[2015-09-22 14:22:35.729] [INFO] console - { order_id: 'OR926912071690492619',
  merchant_id: 'MC0000001409' }
[2015-09-22 14:22:35.731] [INFO] console - user get order auth { amount: '19.90',
  order_detail: 
   [ { product: '',
       logo: '',
       detail: '这是美国最牛逼的保健品，强身健体，一剂见效。',
       type: '保健品',
       price: '1.1',
       count: '3',
       total: '3.3' },
     { product: '官网NIKE',
       logo: '',
       detail: '最好的篮球鞋，詹姆斯战靴1代',
       type: 'Nike 服饰，和NBA球员一起运动',
       price: '5.00',
       count: '1',
       total: '5.00' },
     { product: '美国XXX的保健品',
       logo: '',
       detail: '这是美国最牛逼的保健品，强身健体，一剂见效。',
       type: '保健品',
       price: '1.1',
       count: '3',
       total: '3.3' },
     { product: 'iPhone 6s 手机壳',
       logo: '',
       detail: '让你的iPhone6看上去就是iPhone 6s, 屌丝的选择。',
       type: '装饰品',
       price: '4',
       count: '2',
       total: '8.00' } ],
  merchant_name: 'Flower Company',
  merchant_id: 'MC0000001409',
  order_id: 'OR926912071690492619',
  return_url: '/checkout/orderList',
  sign: 'k5iygE8Q6IPjWhk6sJzfF7q1kYYo93IOfr+xCeFLrDbVFqYyOTv2XItgcc2NpKVu3TVDJqAjPeuGAACQBfA/gRiC0pvV1OzzHYa/Vogaun74kO/8sJuafETOsOoyQdAlIvkiDCYqryHidxxD8yjjfWLEvt47L12iACb9vFasvKM=',
  sign_type: 'RSA',
  charset: 'UTF-8' }
[2015-09-22 14:22:37.283] [INFO] console - user register start
[2015-09-22 14:24:39.850] [INFO] console - user register start
[2015-09-22 14:24:42.556] [INFO] console - user get sign for test  { code: '200',
  message: 'OK',
  result: { sign: 'kQjrMkeSMdDAn7FuFN6nVoPXA5JoIVjDWX0MjPEKCl3+KIOGNuvS3P8c9hWcRJ3lEyWOTWC3khzI1aFv0ygvW0t85SRZVjy3iikRmVbgt2ZHSmhN6+FScgRuCXVi2r45tGxyjNuG3xAjAO7qPS1Pt3iCdJZ4BTIwzwAMf8FNDY8=' } }
