[2015-10-14 17:33:00.631] [ERROR] console - /mobile/checkout/login { merchant_id: 'MC0000006975',
  return_url: 'http://192.168.1.12:6060',
  api_id: '91bab849-5157-11e5-be20-3beae5baf6a4',
  cart_id: '92ecd969-7255-11e5-940d-9c064a5ffdd9' }
[2015-10-14 17:33:00.713] [INFO] console - user save new order for pier shop { code: '200', message: 'OK', result: {} }
[2015-10-14 17:42:42.888] [INFO] console - user get sign for test  { code: '200',
  message: 'OK',
  result: { sign: '0gYStgHl6QG88n45vf7lyRFvC9IY6g8N03fr0YKwtiLch8iExIALr0eOqkIbfsxHaP3TJdjkhA36jRe8bY/68QJdud2cJ1IYCa2mdSpmw/87m7sjTIRAV2bbzsC5ls63wLDKGwEzRMnSgMLo800daVRIJs/JLjJozt16N9lJ6ts=' } }
[2015-10-14 17:42:43.927] [ERROR] console - /checkout/login { order_id: 'OR490775570585205313',
  merchant_id: 'MC0000001409',
  amount: '19.90',
  order_detail: '[{"product":"","logo":"","detail":"这是美国最牛逼的保健品，强身健体，一剂见效。","type":"保健品","price":"1.1","count":"3","total":"3.3"},{"product":"官网NIKE","logo":"","detail":"最好的篮球鞋，詹姆斯战靴1代","type":"Nike 服饰，和NBA球员一起运动","price":"5.00","count":"1","total":"5.00"},{"product":"美国XXX的保健品","logo":"","detail":"这是美国最牛逼的保健品，强身健体，一剂见效。","type":"保健品","price":"1.1","count":"3","total":"3.3"},{"product":"iPhone 6s 手机壳","logo":"","detail":"让你的iPhone6看上去就是iPhone 6s, 屌丝的选择。","type":"装饰品","price":"4","count":"2","total":"8.00"}]',
  return_url: '/checkout/orderList',
  api_id: '1819957c-1a3f-11e5-ba25-3a22fd90d682' }
[2015-10-14 17:42:44.027] [INFO] console - user save new order  <html><head><title>Apache Tomcat/7.0.56 - Error report</title><style><!--H1 {font-family:Tahoma,Arial,sans-serif;color:white;background-color:#525D76;font-size:22px;} H2 {font-family:Tahoma,Arial,sans-serif;color:white;background-color:#525D76;font-size:16px;} H3 {font-family:Tahoma,Arial,sans-serif;color:white;background-color:#525D76;font-size:14px;} BODY {font-family:Tahoma,Arial,sans-serif;color:black;background-color:white;} B {font-family:Tahoma,Arial,sans-serif;color:white;background-color:#525D76;} P {font-family:Tahoma,Arial,sans-serif;background:white;color:black;font-size:12px;}A {color : black;}A.name {color : black;}HR {color : #525D76;}--></style> </head><body><h1>HTTP Status 500 - Internal Server Error</h1><HR size="1" noshade="noshade"><p><b>type</b> Status report</p><p><b>message</b> <u>Internal Server Error</u></p><p><b>description</b> <u>The server encountered an internal error that prevented it from fulfilling this request.</u></p><HR size="1" noshade="noshade"><h3>Apache Tomcat/7.0.56</h3></body></html>
[2015-10-14 17:43:24.802] [ERROR] console - /mobile/checkout/login { merchant_id: 'MC0000006975',
  return_url: 'http://192.168.1.12:6060',
  api_id: '91bab849-5157-11e5-be20-3beae5baf6a4',
  cart_id: '92ecd969-7255-11e5-940d-9c064a5ffdd9' }
[2015-10-14 17:43:24.890] [INFO] console - user save new order for pier shop { code: '200',
  message: 'OK',
  result: { order_id: 'OR0000008639' } }
[2015-10-14 17:43:25.002] [INFO] console - { order_id: 'OR0000008639', merchant_id: 'MC0000006975' }
[2015-10-14 17:43:34.750] [ERROR] console - /mobile/checkout/login { merchant_id: 'MC0000006975',
  return_url: 'http://192.168.1.12:6060',
  api_id: '91bab849-5157-11e5-be20-3beae5baf6a4',
  cart_id: '92ecd969-7255-11e5-940d-9c064a5ffdd9' }
[2015-10-14 17:43:34.842] [INFO] console - user save new order for pier shop { code: '200',
  message: 'OK',
  result: { order_id: 'OR0000008639' } }
[2015-10-14 17:43:34.946] [INFO] console - { order_id: 'OR0000008639', merchant_id: 'MC0000006975' }
[2015-10-14 17:43:54.806] [INFO] console - checkout user login params { phone: '13248269098', password: '11111a' }
[2015-10-14 17:43:54.886] [INFO] console - user login when checkout { code: '200',
  message: 'OK',
  result: 
   { id_image_status: '0',
     info_bit: '0',
     status_bit: '159',
     name: 'cong',
     user_id: 'UR0000006348',
     id_verified: '1',
     session_token: '1e4c41c4-7257-11e5-940d-9c064a5ffdd9' } }
[2015-10-14 17:43:54.887] [INFO] console - get user authOrer detail { created_on: '20151014172605',
  sub_total: '6800.00',
  merchant_name: 'Flower Company II',
  receiver_address: '',
  order_id: 'OR0000008639',
  receiver_phone: '',
  return_url: '',
  receiver_name: '',
  shipping: '12.00',
  order_detail: 
   [ { total: '6800.00',
       product: 'Apple 苹果 iPhone 6S',
       logo: 'http://pierup-product.oss-cn-shenzhen.aliyuncs.com/f1e416295ab33ac137a07dd76a4f5313.jpg',
       detail: '4G手机 金色 公开版（全网通用A1586）',
       price: '6800.00',
       count: '1' } ],
  tax: '680.00',
  merchant_id: 'MC0000006975',
  grand_total: '7492.00',
  sign: 'WWLcLav0m/j4AoHO0fDUjEBPHGlsvVmIbbqGEE8V0h3Ta3H9QdRlO8vaGsfg9L9s+fxGEIWf/1FrQLE9dUktR5dTfY8BfOwq/KYzBbpK8mVVa9ShlOxjIX/ZqqrrxAhWmpl00ShGix9LHyhVepm7VPy6TerOJ4uiejxRWP7YzUw=',
  sign_type: 'RSA',
  charset: 'utf-8',
  platform: 'web',
  location: 'login',
  errorMsg: '',
  directError: false,
  title: '品而支付',
  pageInfo: '{"page_id":"200001"}',
  _locals: {},
  user_auth: 
   { user_id: 'UR0000006348',
     session_token: '1e4c41c4-7257-11e5-940d-9c064a5ffdd9',
     name: 'cong',
     phone: '13248269098' } }
[2015-10-14 17:43:54.895] [INFO] console - mobile checkout confirm page  { created_on: '20151014172605',
  sub_total: '6800.00',
  merchant_name: 'Flower Company II',
  receiver_address: '',
  order_id: 'OR0000008639',
  receiver_phone: '',
  return_url: '',
  receiver_name: '',
  shipping: '12.00',
  order_detail: 
   [ { total: '6800.00',
       product: 'Apple 苹果 iPhone 6S',
       logo: 'http://pierup-product.oss-cn-shenzhen.aliyuncs.com/f1e416295ab33ac137a07dd76a4f5313.jpg',
       detail: '4G手机 金色 公开版（全网通用A1586）',
       price: '6800.00',
       count: '1' } ],
  tax: '680.00',
  merchant_id: 'MC0000006975',
  grand_total: '7492.00',
  sign: 'WWLcLav0m/j4AoHO0fDUjEBPHGlsvVmIbbqGEE8V0h3Ta3H9QdRlO8vaGsfg9L9s+fxGEIWf/1FrQLE9dUktR5dTfY8BfOwq/KYzBbpK8mVVa9ShlOxjIX/ZqqrrxAhWmpl00ShGix9LHyhVepm7VPy6TerOJ4uiejxRWP7YzUw=',
  sign_type: 'RSA',
  charset: 'utf-8',
  platform: 'web',
  location: 'login',
  errorMsg: '',
  directError: false,
  title: '品而支付',
  pageInfo: '{"page_id":"200001"}',
  _locals: {},
  user_auth: 
   { user_id: 'UR0000006348',
     session_token: '1e4c41c4-7257-11e5-940d-9c064a5ffdd9',
     name: 'cong',
     phone: '13248269098' } }
[2015-10-14 17:43:54.897] [INFO] console - order detail to json { created_on: '20151014172605',
  sub_total: '6800.00',
  merchant_name: 'Flower Company II',
  receiver_address: '',
  order_id: 'OR0000008639',
  receiver_phone: '',
  return_url: '',
  receiver_name: '',
  shipping: '12.00',
  order_detail: 
   [ { total: '6800.00',
       product: 'Apple 苹果 iPhone 6S',
       logo: 'http://pierup-product.oss-cn-shenzhen.aliyuncs.com/f1e416295ab33ac137a07dd76a4f5313.jpg',
       detail: '4G手机 金色 公开版（全网通用A1586）',
       price: '6800.00',
       count: '1' } ],
  tax: '680.00',
  merchant_id: 'MC0000006975',
  grand_total: '7492.00',
  sign: 'WWLcLav0m/j4AoHO0fDUjEBPHGlsvVmIbbqGEE8V0h3Ta3H9QdRlO8vaGsfg9L9s+fxGEIWf/1FrQLE9dUktR5dTfY8BfOwq/KYzBbpK8mVVa9ShlOxjIX/ZqqrrxAhWmpl00ShGix9LHyhVepm7VPy6TerOJ4uiejxRWP7YzUw=',
  sign_type: 'RSA',
  charset: 'utf-8',
  platform: 'web',
  location: 'login',
  errorMsg: '',
  directError: false,
  title: '品而支付',
  pageInfo: '{"page_id":"200001"}',
  _locals: {},
  user_auth: 
   { user_id: 'UR0000006348',
     session_token: '1e4c41c4-7257-11e5-940d-9c064a5ffdd9',
     name: 'cong',
     phone: '13248269098' } }
[2015-10-14 17:45:04.074] [INFO] console - user get sign for test  { code: '200',
  message: 'OK',
  result: { sign: '5JhFTnji0Eh/0BHVfJyIsG4FU7hZDfJv3QrFfO8crk/8xxQ+JAWbNw46/zncJAsshZLLWOyPFCgydO6SSsmvqhJCL86hlxzHNx1C1yV7AHRJAkED6i6bxlft4iF7godvUPmBB6Knon+o//CfMPAT1AcEYV/yBGaanghjNn9T9po=' } }
[2015-10-14 17:45:04.401] [ERROR] console - /checkout/login { order_id: 'OR905450621013608163',
  merchant_id: 'MC0000001409',
  amount: '19.90',
  order_detail: '[{"product":"","logo":"","detail":"这是美国最牛逼的保健品，强身健体，一剂见效。","type":"保健品","price":"1.1","count":"3","total":"3.3"},{"product":"官网NIKE","logo":"","detail":"最好的篮球鞋，詹姆斯战靴1代","type":"Nike 服饰，和NBA球员一起运动","price":"5.00","count":"1","total":"5.00"},{"product":"美国XXX的保健品","logo":"","detail":"这是美国最牛逼的保健品，强身健体，一剂见效。","type":"保健品","price":"1.1","count":"3","total":"3.3"},{"product":"iPhone 6s 手机壳","logo":"","detail":"让你的iPhone6看上去就是iPhone 6s, 屌丝的选择。","type":"装饰品","price":"4","count":"2","total":"8.00"}]',
  return_url: '/checkout/orderList',
  api_id: '1819957c-1a3f-11e5-ba25-3a22fd90d682' }
[2015-10-14 17:45:04.478] [INFO] console - user save new order  <html><head><title>Apache Tomcat/7.0.56 - Error report</title><style><!--H1 {font-family:Tahoma,Arial,sans-serif;color:white;background-color:#525D76;font-size:22px;} H2 {font-family:Tahoma,Arial,sans-serif;color:white;background-color:#525D76;font-size:16px;} H3 {font-family:Tahoma,Arial,sans-serif;color:white;background-color:#525D76;font-size:14px;} BODY {font-family:Tahoma,Arial,sans-serif;color:black;background-color:white;} B {font-family:Tahoma,Arial,sans-serif;color:white;background-color:#525D76;} P {font-family:Tahoma,Arial,sans-serif;background:white;color:black;font-size:12px;}A {color : black;}A.name {color : black;}HR {color : #525D76;}--></style> </head><body><h1>HTTP Status 500 - Internal Server Error</h1><HR size="1" noshade="noshade"><p><b>type</b> Status report</p><p><b>message</b> <u>Internal Server Error</u></p><p><b>description</b> <u>The server encountered an internal error that prevented it from fulfilling this request.</u></p><HR size="1" noshade="noshade"><h3>Apache Tomcat/7.0.56</h3></body></html>
[2015-10-14 18:22:51.739] [ERROR] console - /mobile/checkout/login { merchant_id: 'MC0000006975',
  return_url: 'http://192.168.1.12:6060',
  api_id: '91bab849-5157-11e5-be20-3beae5baf6a4',
  cart_id: '8e4c2807-725c-11e5-940d-9c064a5ffdd9' }
[2015-10-14 18:22:51.822] [INFO] console - user save new order for pier shop { code: '200',
  message: 'OK',
  result: { order_id: 'OR0000008641' } }
[2015-10-14 18:22:51.908] [INFO] console - { order_id: 'OR0000008641', merchant_id: 'MC0000006975' }
[2015-10-14 18:23:05.274] [ERROR] console - /mobile/checkout/login { merchant_id: 'MC0000006975',
  return_url: 'http://192.168.1.12:6060',
  api_id: '91bab849-5157-11e5-be20-3beae5baf6a4',
  cart_id: '9614f8df-725c-11e5-940d-9c064a5ffdd9' }
[2015-10-14 18:23:05.363] [INFO] console - user save new order for pier shop { code: '200',
  message: 'OK',
  result: { order_id: 'OR0000008642' } }
[2015-10-14 18:23:05.475] [INFO] console - { order_id: 'OR0000008642', merchant_id: 'MC0000006975' }
[2015-10-14 18:34:51.546] [ERROR] console - /mobile/checkout/login { merchant_id: 'MC0000006975',
  return_url: 'http://192.168.1.12:6060',
  api_id: '91bab849-5157-11e5-be20-3beae5baf6a4',
  cart_id: '22d16948-725e-11e5-940d-9c064a5ffdd9' }
[2015-10-14 18:34:51.646] [INFO] console - user save new order for pier shop { code: '200',
  message: 'OK',
  result: { order_id: 'OR0000008644' } }
[2015-10-14 18:34:51.756] [INFO] console - { order_id: 'OR0000008644', merchant_id: 'MC0000006975' }
[2015-10-14 18:40:57.760] [ERROR] console - /mobile/checkout/login { merchant_id: 'MC0000006975',
  return_url: 'http://192.168.1.12:6060',
  api_id: '91bab849-5157-11e5-be20-3beae5baf6a4',
  cart_id: '12c74e41-725f-11e5-940d-9c064a5ffdd9' }
[2015-10-14 18:40:57.841] [INFO] console - user save new order for pier shop { code: '200',
  message: 'OK',
  result: { order_id: 'OR0000008645' } }
[2015-10-14 18:40:57.948] [INFO] console - { order_id: 'OR0000008645', merchant_id: 'MC0000006975' }
[2015-10-14 18:40:59.280] [INFO] console - checkout user login params { phone: '13248269098', password: '11111a' }
[2015-10-14 18:40:59.367] [INFO] console - user login when checkout { code: '200',
  message: 'OK',
  result: 
   { id_image_status: '0',
     info_bit: '0',
     status_bit: '159',
     name: 'cong',
     user_id: 'UR0000006348',
     id_verified: '1',
     session_token: '17713fef-725f-11e5-940d-9c064a5ffdd9' } }
[2015-10-14 18:40:59.371] [INFO] console - get user authOrer detail { created_on: '20151014183403',
  sub_total: '6800.00',
  merchant_name: 'Flower Company II',
  receiver_address: '',
  order_id: 'OR0000008645',
  receiver_phone: '',
  return_url: '',
  receiver_name: '',
  shipping: '12.00',
  order_detail: 
   [ { total: '6800.00',
       product: 'Apple 苹果 iPhone 6S',
       logo: 'http://pierup-product.oss-cn-shenzhen.aliyuncs.com/f1e416295ab33ac137a07dd76a4f5313.jpg',
       detail: '4G手机 金色 公开版（全网通用A1586）',
       price: '6800.00',
       count: '1' } ],
  tax: '680.00',
  merchant_id: 'MC0000006975',
  grand_total: '7492.00',
  sign: 'WWLcLav0m/j4AoHO0fDUjEBPHGlsvVmIbbqGEE8V0h3Ta3H9QdRlO8vaGsfg9L9s+fxGEIWf/1FrQLE9dUktR5dTfY8BfOwq/KYzBbpK8mVVa9ShlOxjIX/ZqqrrxAhWmpl00ShGix9LHyhVepm7VPy6TerOJ4uiejxRWP7YzUw=',
  sign_type: 'RSA',
  charset: 'utf-8',
  platform: 'web',
  location: 'login',
  errorMsg: '',
  directError: false,
  title: '品而支付',
  pageInfo: '{"page_id":"200001"}',
  _locals: {},
  user_auth: 
   { user_id: 'UR0000006348',
     session_token: '17713fef-725f-11e5-940d-9c064a5ffdd9',
     name: 'cong',
     phone: '13248269098' } }
[2015-10-14 18:40:59.384] [INFO] console - mobile checkout confirm page  { created_on: '20151014183403',
  sub_total: '6800.00',
  merchant_name: 'Flower Company II',
  receiver_address: '',
  order_id: 'OR0000008645',
  receiver_phone: '',
  return_url: '',
  receiver_name: '',
  shipping: '12.00',
  order_detail: 
   [ { total: '6800.00',
       product: 'Apple 苹果 iPhone 6S',
       logo: 'http://pierup-product.oss-cn-shenzhen.aliyuncs.com/f1e416295ab33ac137a07dd76a4f5313.jpg',
       detail: '4G手机 金色 公开版（全网通用A1586）',
       price: '6800.00',
       count: '1' } ],
  tax: '680.00',
  merchant_id: 'MC0000006975',
  grand_total: '7492.00',
  sign: 'WWLcLav0m/j4AoHO0fDUjEBPHGlsvVmIbbqGEE8V0h3Ta3H9QdRlO8vaGsfg9L9s+fxGEIWf/1FrQLE9dUktR5dTfY8BfOwq/KYzBbpK8mVVa9ShlOxjIX/ZqqrrxAhWmpl00ShGix9LHyhVepm7VPy6TerOJ4uiejxRWP7YzUw=',
  sign_type: 'RSA',
  charset: 'utf-8',
  platform: 'web',
  location: 'login',
  errorMsg: '',
  directError: false,
  title: '品而支付',
  pageInfo: '{"page_id":"200001"}',
  _locals: {},
  user_auth: 
   { user_id: 'UR0000006348',
     session_token: '17713fef-725f-11e5-940d-9c064a5ffdd9',
     name: 'cong',
     phone: '13248269098' } }
[2015-10-14 18:40:59.386] [INFO] console - order detail to json { created_on: '20151014183403',
  sub_total: '6800.00',
  merchant_name: 'Flower Company II',
  receiver_address: '',
  order_id: 'OR0000008645',
  receiver_phone: '',
  return_url: '',
  receiver_name: '',
  shipping: '12.00',
  order_detail: 
   [ { total: '6800.00',
       product: 'Apple 苹果 iPhone 6S',
       logo: 'http://pierup-product.oss-cn-shenzhen.aliyuncs.com/f1e416295ab33ac137a07dd76a4f5313.jpg',
       detail: '4G手机 金色 公开版（全网通用A1586）',
       price: '6800.00',
       count: '1' } ],
  tax: '680.00',
  merchant_id: 'MC0000006975',
  grand_total: '7492.00',
  sign: 'WWLcLav0m/j4AoHO0fDUjEBPHGlsvVmIbbqGEE8V0h3Ta3H9QdRlO8vaGsfg9L9s+fxGEIWf/1FrQLE9dUktR5dTfY8BfOwq/KYzBbpK8mVVa9ShlOxjIX/ZqqrrxAhWmpl00ShGix9LHyhVepm7VPy6TerOJ4uiejxRWP7YzUw=',
  sign_type: 'RSA',
  charset: 'utf-8',
  platform: 'web',
  location: 'login',
  errorMsg: '',
  directError: false,
  title: '品而支付',
  pageInfo: '{"page_id":"200001"}',
  _locals: {},
  user_auth: 
   { user_id: 'UR0000006348',
     session_token: '17713fef-725f-11e5-940d-9c064a5ffdd9',
     name: 'cong',
     phone: '13248269098' } }
[2015-10-14 18:42:35.661] [ERROR] console - /mobile/checkout/login { merchant_id: 'MC0000006975',
  return_url: 'http://192.168.1.12:6060',
  api_id: '91bab849-5157-11e5-be20-3beae5baf6a4',
  cart_id: '500e47f9-725f-11e5-940d-9c064a5ffdd9' }
[2015-10-14 18:42:35.752] [INFO] console - user save new order for pier shop { code: '200',
  message: 'OK',
  result: { order_id: 'OR0000008646' } }
[2015-10-14 18:42:35.844] [INFO] console - { order_id: 'OR0000008646', merchant_id: 'MC0000006975' }
[2015-10-14 18:49:03.345] [ERROR] console - /mobile/checkout/login { merchant_id: 'MC0000006975',
  return_url: 'http://192.168.1.12:6060',
  api_id: '91bab849-5157-11e5-be20-3beae5baf6a4',
  cart_id: '35ce625d-7260-11e5-940d-9c064a5ffdd9' }
[2015-10-14 18:49:03.435] [INFO] console - user save new order for pier shop { code: '200',
  message: 'OK',
  result: { order_id: 'OR0000008647' } }
[2015-10-14 18:49:03.565] [INFO] console - { order_id: 'OR0000008647', merchant_id: 'MC0000006975' }
