[2015-09-19 10:23:01.669] [INFO] console - user register start
[2015-09-19 10:23:06.369] [INFO] console - get response body { code: '200',
  message: 'OK',
  result: { resend_time: '60', code: '8457' } }
[2015-09-19 10:23:08.686] [INFO] console - get response body { code: '200',
  message: 'OK',
  result: { token: 'a31daa1c7814f825d0d8365b370f920e' } }
[2015-09-19 10:23:14.509] [INFO] console - get response body { code: '200',
  message: 'OK',
  result: 
   { id_image_status: '0',
     info_bit: '0',
     status_bit: '1',
     user_id: 'UR0000007898',
     session_token: '7d9d7afb-5e74-11e5-8785-6d3eeeeedd88' } }
[2015-09-19 10:23:31.192] [INFO] console - get response body { code: '200',
  message: 'OK',
  result: 
   { status_bit: '3',
     session_token: '7d9d7afb-5e74-11e5-8785-6d3eeeeedd88' } }
[2015-09-19 10:23:34.176] [INFO] console - get response body { code: '200',
  message: 'OK',
  result: 
   { status_bit: '19',
     session_token: '7d9d7afb-5e74-11e5-8785-6d3eeeeedd88' } }
[2015-09-19 10:23:44.727] [ERROR] console - user bank accout verify post use info  { user_id: 'UR0000007898',
  session_token: '7d9d7afb-5e74-11e5-8785-6d3eeeeedd88',
  phone: '13025498695',
  username: '程聪' }
[2015-09-19 10:23:44.728] [INFO] console - get lianlian order info { user_id: 'UR0000007898',
  session_token: '7d9d7afb-5e74-11e5-8785-6d3eeeeedd88',
  card_no: '6212261001015792325',
  acct_name: '程聪',
  order_type: '1',
  sign_type: 'MD5',
  app_request: '3',
  bg_color: '7b37a6',
  url_return: 'http://pierup.cn/mobile/user/verifyBankCallbank' }
[2015-09-19 10:23:44.751] [INFO] console - get lianlian order info { code: '200',
  message: 'OK',
  result: 
   { oid_partner: '201408071000001546',
     bg_color: '7b37a6',
     sign_type: 'MD5',
     name_goods: '品而数据--银行卡验证',
     session_token: '7d9d7afb-5e74-11e5-8785-6d3eeeeedd88',
     risk_item: '{"user_info_dt_register":"20131030122130"}',
     id_type: '0',
     dt_order: '20150919101722',
     user_id: 'UR0000007898',
     app_request: '3',
     no_order: 'LO0000007901',
     busi_partner: '101001',
     url_return: 'http://pierup.cn/mobile/user/verifyBankCallbank',
     notify_url: 'https://www.pierup.cn:8443/user_api_cn/v1/lianlian/callback_validation',
     acct_name: '程聪',
     money_order: '0.01',
     card_no: '6212261001015792325',
     info_order: '品而数据银行卡验证，从用户银行卡里转账0.01元到品而数据帐号',
     sign: '59e8c55e15c742ffc90985634eca347f',
     valid_order: '10080',
     no_agree: '',
     id_no: '350783199204095532' } }
[2015-09-19 10:23:44.753] [ERROR] console - send lianlian params {"acct_name":"程聪","app_request":"3","bg_color":"7b37a6","busi_partner":"101001","card_no":"6212261001015792325","dt_order":"20150919101722","id_no":"350783199204095532","info_order":"品而数据银行卡验证，从用户银行卡里转账0.01元到品而数据帐号","money_order":"0.01","name_goods":"品而数据--银行卡验证","no_agree":"","no_order":"LO0000007901","notify_url":"https://www.pierup.cn:8443/user_api_cn/v1/lianlian/callback_validation","oid_partner":"201306031000001013","risk_item":"{\"user_info_dt_register\":\"20131030122130\"}","sign":"59e8c55e15c742ffc90985634eca347f","sign_type":"MD5","url_return":"http://pierup.cn/mobile/user/verifyBankCallbank","user_id":"UR0000007898","valid_order":"10080"}
[2015-09-19 10:41:12.901] [INFO] console - user register start
[2015-09-19 10:44:27.088] [INFO] console - user get sign for test  undefined
[2015-09-19 10:44:37.945] [INFO] console - verifyBankCallbank from lianlian for Get {}
[2015-09-19 10:45:12.462] [INFO] console - verifyBankCallbank from lianlian for Get {}
[2015-09-19 10:45:13.401] [INFO] console - verifyBankCallbank from lianlian for Get {}
[2015-09-19 10:51:31.218] [INFO] console - user register start
[2015-09-19 10:51:31.603] [INFO] console - user register start
[2015-09-19 10:51:37.088] [INFO] console - get response body { code: '200',
  message: 'OK',
  result: { resend_time: '60', code: '1462' } }
[2015-09-19 10:51:39.338] [INFO] console - get response body { code: '200',
  message: 'OK',
  result: { token: '8a5335a2430469760d65e70f1bf1e5b2' } }
[2015-09-19 10:51:44.303] [INFO] console - get response body { code: '200',
  message: 'OK',
  result: 
   { id_image_status: '0',
     info_bit: '0',
     status_bit: '1',
     user_id: 'UR0000007902',
     session_token: '789bb02c-5e78-11e5-8785-6d3eeeeedd88' } }
[2015-09-19 10:52:00.980] [INFO] console - get response body { code: '200',
  message: 'OK',
  result: 
   { status_bit: '3',
     session_token: '789bb02c-5e78-11e5-8785-6d3eeeeedd88' } }
[2015-09-19 10:52:04.577] [INFO] console - get response body { code: '200',
  message: 'OK',
  result: 
   { status_bit: '19',
     session_token: '789bb02c-5e78-11e5-8785-6d3eeeeedd88' } }
[2015-09-19 10:52:21.097] [ERROR] console - user bank accout verify post use info  { user_id: 'UR0000007902',
  session_token: '789bb02c-5e78-11e5-8785-6d3eeeeedd88',
  phone: '13248265555',
  username: '程聪' }
[2015-09-19 10:52:21.099] [INFO] console - get lianlian order info { user_id: 'UR0000007902',
  session_token: '789bb02c-5e78-11e5-8785-6d3eeeeedd88',
  card_no: '6212261001015792325',
  acct_name: '程聪',
  order_type: '1',
  sign_type: 'MD5',
  app_request: '3',
  bg_color: '7b37a6',
  url_return: 'http://pierup.cn/mobile/user/verifyBankCallbank' }
[2015-09-19 10:52:21.131] [INFO] console - get lianlian order info { code: '200',
  message: 'OK',
  result: 
   { oid_partner: '201408071000001546',
     bg_color: '7b37a6',
     sign_type: 'MD5',
     name_goods: '品而数据--银行卡验证',
     session_token: '789bb02c-5e78-11e5-8785-6d3eeeeedd88',
     risk_item: '{"user_info_dt_register":"20131030122130"}',
     id_type: '0',
     dt_order: '20150919104558',
     user_id: 'UR0000007902',
     app_request: '3',
     no_order: 'LO0000007905',
     busi_partner: '101001',
     url_return: 'http://pierup.cn/mobile/user/verifyBankCallbank',
     notify_url: 'https://www.pierup.cn:8443/user_api_cn/v1/lianlian/callback_validation',
     acct_name: '程聪',
     money_order: '0.01',
     card_no: '6212261001015792325',
     info_order: '品而数据银行卡验证，从用户银行卡里转账0.01元到品而数据帐号',
     sign: 'bfeea64c487e89d41e7a3c5ea48fb2f1',
     valid_order: '10080',
     no_agree: '',
     id_no: '350783199204095532' } }
[2015-09-19 10:52:21.133] [ERROR] console - send lianlian params {"acct_name":"程聪","app_request":"3","bg_color":"7b37a6","busi_partner":"101001","card_no":"6212261001015792325","dt_order":"20150919105051","id_no":"350783199204095532","info_order":"品而数据银行卡验证，从用户银行卡里转账0.01元到品而数据帐号","money_order":"0.01","name_goods":"品而数据--银行卡验证","no_agree":"","no_order":"20150919105051","notify_url":"https://www.pierup.cn:8443/user_api_cn/v1/lianlian/callback_validation","oid_partner":"201306031000001013","risk_item":"{\\\"user_info_dt_register\\\":\\\"20131030122130\\\"}","sign":"7d2498e9fb50d59dce71aae8b4cc841b","sign_type":"MD5","url_return":"http://pierup.cn:4000/mobile/user/verifyBankCallbank","user_id":"22222222","valid_order":"30"}
[2015-09-19 11:01:16.684] [INFO] console - user register start
[2015-09-19 11:01:19.982] [INFO] console - user register start
[2015-09-19 11:01:22.851] [INFO] console - user register start
[2015-09-19 11:01:23.190] [INFO] console - user register start
[2015-09-19 11:01:36.161] [INFO] console - get response body { code: '200',
  message: 'OK',
  result: { resend_time: '60', code: '1941' } }
[2015-09-19 11:01:41.057] [INFO] console - get response body { code: '200',
  message: 'OK',
  result: { token: 'c4b752dbc388104259350daa66bbbdfe' } }
[2015-09-19 11:01:48.334] [INFO] console - get response body { code: '200',
  message: 'OK',
  result: 
   { id_image_status: '0',
     info_bit: '0',
     status_bit: '1',
     user_id: 'UR0000007906',
     session_token: 'e0c2a68d-5e79-11e5-8785-6d3eeeeedd88' } }
[2015-09-19 11:02:10.948] [INFO] console - get response body { code: '200',
  message: 'OK',
  result: 
   { status_bit: '3',
     session_token: 'e0c2a68d-5e79-11e5-8785-6d3eeeeedd88' } }
[2015-09-19 11:02:14.865] [INFO] console - get response body { code: '200',
  message: 'OK',
  result: 
   { status_bit: '19',
     session_token: 'e0c2a68d-5e79-11e5-8785-6d3eeeeedd88' } }
[2015-09-19 11:06:50.754] [INFO] console - user register start
[2015-09-19 11:06:51.681] [INFO] console - user register start
[2015-09-19 11:06:55.847] [INFO] console - user register start
[2015-09-19 11:06:57.270] [INFO] console - user register start
[2015-09-19 11:07:00.625] [INFO] console - user register start
[2015-09-19 11:07:07.105] [INFO] console - get response body { code: '200',
  message: 'OK',
  result: { resend_time: '60', code: '5320' } }
[2015-09-19 11:07:12.699] [INFO] console - get response body { code: '200',
  message: 'OK',
  result: { token: 'fb1137685165b99ca35d4048723510ac' } }
[2015-09-19 11:07:18.024] [INFO] console - get response body { code: '200',
  message: 'OK',
  result: 
   { id_image_status: '0',
     info_bit: '0',
     status_bit: '1',
     user_id: 'UR0000007908',
     session_token: 'a54518f1-5e7a-11e5-8785-6d3eeeeedd88' } }
[2015-09-19 11:07:35.943] [INFO] console - get response body { code: '200',
  message: 'OK',
  result: 
   { status_bit: '3',
     session_token: 'a54518f1-5e7a-11e5-8785-6d3eeeeedd88' } }
[2015-09-19 11:07:39.433] [INFO] console - get response body { code: '200',
  message: 'OK',
  result: 
   { status_bit: '19',
     session_token: 'a54518f1-5e7a-11e5-8785-6d3eeeeedd88' } }
[2015-09-19 11:07:43.911] [ERROR] console - user bank accout verify post use info  { user_id: 'UR0000007908',
  session_token: 'a54518f1-5e7a-11e5-8785-6d3eeeeedd88',
  phone: '13231232131',
  username: '程聪' }
[2015-09-19 11:07:43.914] [INFO] console - get lianlian order info { user_id: 'UR0000007908',
  session_token: 'a54518f1-5e7a-11e5-8785-6d3eeeeedd88',
  card_no: '6212261001015792325',
  acct_name: '程聪',
  order_type: '1',
  sign_type: 'MD5',
  app_request: '3',
  bg_color: '7b37a6',
  url_return: 'http://pierup.cn/mobile/user/verifyBankCallbank' }
[2015-09-19 11:07:44.133] [INFO] console - get lianlian order info { code: '200',
  message: 'OK',
  result: 
   { oid_partner: '201408071000001546',
     bg_color: '7b37a6',
     sign_type: 'MD5',
     name_goods: '品而数据--银行卡验证',
     session_token: 'a54518f1-5e7a-11e5-8785-6d3eeeeedd88',
     risk_item: '{"user_info_dt_register":"20131030122130"}',
     id_type: '0',
     dt_order: '20150919110121',
     user_id: 'UR0000007908',
     app_request: '3',
     no_order: 'LO0000007911',
     busi_partner: '101001',
     url_return: 'http://pierup.cn/mobile/user/verifyBankCallbank',
     notify_url: 'https://www.pierup.cn:8443/user_api_cn/v1/lianlian/callback_validation',
     acct_name: '程聪',
     money_order: '0.01',
     card_no: '6212261001015792325',
     info_order: '品而数据银行卡验证，从用户银行卡里转账0.01元到品而数据帐号',
     sign: '9e51859bf9687fc90498272f6b2a9f2c',
     valid_order: '10080',
     no_agree: '',
     id_no: '350783199204095532' } }
[2015-09-19 11:07:44.137] [ERROR] console - send lianlian params {"acct_name":"程聪","app_request":"3","bg_color":"7b37a6","busi_partner":"101001","card_no":"6212261001015792325","dt_order":"20150919105051","id_no":"350783199204095532","info_order":"品而数据银行卡验证，从用户银行卡里转账0.01元到品而数据帐号","money_order":"0.01","name_goods":"品而数据--银行卡验证","no_agree":"","no_order":"20150919105051","notify_url":"https://www.pierup.cn:8443/user_api_cn/v1/lianlian/callback_validation","oid_partner":"201306031000001013","risk_item":"{\\\"user_info_dt_register\\\":\\\"20131030122130\\\"}","sign":"7d2498e9fb50d59dce71aae8b4cc841b","sign_type":"MD5","url_return":"http://pierup.cn:4000/mobile/user/verifyBankCallbank","user_id":"22222222","valid_order":"30"}
[2015-09-19 11:12:33.710] [INFO] console - verifyBankCallbank from lianlian for Get {}
[2015-09-19 11:12:33.714] [INFO] console - user register start
