[2015-08-31 13:19:09.665] [INFO] console - get post on checkout {"amount":"110.00","currency":"CNY","order_id":"ORscQhpr7Byc2P4ccN8k","api_id":"1819957c-1a3f-11e5-ba25-3a22fd90d682","api_secret_key":"key1234567890","merchant_id":"MC0000001409","order_detail":"{\"items\":[{\"product\":\"美国XXX的保健品，强身健体\",\"logo\":\"\",\"detail\":\"这是美国最牛逼的保健品，强身健体，一剂见效。\",\"type\":\"保健品\",\"price\":\"￥11\",\"count\":\"3\",\"total\":\"￥33\"},{\"product\":\"官网NIKE\",\"logo\":\"\",\"detail\":\"222222\",\"type\":\"Nike 服饰，和NBA球员一起运动\",\"price\":\"￥11\",\"count\":\"2\",\"total\":\"￥22\"},{\"product\":\"美国XXX的保健品，强身健体\",\"logo\":\"\",\"detail\":\"这是美国最牛逼的保健品，强身健体，一剂见效。\",\"type\":\"保健品\",\"price\":\"￥11\",\"count\":\"3\",\"total\":\"￥33\"},{\"product\":\"官网NIKE\",\"logo\":\"\",\"detail\":\"222222\",\"type\":\"Nike 服饰，和NBA球员一起运动\",\"price\":\"￥11\",\"count\":\"2\",\"total\":\"￥22\"}],\"totalAmount\":\"￥110\"}","return_url":"/checkout/orderList"}
[2015-08-31 13:19:09.903] [INFO] console - user save new order  { code: '200', message: 'OK', result: {} }
[2015-08-31 13:19:10.401] [INFO] console - user get order info  { code: '200',
  message: 'OK',
  result: 
   { amount: '110.00',
     order_detail: '"{\\"items\\":[{\\"product\\":\\"美国XXX的保健品，强身健体\\",\\"logo\\":\\"\\",\\"detail\\":\\"这是美国最牛逼的保健品，强身健体，一剂见效。\\",\\"type\\":\\"保健品\\",\\"price\\":\\"￥11\\",\\"count\\":\\"3\\",\\"total\\":\\"￥33\\"},{\\"product\\":\\"官网NIKE\\",\\"logo\\":\\"\\",\\"detail\\":\\"222222\\",\\"type\\":\\"Nike 服饰，和NBA球员一起运动\\",\\"price\\":\\"￥11\\",\\"count\\":\\"2\\",\\"total\\":\\"￥22\\"},{\\"product\\":\\"美国XXX的保健品，强身健体\\",\\"logo\\":\\"\\",\\"detail\\":\\"这是美国最牛逼的保健品，强身健体，一剂见效。\\",\\"type\\":\\"保健品\\",\\"price\\":\\"￥11\\",\\"count\\":\\"3\\",\\"total\\":\\"￥33\\"},{\\"product\\":\\"官网NIKE\\",\\"logo\\":\\"\\",\\"detail\\":\\"222222\\",\\"type\\":\\"Nike 服饰，和NBA球员一起运动\\",\\"price\\":\\"￥11\\",\\"count\\":\\"2\\",\\"total\\":\\"￥22\\"}],\\"totalAmount\\":\\"￥110\\"}"',
     merchant_name: 'Flower Company',
     merchant_id: 'MC0000001409',
     order_id: 'ORscQhpr7Byc2P4ccN8k',
     return_url: '/checkout/orderList' } }
[2015-08-31 13:19:10.423] [INFO] console - user get order auth { amount: '110.00',
  order_detail: 
   [ { product: '美国XXX的保健品，强身健体',
       logo: '',
       detail: '这是美国最牛逼的保健品，强身健体，一剂见效。',
       type: '保健品',
       price: '￥11',
       count: '3',
       total: '￥33' },
     { product: '官网NIKE',
       logo: '',
       detail: '222222',
       type: 'Nike 服饰，和NBA球员一起运动',
       price: '￥11',
       count: '2',
       total: '￥22' },
     { product: '美国XXX的保健品，强身健体',
       logo: '',
       detail: '这是美国最牛逼的保健品，强身健体，一剂见效。',
       type: '保健品',
       price: '￥11',
       count: '3',
       total: '￥33' },
     { product: '官网NIKE',
       logo: '',
       detail: '222222',
       type: 'Nike 服饰，和NBA球员一起运动',
       price: '￥11',
       count: '2',
       total: '￥22' } ],
  merchant_name: 'Flower Company',
  merchant_id: 'MC0000001409',
  order_id: 'ORscQhpr7Byc2P4ccN8k',
  return_url: '/checkout/orderList' }
[2015-08-31 13:27:58.244] [INFO] console - get post on checkout {"amount":"110.00","currency":"CNY","order_id":"ORerd6NMSG5bamTSFzkp","api_id":"1819957c-1a3f-11e5-ba25-3a22fd90d682","api_secret_key":"key1234567890","merchant_id":"MC0000001409","order_detail":"{\"items\":[{\"product\":\"美国XXX的保健品，强身健体\",\"logo\":\"\",\"detail\":\"这是美国最牛逼的保健品，强身健体，一剂见效。\",\"type\":\"保健品\",\"price\":\"￥11\",\"count\":\"3\",\"total\":\"￥33\"},{\"product\":\"官网NIKE\",\"logo\":\"\",\"detail\":\"222222\",\"type\":\"Nike 服饰，和NBA球员一起运动\",\"price\":\"￥11\",\"count\":\"2\",\"total\":\"￥22\"},{\"product\":\"美国XXX的保健品，强身健体\",\"logo\":\"\",\"detail\":\"这是美国最牛逼的保健品，强身健体，一剂见效。\",\"type\":\"保健品\",\"price\":\"￥11\",\"count\":\"3\",\"total\":\"￥33\"},{\"product\":\"官网NIKE\",\"logo\":\"\",\"detail\":\"222222\",\"type\":\"Nike 服饰，和NBA球员一起运动\",\"price\":\"￥11\",\"count\":\"2\",\"total\":\"￥22\"}],\"totalAmount\":\"￥110\"}","return_url":"/checkout/orderList"}
[2015-08-31 13:27:58.446] [INFO] console - user save new order  { code: '200', message: 'OK', result: {} }
[2015-08-31 13:27:58.672] [INFO] console - user get order info  { code: '200',
  message: 'OK',
  result: 
   { amount: '110.00',
     order_detail: '"{\\"items\\":[{\\"product\\":\\"美国XXX的保健品，强身健体\\",\\"logo\\":\\"\\",\\"detail\\":\\"这是美国最牛逼的保健品，强身健体，一剂见效。\\",\\"type\\":\\"保健品\\",\\"price\\":\\"￥11\\",\\"count\\":\\"3\\",\\"total\\":\\"￥33\\"},{\\"product\\":\\"官网NIKE\\",\\"logo\\":\\"\\",\\"detail\\":\\"222222\\",\\"type\\":\\"Nike 服饰，和NBA球员一起运动\\",\\"price\\":\\"￥11\\",\\"count\\":\\"2\\",\\"total\\":\\"￥22\\"},{\\"product\\":\\"美国XXX的保健品，强身健体\\",\\"logo\\":\\"\\",\\"detail\\":\\"这是美国最牛逼的保健品，强身健体，一剂见效。\\",\\"type\\":\\"保健品\\",\\"price\\":\\"￥11\\",\\"count\\":\\"3\\",\\"total\\":\\"￥33\\"},{\\"product\\":\\"官网NIKE\\",\\"logo\\":\\"\\",\\"detail\\":\\"222222\\",\\"type\\":\\"Nike 服饰，和NBA球员一起运动\\",\\"price\\":\\"￥11\\",\\"count\\":\\"2\\",\\"total\\":\\"￥22\\"}],\\"totalAmount\\":\\"￥110\\"}"',
     merchant_name: 'Flower Company',
     merchant_id: 'MC0000001409',
     order_id: 'ORerd6NMSG5bamTSFzkp',
     return_url: '/checkout/orderList' } }
[2015-08-31 13:27:58.694] [INFO] console - user get order auth { amount: '110.00',
  order_detail: 
   [ { product: '美国XXX的保健品，强身健体',
       logo: '',
       detail: '这是美国最牛逼的保健品，强身健体，一剂见效。',
       type: '保健品',
       price: '￥11',
       count: '3',
       total: '￥33' },
     { product: '官网NIKE',
       logo: '',
       detail: '222222',
       type: 'Nike 服饰，和NBA球员一起运动',
       price: '￥11',
       count: '2',
       total: '￥22' },
     { product: '美国XXX的保健品，强身健体',
       logo: '',
       detail: '这是美国最牛逼的保健品，强身健体，一剂见效。',
       type: '保健品',
       price: '￥11',
       count: '3',
       total: '￥33' },
     { product: '官网NIKE',
       logo: '',
       detail: '222222',
       type: 'Nike 服饰，和NBA球员一起运动',
       price: '￥11',
       count: '2',
       total: '￥22' } ],
  merchant_name: 'Flower Company',
  merchant_id: 'MC0000001409',
  order_id: 'ORerd6NMSG5bamTSFzkp',
  return_url: '/checkout/orderList' }
[2015-08-31 13:28:02.177] [INFO] console - checkout user login params { phone: '34242242424', password: '11111a' }
[2015-08-31 13:28:02.380] [INFO] console - user login when checkout { code: '200',
  message: 'OK',
  result: 
   { id_image_status: '0',
     info_bit: '0',
     status_bit: '1',
     name: '',
     user_id: 'UR0000007638',
     id_verified: '0',
     session_token: '7e48ccf5-4fa0-11e5-9b56-ac853da464e1' } }
[2015-08-31 13:28:02.383] [INFO] console - get user authOrer detail { amount: '110.00',
  order_detail: 
   [ { product: '美国XXX的保健品，强身健体',
       logo: '',
       detail: '这是美国最牛逼的保健品，强身健体，一剂见效。',
       type: '保健品',
       price: '￥11',
       count: '3',
       total: '￥33' },
     { product: '官网NIKE',
       logo: '',
       detail: '222222',
       type: 'Nike 服饰，和NBA球员一起运动',
       price: '￥11',
       count: '2',
       total: '￥22' },
     { product: '美国XXX的保健品，强身健体',
       logo: '',
       detail: '这是美国最牛逼的保健品，强身健体，一剂见效。',
       type: '保健品',
       price: '￥11',
       count: '3',
       total: '￥33' },
     { product: '官网NIKE',
       logo: '',
       detail: '222222',
       type: 'Nike 服饰，和NBA球员一起运动',
       price: '￥11',
       count: '2',
       total: '￥22' } ],
  merchant_name: 'Flower Company',
  merchant_id: 'MC0000001409',
  order_id: 'ORerd6NMSG5bamTSFzkp',
  return_url: '/checkout/orderList',
  location: 'login',
  errorMsg: '',
  directError: false,
  currency: 'CNY',
  _locals: {},
  user_auth: 
   { user_id: 'UR0000007638',
     session_token: '7e48ccf5-4fa0-11e5-9b56-ac853da464e1',
     name: '' } }
[2015-08-31 13:29:22.225] [ERROR] console - order_id {}
[2015-08-31 13:29:27.084] [INFO] console - get post on checkout {"amount":"110.00","currency":"CNY","order_id":"ORcD4ZM8ywPSASYYhCcr","api_id":"1819957c-1a3f-11e5-ba25-3a22fd90d682","api_secret_key":"key1234567890","merchant_id":"MC0000001409","order_detail":"{\"items\":[{\"product\":\"美国XXX的保健品，强身健体\",\"logo\":\"\",\"detail\":\"这是美国最牛逼的保健品，强身健体，一剂见效。\",\"type\":\"保健品\",\"price\":\"￥11\",\"count\":\"3\",\"total\":\"￥33\"},{\"product\":\"官网NIKE\",\"logo\":\"\",\"detail\":\"222222\",\"type\":\"Nike 服饰，和NBA球员一起运动\",\"price\":\"￥11\",\"count\":\"2\",\"total\":\"￥22\"},{\"product\":\"美国XXX的保健品，强身健体\",\"logo\":\"\",\"detail\":\"这是美国最牛逼的保健品，强身健体，一剂见效。\",\"type\":\"保健品\",\"price\":\"￥11\",\"count\":\"3\",\"total\":\"￥33\"},{\"product\":\"官网NIKE\",\"logo\":\"\",\"detail\":\"222222\",\"type\":\"Nike 服饰，和NBA球员一起运动\",\"price\":\"￥11\",\"count\":\"2\",\"total\":\"￥22\"}],\"totalAmount\":\"￥110\"}","return_url":"/checkout/orderList"}
[2015-08-31 13:29:27.332] [INFO] console - user save new order  { code: '200', message: 'OK', result: {} }
[2015-08-31 13:29:27.518] [INFO] console - user get order info  { code: '200',
  message: 'OK',
  result: 
   { amount: '110.00',
     order_detail: '"{\\"items\\":[{\\"product\\":\\"美国XXX的保健品，强身健体\\",\\"logo\\":\\"\\",\\"detail\\":\\"这是美国最牛逼的保健品，强身健体，一剂见效。\\",\\"type\\":\\"保健品\\",\\"price\\":\\"￥11\\",\\"count\\":\\"3\\",\\"total\\":\\"￥33\\"},{\\"product\\":\\"官网NIKE\\",\\"logo\\":\\"\\",\\"detail\\":\\"222222\\",\\"type\\":\\"Nike 服饰，和NBA球员一起运动\\",\\"price\\":\\"￥11\\",\\"count\\":\\"2\\",\\"total\\":\\"￥22\\"},{\\"product\\":\\"美国XXX的保健品，强身健体\\",\\"logo\\":\\"\\",\\"detail\\":\\"这是美国最牛逼的保健品，强身健体，一剂见效。\\",\\"type\\":\\"保健品\\",\\"price\\":\\"￥11\\",\\"count\\":\\"3\\",\\"total\\":\\"￥33\\"},{\\"product\\":\\"官网NIKE\\",\\"logo\\":\\"\\",\\"detail\\":\\"222222\\",\\"type\\":\\"Nike 服饰，和NBA球员一起运动\\",\\"price\\":\\"￥11\\",\\"count\\":\\"2\\",\\"total\\":\\"￥22\\"}],\\"totalAmount\\":\\"￥110\\"}"',
     merchant_name: 'Flower Company',
     merchant_id: 'MC0000001409',
     order_id: 'ORcD4ZM8ywPSASYYhCcr',
     return_url: '/checkout/orderList' } }
[2015-08-31 13:29:27.540] [INFO] console - user get order auth { amount: '110.00',
  order_detail: 
   [ { product: '美国XXX的保健品，强身健体',
       logo: '',
       detail: '这是美国最牛逼的保健品，强身健体，一剂见效。',
       type: '保健品',
       price: '￥11',
       count: '3',
       total: '￥33' },
     { product: '官网NIKE',
       logo: '',
       detail: '222222',
       type: 'Nike 服饰，和NBA球员一起运动',
       price: '￥11',
       count: '2',
       total: '￥22' },
     { product: '美国XXX的保健品，强身健体',
       logo: '',
       detail: '这是美国最牛逼的保健品，强身健体，一剂见效。',
       type: '保健品',
       price: '￥11',
       count: '3',
       total: '￥33' },
     { product: '官网NIKE',
       logo: '',
       detail: '222222',
       type: 'Nike 服饰，和NBA球员一起运动',
       price: '￥11',
       count: '2',
       total: '￥22' } ],
  merchant_name: 'Flower Company',
  merchant_id: 'MC0000001409',
  order_id: 'ORcD4ZM8ywPSASYYhCcr',
  return_url: '/checkout/orderList' }
[2015-08-31 13:29:31.250] [INFO] console - user register start
[2015-08-31 13:29:34.864] [INFO] console - get response body { code: '200',
  message: 'OK',
  result: { resend_time: '60', code: '6943' } }
[2015-08-31 13:29:40.129] [INFO] console - get response body { code: '200',
  message: 'OK',
  result: { token: '016fe879555df0d3004e864edb83ebcd' } }
[2015-08-31 13:29:45.173] [INFO] console - get response body { code: '200',
  message: 'OK',
  result: 
   { id_image_status: '0',
     info_bit: '0',
     status_bit: '1',
     user_id: 'UR0000007640',
     session_token: 'bb8efe24-4fa0-11e5-9b56-ac853da464e1' } }
[2015-08-31 13:29:47.631] [INFO] console - user get order info  { code: '200',
  message: 'OK',
  result: 
   { amount: '110.00',
     order_detail: '"{\\"items\\":[{\\"product\\":\\"美国XXX的保健品，强身健体\\",\\"logo\\":\\"\\",\\"detail\\":\\"这是美国最牛逼的保健品，强身健体，一剂见效。\\",\\"type\\":\\"保健品\\",\\"price\\":\\"￥11\\",\\"count\\":\\"3\\",\\"total\\":\\"￥33\\"},{\\"product\\":\\"官网NIKE\\",\\"logo\\":\\"\\",\\"detail\\":\\"222222\\",\\"type\\":\\"Nike 服饰，和NBA球员一起运动\\",\\"price\\":\\"￥11\\",\\"count\\":\\"2\\",\\"total\\":\\"￥22\\"},{\\"product\\":\\"美国XXX的保健品，强身健体\\",\\"logo\\":\\"\\",\\"detail\\":\\"这是美国最牛逼的保健品，强身健体，一剂见效。\\",\\"type\\":\\"保健品\\",\\"price\\":\\"￥11\\",\\"count\\":\\"3\\",\\"total\\":\\"￥33\\"},{\\"product\\":\\"官网NIKE\\",\\"logo\\":\\"\\",\\"detail\\":\\"222222\\",\\"type\\":\\"Nike 服饰，和NBA球员一起运动\\",\\"price\\":\\"￥11\\",\\"count\\":\\"2\\",\\"total\\":\\"￥22\\"}],\\"totalAmount\\":\\"￥110\\"}"',
     merchant_name: 'Flower Company',
     merchant_id: 'MC0000001409',
     order_id: 'ORcD4ZM8ywPSASYYhCcr',
     return_url: '/checkout/orderList' } }
[2015-08-31 13:29:47.636] [INFO] console - user get order auth { amount: '110.00',
  order_detail: 
   [ { product: '美国XXX的保健品，强身健体',
       logo: '',
       detail: '这是美国最牛逼的保健品，强身健体，一剂见效。',
       type: '保健品',
       price: '￥11',
       count: '3',
       total: '￥33' },
     { product: '官网NIKE',
       logo: '',
       detail: '222222',
       type: 'Nike 服饰，和NBA球员一起运动',
       price: '￥11',
       count: '2',
       total: '￥22' },
     { product: '美国XXX的保健品，强身健体',
       logo: '',
       detail: '这是美国最牛逼的保健品，强身健体，一剂见效。',
       type: '保健品',
       price: '￥11',
       count: '3',
       total: '￥33' },
     { product: '官网NIKE',
       logo: '',
       detail: '222222',
       type: 'Nike 服饰，和NBA球员一起运动',
       price: '￥11',
       count: '2',
       total: '￥22' } ],
  merchant_name: 'Flower Company',
  merchant_id: 'MC0000001409',
  order_id: 'ORcD4ZM8ywPSASYYhCcr',
  return_url: '/checkout/orderList' }
[2015-08-31 13:29:51.169] [INFO] console - checkout user login params { phone: '32423424242', password: '11111a' }
[2015-08-31 13:29:51.396] [INFO] console - user login when checkout { code: '200',
  message: 'OK',
  result: 
   { id_image_status: '0',
     info_bit: '0',
     status_bit: '1',
     name: '',
     user_id: 'UR0000007640',
     id_verified: '0',
     session_token: 'bf434c39-4fa0-11e5-9b56-ac853da464e1' } }
[2015-08-31 13:29:51.400] [INFO] console - get user authOrer detail { amount: '110.00',
  order_detail: 
   [ { product: '美国XXX的保健品，强身健体',
       logo: '',
       detail: '这是美国最牛逼的保健品，强身健体，一剂见效。',
       type: '保健品',
       price: '￥11',
       count: '3',
       total: '￥33' },
     { product: '官网NIKE',
       logo: '',
       detail: '222222',
       type: 'Nike 服饰，和NBA球员一起运动',
       price: '￥11',
       count: '2',
       total: '￥22' },
     { product: '美国XXX的保健品，强身健体',
       logo: '',
       detail: '这是美国最牛逼的保健品，强身健体，一剂见效。',
       type: '保健品',
       price: '￥11',
       count: '3',
       total: '￥33' },
     { product: '官网NIKE',
       logo: '',
       detail: '222222',
       type: 'Nike 服饰，和NBA球员一起运动',
       price: '￥11',
       count: '2',
       total: '￥22' } ],
  merchant_name: 'Flower Company',
  merchant_id: 'MC0000001409',
  order_id: 'ORcD4ZM8ywPSASYYhCcr',
  return_url: '/checkout/orderList',
  location: 'login',
  errorMsg: '',
  directError: false,
  currency: 'CNY',
  _locals: {},
  user_auth: 
   { user_id: 'UR0000007640',
     session_token: 'bf434c39-4fa0-11e5-9b56-ac853da464e1',
     name: '' } }
[2015-08-31 13:29:56.491] [INFO] console - user register start
[2015-08-31 13:30:29.128] [INFO] console - get response body { code: '1030', message: '账号或密码错误', result: { left_times: '4' } }
[2015-08-31 13:30:32.015] [INFO] console - get response body { code: '200',
  message: 'OK',
  result: 
   { id_image_status: '0',
     info_bit: '0',
     status_bit: '1',
     name: '',
     user_id: 'UR0000007640',
     id_verified: '0',
     session_token: 'd779c834-4fa0-11e5-9b56-ac853da464e1' } }
[2015-08-31 14:02:10.493] [INFO] console - get post on checkout {"amount":"110.00","currency":"CNY","order_id":"ORTPFttF5QaF4nsbnitz","api_id":"1819957c-1a3f-11e5-ba25-3a22fd90d682","api_secret_key":"key1234567890","merchant_id":"MC0000001409","order_detail":"{\"items\":[{\"product\":\"美国XXX的保健品，强身健体\",\"logo\":\"\",\"detail\":\"这是美国最牛逼的保健品，强身健体，一剂见效。\",\"type\":\"保健品\",\"price\":\"￥11\",\"count\":\"3\",\"total\":\"￥33\"},{\"product\":\"官网NIKE\",\"logo\":\"\",\"detail\":\"222222\",\"type\":\"Nike 服饰，和NBA球员一起运动\",\"price\":\"￥11\",\"count\":\"2\",\"total\":\"￥22\"},{\"product\":\"美国XXX的保健品，强身健体\",\"logo\":\"\",\"detail\":\"这是美国最牛逼的保健品，强身健体，一剂见效。\",\"type\":\"保健品\",\"price\":\"￥11\",\"count\":\"3\",\"total\":\"￥33\"},{\"product\":\"官网NIKE\",\"logo\":\"\",\"detail\":\"222222\",\"type\":\"Nike 服饰，和NBA球员一起运动\",\"price\":\"￥11\",\"count\":\"2\",\"total\":\"￥22\"}],\"totalAmount\":\"￥110\"}","return_url":"/checkout/orderList"}
[2015-08-31 14:02:10.751] [INFO] console - user save new order  { code: '200', message: 'OK', result: {} }
[2015-08-31 14:02:10.947] [INFO] console - user get order info  { code: '200',
  message: 'OK',
  result: 
   { amount: '110.00',
     order_detail: '"{\\"items\\":[{\\"product\\":\\"美国XXX的保健品，强身健体\\",\\"logo\\":\\"\\",\\"detail\\":\\"这是美国最牛逼的保健品，强身健体，一剂见效。\\",\\"type\\":\\"保健品\\",\\"price\\":\\"￥11\\",\\"count\\":\\"3\\",\\"total\\":\\"￥33\\"},{\\"product\\":\\"官网NIKE\\",\\"logo\\":\\"\\",\\"detail\\":\\"222222\\",\\"type\\":\\"Nike 服饰，和NBA球员一起运动\\",\\"price\\":\\"￥11\\",\\"count\\":\\"2\\",\\"total\\":\\"￥22\\"},{\\"product\\":\\"美国XXX的保健品，强身健体\\",\\"logo\\":\\"\\",\\"detail\\":\\"这是美国最牛逼的保健品，强身健体，一剂见效。\\",\\"type\\":\\"保健品\\",\\"price\\":\\"￥11\\",\\"count\\":\\"3\\",\\"total\\":\\"￥33\\"},{\\"product\\":\\"官网NIKE\\",\\"logo\\":\\"\\",\\"detail\\":\\"222222\\",\\"type\\":\\"Nike 服饰，和NBA球员一起运动\\",\\"price\\":\\"￥11\\",\\"count\\":\\"2\\",\\"total\\":\\"￥22\\"}],\\"totalAmount\\":\\"￥110\\"}"',
     merchant_name: 'Flower Company',
     merchant_id: 'MC0000001409',
     order_id: 'ORTPFttF5QaF4nsbnitz',
     return_url: '/checkout/orderList' } }
[2015-08-31 14:02:10.968] [INFO] console - user get order auth { amount: '110.00',
  order_detail: 
   [ { product: '美国XXX的保健品，强身健体',
       logo: '',
       detail: '这是美国最牛逼的保健品，强身健体，一剂见效。',
       type: '保健品',
       price: '￥11',
       count: '3',
       total: '￥33' },
     { product: '官网NIKE',
       logo: '',
       detail: '222222',
       type: 'Nike 服饰，和NBA球员一起运动',
       price: '￥11',
       count: '2',
       total: '￥22' },
     { product: '美国XXX的保健品，强身健体',
       logo: '',
       detail: '这是美国最牛逼的保健品，强身健体，一剂见效。',
       type: '保健品',
       price: '￥11',
       count: '3',
       total: '￥33' },
     { product: '官网NIKE',
       logo: '',
       detail: '222222',
       type: 'Nike 服饰，和NBA球员一起运动',
       price: '￥11',
       count: '2',
       total: '￥22' } ],
  merchant_name: 'Flower Company',
  merchant_id: 'MC0000001409',
  order_id: 'ORTPFttF5QaF4nsbnitz',
  return_url: '/checkout/orderList' }
[2015-08-31 15:33:04.059] [INFO] console - get post on checkout {"amount":"110.00","currency":"CNY","order_id":"ORJGXrjQfPBwRXryJErJ","api_id":"1819957c-1a3f-11e5-ba25-3a22fd90d682","api_secret_key":"key1234567890","merchant_id":"MC0000001409","order_detail":"{\"items\":[{\"product\":\"美国XXX的保健品，强身健体\",\"logo\":\"\",\"detail\":\"这是美国最牛逼的保健品，强身健体，一剂见效。\",\"type\":\"保健品\",\"price\":\"￥11\",\"count\":\"3\",\"total\":\"￥33\"},{\"product\":\"官网NIKE\",\"logo\":\"\",\"detail\":\"222222\",\"type\":\"Nike 服饰，和NBA球员一起运动\",\"price\":\"￥11\",\"count\":\"2\",\"total\":\"￥22\"},{\"product\":\"美国XXX的保健品，强身健体\",\"logo\":\"\",\"detail\":\"这是美国最牛逼的保健品，强身健体，一剂见效。\",\"type\":\"保健品\",\"price\":\"￥11\",\"count\":\"3\",\"total\":\"￥33\"},{\"product\":\"官网NIKE\",\"logo\":\"\",\"detail\":\"222222\",\"type\":\"Nike 服饰，和NBA球员一起运动\",\"price\":\"￥11\",\"count\":\"2\",\"total\":\"￥22\"}],\"totalAmount\":\"￥110\"}","return_url":"/checkout/orderList"}
[2015-08-31 15:33:04.269] [INFO] console - user save new order  { code: '200', message: 'OK', result: {} }
[2015-08-31 15:33:04.531] [INFO] console - user get order info  { code: '200',
  message: 'OK',
  result: 
   { amount: '110.00',
     order_detail: '"{\\"items\\":[{\\"product\\":\\"美国XXX的保健品，强身健体\\",\\"logo\\":\\"\\",\\"detail\\":\\"这是美国最牛逼的保健品，强身健体，一剂见效。\\",\\"type\\":\\"保健品\\",\\"price\\":\\"￥11\\",\\"count\\":\\"3\\",\\"total\\":\\"￥33\\"},{\\"product\\":\\"官网NIKE\\",\\"logo\\":\\"\\",\\"detail\\":\\"222222\\",\\"type\\":\\"Nike 服饰，和NBA球员一起运动\\",\\"price\\":\\"￥11\\",\\"count\\":\\"2\\",\\"total\\":\\"￥22\\"},{\\"product\\":\\"美国XXX的保健品，强身健体\\",\\"logo\\":\\"\\",\\"detail\\":\\"这是美国最牛逼的保健品，强身健体，一剂见效。\\",\\"type\\":\\"保健品\\",\\"price\\":\\"￥11\\",\\"count\\":\\"3\\",\\"total\\":\\"￥33\\"},{\\"product\\":\\"官网NIKE\\",\\"logo\\":\\"\\",\\"detail\\":\\"222222\\",\\"type\\":\\"Nike 服饰，和NBA球员一起运动\\",\\"price\\":\\"￥11\\",\\"count\\":\\"2\\",\\"total\\":\\"￥22\\"}],\\"totalAmount\\":\\"￥110\\"}"',
     merchant_name: 'Flower Company',
     merchant_id: 'MC0000001409',
     order_id: 'ORJGXrjQfPBwRXryJErJ',
     return_url: '/checkout/orderList' } }
[2015-08-31 15:33:04.549] [INFO] console - user get order auth { amount: '110.00',
  order_detail: 
   [ { product: '美国XXX的保健品，强身健体',
       logo: '',
       detail: '这是美国最牛逼的保健品，强身健体，一剂见效。',
       type: '保健品',
       price: '￥11',
       count: '3',
       total: '￥33' },
     { product: '官网NIKE',
       logo: '',
       detail: '222222',
       type: 'Nike 服饰，和NBA球员一起运动',
       price: '￥11',
       count: '2',
       total: '￥22' },
     { product: '美国XXX的保健品，强身健体',
       logo: '',
       detail: '这是美国最牛逼的保健品，强身健体，一剂见效。',
       type: '保健品',
       price: '￥11',
       count: '3',
       total: '￥33' },
     { product: '官网NIKE',
       logo: '',
       detail: '222222',
       type: 'Nike 服饰，和NBA球员一起运动',
       price: '￥11',
       count: '2',
       total: '￥22' } ],
  merchant_name: 'Flower Company',
  merchant_id: 'MC0000001409',
  order_id: 'ORJGXrjQfPBwRXryJErJ',
  return_url: '/checkout/orderList' }
[2015-08-31 15:33:12.140] [INFO] console - checkout user login params { phone: '13248269098', password: '11111a' }
[2015-08-31 15:33:12.323] [INFO] console - user login when checkout { code: '200',
  message: 'OK',
  result: 
   { id_image_status: '0',
     info_bit: '0',
     status_bit: '159',
     name: '程聪',
     user_id: 'UR0000006932',
     id_verified: '1',
     session_token: 'fa9aca6f-4fb1-11e5-9b56-ac853da464e1' } }
[2015-08-31 15:33:12.325] [INFO] console - get user authOrer detail { amount: '110.00',
  order_detail: 
   [ { product: '美国XXX的保健品，强身健体',
       logo: '',
       detail: '这是美国最牛逼的保健品，强身健体，一剂见效。',
       type: '保健品',
       price: '￥11',
       count: '3',
       total: '￥33' },
     { product: '官网NIKE',
       logo: '',
       detail: '222222',
       type: 'Nike 服饰，和NBA球员一起运动',
       price: '￥11',
       count: '2',
       total: '￥22' },
     { product: '美国XXX的保健品，强身健体',
       logo: '',
       detail: '这是美国最牛逼的保健品，强身健体，一剂见效。',
       type: '保健品',
       price: '￥11',
       count: '3',
       total: '￥33' },
     { product: '官网NIKE',
       logo: '',
       detail: '222222',
       type: 'Nike 服饰，和NBA球员一起运动',
       price: '￥11',
       count: '2',
       total: '￥22' } ],
  merchant_name: 'Flower Company',
  merchant_id: 'MC0000001409',
  order_id: 'ORJGXrjQfPBwRXryJErJ',
  return_url: '/checkout/orderList',
  location: 'login',
  errorMsg: '',
  directError: false,
  currency: 'CNY',
  _locals: {},
  user_auth: 
   { user_id: 'UR0000006932',
     session_token: 'fa9aca6f-4fb1-11e5-9b56-ac853da464e1',
     name: '程聪' } }
[2015-08-31 15:33:12.362] [INFO] console - checkout confirm page  { amount: '110.00',
  order_detail: 
   [ { product: '美国XXX的保健品，强身健体',
       logo: '',
       detail: '这是美国最牛逼的保健品，强身健体，一剂见效。',
       type: '保健品',
       price: '￥11',
       count: '3',
       total: '￥33' },
     { product: '官网NIKE',
       logo: '',
       detail: '222222',
       type: 'Nike 服饰，和NBA球员一起运动',
       price: '￥11',
       count: '2',
       total: '￥22' },
     { product: '美国XXX的保健品，强身健体',
       logo: '',
       detail: '这是美国最牛逼的保健品，强身健体，一剂见效。',
       type: '保健品',
       price: '￥11',
       count: '3',
       total: '￥33' },
     { product: '官网NIKE',
       logo: '',
       detail: '222222',
       type: 'Nike 服饰，和NBA球员一起运动',
       price: '￥11',
       count: '2',
       total: '￥22' } ],
  merchant_name: 'Flower Company',
  merchant_id: 'MC0000001409',
  order_id: 'ORJGXrjQfPBwRXryJErJ',
  return_url: '/checkout/orderList',
  location: 'login',
  errorMsg: '',
  directError: false,
  currency: 'CNY',
  _locals: {},
  user_auth: 
   { user_id: 'UR0000006932',
     session_token: 'fa9aca6f-4fb1-11e5-9b56-ac853da464e1',
     name: '程聪' } }
[2015-08-31 15:33:12.365] [INFO] console - order detail to json [ { product: '美国XXX的保健品，强身健体',
    logo: '',
    detail: '这是美国最牛逼的保健品，强身健体，一剂见效。',
    type: '保健品',
    price: '￥11',
    count: '3',
    total: '￥33' },
  { product: '官网NIKE',
    logo: '',
    detail: '222222',
    type: 'Nike 服饰，和NBA球员一起运动',
    price: '￥11',
    count: '2',
    total: '￥22' },
  { product: '美国XXX的保健品，强身健体',
    logo: '',
    detail: '这是美国最牛逼的保健品，强身健体，一剂见效。',
    type: '保健品',
    price: '￥11',
    count: '3',
    total: '￥33' },
  { product: '官网NIKE',
    logo: '',
    detail: '222222',
    type: 'Nike 服饰，和NBA球员一起运动',
    price: '￥11',
    count: '2',
    total: '￥22' } ]
[2015-08-31 15:33:13.670] [INFO] console - user check prePay when make payment { code: '200',
  message: 'OK',
  result: { session_token: 'fa9aca6f-4fb1-11e5-9b56-ac853da464e1' } }
[2015-08-31 15:33:15.057] [INFO] console - checkout confirm page  { amount: '110.00',
  order_detail: 
   [ { product: '美国XXX的保健品，强身健体',
       logo: '',
       detail: '这是美国最牛逼的保健品，强身健体，一剂见效。',
       type: '保健品',
       price: '￥11',
       count: '3',
       total: '￥33' },
     { product: '官网NIKE',
       logo: '',
       detail: '222222',
       type: 'Nike 服饰，和NBA球员一起运动',
       price: '￥11',
       count: '2',
       total: '￥22' },
     { product: '美国XXX的保健品，强身健体',
       logo: '',
       detail: '这是美国最牛逼的保健品，强身健体，一剂见效。',
       type: '保健品',
       price: '￥11',
       count: '3',
       total: '￥33' },
     { product: '官网NIKE',
       logo: '',
       detail: '222222',
       type: 'Nike 服饰，和NBA球员一起运动',
       price: '￥11',
       count: '2',
       total: '￥22' } ],
  merchant_name: 'Flower Company',
  merchant_id: 'MC0000001409',
  order_id: 'ORJGXrjQfPBwRXryJErJ',
  return_url: '/checkout/orderList',
  location: 'checkout',
  errorMsg: '',
  directError: false,
  currency: 'CNY',
  _locals: {},
  user_auth: 
   { user_id: 'UR0000006932',
     session_token: 'fa9aca6f-4fb1-11e5-9b56-ac853da464e1',
     name: '程聪' },
  title: '付款' }
[2015-08-31 15:33:15.061] [INFO] console - for user reset pay password { title: '重置支付密码', username: '程聪', location: 'forgetPin' }
[2015-08-31 15:33:45.020] [INFO] console - get response body { code: '200',
  message: 'OK',
  result: 
   { bank_id: 'BI0000000003',
     bank_name: '中国农业银行',
     num_of_digits: '19',
     card_type: '借记卡',
     image_url: 'http://pierup-images.oss-cn-shenzhen.aliyuncs.com/BI0000000003.PNG',
     card_name: '金穗通宝卡(银联卡)' } }
[2015-08-31 15:33:48.836] [INFO] console - get link bank account session_token { user_id: 'UR0000006932',
  session_token: 'fa9aca6f-4fb1-11e5-9b56-ac853da464e1',
  bank_id: 'BI0000000003',
  card_num: '6228480000000000000',
  linked_phone: '11111111111',
  id_number: '123456199204092145' }
[2015-08-31 15:33:49.010] [INFO] console - user link bank account success { code: '2037',
  message: '身份证号码不存在或者错误',
  result: { session_token: 'fa9aca6f-4fb1-11e5-9b56-ac853da464e1' } }
[2015-08-31 15:34:50.800] [INFO] console - get link bank account session_token { user_id: 'UR0000006932',
  session_token: 'fa9aca6f-4fb1-11e5-9b56-ac853da464e1',
  bank_id: 'BI0000000003',
  card_num: '6228480000000000000',
  linked_phone: '11111111111',
  id_number: '350783199001011234' }
[2015-08-31 15:34:50.976] [INFO] console - user link bank account success { code: '200',
  message: 'OK',
  result: { session_token: 'fa9aca6f-4fb1-11e5-9b56-ac853da464e1' } }
[2015-08-31 15:37:35.502] [INFO] console - user check prePay when make payment { code: '200',
  message: 'OK',
  result: { session_token: 'fa9aca6f-4fb1-11e5-9b56-ac853da464e1' } }
[2015-08-31 15:37:44.835] [INFO] console - get post on checkout {"amount":"110.00","currency":"CNY","order_id":"ORWSZWTZzDyGESdCeY5f","api_id":"1819957c-1a3f-11e5-ba25-3a22fd90d682","api_secret_key":"key1234567890","merchant_id":"MC0000001409","order_detail":"{\"items\":[{\"product\":\"美国XXX的保健品，强身健体\",\"logo\":\"\",\"detail\":\"这是美国最牛逼的保健品，强身健体，一剂见效。\",\"type\":\"保健品\",\"price\":\"￥11\",\"count\":\"3\",\"total\":\"￥33\"},{\"product\":\"官网NIKE\",\"logo\":\"\",\"detail\":\"222222\",\"type\":\"Nike 服饰，和NBA球员一起运动\",\"price\":\"￥11\",\"count\":\"2\",\"total\":\"￥22\"},{\"product\":\"美国XXX的保健品，强身健体\",\"logo\":\"\",\"detail\":\"这是美国最牛逼的保健品，强身健体，一剂见效。\",\"type\":\"保健品\",\"price\":\"￥11\",\"count\":\"3\",\"total\":\"￥33\"},{\"product\":\"官网NIKE\",\"logo\":\"\",\"detail\":\"222222\",\"type\":\"Nike 服饰，和NBA球员一起运动\",\"price\":\"￥11\",\"count\":\"2\",\"total\":\"￥22\"}],\"totalAmount\":\"￥110\"}","return_url":"/checkout/orderList"}
[2015-08-31 15:37:45.044] [INFO] console - user save new order  { code: '200', message: 'OK', result: {} }
[2015-08-31 15:37:45.256] [INFO] console - user get order info  { code: '200',
  message: 'OK',
  result: 
   { amount: '110.00',
     order_detail: '"{\\"items\\":[{\\"product\\":\\"美国XXX的保健品，强身健体\\",\\"logo\\":\\"\\",\\"detail\\":\\"这是美国最牛逼的保健品，强身健体，一剂见效。\\",\\"type\\":\\"保健品\\",\\"price\\":\\"￥11\\",\\"count\\":\\"3\\",\\"total\\":\\"￥33\\"},{\\"product\\":\\"官网NIKE\\",\\"logo\\":\\"\\",\\"detail\\":\\"222222\\",\\"type\\":\\"Nike 服饰，和NBA球员一起运动\\",\\"price\\":\\"￥11\\",\\"count\\":\\"2\\",\\"total\\":\\"￥22\\"},{\\"product\\":\\"美国XXX的保健品，强身健体\\",\\"logo\\":\\"\\",\\"detail\\":\\"这是美国最牛逼的保健品，强身健体，一剂见效。\\",\\"type\\":\\"保健品\\",\\"price\\":\\"￥11\\",\\"count\\":\\"3\\",\\"total\\":\\"￥33\\"},{\\"product\\":\\"官网NIKE\\",\\"logo\\":\\"\\",\\"detail\\":\\"222222\\",\\"type\\":\\"Nike 服饰，和NBA球员一起运动\\",\\"price\\":\\"￥11\\",\\"count\\":\\"2\\",\\"total\\":\\"￥22\\"}],\\"totalAmount\\":\\"￥110\\"}"',
     merchant_name: 'Flower Company',
     merchant_id: 'MC0000001409',
     order_id: 'ORWSZWTZzDyGESdCeY5f',
     return_url: '/checkout/orderList' } }
[2015-08-31 15:37:45.273] [INFO] console - user get order auth { amount: '110.00',
  order_detail: 
   [ { product: '美国XXX的保健品，强身健体',
       logo: '',
       detail: '这是美国最牛逼的保健品，强身健体，一剂见效。',
       type: '保健品',
       price: '￥11',
       count: '3',
       total: '￥33' },
     { product: '官网NIKE',
       logo: '',
       detail: '222222',
       type: 'Nike 服饰，和NBA球员一起运动',
       price: '￥11',
       count: '2',
       total: '￥22' },
     { product: '美国XXX的保健品，强身健体',
       logo: '',
       detail: '这是美国最牛逼的保健品，强身健体，一剂见效。',
       type: '保健品',
       price: '￥11',
       count: '3',
       total: '￥33' },
     { product: '官网NIKE',
       logo: '',
       detail: '222222',
       type: 'Nike 服饰，和NBA球员一起运动',
       price: '￥11',
       count: '2',
       total: '￥22' } ],
  merchant_name: 'Flower Company',
  merchant_id: 'MC0000001409',
  order_id: 'ORWSZWTZzDyGESdCeY5f',
  return_url: '/checkout/orderList' }
[2015-08-31 15:37:48.661] [INFO] console - user register start
[2015-08-31 15:37:55.383] [INFO] console - get response body { code: '1145', message: '该激活码无效', result: { token: '' } }
[2015-08-31 15:38:08.512] [INFO] console - get response body { code: '400',
  message: 'parameter activation_code is missing.',
  result: null }
[2015-08-31 15:38:19.606] [INFO] console - get response body { code: '1145', message: '该激活码无效', result: { token: '' } }
[2015-08-31 15:38:20.977] [INFO] console - get response body { code: '1145', message: '该激活码无效', result: { token: '' } }
[2015-08-31 15:38:23.247] [INFO] console - get response body { code: '1145', message: '该激活码无效', result: { token: '' } }
[2015-08-31 15:41:20.560] [INFO] console - user register start
[2015-08-31 15:41:30.441] [INFO] console - get response body { code: '1145', message: '该激活码无效', result: { token: '' } }
[2015-08-31 15:44:04.475] [INFO] console - get response body { code: '200',
  message: 'OK',
  result: { token: '557155affbc388df1ab45d76de52c18f' } }
[2015-08-31 15:44:06.115] [INFO] console - get response body { code: '200',
  message: 'OK',
  result: { resend_time: '60', code: '8248' } }
[2015-08-31 15:44:15.289] [INFO] console - user register start
[2015-08-31 15:44:18.295] [INFO] console - get response body { code: '200',
  message: 'OK',
  result: { resend_time: '60', code: '6897' } }
[2015-08-31 15:44:22.789] [INFO] console - get response body { code: '200',
  message: 'OK',
  result: { token: 'b0b0b099683022d79e5efa5768159e72' } }
[2015-08-31 15:44:29.127] [INFO] console - user register start
[2015-08-31 15:44:35.715] [INFO] console - get response body { code: '200',
  message: 'OK',
  result: { token: '1ca591715d7d283477f37633357a7d22' } }
[2015-08-31 15:44:38.087] [INFO] console - get response body { code: '200',
  message: 'OK',
  result: { resend_time: '60', code: '9742' } }
[2015-08-31 15:47:23.390] [INFO] console - user register start
[2015-08-31 15:47:28.853] [INFO] console - get response body { code: '1145', message: '该激活码无效', result: { token: '' } }
[2015-08-31 15:47:31.215] [INFO] console - get response body { code: '200',
  message: 'OK',
  result: { token: '81afa457c31cdc6ba150edce71b8347f' } }
[2015-08-31 15:47:32.412] [INFO] console - get response body { code: '200',
  message: 'OK',
  result: { resend_time: '60', code: '9669' } }
[2015-08-31 15:47:50.422] [INFO] console - user register start
[2015-08-31 15:47:54.470] [INFO] console - get response body { code: '200',
  message: 'OK',
  result: { token: '037417eba5bd93bb78fa832f565ae1ff' } }
[2015-08-31 15:48:00.840] [INFO] console - get response body { code: '200',
  message: 'OK',
  result: { resend_time: '60', code: '8557' } }
[2015-08-31 15:48:03.226] [INFO] console - get response body { code: '200',
  message: 'OK',
  result: { token: 'f08b16d72a7a7b9fbe5294a38bc45969' } }
[2015-08-31 15:48:12.237] [INFO] console - get response body { code: '200',
  message: 'OK',
  result: 
   { id_image_status: '0',
     info_bit: '0',
     status_bit: '1',
     user_id: 'UR0000007690',
     session_token: '13001ac1-4fb4-11e5-9b56-ac853da464e1' } }
[2015-08-31 17:27:00.054] [INFO] console - get post on checkout {"amount":"110.00","currency":"CNY","order_id":"OR5K2PJ6kBiFrYXx2sSW","api_id":"1819957c-1a3f-11e5-ba25-3a22fd90d682","api_secret_key":"key1234567890","merchant_id":"MC0000001409","order_detail":"{\"items\":[{\"product\":\"美国XXX的保健品，强身健体\",\"logo\":\"\",\"detail\":\"这是美国最牛逼的保健品，强身健体，一剂见效。\",\"type\":\"保健品\",\"price\":\"￥11\",\"count\":\"3\",\"total\":\"￥33\"},{\"product\":\"官网NIKE\",\"logo\":\"\",\"detail\":\"222222\",\"type\":\"Nike 服饰，和NBA球员一起运动\",\"price\":\"￥11\",\"count\":\"2\",\"total\":\"￥22\"},{\"product\":\"美国XXX的保健品，强身健体\",\"logo\":\"\",\"detail\":\"这是美国最牛逼的保健品，强身健体，一剂见效。\",\"type\":\"保健品\",\"price\":\"￥11\",\"count\":\"3\",\"total\":\"￥33\"},{\"product\":\"官网NIKE\",\"logo\":\"\",\"detail\":\"222222\",\"type\":\"Nike 服饰，和NBA球员一起运动\",\"price\":\"￥11\",\"count\":\"2\",\"total\":\"￥22\"}],\"totalAmount\":\"￥110\"}","return_url":"/checkout/orderList"}
[2015-08-31 17:27:00.396] [INFO] console - user save new order  { code: '200', message: 'OK', result: {} }
[2015-08-31 17:27:00.607] [INFO] console - user get order info  { code: '200',
  message: 'OK',
  result: 
   { amount: '110.00',
     order_detail: '"{\\"items\\":[{\\"product\\":\\"美国XXX的保健品，强身健体\\",\\"logo\\":\\"\\",\\"detail\\":\\"这是美国最牛逼的保健品，强身健体，一剂见效。\\",\\"type\\":\\"保健品\\",\\"price\\":\\"￥11\\",\\"count\\":\\"3\\",\\"total\\":\\"￥33\\"},{\\"product\\":\\"官网NIKE\\",\\"logo\\":\\"\\",\\"detail\\":\\"222222\\",\\"type\\":\\"Nike 服饰，和NBA球员一起运动\\",\\"price\\":\\"￥11\\",\\"count\\":\\"2\\",\\"total\\":\\"￥22\\"},{\\"product\\":\\"美国XXX的保健品，强身健体\\",\\"logo\\":\\"\\",\\"detail\\":\\"这是美国最牛逼的保健品，强身健体，一剂见效。\\",\\"type\\":\\"保健品\\",\\"price\\":\\"￥11\\",\\"count\\":\\"3\\",\\"total\\":\\"￥33\\"},{\\"product\\":\\"官网NIKE\\",\\"logo\\":\\"\\",\\"detail\\":\\"222222\\",\\"type\\":\\"Nike 服饰，和NBA球员一起运动\\",\\"price\\":\\"￥11\\",\\"count\\":\\"2\\",\\"total\\":\\"￥22\\"}],\\"totalAmount\\":\\"￥110\\"}"',
     merchant_name: 'Flower Company',
     merchant_id: 'MC0000001409',
     order_id: 'OR5K2PJ6kBiFrYXx2sSW',
     return_url: '/checkout/orderList' } }
[2015-08-31 17:27:00.612] [INFO] console - user get order auth { amount: '110.00',
  order_detail: 
   [ { product: '美国XXX的保健品，强身健体',
       logo: '',
       detail: '这是美国最牛逼的保健品，强身健体，一剂见效。',
       type: '保健品',
       price: '￥11',
       count: '3',
       total: '￥33' },
     { product: '官网NIKE',
       logo: '',
       detail: '222222',
       type: 'Nike 服饰，和NBA球员一起运动',
       price: '￥11',
       count: '2',
       total: '￥22' },
     { product: '美国XXX的保健品，强身健体',
       logo: '',
       detail: '这是美国最牛逼的保健品，强身健体，一剂见效。',
       type: '保健品',
       price: '￥11',
       count: '3',
       total: '￥33' },
     { product: '官网NIKE',
       logo: '',
       detail: '222222',
       type: 'Nike 服饰，和NBA球员一起运动',
       price: '￥11',
       count: '2',
       total: '￥22' } ],
  merchant_name: 'Flower Company',
  merchant_id: 'MC0000001409',
  order_id: 'OR5K2PJ6kBiFrYXx2sSW',
  return_url: '/checkout/orderList' }
[2015-08-31 17:27:02.052] [INFO] console - user register start
[2015-08-31 17:27:33.022] [INFO] console - user register start
[2015-08-31 18:50:57.680] [INFO] console - user register start
[2015-08-31 18:51:12.558] [INFO] console - user register start
[2015-08-31 18:51:23.684] [INFO] console - user register start
[2015-08-31 18:53:39.711] [INFO] console - user register start
[2015-08-31 18:57:02.154] [INFO] console - user register start
[2015-08-31 18:59:52.132] [INFO] console - user register start
[2015-08-31 19:00:00.989] [INFO] console - user register start
[2015-08-31 19:00:40.921] [INFO] console - user register start
[2015-08-31 19:01:03.454] [INFO] console - user register start
[2015-08-31 19:02:01.301] [INFO] console - user register start
[2015-08-31 19:03:46.982] [INFO] console - user register start
[2015-08-31 19:04:06.840] [INFO] console - user register start
[2015-08-31 19:04:57.317] [INFO] console - user register start
[2015-08-31 19:21:12.382] [INFO] console - user register start
[2015-08-31 19:22:25.628] [INFO] console - user register start
[2015-08-31 19:36:56.690] [INFO] console - user register start
[2015-08-31 19:40:05.567] [INFO] console - user register start
[2015-08-31 19:41:39.660] [INFO] console - user register start
[2015-08-31 19:42:52.260] [INFO] console - user register start
[2015-08-31 19:42:58.758] [INFO] console - user register start
[2015-08-31 19:47:11.987] [INFO] console - user register start
[2015-08-31 19:47:32.062] [INFO] console - user register start
[2015-08-31 20:01:05.060] [INFO] console - user register start
[2015-08-31 20:01:48.019] [INFO] console - user register start
[2015-08-31 20:04:46.192] [INFO] console - user register start
[2015-08-31 20:06:14.401] [INFO] console - user register start
[2015-08-31 20:07:43.878] [INFO] console - user register start
[2015-08-31 20:08:00.938] [INFO] console - user register start
[2015-09-01 09:39:33.051] [INFO] console - user register start
[2015-09-01 09:50:04.430] [INFO] console - user register start
